This file contains any messages produced by compilers while
running configure, to aid debugging if configure makes a mistake.

It was created by ethtool configure 6, which was
generated by GNU Autoconf 2.59.  Invocation command line was

  $ ./configure --host=mipsel-linux

## --------- ##
## Platform. ##
## --------- ##

hostname = localhost.localdomain
uname -m = x86_64
uname -r = 2.6.32-642.el6.x86_64
uname -s = Linux
uname -v = #1 SMP Tue May 10 17:27:01 UTC 2016

/usr/bin/uname -p = unknown
/bin/uname -X     = unknown

/bin/arch              = x86_64
/usr/bin/arch -k       = unknown
/usr/convex/getsysinfo = unknown
hostinfo               = unknown
/bin/machine           = unknown
/usr/bin/oslevel       = unknown
/bin/universe          = unknown

PATH: /usr/local/bin
PATH: /bin
PATH: /usr/bin
PATH: /usr/local/sbin
PATH: /usr/sbin
PATH: /sbin
PATH: /usr/local/libexec/git-core
PATH: /data3/wu.xiaoyu/bin
PATH: /data3/wu.xiaoyu/BR_SOHO_189_GIT/MSG-WR201_CMCC/source/tools


## ----------- ##
## Core tests. ##
## ----------- ##

configure:1356: checking for a BSD-compatible install
configure:1411: result: /usr/bin/install -c
configure:1422: checking whether build environment is sane
configure:1465: result: yes
configure:1530: checking for gawk
configure:1546: found /bin/gawk
configure:1556: result: gawk
configure:1566: checking whether make sets $(MAKE)
configure:1586: result: yes
configure:1662: checking for mipsel-linux-strip
configure:1688: result: /opt/buildroot-gcc342/bin/mipsel-linux-uclibc-strip
configure:1757: checking whether to enable maintainer-specific portions of Makefiles
configure:1766: result: no
configure:1790: checking for mipsel-linux-gcc
configure:1816: result: /opt/buildroot-gcc342/bin/mipsel-linux-uclibc-gcc
configure:2098: checking for C compiler version
configure:2101: /opt/buildroot-gcc342/bin/mipsel-linux-uclibc-gcc --version </dev/null >&5
mipsel-linux-uclibc-gcc (GCC) 3.4.2
Copyright (C) 2004 Free Software Foundation, Inc.
This is free software; see the source for copying conditions.  There is NO
warranty; not even for MERCHANTABILITY or FITNESS FOR A PARTICULAR PURPOSE.

configure:2104: $? = 0
configure:2106: /opt/buildroot-gcc342/bin/mipsel-linux-uclibc-gcc -v </dev/null >&5
Reading specs from /opt/buildroot-gcc342/bin/../lib/gcc/mipsel-linux-uclibc/3.4.2/specs
Configured with: /home/winfred/RT288x_SDK/toolchain/buildroot/toolchain_build_mipsel/gcc-3.4.2/configure --prefix=/home/winfred/RT288x_SDK/toolchain/buildroot-gdb --build=i386-pc-linux-gnu --host=i386-pc-linux-gnu --target=mipsel-linux-uclibc --enable-languages=c,c++ --disable-__cxa_atexit --enable-target-optspace --with-gnu-ld --disable-shared --disable-nls --enable-threads --enable-multilib --enable-sjlj-exceptions : (reconfigured) /home/winfred/RT288x_SDK/toolchain/buildroot/toolchain_build_mipsel/gcc-3.4.2/configure --prefix=/home/winfred/RT288x_SDK/toolchain/buildroot-gdb --build=i386-pc-linux-gnu --host=i386-pc-linux-gnu --target=mipsel-linux-uclibc --enable-languages=c,c++ --disable-__cxa_atexit --enable-target-optspace --with-gnu-ld --disable-shared --disable-nls --enable-threads --enable-multilib --enable-sjlj-exceptions
Thread model: posix
gcc version 3.4.2
configure:2109: $? = 0
configure:2111: /opt/buildroot-gcc342/bin/mipsel-linux-uclibc-gcc -V </dev/null >&5
mipsel-linux-uclibc-gcc: `-V' option must have argument
configure:2114: $? = 1
configure:2137: checking for C compiler default output file name
configure:2140: /opt/buildroot-gcc342/bin/mipsel-linux-uclibc-gcc   -Wl,--fatal-warnings -L/data3/wu.xiaoyu/BR_SOHO_189_GIT/MSG-WR201_CMCC/source/lib/lib -L/data3/wu.xiaoyu/BR_SOHO_189_GIT/MSG-WR201_CMCC/source/uClibc++/src -Wl,--fatal-warnings -L/data3/wu.xiaoyu/BR_SOHO_189_GIT/MSG-WR201_CMCC/source/lib/lib -L/data3/wu.xiaoyu/BR_SOHO_189_GIT/MSG-WR201_CMCC/source/uClibc++/src conftest.c  >&5
configure:2143: $? = 0
configure:2189: result: a.out
configure:2194: checking whether the C compiler works
configure:2200: ./a.out
./configure: line 2201: ./a.out: cannot execute binary file
configure:2203: $? = 126
configure:2220: result: yes
configure:2227: checking whether we are cross compiling
configure:2229: result: yes
configure:2232: checking for suffix of executables
configure:2234: /opt/buildroot-gcc342/bin/mipsel-linux-uclibc-gcc -o conftest   -Wl,--fatal-warnings -L/data3/wu.xiaoyu/BR_SOHO_189_GIT/MSG-WR201_CMCC/source/lib/lib -L/data3/wu.xiaoyu/BR_SOHO_189_GIT/MSG-WR201_CMCC/source/uClibc++/src -Wl,--fatal-warnings -L/data3/wu.xiaoyu/BR_SOHO_189_GIT/MSG-WR201_CMCC/source/lib/lib -L/data3/wu.xiaoyu/BR_SOHO_189_GIT/MSG-WR201_CMCC/source/uClibc++/src conftest.c  >&5
configure:2237: $? = 0
configure:2262: result: 
configure:2268: checking for suffix of object files
configure:2289: /opt/buildroot-gcc342/bin/mipsel-linux-uclibc-gcc -c   conftest.c >&5
configure:2292: $? = 0
configure:2314: result: o
configure:2318: checking whether we are using the GNU C compiler
configure:2342: /opt/buildroot-gcc342/bin/mipsel-linux-uclibc-gcc -c   conftest.c >&5
configure:2348: $? = 0
configure:2352: test -z 
			 || test ! -s conftest.err
configure:2355: $? = 0
configure:2358: test -s conftest.o
configure:2361: $? = 0
configure:2374: result: yes
configure:2380: checking whether /opt/buildroot-gcc342/bin/mipsel-linux-uclibc-gcc accepts -g
configure:2401: /opt/buildroot-gcc342/bin/mipsel-linux-uclibc-gcc -c -g  conftest.c >&5
configure:2407: $? = 0
configure:2411: test -z 
			 || test ! -s conftest.err
configure:2414: $? = 0
configure:2417: test -s conftest.o
configure:2420: $? = 0
configure:2431: result: yes
configure:2448: checking for /opt/buildroot-gcc342/bin/mipsel-linux-uclibc-gcc option to accept ANSI C
configure:2518: /opt/buildroot-gcc342/bin/mipsel-linux-uclibc-gcc  -c   conftest.c >&5
configure:2524: $? = 0
configure:2528: test -z 
			 || test ! -s conftest.err
configure:2531: $? = 0
configure:2534: test -s conftest.o
configure:2537: $? = 0
configure:2555: result: none needed
configure:2573: /opt/buildroot-gcc342/bin/mipsel-linux-uclibc-gcc -c   conftest.c >&5
conftest.c:2: error: parse error before "me"
configure:2579: $? = 1
configure: failed program was:
| #ifndef __cplusplus
|   choke me
| #endif
configure:2723: checking for style of include used by make
configure:2751: result: GNU
configure:2779: checking dependency style of /opt/buildroot-gcc342/bin/mipsel-linux-uclibc-gcc
configure:2869: result: gcc3
configure:2892: checking how to run the C preprocessor
configure:2927: /opt/buildroot-gcc342/bin/mipsel-linux-uclibc-gcc -E  conftest.c
configure:2933: $? = 0
configure:2965: /opt/buildroot-gcc342/bin/mipsel-linux-uclibc-gcc -E  conftest.c
conftest.c:11:28: ac_nonexistent.h: No such file or directory
configure:2971: $? = 1
configure: failed program was:
| /* confdefs.h.  */
| 
| #define PACKAGE_NAME "ethtool"
| #define PACKAGE_TARNAME "ethtool"
| #define PACKAGE_VERSION "6"
| #define PACKAGE_STRING "ethtool 6"
| #define PACKAGE_BUGREPORT "Jeff Garzik <jgarzik@pobox.com>"
| #define PACKAGE "ethtool"
| #define VERSION "6"
| /* end confdefs.h.  */
| #include <ac_nonexistent.h>
configure:3010: result: /opt/buildroot-gcc342/bin/mipsel-linux-uclibc-gcc -E
configure:3034: /opt/buildroot-gcc342/bin/mipsel-linux-uclibc-gcc -E  conftest.c
configure:3040: $? = 0
configure:3072: /opt/buildroot-gcc342/bin/mipsel-linux-uclibc-gcc -E  conftest.c
conftest.c:11:28: ac_nonexistent.h: No such file or directory
configure:3078: $? = 1
configure: failed program was:
| /* confdefs.h.  */
| 
| #define PACKAGE_NAME "ethtool"
| #define PACKAGE_TARNAME "ethtool"
| #define PACKAGE_VERSION "6"
| #define PACKAGE_STRING "ethtool 6"
| #define PACKAGE_BUGREPORT "Jeff Garzik <jgarzik@pobox.com>"
| #define PACKAGE "ethtool"
| #define VERSION "6"
| /* end confdefs.h.  */
| #include <ac_nonexistent.h>
configure:3122: checking for egrep
configure:3132: result: grep -E
configure:3138: checking whether /opt/buildroot-gcc342/bin/mipsel-linux-uclibc-gcc needs -traditional
configure:3180: result: no
configure:3189: checking for ANSI C header files
configure:3214: /opt/buildroot-gcc342/bin/mipsel-linux-uclibc-gcc -c   conftest.c >&5
configure:3220: $? = 0
configure:3224: test -z 
			 || test ! -s conftest.err
configure:3227: $? = 0
configure:3230: test -s conftest.o
configure:3233: $? = 0
configure:3345: result: yes
configure:3369: checking for sys/types.h
configure:3385: /opt/buildroot-gcc342/bin/mipsel-linux-uclibc-gcc -c   conftest.c >&5
configure:3391: $? = 0
configure:3395: test -z 
			 || test ! -s conftest.err
configure:3398: $? = 0
configure:3401: test -s conftest.o
configure:3404: $? = 0
configure:3415: result: yes
configure:3369: checking for sys/stat.h
configure:3385: /opt/buildroot-gcc342/bin/mipsel-linux-uclibc-gcc -c   conftest.c >&5
configure:3391: $? = 0
configure:3395: test -z 
			 || test ! -s conftest.err
configure:3398: $? = 0
configure:3401: test -s conftest.o
configure:3404: $? = 0
configure:3415: result: yes
configure:3369: checking for stdlib.h
configure:3385: /opt/buildroot-gcc342/bin/mipsel-linux-uclibc-gcc -c   conftest.c >&5
configure:3391: $? = 0
configure:3395: test -z 
			 || test ! -s conftest.err
configure:3398: $? = 0
configure:3401: test -s conftest.o
configure:3404: $? = 0
configure:3415: result: yes
configure:3369: checking for string.h
configure:3385: /opt/buildroot-gcc342/bin/mipsel-linux-uclibc-gcc -c   conftest.c >&5
configure:3391: $? = 0
configure:3395: test -z 
			 || test ! -s conftest.err
configure:3398: $? = 0
configure:3401: test -s conftest.o
configure:3404: $? = 0
configure:3415: result: yes
configure:3369: checking for memory.h
configure:3385: /opt/buildroot-gcc342/bin/mipsel-linux-uclibc-gcc -c   conftest.c >&5
configure:3391: $? = 0
configure:3395: test -z 
			 || test ! -s conftest.err
configure:3398: $? = 0
configure:3401: test -s conftest.o
configure:3404: $? = 0
configure:3415: result: yes
configure:3369: checking for strings.h
configure:3385: /opt/buildroot-gcc342/bin/mipsel-linux-uclibc-gcc -c   conftest.c >&5
configure:3391: $? = 0
configure:3395: test -z 
			 || test ! -s conftest.err
configure:3398: $? = 0
configure:3401: test -s conftest.o
configure:3404: $? = 0
configure:3415: result: yes
configure:3369: checking for inttypes.h
configure:3385: /opt/buildroot-gcc342/bin/mipsel-linux-uclibc-gcc -c   conftest.c >&5
configure:3391: $? = 0
configure:3395: test -z 
			 || test ! -s conftest.err
configure:3398: $? = 0
configure:3401: test -s conftest.o
configure:3404: $? = 0
configure:3415: result: yes
configure:3369: checking for stdint.h
configure:3385: /opt/buildroot-gcc342/bin/mipsel-linux-uclibc-gcc -c   conftest.c >&5
configure:3391: $? = 0
configure:3395: test -z 
			 || test ! -s conftest.err
configure:3398: $? = 0
configure:3401: test -s conftest.o
configure:3404: $? = 0
configure:3415: result: yes
configure:3369: checking for unistd.h
configure:3385: /opt/buildroot-gcc342/bin/mipsel-linux-uclibc-gcc -c   conftest.c >&5
configure:3391: $? = 0
configure:3395: test -z 
			 || test ! -s conftest.err
configure:3398: $? = 0
configure:3401: test -s conftest.o
configure:3404: $? = 0
configure:3415: result: yes
configure:3441: checking sys/ioctl.h usability
configure:3453: /opt/buildroot-gcc342/bin/mipsel-linux-uclibc-gcc -c   conftest.c >&5
configure:3459: $? = 0
configure:3463: test -z 
			 || test ! -s conftest.err
configure:3466: $? = 0
configure:3469: test -s conftest.o
configure:3472: $? = 0
configure:3482: result: yes
configure:3486: checking sys/ioctl.h presence
configure:3496: /opt/buildroot-gcc342/bin/mipsel-linux-uclibc-gcc -E  conftest.c
configure:3502: $? = 0
configure:3522: result: yes
configure:3557: checking for sys/ioctl.h
configure:3564: result: yes
configure:3579: checking for ANSI C header files
configure:3735: result: yes
configure:3750: checking for socket
configure:3807: /opt/buildroot-gcc342/bin/mipsel-linux-uclibc-gcc -o conftest   -Wl,--fatal-warnings -L/data3/wu.xiaoyu/BR_SOHO_189_GIT/MSG-WR201_CMCC/source/lib/lib -L/data3/wu.xiaoyu/BR_SOHO_189_GIT/MSG-WR201_CMCC/source/uClibc++/src -Wl,--fatal-warnings -L/data3/wu.xiaoyu/BR_SOHO_189_GIT/MSG-WR201_CMCC/source/lib/lib -L/data3/wu.xiaoyu/BR_SOHO_189_GIT/MSG-WR201_CMCC/source/uClibc++/src conftest.c  >&5
configure:3813: $? = 0
configure:3817: test -z 
			 || test ! -s conftest.err
configure:3820: $? = 0
configure:3823: test -s conftest
configure:3826: $? = 0
configure:3838: result: yes
configure:3750: checking for strtol
configure:3807: /opt/buildroot-gcc342/bin/mipsel-linux-uclibc-gcc -o conftest   -Wl,--fatal-warnings -L/data3/wu.xiaoyu/BR_SOHO_189_GIT/MSG-WR201_CMCC/source/lib/lib -L/data3/wu.xiaoyu/BR_SOHO_189_GIT/MSG-WR201_CMCC/source/uClibc++/src -Wl,--fatal-warnings -L/data3/wu.xiaoyu/BR_SOHO_189_GIT/MSG-WR201_CMCC/source/lib/lib -L/data3/wu.xiaoyu/BR_SOHO_189_GIT/MSG-WR201_CMCC/source/uClibc++/src conftest.c  >&5
configure:3813: $? = 0
configure:3817: test -z 
			 || test ! -s conftest.err
configure:3820: $? = 0
configure:3823: test -s conftest
configure:3826: $? = 0
configure:3838: result: yes
configure:3967: creating ./config.status

## ---------------------- ##
## Running config.status. ##
## ---------------------- ##

This file was extended by ethtool config.status 6, which was
generated by GNU Autoconf 2.59.  Invocation command line was

  CONFIG_FILES    = 
  CONFIG_HEADERS  = 
  CONFIG_LINKS    = 
  CONFIG_COMMANDS = 
  $ ./config.status 

on localhost.localdomain

config.status:693: creating Makefile
config.status:693: creating ethtool.spec
config.status:797: creating ethtool-config.h
config.status:1091: executing depfiles commands

## ---------------- ##
## Cache variables. ##
## ---------------- ##

ac_cv_c_compiler_gnu=yes
ac_cv_env_CC_set=set
ac_cv_env_CC_value=/opt/buildroot-gcc342/bin/mipsel-linux-uclibc-gcc
ac_cv_env_CFLAGS_set=set
ac_cv_env_CFLAGS_value=
ac_cv_env_CPPFLAGS_set=
ac_cv_env_CPPFLAGS_value=
ac_cv_env_CPP_set=
ac_cv_env_CPP_value=
ac_cv_env_LDFLAGS_set=set
ac_cv_env_LDFLAGS_value='-Wl,--fatal-warnings -L/data3/wu.xiaoyu/BR_SOHO_189_GIT/MSG-WR201_CMCC/source/lib/lib -L/data3/wu.xiaoyu/BR_SOHO_189_GIT/MSG-WR201_CMCC/source/uClibc++/src -Wl,--fatal-warnings -L/data3/wu.xiaoyu/BR_SOHO_189_GIT/MSG-WR201_CMCC/source/lib/lib -L/data3/wu.xiaoyu/BR_SOHO_189_GIT/MSG-WR201_CMCC/source/uClibc++/src'
ac_cv_env_build_alias_set=
ac_cv_env_build_alias_value=
ac_cv_env_host_alias_set=set
ac_cv_env_host_alias_value=mipsel-linux
ac_cv_env_target_alias_set=
ac_cv_env_target_alias_value=
ac_cv_exeext=
ac_cv_func_socket=yes
ac_cv_func_strtol=yes
ac_cv_header_inttypes_h=yes
ac_cv_header_memory_h=yes
ac_cv_header_stdc=yes
ac_cv_header_stdint_h=yes
ac_cv_header_stdlib_h=yes
ac_cv_header_string_h=yes
ac_cv_header_strings_h=yes
ac_cv_header_sys_ioctl_h=yes
ac_cv_header_sys_stat_h=yes
ac_cv_header_sys_types_h=yes
ac_cv_header_unistd_h=yes
ac_cv_objext=o
ac_cv_path_install='/usr/bin/install -c'
ac_cv_prog_AWK=gawk
ac_cv_prog_CC=/opt/buildroot-gcc342/bin/mipsel-linux-uclibc-gcc
ac_cv_prog_CPP='/opt/buildroot-gcc342/bin/mipsel-linux-uclibc-gcc -E'
ac_cv_prog_STRIP=/opt/buildroot-gcc342/bin/mipsel-linux-uclibc-strip
ac_cv_prog_cc_g=yes
ac_cv_prog_cc_stdc=
ac_cv_prog_egrep='grep -E'
ac_cv_prog_gcc_traditional=no
ac_cv_prog_make_make_set=yes
am_cv_CC_dependencies_compiler_type=gcc3

## ----------------- ##
## Output variables. ##
## ----------------- ##

ACLOCAL='${SHELL} /data3/wu.xiaoyu/BR_SOHO_189_GIT/MSG-WR201_CMCC/source/user/ethtool/missing --run aclocal-1.9'
AMDEPBACKSLASH='\'
AMDEP_FALSE='#'
AMDEP_TRUE=''
AMTAR='${SHELL} /data3/wu.xiaoyu/BR_SOHO_189_GIT/MSG-WR201_CMCC/source/user/ethtool/missing --run tar'
AUTOCONF='${SHELL} /data3/wu.xiaoyu/BR_SOHO_189_GIT/MSG-WR201_CMCC/source/user/ethtool/missing --run autoconf'
AUTOHEADER='${SHELL} /data3/wu.xiaoyu/BR_SOHO_189_GIT/MSG-WR201_CMCC/source/user/ethtool/missing --run autoheader'
AUTOMAKE='${SHELL} /data3/wu.xiaoyu/BR_SOHO_189_GIT/MSG-WR201_CMCC/source/user/ethtool/missing --run automake-1.9'
AWK='gawk'
CC='/opt/buildroot-gcc342/bin/mipsel-linux-uclibc-gcc'
CCDEPMODE='depmode=gcc3'
CFLAGS=''
CPP='/opt/buildroot-gcc342/bin/mipsel-linux-uclibc-gcc -E'
CPPFLAGS=''
CYGPATH_W='echo'
DEFS='-DHAVE_CONFIG_H'
DEPDIR='.deps'
ECHO_C=''
ECHO_N='-n'
ECHO_T=''
EGREP='grep -E'
EXEEXT=''
INSTALL_DATA='${INSTALL} -m 644'
INSTALL_PROGRAM='${INSTALL}'
INSTALL_SCRIPT='${INSTALL}'
INSTALL_STRIP_PROGRAM='${SHELL} $(install_sh) -c -s'
LDFLAGS='-Wl,--fatal-warnings -L/data3/wu.xiaoyu/BR_SOHO_189_GIT/MSG-WR201_CMCC/source/lib/lib -L/data3/wu.xiaoyu/BR_SOHO_189_GIT/MSG-WR201_CMCC/source/uClibc++/src -Wl,--fatal-warnings -L/data3/wu.xiaoyu/BR_SOHO_189_GIT/MSG-WR201_CMCC/source/lib/lib -L/data3/wu.xiaoyu/BR_SOHO_189_GIT/MSG-WR201_CMCC/source/uClibc++/src'
LIBOBJS=''
LIBS=''
LTLIBOBJS=''
MAINT='#'
MAINTAINER_MODE_FALSE=''
MAINTAINER_MODE_TRUE='#'
MAKEINFO='${SHELL} /data3/wu.xiaoyu/BR_SOHO_189_GIT/MSG-WR201_CMCC/source/user/ethtool/missing --run makeinfo'
OBJEXT='o'
PACKAGE='ethtool'
PACKAGE_BUGREPORT='Jeff Garzik <jgarzik@pobox.com>'
PACKAGE_NAME='ethtool'
PACKAGE_STRING='ethtool 6'
PACKAGE_TARNAME='ethtool'
PACKAGE_VERSION='6'
PATH_SEPARATOR=':'
SET_MAKE=''
SHELL='/bin/sh'
STRIP='/opt/buildroot-gcc342/bin/mipsel-linux-uclibc-strip'
VERSION='6'
ac_ct_CC=''
ac_ct_STRIP=''
am__fastdepCC_FALSE='#'
am__fastdepCC_TRUE=''
am__include='include'
am__leading_dot='.'
am__quote=''
am__tar='${AMTAR} chof - "$$tardir"'
am__untar='${AMTAR} xf -'
bindir='${exec_prefix}/bin'
build_alias=''
datadir='${prefix}/share'
exec_prefix='${prefix}'
host_alias='mipsel-linux'
includedir='${prefix}/include'
infodir='${prefix}/info'
install_sh='/data3/wu.xiaoyu/BR_SOHO_189_GIT/MSG-WR201_CMCC/source/user/ethtool/install-sh'
libdir='${exec_prefix}/lib'
libexecdir='${exec_prefix}/libexec'
localstatedir='${prefix}/var'
mandir='${prefix}/man'
mkdir_p='mkdir -p --'
oldincludedir='/usr/include'
prefix='/usr/local'
program_transform_name='s,x,x,'
sbindir='${exec_prefix}/sbin'
sharedstatedir='${prefix}/com'
sysconfdir='${prefix}/etc'
target_alias=''

## ----------- ##
## confdefs.h. ##
## ----------- ##

#define HAVE_INTTYPES_H 1
#define HAVE_MEMORY_H 1
#define HAVE_SOCKET 1
#define HAVE_STDINT_H 1
#define HAVE_STDLIB_H 1
#define HAVE_STRINGS_H 1
#define HAVE_STRING_H 1
#define HAVE_STRTOL 1
#define HAVE_SYS_IOCTL_H 1
#define HAVE_SYS_STAT_H 1
#define HAVE_SYS_TYPES_H 1
#define HAVE_UNISTD_H 1
#define PACKAGE "ethtool"
#define PACKAGE_BUGREPORT "Jeff Garzik <jgarzik@pobox.com>"
#define PACKAGE_NAME "ethtool"
#define PACKAGE_STRING "ethtool 6"
#define PACKAGE_TARNAME "ethtool"
#define PACKAGE_VERSION "6"
#define STDC_HEADERS 1
#define STDC_HEADERS 1
#define VERSION "6"

configure: exit 0
