This file contains any messages produced by compilers while
running configure, to aid debugging if configure makes a mistake.

It was created by configure, which was
generated by GNU Autoconf 2.61.  Invocation command line was

  $ ./configure -host=mipsel-linux host_alias=mipsel-linux --no-create --no-recursion

## --------- ##
## Platform. ##
## --------- ##

hostname = localhost
uname -m = i686
uname -r = 2.6.22.9-desktop-1mdv
uname -s = Linux
uname -v = #1 SMP Thu Sep 27 04:07:04 CEST 2007

/usr/bin/uname -p = unknown
/bin/uname -X     = unknown

/bin/arch              = i686
/usr/bin/arch -k       = unknown
/usr/convex/getsysinfo = unknown
/usr/bin/hostinfo      = unknown
/bin/machine           = unknown
/usr/bin/oslevel       = unknown
/bin/universe          = unknown

PATH: /data3/wang.bingrong/brwang/install/bin
PATH: /usr/local/bin
PATH: /bin
PATH: /usr/bin
PATH: /usr/games
PATH: /data3/wang.bingrong/brwang/bin
PATH: /opt/ELDK/usr/bin
PATH: /opt/buildroot-gcc342/bin
PATH: .
PATH: /data3/wang.bingrong/brwang/3520G/3520G/nv510v2/source/tools


## ----------- ##
## Core tests. ##
## ----------- ##

configure:1776: checking for a BSD-compatible install
configure:1832: result: /usr/bin/install -c
configure:1843: checking whether build environment is sane
configure:1886: result: yes
configure:1951: checking for gawk
configure:1967: found /bin/gawk
configure:1978: result: gawk
configure:1989: checking whether make sets $(MAKE)
configure:2010: result: yes
configure:2086: checking for mipsel-linux-strip
configure:2102: found /opt/buildroot-gcc342/bin/mipsel-linux-strip
configure:2113: result: mipsel-linux-strip
configure:2201: checking command line for use of BSD PPP
configure:2235: result: default standard pppd
configure:2240: checking command line for use of SLIRP
configure:2274: result: default no
configure:2279: checking command line for syslog facility name
configure:2293: result: default LOG_DAEMON
configure:2303: checking command line for bcrelay build
configure:2332: result: default no
configure:2345: checking for mipsel-linux-gcc
configure:2361: found /opt/buildroot-gcc342/bin/mipsel-linux-gcc
configure:2372: result: mipsel-linux-gcc
configure:2650: checking for C compiler version
configure:2657: mipsel-linux-gcc --version >&5
mipsel-linux-gcc (GCC) 3.4.2
Copyright (C) 2004 Free Software Foundation, Inc.
This is free software; see the source for copying conditions.  There is NO
warranty; not even for MERCHANTABILITY or FITNESS FOR A PARTICULAR PURPOSE.

configure:2660: $? = 0
configure:2667: mipsel-linux-gcc -v >&5
Reading specs from /opt/buildroot-gcc342/bin/../lib/gcc/mipsel-linux-uclibc/3.4.2/specs
Configured with: /home/winfred/RT288x_SDK/toolchain/buildroot/toolchain_build_mipsel/gcc-3.4.2/configure --prefix=/home/winfred/RT288x_SDK/toolchain/buildroot-gdb --build=i386-pc-linux-gnu --host=i386-pc-linux-gnu --target=mipsel-linux-uclibc --enable-languages=c,c++ --disable-__cxa_atexit --enable-target-optspace --with-gnu-ld --disable-shared --disable-nls --enable-threads --enable-multilib --enable-sjlj-exceptions : (reconfigured) /home/winfred/RT288x_SDK/toolchain/buildroot/toolchain_build_mipsel/gcc-3.4.2/configure --prefix=/home/winfred/RT288x_SDK/toolchain/buildroot-gdb --build=i386-pc-linux-gnu --host=i386-pc-linux-gnu --target=mipsel-linux-uclibc --enable-languages=c,c++ --disable-__cxa_atexit --enable-target-optspace --with-gnu-ld --disable-shared --disable-nls --enable-threads --enable-multilib --enable-sjlj-exceptions
Thread model: posix
gcc version 3.4.2
configure:2670: $? = 0
configure:2677: mipsel-linux-gcc -V >&5
mipsel-linux-gcc: `-V' option must have argument
configure:2680: $? = 1
configure:2703: checking for C compiler default output file name
configure:2730: mipsel-linux-gcc    conftest.c  >&5
configure:2733: $? = 0
configure:2771: result: a.out
configure:2788: checking whether the C compiler works
configure:2798: ./a.out
./configure: line 2799: ./a.out: cannot execute binary file
configure:2801: $? = 126
configure:2818: result: yes
configure:2825: checking whether we are cross compiling
configure:2827: result: yes
configure:2830: checking for suffix of executables
configure:2837: mipsel-linux-gcc -o conftest    conftest.c  >&5
configure:2840: $? = 0
configure:2864: result: 
configure:2870: checking for suffix of object files
configure:2896: mipsel-linux-gcc -c   conftest.c >&5
configure:2899: $? = 0
configure:2922: result: o
configure:2926: checking whether we are using the GNU C compiler
configure:2955: mipsel-linux-gcc -c   conftest.c >&5
configure:2961: $? = 0
configure:2978: result: yes
configure:2983: checking whether mipsel-linux-gcc accepts -g
configure:3013: mipsel-linux-gcc -c -g  conftest.c >&5
configure:3019: $? = 0
configure:3118: result: yes
configure:3135: checking for mipsel-linux-gcc option to accept ISO C89
configure:3209: mipsel-linux-gcc  -c -g -O2  conftest.c >&5
configure:3215: $? = 0
configure:3238: result: none needed
configure:3267: checking for style of include used by make
configure:3295: result: GNU
configure:3323: checking dependency style of mipsel-linux-gcc
configure:3413: result: none
configure:3433: checking for mipsel-linux-ranlib
configure:3449: found /opt/buildroot-gcc342/bin/mipsel-linux-ranlib
configure:3460: result: mipsel-linux-ranlib
configure:3539: checking for a BSD-compatible install
configure:3595: result: /usr/bin/install -c
configure:3606: checking whether ln -s works
configure:3610: result: yes
configure:3617: checking whether make sets $(MAKE)
configure:3638: result: yes
configure:3649: checking for an ANSI C-conforming const
configure:3724: mipsel-linux-gcc -c -g -O2  conftest.c >&5
configure:3730: $? = 0
configure:3745: result: yes
configure:3755: checking for inline
configure:3781: mipsel-linux-gcc -c -g -O2  conftest.c >&5
configure:3787: $? = 0
configure:3805: result: inline
configure:3827: checking whether #! works in shell scripts
configure:3844: result: yes
configure:3861: checking for setsid
configure:3917: mipsel-linux-gcc -o conftest -g -O2   conftest.c  >&5
configure:3923: $? = 0
configure:3941: result: yes
configure:3861: checking for daemon
configure:3917: mipsel-linux-gcc -o conftest -g -O2   conftest.c  >&5
configure:3923: $? = 0
configure:3941: result: yes
configure:3861: checking for setproctitle
configure:3917: mipsel-linux-gcc -o conftest -g -O2   conftest.c  >&5
/data3/wang.bingrong/brwang/tmp/ccEx65Kc.o: In function `main':/data3/wang.bingrong/brwang/3520G/3520G/nv510v2/source/user/pptpd-1.3.4/conftest.c:48: undefined reference to `setproctitle'
collect2: ld returned 1 exit status
configure:3923: $? = 1
configure: failed program was:
| /* confdefs.h.  */
| #define PACKAGE_NAME ""
| #define PACKAGE_TARNAME ""
| #define PACKAGE_VERSION ""
| #define PACKAGE_STRING ""
| #define PACKAGE_BUGREPORT ""
| #define PACKAGE "pptpd"
| #define VERSION "1.3.4"
| #define PPP_BINARY "/usr/sbin/pppd"
| #define PPTP_FACILITY LOG_DAEMON
| #define HAVE_SETSID 1
| #define HAVE_DAEMON 1
| /* end confdefs.h.  */
| /* Define setproctitle to an innocuous variant, in case <limits.h> declares setproctitle.
|    For example, HP-UX 11i <limits.h> declares gettimeofday.  */
| #define setproctitle innocuous_setproctitle
| 
| /* System header to define __stub macros and hopefully few prototypes,
|     which can conflict with char setproctitle (); below.
|     Prefer <limits.h> to <assert.h> if __STDC__ is defined, since
|     <limits.h> exists even on freestanding compilers.  */
| 
| #ifdef __STDC__
| # include <limits.h>
| #else
| # include <assert.h>
| #endif
| 
| #undef setproctitle
| 
| /* Override any GCC internal prototype to avoid an error.
|    Use char because int might match the return type of a GCC
|    builtin and then its argument prototype would still apply.  */
| #ifdef __cplusplus
| extern "C"
| #endif
| char setproctitle ();
| /* The GNU C library defines this for functions which it implements
|     to always fail with ENOSYS.  Some functions are actually named
|     something starting with __ and the normal name is an alias.  */
| #if defined __stub_setproctitle || defined __stub___setproctitle
| choke me
| #endif
| 
| int
| main ()
| {
| return setproctitle ();
|   ;
|   return 0;
| }
configure:3941: result: no
configure:3861: checking for getservbyname
configure:3917: mipsel-linux-gcc -o conftest -g -O2   conftest.c  >&5
configure:3923: $? = 0
configure:3941: result: yes
configure:3861: checking for strlcpy
configure:3917: mipsel-linux-gcc -o conftest -g -O2   conftest.c  >&5
configure:3923: $? = 0
configure:3941: result: yes
configure:3861: checking for fork
configure:3917: mipsel-linux-gcc -o conftest -g -O2   conftest.c  >&5
configure:3923: $? = 0
configure:3941: result: yes
configure:3861: checking for memmove
configure:3917: mipsel-linux-gcc -o conftest -g -O2   conftest.c  >&5
conftest.c:40: warning: conflicting types for built-in function 'memmove'
configure:3923: $? = 0
configure:3941: result: yes
configure:3861: checking for strerror
configure:3917: mipsel-linux-gcc -o conftest -g -O2   conftest.c  >&5
configure:3923: $? = 0
configure:3941: result: yes
configure:3861: checking for writev
configure:3917: mipsel-linux-gcc -o conftest -g -O2   conftest.c  >&5
configure:3923: $? = 0
configure:3941: result: yes
configure:3957: checking how to run the C preprocessor
configure:3997: mipsel-linux-gcc -E  conftest.c
configure:4003: $? = 0
configure:4034: mipsel-linux-gcc -E  conftest.c
conftest.c:20:28: ac_nonexistent.h: No such file or directory
configure:4040: $? = 1
configure: failed program was:
| /* confdefs.h.  */
| #define PACKAGE_NAME ""
| #define PACKAGE_TARNAME ""
| #define PACKAGE_VERSION ""
| #define PACKAGE_STRING ""
| #define PACKAGE_BUGREPORT ""
| #define PACKAGE "pptpd"
| #define VERSION "1.3.4"
| #define PPP_BINARY "/usr/sbin/pppd"
| #define PPTP_FACILITY LOG_DAEMON
| #define HAVE_SETSID 1
| #define HAVE_DAEMON 1
| #define HAVE_GETSERVBYNAME 1
| #define HAVE_STRLCPY 1
| #define HAVE_FORK 1
| #define HAVE_MEMMOVE 1
| #define HAVE_STRERROR 1
| #define HAVE_WRITEV 1
| /* end confdefs.h.  */
| #include <ac_nonexistent.h>
configure:4073: result: mipsel-linux-gcc -E
configure:4102: mipsel-linux-gcc -E  conftest.c
configure:4108: $? = 0
configure:4139: mipsel-linux-gcc -E  conftest.c
conftest.c:20:28: ac_nonexistent.h: No such file or directory
configure:4145: $? = 1
configure: failed program was:
| /* confdefs.h.  */
| #define PACKAGE_NAME ""
| #define PACKAGE_TARNAME ""
| #define PACKAGE_VERSION ""
| #define PACKAGE_STRING ""
| #define PACKAGE_BUGREPORT ""
| #define PACKAGE "pptpd"
| #define VERSION "1.3.4"
| #define PPP_BINARY "/usr/sbin/pppd"
| #define PPTP_FACILITY LOG_DAEMON
| #define HAVE_SETSID 1
| #define HAVE_DAEMON 1
| #define HAVE_GETSERVBYNAME 1
| #define HAVE_STRLCPY 1
| #define HAVE_FORK 1
| #define HAVE_MEMMOVE 1
| #define HAVE_STRERROR 1
| #define HAVE_WRITEV 1
| /* end confdefs.h.  */
| #include <ac_nonexistent.h>
configure:4183: checking for grep that handles long lines and -e
configure:4257: result: /bin/grep
configure:4262: checking for egrep
configure:4340: result: /bin/grep -E
configure:4345: checking for ANSI C header files
configure:4375: mipsel-linux-gcc -c -g -O2  conftest.c >&5
configure:4381: $? = 0
configure:4509: result: yes
configure:4533: checking for sys/types.h
configure:4554: mipsel-linux-gcc -c -g -O2  conftest.c >&5
configure:4560: $? = 0
configure:4576: result: yes
configure:4533: checking for sys/stat.h
configure:4554: mipsel-linux-gcc -c -g -O2  conftest.c >&5
configure:4560: $? = 0
configure:4576: result: yes
configure:4533: checking for stdlib.h
configure:4554: mipsel-linux-gcc -c -g -O2  conftest.c >&5
configure:4560: $? = 0
configure:4576: result: yes
configure:4533: checking for string.h
configure:4554: mipsel-linux-gcc -c -g -O2  conftest.c >&5
configure:4560: $? = 0
configure:4576: result: yes
configure:4533: checking for memory.h
configure:4554: mipsel-linux-gcc -c -g -O2  conftest.c >&5
configure:4560: $? = 0
configure:4576: result: yes
configure:4533: checking for strings.h
configure:4554: mipsel-linux-gcc -c -g -O2  conftest.c >&5
configure:4560: $? = 0
configure:4576: result: yes
configure:4533: checking for inttypes.h
configure:4554: mipsel-linux-gcc -c -g -O2  conftest.c >&5
configure:4560: $? = 0
configure:4576: result: yes
configure:4533: checking for stdint.h
configure:4554: mipsel-linux-gcc -c -g -O2  conftest.c >&5
configure:4560: $? = 0
configure:4576: result: yes
configure:4533: checking for unistd.h
configure:4554: mipsel-linux-gcc -c -g -O2  conftest.c >&5
configure:4560: $? = 0
configure:4576: result: yes
configure:4603: checking pty.h usability
configure:4620: mipsel-linux-gcc -c -g -O2  conftest.c >&5
configure:4626: $? = 0
configure:4640: result: yes
configure:4644: checking pty.h presence
configure:4659: mipsel-linux-gcc -E  conftest.c
configure:4665: $? = 0
configure:4679: result: yes
configure:4707: checking for pty.h
configure:4715: result: yes
configure:4733: checking for string.h
configure:4739: result: yes
configure:4883: checking syslog.h usability
configure:4900: mipsel-linux-gcc -c -g -O2  conftest.c >&5
configure:4906: $? = 0
configure:4920: result: yes
configure:4924: checking syslog.h presence
configure:4939: mipsel-linux-gcc -E  conftest.c
configure:4945: $? = 0
configure:4959: result: yes
configure:4987: checking for syslog.h
configure:4995: result: yes
configure:5023: checking libintl.h usability
configure:5040: mipsel-linux-gcc -c -g -O2  conftest.c >&5
conftest.c:66:21: libintl.h: No such file or directory
configure:5046: $? = 1
configure: failed program was:
| /* confdefs.h.  */
| #define PACKAGE_NAME ""
| #define PACKAGE_TARNAME ""
| #define PACKAGE_VERSION ""
| #define PACKAGE_STRING ""
| #define PACKAGE_BUGREPORT ""
| #define PACKAGE "pptpd"
| #define VERSION "1.3.4"
| #define PPP_BINARY "/usr/sbin/pppd"
| #define PPTP_FACILITY LOG_DAEMON
| #define HAVE_SETSID 1
| #define HAVE_DAEMON 1
| #define HAVE_GETSERVBYNAME 1
| #define HAVE_STRLCPY 1
| #define HAVE_FORK 1
| #define HAVE_MEMMOVE 1
| #define HAVE_STRERROR 1
| #define HAVE_WRITEV 1
| #define STDC_HEADERS 1
| #define HAVE_SYS_TYPES_H 1
| #define HAVE_SYS_STAT_H 1
| #define HAVE_STDLIB_H 1
| #define HAVE_STRING_H 1
| #define HAVE_MEMORY_H 1
| #define HAVE_STRINGS_H 1
| #define HAVE_INTTYPES_H 1
| #define HAVE_STDINT_H 1
| #define HAVE_UNISTD_H 1
| #define HAVE_PTY_H 1
| #define HAVE_STRING_H 1
| #define HAVE_SYSLOG_H 1
| /* end confdefs.h.  */
| #include <stdio.h>
| #ifdef HAVE_SYS_TYPES_H
| # include <sys/types.h>
| #endif
| #ifdef HAVE_SYS_STAT_H
| # include <sys/stat.h>
| #endif
| #ifdef STDC_HEADERS
| # include <stdlib.h>
| # include <stddef.h>
| #else
| # ifdef HAVE_STDLIB_H
| #  include <stdlib.h>
| # endif
| #endif
| #ifdef HAVE_STRING_H
| # if !defined STDC_HEADERS && defined HAVE_MEMORY_H
| #  include <memory.h>
| # endif
| # include <string.h>
| #endif
| #ifdef HAVE_STRINGS_H
| # include <strings.h>
| #endif
| #ifdef HAVE_INTTYPES_H
| # include <inttypes.h>
| #endif
| #ifdef HAVE_STDINT_H
| # include <stdint.h>
| #endif
| #ifdef HAVE_UNISTD_H
| # include <unistd.h>
| #endif
| #include <libintl.h>
configure:5060: result: no
configure:5064: checking libintl.h presence
configure:5079: mipsel-linux-gcc -E  conftest.c
conftest.c:33:21: libintl.h: No such file or directory
configure:5085: $? = 1
configure: failed program was:
| /* confdefs.h.  */
| #define PACKAGE_NAME ""
| #define PACKAGE_TARNAME ""
| #define PACKAGE_VERSION ""
| #define PACKAGE_STRING ""
| #define PACKAGE_BUGREPORT ""
| #define PACKAGE "pptpd"
| #define VERSION "1.3.4"
| #define PPP_BINARY "/usr/sbin/pppd"
| #define PPTP_FACILITY LOG_DAEMON
| #define HAVE_SETSID 1
| #define HAVE_DAEMON 1
| #define HAVE_GETSERVBYNAME 1
| #define HAVE_STRLCPY 1
| #define HAVE_FORK 1
| #define HAVE_MEMMOVE 1
| #define HAVE_STRERROR 1
| #define HAVE_WRITEV 1
| #define STDC_HEADERS 1
| #define HAVE_SYS_TYPES_H 1
| #define HAVE_SYS_STAT_H 1
| #define HAVE_STDLIB_H 1
| #define HAVE_STRING_H 1
| #define HAVE_MEMORY_H 1
| #define HAVE_STRINGS_H 1
| #define HAVE_INTTYPES_H 1
| #define HAVE_STDINT_H 1
| #define HAVE_UNISTD_H 1
| #define HAVE_PTY_H 1
| #define HAVE_STRING_H 1
| #define HAVE_SYSLOG_H 1
| /* end confdefs.h.  */
| #include <libintl.h>
configure:5099: result: no
configure:5127: checking for libintl.h
configure:5135: result: no
configure:5163: checking libutil.h usability
configure:5180: mipsel-linux-gcc -c -g -O2  conftest.c >&5
conftest.c:66:21: libutil.h: No such file or directory
configure:5186: $? = 1
configure: failed program was:
| /* confdefs.h.  */
| #define PACKAGE_NAME ""
| #define PACKAGE_TARNAME ""
| #define PACKAGE_VERSION ""
| #define PACKAGE_STRING ""
| #define PACKAGE_BUGREPORT ""
| #define PACKAGE "pptpd"
| #define VERSION "1.3.4"
| #define PPP_BINARY "/usr/sbin/pppd"
| #define PPTP_FACILITY LOG_DAEMON
| #define HAVE_SETSID 1
| #define HAVE_DAEMON 1
| #define HAVE_GETSERVBYNAME 1
| #define HAVE_STRLCPY 1
| #define HAVE_FORK 1
| #define HAVE_MEMMOVE 1
| #define HAVE_STRERROR 1
| #define HAVE_WRITEV 1
| #define STDC_HEADERS 1
| #define HAVE_SYS_TYPES_H 1
| #define HAVE_SYS_STAT_H 1
| #define HAVE_STDLIB_H 1
| #define HAVE_STRING_H 1
| #define HAVE_MEMORY_H 1
| #define HAVE_STRINGS_H 1
| #define HAVE_INTTYPES_H 1
| #define HAVE_STDINT_H 1
| #define HAVE_UNISTD_H 1
| #define HAVE_PTY_H 1
| #define HAVE_STRING_H 1
| #define HAVE_SYSLOG_H 1
| /* end confdefs.h.  */
| #include <stdio.h>
| #ifdef HAVE_SYS_TYPES_H
| # include <sys/types.h>
| #endif
| #ifdef HAVE_SYS_STAT_H
| # include <sys/stat.h>
| #endif
| #ifdef STDC_HEADERS
| # include <stdlib.h>
| # include <stddef.h>
| #else
| # ifdef HAVE_STDLIB_H
| #  include <stdlib.h>
| # endif
| #endif
| #ifdef HAVE_STRING_H
| # if !defined STDC_HEADERS && defined HAVE_MEMORY_H
| #  include <memory.h>
| # endif
| # include <string.h>
| #endif
| #ifdef HAVE_STRINGS_H
| # include <strings.h>
| #endif
| #ifdef HAVE_INTTYPES_H
| # include <inttypes.h>
| #endif
| #ifdef HAVE_STDINT_H
| # include <stdint.h>
| #endif
| #ifdef HAVE_UNISTD_H
| # include <unistd.h>
| #endif
| #include <libutil.h>
configure:5200: result: no
configure:5204: checking libutil.h presence
configure:5219: mipsel-linux-gcc -E  conftest.c
conftest.c:33:21: libutil.h: No such file or directory
configure:5225: $? = 1
configure: failed program was:
| /* confdefs.h.  */
| #define PACKAGE_NAME ""
| #define PACKAGE_TARNAME ""
| #define PACKAGE_VERSION ""
| #define PACKAGE_STRING ""
| #define PACKAGE_BUGREPORT ""
| #define PACKAGE "pptpd"
| #define VERSION "1.3.4"
| #define PPP_BINARY "/usr/sbin/pppd"
| #define PPTP_FACILITY LOG_DAEMON
| #define HAVE_SETSID 1
| #define HAVE_DAEMON 1
| #define HAVE_GETSERVBYNAME 1
| #define HAVE_STRLCPY 1
| #define HAVE_FORK 1
| #define HAVE_MEMMOVE 1
| #define HAVE_STRERROR 1
| #define HAVE_WRITEV 1
| #define STDC_HEADERS 1
| #define HAVE_SYS_TYPES_H 1
| #define HAVE_SYS_STAT_H 1
| #define HAVE_STDLIB_H 1
| #define HAVE_STRING_H 1
| #define HAVE_MEMORY_H 1
| #define HAVE_STRINGS_H 1
| #define HAVE_INTTYPES_H 1
| #define HAVE_STDINT_H 1
| #define HAVE_UNISTD_H 1
| #define HAVE_PTY_H 1
| #define HAVE_STRING_H 1
| #define HAVE_SYSLOG_H 1
| /* end confdefs.h.  */
| #include <libutil.h>
configure:5239: result: no
configure:5267: checking for libutil.h
configure:5275: result: no
configure:5303: checking sys/uio.h usability
configure:5320: mipsel-linux-gcc -c -g -O2  conftest.c >&5
configure:5326: $? = 0
configure:5340: result: yes
configure:5344: checking sys/uio.h presence
configure:5359: mipsel-linux-gcc -E  conftest.c
configure:5365: $? = 0
configure:5379: result: yes
configure:5407: checking for sys/uio.h
configure:5415: result: yes
configure:5429: checking for size_t
configure:5459: mipsel-linux-gcc -c -g -O2  conftest.c >&5
configure:5465: $? = 0
configure:5480: result: yes
configure:5492: checking for ssize_t
configure:5522: mipsel-linux-gcc -c -g -O2  conftest.c >&5
configure:5528: $? = 0
configure:5543: result: yes
configure:5555: checking for u_int8_t
configure:5585: mipsel-linux-gcc -c -g -O2  conftest.c >&5
configure:5591: $? = 0
configure:5606: result: yes
configure:5618: checking for u_int16_t
configure:5648: mipsel-linux-gcc -c -g -O2  conftest.c >&5
configure:5654: $? = 0
configure:5669: result: yes
configure:5681: checking for u_int32_t
configure:5711: mipsel-linux-gcc -c -g -O2  conftest.c >&5
configure:5717: $? = 0
configure:5732: result: yes
configure:5745: checking for socklen_t
configure:5774: result: yes
configure:5906: checking for accept in -lc
configure:5941: mipsel-linux-gcc -o conftest -g -O2   conftest.c -lc   >&5
configure:5947: $? = 0
configure:5965: result: yes
configure:5977: checking for gethostbyname in -lc
configure:6012: mipsel-linux-gcc -o conftest -g -O2   conftest.c -lc  -lc  >&5
configure:6018: $? = 0
configure:6036: result: yes
configure:6048: checking for openpty in -lc
configure:6083: mipsel-linux-gcc -o conftest -g -O2   conftest.c -lc  -lc -lc  >&5
/data3/wang.bingrong/brwang/tmp/ccjbFXRh.o: In function `main':/data3/wang.bingrong/brwang/3520G/3520G/nv510v2/source/user/pptpd-1.3.4/conftest.c:47: undefined reference to `openpty'
collect2: ld returned 1 exit status
configure:6089: $? = 1
configure: failed program was:
| /* confdefs.h.  */
| #define PACKAGE_NAME ""
| #define PACKAGE_TARNAME ""
| #define PACKAGE_VERSION ""
| #define PACKAGE_STRING ""
| #define PACKAGE_BUGREPORT ""
| #define PACKAGE "pptpd"
| #define VERSION "1.3.4"
| #define PPP_BINARY "/usr/sbin/pppd"
| #define PPTP_FACILITY LOG_DAEMON
| #define HAVE_SETSID 1
| #define HAVE_DAEMON 1
| #define HAVE_GETSERVBYNAME 1
| #define HAVE_STRLCPY 1
| #define HAVE_FORK 1
| #define HAVE_MEMMOVE 1
| #define HAVE_STRERROR 1
| #define HAVE_WRITEV 1
| #define STDC_HEADERS 1
| #define HAVE_SYS_TYPES_H 1
| #define HAVE_SYS_STAT_H 1
| #define HAVE_STDLIB_H 1
| #define HAVE_STRING_H 1
| #define HAVE_MEMORY_H 1
| #define HAVE_STRINGS_H 1
| #define HAVE_INTTYPES_H 1
| #define HAVE_STDINT_H 1
| #define HAVE_UNISTD_H 1
| #define HAVE_PTY_H 1
| #define HAVE_STRING_H 1
| #define HAVE_SYSLOG_H 1
| #define HAVE_SYS_UIO_H 1
| #define HAVE_LIBC 1
| #define HAVE_LIBC 1
| /* end confdefs.h.  */
| 
| /* Override any GCC internal prototype to avoid an error.
|    Use char because int might match the return type of a GCC
|    builtin and then its argument prototype would still apply.  */
| #ifdef __cplusplus
| extern "C"
| #endif
| char openpty ();
| int
| main ()
| {
| return openpty ();
|   ;
|   return 0;
| }
configure:6107: result: no
configure:6119: checking for gettext in -lc
configure:6154: mipsel-linux-gcc -o conftest -g -O2   conftest.c -lc  -lc -lc  >&5
conftest.c:43: warning: conflicting types for built-in function 'gettext'
/data3/wang.bingrong/brwang/tmp/ccehVDki.o: In function `main':/data3/wang.bingrong/brwang/3520G/3520G/nv510v2/source/user/pptpd-1.3.4/conftest.c:47: undefined reference to `gettext'
collect2: ld returned 1 exit status
configure:6160: $? = 1
configure: failed program was:
| /* confdefs.h.  */
| #define PACKAGE_NAME ""
| #define PACKAGE_TARNAME ""
| #define PACKAGE_VERSION ""
| #define PACKAGE_STRING ""
| #define PACKAGE_BUGREPORT ""
| #define PACKAGE "pptpd"
| #define VERSION "1.3.4"
| #define PPP_BINARY "/usr/sbin/pppd"
| #define PPTP_FACILITY LOG_DAEMON
| #define HAVE_SETSID 1
| #define HAVE_DAEMON 1
| #define HAVE_GETSERVBYNAME 1
| #define HAVE_STRLCPY 1
| #define HAVE_FORK 1
| #define HAVE_MEMMOVE 1
| #define HAVE_STRERROR 1
| #define HAVE_WRITEV 1
| #define STDC_HEADERS 1
| #define HAVE_SYS_TYPES_H 1
| #define HAVE_SYS_STAT_H 1
| #define HAVE_STDLIB_H 1
| #define HAVE_STRING_H 1
| #define HAVE_MEMORY_H 1
| #define HAVE_STRINGS_H 1
| #define HAVE_INTTYPES_H 1
| #define HAVE_STDINT_H 1
| #define HAVE_UNISTD_H 1
| #define HAVE_PTY_H 1
| #define HAVE_STRING_H 1
| #define HAVE_SYSLOG_H 1
| #define HAVE_SYS_UIO_H 1
| #define HAVE_LIBC 1
| #define HAVE_LIBC 1
| /* end confdefs.h.  */
| 
| /* Override any GCC internal prototype to avoid an error.
|    Use char because int might match the return type of a GCC
|    builtin and then its argument prototype would still apply.  */
| #ifdef __cplusplus
| extern "C"
| #endif
| char gettext ();
| int
| main ()
| {
| return gettext ();
|   ;
|   return 0;
| }
configure:6178: result: no
configure:6190: checking for accept in -lsocket
configure:6225: mipsel-linux-gcc -o conftest -g -O2   conftest.c -lsocket  -lc -lc  >&5
/opt/buildroot-gcc342/bin/../lib/gcc/mipsel-linux-uclibc/3.4.2/../../../../mipsel-linux-uclibc/bin/ld: cannot find -lsocket
collect2: ld returned 1 exit status
configure:6231: $? = 1
configure: failed program was:
| /* confdefs.h.  */
| #define PACKAGE_NAME ""
| #define PACKAGE_TARNAME ""
| #define PACKAGE_VERSION ""
| #define PACKAGE_STRING ""
| #define PACKAGE_BUGREPORT ""
| #define PACKAGE "pptpd"
| #define VERSION "1.3.4"
| #define PPP_BINARY "/usr/sbin/pppd"
| #define PPTP_FACILITY LOG_DAEMON
| #define HAVE_SETSID 1
| #define HAVE_DAEMON 1
| #define HAVE_GETSERVBYNAME 1
| #define HAVE_STRLCPY 1
| #define HAVE_FORK 1
| #define HAVE_MEMMOVE 1
| #define HAVE_STRERROR 1
| #define HAVE_WRITEV 1
| #define STDC_HEADERS 1
| #define HAVE_SYS_TYPES_H 1
| #define HAVE_SYS_STAT_H 1
| #define HAVE_STDLIB_H 1
| #define HAVE_STRING_H 1
| #define HAVE_MEMORY_H 1
| #define HAVE_STRINGS_H 1
| #define HAVE_INTTYPES_H 1
| #define HAVE_STDINT_H 1
| #define HAVE_UNISTD_H 1
| #define HAVE_PTY_H 1
| #define HAVE_STRING_H 1
| #define HAVE_SYSLOG_H 1
| #define HAVE_SYS_UIO_H 1
| #define HAVE_LIBC 1
| #define HAVE_LIBC 1
| /* end confdefs.h.  */
| 
| /* Override any GCC internal prototype to avoid an error.
|    Use char because int might match the return type of a GCC
|    builtin and then its argument prototype would still apply.  */
| #ifdef __cplusplus
| extern "C"
| #endif
| char accept ();
| int
| main ()
| {
| return accept ();
|   ;
|   return 0;
| }
configure:6249: result: no
configure:6261: checking for gethostbyname in -lnsl
configure:6296: mipsel-linux-gcc -o conftest -g -O2   conftest.c -lnsl  -lc -lc  >&5
configure:6302: $? = 0
configure:6320: result: yes
configure:6332: checking for openpty in -lutil
configure:6367: mipsel-linux-gcc -o conftest -g -O2   conftest.c -lutil  -lnsl -lc -lc  >&5
configure:6373: $? = 0
configure:6391: result: yes
configure:6403: checking for gettext in -lintl
configure:6438: mipsel-linux-gcc -o conftest -g -O2   conftest.c -lintl  -lutil -lnsl -lc -lc  >&5
conftest.c:45: warning: conflicting types for built-in function 'gettext'
/opt/buildroot-gcc342/bin/../lib/gcc/mipsel-linux-uclibc/3.4.2/../../../../mipsel-linux-uclibc/bin/ld: cannot find -lintl
collect2: ld returned 1 exit status
configure:6444: $? = 1
configure: failed program was:
| /* confdefs.h.  */
| #define PACKAGE_NAME ""
| #define PACKAGE_TARNAME ""
| #define PACKAGE_VERSION ""
| #define PACKAGE_STRING ""
| #define PACKAGE_BUGREPORT ""
| #define PACKAGE "pptpd"
| #define VERSION "1.3.4"
| #define PPP_BINARY "/usr/sbin/pppd"
| #define PPTP_FACILITY LOG_DAEMON
| #define HAVE_SETSID 1
| #define HAVE_DAEMON 1
| #define HAVE_GETSERVBYNAME 1
| #define HAVE_STRLCPY 1
| #define HAVE_FORK 1
| #define HAVE_MEMMOVE 1
| #define HAVE_STRERROR 1
| #define HAVE_WRITEV 1
| #define STDC_HEADERS 1
| #define HAVE_SYS_TYPES_H 1
| #define HAVE_SYS_STAT_H 1
| #define HAVE_STDLIB_H 1
| #define HAVE_STRING_H 1
| #define HAVE_MEMORY_H 1
| #define HAVE_STRINGS_H 1
| #define HAVE_INTTYPES_H 1
| #define HAVE_STDINT_H 1
| #define HAVE_UNISTD_H 1
| #define HAVE_PTY_H 1
| #define HAVE_STRING_H 1
| #define HAVE_SYSLOG_H 1
| #define HAVE_SYS_UIO_H 1
| #define HAVE_LIBC 1
| #define HAVE_LIBC 1
| #define HAVE_LIBNSL 1
| #define HAVE_LIBUTIL 1
| /* end confdefs.h.  */
| 
| /* Override any GCC internal prototype to avoid an error.
|    Use char because int might match the return type of a GCC
|    builtin and then its argument prototype would still apply.  */
| #ifdef __cplusplus
| extern "C"
| #endif
| char gettext ();
| int
| main ()
| {
| return gettext ();
|   ;
|   return 0;
| }
configure:6462: result: no
configure:6751: creating ./config.status

## ---------------- ##
## Cache variables. ##
## ---------------- ##

ac_cv_c_compiler_gnu=yes
ac_cv_c_const=yes
ac_cv_c_inline=inline
ac_cv_env_CC_set=
ac_cv_env_CC_value=
ac_cv_env_CFLAGS_set=
ac_cv_env_CFLAGS_value=
ac_cv_env_CPPFLAGS_set=
ac_cv_env_CPPFLAGS_value=
ac_cv_env_CPP_set=
ac_cv_env_CPP_value=
ac_cv_env_LDFLAGS_set=
ac_cv_env_LDFLAGS_value=
ac_cv_env_LIBS_set=
ac_cv_env_LIBS_value=
ac_cv_env_build_alias_set=
ac_cv_env_build_alias_value=
ac_cv_env_host_alias_set=set
ac_cv_env_host_alias_value=mipsel-linux
ac_cv_env_target_alias_set=
ac_cv_env_target_alias_value=
ac_cv_func_daemon=yes
ac_cv_func_fork=yes
ac_cv_func_getservbyname=yes
ac_cv_func_memmove=yes
ac_cv_func_setproctitle=no
ac_cv_func_setsid=yes
ac_cv_func_strerror=yes
ac_cv_func_strlcpy=yes
ac_cv_func_writev=yes
ac_cv_header_inttypes_h=yes
ac_cv_header_libintl_h=no
ac_cv_header_libutil_h=no
ac_cv_header_memory_h=yes
ac_cv_header_pty_h=yes
ac_cv_header_stdc=yes
ac_cv_header_stdint_h=yes
ac_cv_header_stdlib_h=yes
ac_cv_header_string_h=yes
ac_cv_header_strings_h=yes
ac_cv_header_sys_stat_h=yes
ac_cv_header_sys_types_h=yes
ac_cv_header_sys_uio_h=yes
ac_cv_header_syslog_h=yes
ac_cv_header_unistd_h=yes
ac_cv_lib_c_accept=yes
ac_cv_lib_c_gethostbyname=yes
ac_cv_lib_c_gettext=no
ac_cv_lib_c_openpty=no
ac_cv_lib_intl_gettext=no
ac_cv_lib_nsl_gethostbyname=yes
ac_cv_lib_socket_accept=no
ac_cv_lib_util_openpty=yes
ac_cv_objext=o
ac_cv_path_EGREP='/bin/grep -E'
ac_cv_path_GREP=/bin/grep
ac_cv_path_install='/usr/bin/install -c'
ac_cv_prog_AWK=gawk
ac_cv_prog_CC=mipsel-linux-gcc
ac_cv_prog_CPP='mipsel-linux-gcc -E'
ac_cv_prog_RANLIB=mipsel-linux-ranlib
ac_cv_prog_STRIP=mipsel-linux-strip
ac_cv_prog_cc_c89=
ac_cv_prog_cc_g=yes
ac_cv_prog_make_make_set=yes
ac_cv_sys_interpreter=yes
ac_cv_type_size_t=yes
ac_cv_type_socklen_t=yes
ac_cv_type_ssize_t=yes
ac_cv_type_u_int16_t=yes
ac_cv_type_u_int32_t=yes
ac_cv_type_u_int8_t=yes
am_cv_CC_dependencies_compiler_type=none

## ----------------- ##
## Output variables. ##
## ----------------- ##

ACLOCAL='${SHELL} /data3/wang.bingrong/brwang/3520G/3520G/nv510v2/source/user/pptpd-1.3.4/missing --run aclocal-1.9'
AMDEPBACKSLASH='\'
AMDEP_FALSE='#'
AMDEP_TRUE=''
AMTAR='${SHELL} /data3/wang.bingrong/brwang/3520G/3520G/nv510v2/source/user/pptpd-1.3.4/missing --run tar'
AUTOCONF='${SHELL} /data3/wang.bingrong/brwang/3520G/3520G/nv510v2/source/user/pptpd-1.3.4/missing --run autoconf'
AUTOHEADER='${SHELL} /data3/wang.bingrong/brwang/3520G/3520G/nv510v2/source/user/pptpd-1.3.4/missing --run autoheader'
AUTOMAKE='${SHELL} /data3/wang.bingrong/brwang/3520G/3520G/nv510v2/source/user/pptpd-1.3.4/missing --run automake-1.9'
AWK='gawk'
CC='mipsel-linux-gcc'
CCDEPMODE='depmode=none'
CFLAGS='-g -O2'
CPP='mipsel-linux-gcc -E'
CPPFLAGS=''
CYGPATH_W='echo'
DEFS='-DHAVE_CONFIG_H'
DEPDIR='.deps'
ECHO_C=''
ECHO_N='-n'
ECHO_T=''
EGREP='/bin/grep -E'
EXEEXT=''
GREP='/bin/grep'
HAVE_OPENPTY=''
INSTALL_DATA='${INSTALL} -m 644'
INSTALL_PROGRAM='${INSTALL}'
INSTALL_SCRIPT='${INSTALL}'
INSTALL_STRIP_PROGRAM='${SHELL} $(install_sh) -c -s'
LDFLAGS=''
LIBOBJS=''
LIBS=''
LN_S='ln -s'
LTLIBOBJS=''
MAKEINFO='${SHELL} /data3/wang.bingrong/brwang/3520G/3520G/nv510v2/source/user/pptpd-1.3.4/missing --run makeinfo'
OBJEXT='o'
PACKAGE='pptpd'
PACKAGE_BUGREPORT=''
PACKAGE_NAME=''
PACKAGE_STRING=''
PACKAGE_TARNAME=''
PACKAGE_VERSION=''
PATH_SEPARATOR=':'
RANLIB='mipsel-linux-ranlib'
SET_MAKE=''
SHELL='/bin/sh'
STRIP='mipsel-linux-strip'
VERSION='1.3.4'
XTRALIBS_CTRL='-lutil'
XTRALIBS_MGR=''
XTRA_PROG=''
ac_ct_CC=''
am__fastdepCC_FALSE=''
am__fastdepCC_TRUE='#'
am__include='include'
am__leading_dot='.'
am__quote=''
am__tar='${AMTAR} chof - "$$tardir"'
am__untar='${AMTAR} xf -'
bindir='${exec_prefix}/bin'
build_alias=''
datadir='${datarootdir}'
datarootdir='${prefix}/share'
docdir='${datarootdir}/doc/${PACKAGE}'
dvidir='${docdir}'
exec_prefix='${prefix}'
host_alias='mipsel-linux'
htmldir='${docdir}'
includedir='${prefix}/include'
infodir='${datarootdir}/info'
install_sh='/data3/wang.bingrong/brwang/3520G/3520G/nv510v2/source/user/pptpd-1.3.4/install-sh'
libdir='${exec_prefix}/lib'
libexecdir='${exec_prefix}/libexec'
localedir='${datarootdir}/locale'
localstatedir='${prefix}/var'
mandir='${datarootdir}/man'
mkdir_p='mkdir -p --'
oldincludedir='/usr/include'
pdfdir='${docdir}'
prefix='/usr/local'
program_transform_name='s,x,x,'
psdir='${docdir}'
sbindir='${exec_prefix}/sbin'
sharedstatedir='${prefix}/com'
sysconfdir='${prefix}/etc'
target_alias=''

## ----------- ##
## confdefs.h. ##
## ----------- ##

#define PACKAGE_NAME ""
#define PACKAGE_TARNAME ""
#define PACKAGE_VERSION ""
#define PACKAGE_STRING ""
#define PACKAGE_BUGREPORT ""
#define PACKAGE "pptpd"
#define VERSION "1.3.4"
#define PPP_BINARY "/usr/sbin/pppd"
#define PPTP_FACILITY LOG_DAEMON
#define HAVE_SETSID 1
#define HAVE_DAEMON 1
#define HAVE_GETSERVBYNAME 1
#define HAVE_STRLCPY 1
#define HAVE_FORK 1
#define HAVE_MEMMOVE 1
#define HAVE_STRERROR 1
#define HAVE_WRITEV 1
#define STDC_HEADERS 1
#define HAVE_SYS_TYPES_H 1
#define HAVE_SYS_STAT_H 1
#define HAVE_STDLIB_H 1
#define HAVE_STRING_H 1
#define HAVE_MEMORY_H 1
#define HAVE_STRINGS_H 1
#define HAVE_INTTYPES_H 1
#define HAVE_STDINT_H 1
#define HAVE_UNISTD_H 1
#define HAVE_PTY_H 1
#define HAVE_STRING_H 1
#define HAVE_SYSLOG_H 1
#define HAVE_SYS_UIO_H 1
#define HAVE_LIBC 1
#define HAVE_LIBC 1
#define HAVE_LIBNSL 1
#define HAVE_LIBUTIL 1
#define HAVE_OPENPTY 1

configure: exit 0

## ---------------------- ##
## Running config.status. ##
## ---------------------- ##

This file was extended by config.status, which was
generated by GNU Autoconf 2.61.  Invocation command line was

  CONFIG_FILES    = 
  CONFIG_HEADERS  = 
  CONFIG_LINKS    = 
  CONFIG_COMMANDS = 
  $ ./config.status 

on localhost

config.status:639: creating Makefile
config.status:639: creating config.h
config.status:923: executing depfiles commands

## ---------------------- ##
## Running config.status. ##
## ---------------------- ##

This file was extended by config.status, which was
generated by GNU Autoconf 2.61.  Invocation command line was

  CONFIG_FILES    = 
  CONFIG_HEADERS  = 
  CONFIG_LINKS    = 
  CONFIG_COMMANDS = 
  $ ./config.status config.h

on localhost

config.status:639: creating config.h

## ---------------------- ##
## Running config.status. ##
## ---------------------- ##

This file was extended by config.status, which was
generated by GNU Autoconf 2.61.  Invocation command line was

  CONFIG_FILES    = 
  CONFIG_HEADERS  = 
  CONFIG_LINKS    = 
  CONFIG_COMMANDS = 
  $ ./config.status config.h

on localhost.localdomain

config.status:639: creating config.h
