This file contains any messages produced by compilers while
running configure, to aid debugging if configure makes a mistake.

It was created by iptables configure 1.4.4, which was
generated by GNU Autoconf 2.61.  Invocation command line was

  $ ./configure --with-kernel=/data3/wang.bingrong/brwang/wlancvs/ralink/ar7100/ralink-305x/mkcvs/co/ar7100route/linux-2.6.30.8 CC=/opt/openwrt-ar71xx/usr/bin/mips-openwrt-linux-uclibc-gcc --host=mips --disable-ipv6 --enable-static host_alias=mips --no-create --no-recursion

## --------- ##
## Platform. ##
## --------- ##

hostname = localhost
uname -m = i686
uname -r = 2.6.22.9-desktop-1mdv
uname -s = Linux
uname -v = #1 SMP Thu Sep 27 04:07:04 CEST 2007

/usr/bin/uname -p = unknown
/bin/uname -X     = unknown

/bin/arch              = i686
/usr/bin/arch -k       = unknown
/usr/convex/getsysinfo = unknown
/usr/bin/hostinfo      = unknown
/bin/machine           = unknown
/usr/bin/oslevel       = unknown
/bin/universe          = unknown

PATH: /data3/wang.bingrong/brwang/install/bin
PATH: /usr/local/bin
PATH: /bin
PATH: /usr/bin
PATH: /usr/games
PATH: /data3/wang.bingrong/brwang/bin
PATH: .
PATH: /data3/wang.bingrong/brwang/wlancvs/ralink/ar7100/ralink-305x/mkcvs/co1/ar71xxplat/tools


## ----------- ##
## Core tests. ##
## ----------- ##

configure:1999: checking for a BSD-compatible install
configure:2055: result: /usr/bin/install -c
configure:2067: checking whether build environment is sane
configure:2110: result: yes
configure:2175: checking for gawk
configure:2191: found /bin/gawk
configure:2202: result: gawk
configure:2213: checking whether make sets $(MAKE)
configure:2234: result: yes
configure:2310: checking for mips-strip
configure:2337: result: strip
configure:2426: checking for mips-gcc
configure:2453: result: /opt/openwrt-ar71xx/usr/bin/mips-openwrt-linux-uclibc-gcc
configure:2731: checking for C compiler version
configure:2738: /opt/openwrt-ar71xx/usr/bin/mips-openwrt-linux-uclibc-gcc --version >&5
mips-openwrt-linux-uclibc-gcc (GCC) 4.3.3
Copyright (C) 2008 Free Software Foundation, Inc.
This is free software; see the source for copying conditions.  There is NO
warranty; not even for MERCHANTABILITY or FITNESS FOR A PARTICULAR PURPOSE.

configure:2741: $? = 0
configure:2748: /opt/openwrt-ar71xx/usr/bin/mips-openwrt-linux-uclibc-gcc -v >&5
Using built-in specs.
Target: mips-openwrt-linux-uclibc
Configured with: /data3/wang.bingrong/brwang/wlan/wrt/trunk-ar7100/build_dir/toolchain-mips_gcc-4.3.3+cs_uClibc-0.9.30.1/gcc-4.3.3/configure --prefix=/data3/wang.bingrong/brwang/wlan/wrt/trunk-ar7100/staging_dir/toolchain-mips_gcc-4.3.3+cs_uClibc-0.9.30.1/usr --build=i586-mandriva-linux-gnu --host=i586-mandriva-linux-gnu --target=mips-openwrt-linux-uclibc --with-gnu-ld --enable-target-optspace --disable-libgomp --disable-libmudflap --disable-multilib --disable-nls --with-float=soft --enable-poison-system-directories --with-gmp=/data3/wang.bingrong/brwang/wlan/wrt/trunk-ar7100/staging_dir/host --with-mpfr=/data3/wang.bingrong/brwang/wlan/wrt/trunk-ar7100/staging_dir/host --disable-decimal-float --disable-libssp --disable-__cxa_atexit --enable-languages=c,c++ --enable-shared --enable-threads --disable-tls --with-slibdir=/data3/wang.bingrong/brwang/wlan/wrt/trunk-ar7100/staging_dir/toolchain-mips_gcc-4.3.3+cs_uClibc-0.9.30.1/lib
Thread model: posix
gcc version 4.3.3 (GCC) 
configure:2751: $? = 0
configure:2758: /opt/openwrt-ar71xx/usr/bin/mips-openwrt-linux-uclibc-gcc -V >&5
mips-openwrt-linux-uclibc-gcc: '-V' option must have argument
configure:2761: $? = 1
configure:2784: checking for C compiler default output file name
configure:2811: /opt/openwrt-ar71xx/usr/bin/mips-openwrt-linux-uclibc-gcc -g -O2   conftest.c  >&5
configure:2814: $? = 0
configure:2852: result: a.out
configure:2869: checking whether the C compiler works
configure:2879: ./a.out
./configure: line 2880: ./a.out: cannot execute binary file
configure:2882: $? = 126
configure:2899: result: yes
configure:2906: checking whether we are cross compiling
configure:2908: result: yes
configure:2911: checking for suffix of executables
configure:2918: /opt/openwrt-ar71xx/usr/bin/mips-openwrt-linux-uclibc-gcc -o conftest -g -O2   conftest.c  >&5
configure:2921: $? = 0
configure:2945: result: 
configure:2951: checking for suffix of object files
configure:2977: /opt/openwrt-ar71xx/usr/bin/mips-openwrt-linux-uclibc-gcc -c -g -O2  conftest.c >&5
configure:2980: $? = 0
configure:3003: result: o
configure:3007: checking whether we are using the GNU C compiler
configure:3036: /opt/openwrt-ar71xx/usr/bin/mips-openwrt-linux-uclibc-gcc -c -g -O2  conftest.c >&5
configure:3042: $? = 0
configure:3059: result: yes
configure:3064: checking whether /opt/openwrt-ar71xx/usr/bin/mips-openwrt-linux-uclibc-gcc accepts -g
configure:3094: /opt/openwrt-ar71xx/usr/bin/mips-openwrt-linux-uclibc-gcc -c -g  conftest.c >&5
configure:3100: $? = 0
configure:3199: result: yes
configure:3216: checking for /opt/openwrt-ar71xx/usr/bin/mips-openwrt-linux-uclibc-gcc option to accept ISO C89
configure:3290: /opt/openwrt-ar71xx/usr/bin/mips-openwrt-linux-uclibc-gcc  -c -g -O2  conftest.c >&5
configure:3296: $? = 0
configure:3319: result: none needed
configure:3348: checking for style of include used by make
configure:3376: result: GNU
configure:3404: checking dependency style of /opt/openwrt-ar71xx/usr/bin/mips-openwrt-linux-uclibc-gcc
configure:3494: result: gcc3
configure:3512: checking whether /opt/openwrt-ar71xx/usr/bin/mips-openwrt-linux-uclibc-gcc and cc understand -c and -o together
configure:3547: /opt/openwrt-ar71xx/usr/bin/mips-openwrt-linux-uclibc-gcc -c conftest.c -o conftest2.o >&5
configure:3550: $? = 0
configure:3556: /opt/openwrt-ar71xx/usr/bin/mips-openwrt-linux-uclibc-gcc -c conftest.c -o conftest2.o >&5
configure:3559: $? = 0
configure:3570: cc -c conftest.c >&5
configure:3573: $? = 0
configure:3581: cc -c conftest.c -o conftest2.o >&5
configure:3584: $? = 0
configure:3590: cc -c conftest.c -o conftest2.o >&5
configure:3593: $? = 0
configure:3611: result: yes
configure:3698: checking build system type
configure:3716: result: i686-pc-linux-gnu
configure:3738: checking host system type
configure:3753: result: mips-unknown-elf
configure:3775: checking for a sed that does not truncate output
configure:3854: result: /bin/sed
configure:3872: checking for grep that handles long lines and -e
configure:3946: result: /bin/grep
configure:3951: checking for egrep
configure:4029: result: /bin/grep -E
configure:4034: checking for fgrep
configure:4112: result: /bin/grep -F
configure:4147: checking for ld used by /opt/openwrt-ar71xx/usr/bin/mips-openwrt-linux-uclibc-gcc
configure:4214: result: /opt/openwrt-ar71xx/usr/mips-openwrt-linux-uclibc/bin/ld
configure:4223: checking if the linker (/opt/openwrt-ar71xx/usr/mips-openwrt-linux-uclibc/bin/ld) is GNU ld
configure:4238: result: yes
configure:4250: checking for BSD- or MS-compatible name lister (nm)
configure:4299: result: no
configure:4310: checking for mips-dumpbin
configure:4340: result: no
configure:4310: checking for mips-link
configure:4340: result: no
configure:4354: checking for dumpbin
configure:4384: result: no
configure:4354: checking for link
configure:4370: found /bin/link
configure:4381: result: link -dump -symbols
configure:4399: WARNING: In the future, Autoconf will not detect cross-tools
whose name does not start with the host triplet.  If you think this
configuration is useful to you, please write to autoconf@gnu.org.
configure:4421: checking the name lister (link -dump -symbols) interface
configure:4428: /opt/openwrt-ar71xx/usr/bin/mips-openwrt-linux-uclibc-gcc -c -g -O2  conftest.c >&5
configure:4431: link -dump -symbols "conftest.o"
link: invalid option -- d
Try `link --help' for more information.
configure:4434: output
configure:4441: result: BSD nm
configure:4444: checking whether ln -s works
configure:4448: result: yes
configure:4456: checking the maximum length of command line arguments
configure:4576: result: 98304
configure:4593: checking whether the shell understands some XSI constructs
configure:4603: result: yes
configure:4607: checking whether the shell understands "+="
configure:4613: result: yes
configure:4648: checking for /opt/openwrt-ar71xx/usr/mips-openwrt-linux-uclibc/bin/ld option to reload object files
configure:4655: result: -r
configure:4684: checking for mips-objdump
configure:4714: result: no
configure:4724: checking for objdump
configure:4740: found /usr/bin/objdump
configure:4751: result: objdump
configure:4787: checking how to recognize dependent libraries
configure:4983: result: unknown
configure:5003: checking for mips-ar
configure:5030: result: ar
configure:5112: checking for mips-strip
configure:5139: result: strip
configure:5215: checking for mips-ranlib
configure:5242: result: ranlib
configure:5376: checking command to parse link -dump -symbols output from /opt/openwrt-ar71xx/usr/bin/mips-openwrt-linux-uclibc-gcc object
configure:5494: /opt/openwrt-ar71xx/usr/bin/mips-openwrt-linux-uclibc-gcc -c -g -O2  conftest.c >&5
configure:5497: $? = 0
configure:5501: link -dump -symbols conftest.o \| sed -n -e 's/^.*[	 ]\([BCDEGRST][BCDEGRST]*\)[	 ][	 ]*\([_A-Za-z][_A-Za-z0-9]*\)$/\1 \2 \2/p' \> conftest.nm
link: invalid option -- d
Try `link --help' for more information.
configure:5504: $? = 0
cannot run sed -n -e 's/^.*[	 ]\([BCDEGRST][BCDEGRST]*\)[	 ][	 ]*\([_A-Za-z][_A-Za-z0-9]*\)$/\1 \2 \2/p'
configure:5494: /opt/openwrt-ar71xx/usr/bin/mips-openwrt-linux-uclibc-gcc -c -g -O2  conftest.c >&5
configure:5497: $? = 0
configure:5501: link -dump -symbols conftest.o \| sed -n -e 's/^.*[	 ]\([BCDEGRST][BCDEGRST]*\)[	 ][	 ]*_\([_A-Za-z][_A-Za-z0-9]*\)$/\1 _\2 \2/p' \> conftest.nm
link: invalid option -- d
Try `link --help' for more information.
configure:5504: $? = 0
cannot run sed -n -e 's/^.*[	 ]\([BCDEGRST][BCDEGRST]*\)[	 ][	 ]*_\([_A-Za-z][_A-Za-z0-9]*\)$/\1 _\2 \2/p'
configure:5596: result: failed
configure:6478: checking how to run the C preprocessor
configure:6518: /opt/openwrt-ar71xx/usr/bin/mips-openwrt-linux-uclibc-gcc -E  conftest.c
configure:6524: $? = 0
configure:6555: /opt/openwrt-ar71xx/usr/bin/mips-openwrt-linux-uclibc-gcc -E  conftest.c
conftest.c:10:28: error: ac_nonexistent.h: No such file or directory
configure:6561: $? = 1
configure: failed program was:
| /* confdefs.h.  */
| #define PACKAGE_NAME "iptables"
| #define PACKAGE_TARNAME "iptables"
| #define PACKAGE_VERSION "1.4.4"
| #define PACKAGE_STRING "iptables 1.4.4"
| #define PACKAGE_BUGREPORT ""
| #define PACKAGE "iptables"
| #define VERSION "1.4.4"
| /* end confdefs.h.  */
| #include <ac_nonexistent.h>
configure:6594: result: /opt/openwrt-ar71xx/usr/bin/mips-openwrt-linux-uclibc-gcc -E
configure:6623: /opt/openwrt-ar71xx/usr/bin/mips-openwrt-linux-uclibc-gcc -E  conftest.c
configure:6629: $? = 0
configure:6660: /opt/openwrt-ar71xx/usr/bin/mips-openwrt-linux-uclibc-gcc -E  conftest.c
conftest.c:10:28: error: ac_nonexistent.h: No such file or directory
configure:6666: $? = 1
configure: failed program was:
| /* confdefs.h.  */
| #define PACKAGE_NAME "iptables"
| #define PACKAGE_TARNAME "iptables"
| #define PACKAGE_VERSION "1.4.4"
| #define PACKAGE_STRING "iptables 1.4.4"
| #define PACKAGE_BUGREPORT ""
| #define PACKAGE "iptables"
| #define VERSION "1.4.4"
| /* end confdefs.h.  */
| #include <ac_nonexistent.h>
configure:6704: checking for ANSI C header files
configure:6734: /opt/openwrt-ar71xx/usr/bin/mips-openwrt-linux-uclibc-gcc -c -g -O2  conftest.c >&5
configure:6740: $? = 0
configure:6868: result: yes
configure:6892: checking for sys/types.h
configure:6913: /opt/openwrt-ar71xx/usr/bin/mips-openwrt-linux-uclibc-gcc -c -g -O2  conftest.c >&5
configure:6919: $? = 0
configure:6935: result: yes
configure:6892: checking for sys/stat.h
configure:6913: /opt/openwrt-ar71xx/usr/bin/mips-openwrt-linux-uclibc-gcc -c -g -O2  conftest.c >&5
configure:6919: $? = 0
configure:6935: result: yes
configure:6892: checking for stdlib.h
configure:6913: /opt/openwrt-ar71xx/usr/bin/mips-openwrt-linux-uclibc-gcc -c -g -O2  conftest.c >&5
configure:6919: $? = 0
configure:6935: result: yes
configure:6892: checking for string.h
configure:6913: /opt/openwrt-ar71xx/usr/bin/mips-openwrt-linux-uclibc-gcc -c -g -O2  conftest.c >&5
configure:6919: $? = 0
configure:6935: result: yes
configure:6892: checking for memory.h
configure:6913: /opt/openwrt-ar71xx/usr/bin/mips-openwrt-linux-uclibc-gcc -c -g -O2  conftest.c >&5
configure:6919: $? = 0
configure:6935: result: yes
configure:6892: checking for strings.h
configure:6913: /opt/openwrt-ar71xx/usr/bin/mips-openwrt-linux-uclibc-gcc -c -g -O2  conftest.c >&5
configure:6919: $? = 0
configure:6935: result: yes
configure:6892: checking for inttypes.h
configure:6913: /opt/openwrt-ar71xx/usr/bin/mips-openwrt-linux-uclibc-gcc -c -g -O2  conftest.c >&5
configure:6919: $? = 0
configure:6935: result: yes
configure:6892: checking for stdint.h
configure:6913: /opt/openwrt-ar71xx/usr/bin/mips-openwrt-linux-uclibc-gcc -c -g -O2  conftest.c >&5
configure:6919: $? = 0
configure:6935: result: yes
configure:6892: checking for unistd.h
configure:6913: /opt/openwrt-ar71xx/usr/bin/mips-openwrt-linux-uclibc-gcc -c -g -O2  conftest.c >&5
configure:6919: $? = 0
configure:6935: result: yes
configure:6951: checking for dlfcn.h
configure:6972: /opt/openwrt-ar71xx/usr/bin/mips-openwrt-linux-uclibc-gcc -c -g -O2  conftest.c >&5
configure:6978: $? = 0
configure:6994: result: yes
configure:7148: checking for objdir
configure:7163: result: .libs
configure:7459: checking if /opt/openwrt-ar71xx/usr/bin/mips-openwrt-linux-uclibc-gcc supports -fno-rtti -fno-exceptions
configure:7477: /opt/openwrt-ar71xx/usr/bin/mips-openwrt-linux-uclibc-gcc -c -g -O2  -fno-rtti -fno-exceptions conftest.c >&5
cc1: warning: command line option "-fno-rtti" is valid for C++/ObjC++ but not for C
configure:7481: $? = 0
configure:7494: result: no
configure:7514: checking for /opt/openwrt-ar71xx/usr/bin/mips-openwrt-linux-uclibc-gcc option to produce PIC
configure:7786: result: -fPIC -DPIC
configure:7798: checking if /opt/openwrt-ar71xx/usr/bin/mips-openwrt-linux-uclibc-gcc PIC flag -fPIC -DPIC works
configure:7816: /opt/openwrt-ar71xx/usr/bin/mips-openwrt-linux-uclibc-gcc -c -g -O2  -fPIC -DPIC -DPIC conftest.c >&5
configure:7820: $? = 0
configure:7833: result: yes
configure:7857: checking if /opt/openwrt-ar71xx/usr/bin/mips-openwrt-linux-uclibc-gcc static flag -static works
configure:7885: result: yes
configure:7900: checking if /opt/openwrt-ar71xx/usr/bin/mips-openwrt-linux-uclibc-gcc supports -c -o file.o
configure:7921: /opt/openwrt-ar71xx/usr/bin/mips-openwrt-linux-uclibc-gcc -c -g -O2  -o out/conftest2.o conftest.c >&5
configure:7925: $? = 0
configure:7947: result: yes
configure:7955: checking if /opt/openwrt-ar71xx/usr/bin/mips-openwrt-linux-uclibc-gcc supports -c -o file.o
configure:8002: result: yes
configure:8035: checking whether the /opt/openwrt-ar71xx/usr/bin/mips-openwrt-linux-uclibc-gcc linker (/opt/openwrt-ar71xx/usr/mips-openwrt-linux-uclibc/bin/ld) supports shared libraries
configure:9101: result: yes
configure:9138: checking whether -lc should be explicitly linked in
configure:9143: /opt/openwrt-ar71xx/usr/bin/mips-openwrt-linux-uclibc-gcc -c -g -O2  conftest.c >&5
configure:9146: $? = 0
configure:9161: /opt/openwrt-ar71xx/usr/bin/mips-openwrt-linux-uclibc-gcc -shared conftest.o  -v -Wl,-soname -Wl,conftest -o conftest 2\>\&1 \| /bin/grep  -lc  \>/dev/null 2\>\&1
configure:9164: $? = 0
configure:9176: result: no
configure:9340: checking dynamic linker characteristics
configure:10031: result: no
configure:10133: checking how to hardcode library paths into programs
configure:10158: result: immediate
configure:10963: checking whether stripping libraries is possible
configure:10968: result: yes
configure:11003: checking if libtool supports shared libraries
configure:11005: result: no
configure:11008: checking whether to build shared libraries
configure:11029: result: no
configure:11032: checking whether to build static libraries
configure:11036: result: yes
configure:11143: checking linux/dccp.h usability
configure:11160: /opt/openwrt-ar71xx/usr/bin/mips-openwrt-linux-uclibc-gcc -c -g -O2  conftest.c >&5
configure:11166: $? = 0
configure:11180: result: yes
configure:11184: checking linux/dccp.h presence
configure:11199: /opt/openwrt-ar71xx/usr/bin/mips-openwrt-linux-uclibc-gcc -E  conftest.c
configure:11205: $? = 0
configure:11219: result: yes
configure:11247: checking for linux/dccp.h
configure:11254: result: yes
configure:11510: creating ./config.status

## ---------------- ##
## Cache variables. ##
## ---------------- ##

ac_cv_build=i686-pc-linux-gnu
ac_cv_c_compiler_gnu=yes
ac_cv_env_CC_set=set
ac_cv_env_CC_value=/opt/openwrt-ar71xx/usr/bin/mips-openwrt-linux-uclibc-gcc
ac_cv_env_CFLAGS_set=set
ac_cv_env_CFLAGS_value='-g -O2'
ac_cv_env_CPPFLAGS_set=
ac_cv_env_CPPFLAGS_value=
ac_cv_env_CPP_set=
ac_cv_env_CPP_value=
ac_cv_env_LDFLAGS_set=set
ac_cv_env_LDFLAGS_value=
ac_cv_env_LIBS_set=
ac_cv_env_LIBS_value=
ac_cv_env_build_alias_set=
ac_cv_env_build_alias_value=
ac_cv_env_host_alias_set=set
ac_cv_env_host_alias_value=mips
ac_cv_env_target_alias_set=
ac_cv_env_target_alias_value=
ac_cv_header_dlfcn_h=yes
ac_cv_header_inttypes_h=yes
ac_cv_header_linux_dccp_h=yes
ac_cv_header_memory_h=yes
ac_cv_header_stdc=yes
ac_cv_header_stdint_h=yes
ac_cv_header_stdlib_h=yes
ac_cv_header_string_h=yes
ac_cv_header_strings_h=yes
ac_cv_header_sys_stat_h=yes
ac_cv_header_sys_types_h=yes
ac_cv_header_unistd_h=yes
ac_cv_host=mips-unknown-elf
ac_cv_objext=o
ac_cv_path_EGREP='/bin/grep -E'
ac_cv_path_FGREP='/bin/grep -F'
ac_cv_path_GREP=/bin/grep
ac_cv_path_SED=/bin/sed
ac_cv_path_install='/usr/bin/install -c'
ac_cv_prog_AR=ar
ac_cv_prog_AWK=gawk
ac_cv_prog_CC=/opt/openwrt-ar71xx/usr/bin/mips-openwrt-linux-uclibc-gcc
ac_cv_prog_CPP='/opt/openwrt-ar71xx/usr/bin/mips-openwrt-linux-uclibc-gcc -E'
ac_cv_prog_RANLIB=ranlib
ac_cv_prog_STRIP=strip
ac_cv_prog_ac_ct_DUMPBIN='link -dump -symbols'
ac_cv_prog_ac_ct_OBJDUMP=objdump
ac_cv_prog_cc__opt_openwrt_ar71xx_usr_bin_mips_openwrt_linux_uclibc_gcc_c_o=yes
ac_cv_prog_cc_c89=
ac_cv_prog_cc_g=yes
ac_cv_prog_make_make_set=yes
am_cv_CC_dependencies_compiler_type=gcc3
lt_cv_deplibs_check_method=unknown
lt_cv_file_magic_cmd='$MAGIC_CMD'
lt_cv_file_magic_test_file=
lt_cv_ld_reload_flag=-r
lt_cv_nm_interface='BSD nm'
lt_cv_objdir=.libs
lt_cv_path_LD=/opt/openwrt-ar71xx/usr/mips-openwrt-linux-uclibc/bin/ld
lt_cv_path_NM=no
lt_cv_prog_compiler_c_o=yes
lt_cv_prog_compiler_pic_works=yes
lt_cv_prog_compiler_rtti_exceptions=no
lt_cv_prog_compiler_static_works=yes
lt_cv_prog_gnu_ld=yes
lt_cv_sys_global_symbol_pipe=
lt_cv_sys_global_symbol_to_c_name_address='sed -n -e '\''s/^: \([^ ]*\) $/  {\"\1\", (void *) 0},/p'\'' -e '\''s/^[BCDEGRST]* \([^ ]*\) \([^ ]*\)$/  {"\2", (void *) \&\2},/p'\'''
lt_cv_sys_global_symbol_to_c_name_address_lib_prefix='sed -n -e '\''s/^: \([^ ]*\) $/  {\"\1\", (void *) 0},/p'\'' -e '\''s/^[BCDEGRST]* \([^ ]*\) \(lib[^ ]*\)$/  {"\2", (void *) \&\2},/p'\'' -e '\''s/^[BCDEGRST]* \([^ ]*\) \([^ ]*\)$/  {"lib\2", (void *) \&\2},/p'\'''
lt_cv_sys_global_symbol_to_cdecl=
lt_cv_sys_max_cmd_len=98304

## ----------------- ##
## Output variables. ##
## ----------------- ##

ACLOCAL='${SHELL} /data3/wang.bingrong/brwang/wlancvs/ralink/ar7100/ralink-305x/mkcvs/co1/ar71xxplat/user/iptables-1.4.4/missing --run aclocal-1.9'
AMDEPBACKSLASH='\'
AMDEP_FALSE='#'
AMDEP_TRUE=''
AMTAR='${SHELL} /data3/wang.bingrong/brwang/wlancvs/ralink/ar7100/ralink-305x/mkcvs/co1/ar71xxplat/user/iptables-1.4.4/missing --run tar'
AR='ar'
AUTOCONF='${SHELL} /data3/wang.bingrong/brwang/wlancvs/ralink/ar7100/ralink-305x/mkcvs/co1/ar71xxplat/user/iptables-1.4.4/missing --run autoconf'
AUTOHEADER='${SHELL} /data3/wang.bingrong/brwang/wlancvs/ralink/ar7100/ralink-305x/mkcvs/co1/ar71xxplat/user/iptables-1.4.4/missing --run autoheader'
AUTOMAKE='${SHELL} /data3/wang.bingrong/brwang/wlancvs/ralink/ar7100/ralink-305x/mkcvs/co1/ar71xxplat/user/iptables-1.4.4/missing --run automake-1.9'
AWK='gawk'
CC='/opt/openwrt-ar71xx/usr/bin/mips-openwrt-linux-uclibc-gcc'
CCDEPMODE='depmode=gcc3'
CFLAGS='-g -O2'
CPP='/opt/openwrt-ar71xx/usr/bin/mips-openwrt-linux-uclibc-gcc -E'
CPPFLAGS=''
CYGPATH_W='echo'
DEFS='-DHAVE_CONFIG_H'
DEPDIR='.deps'
DSYMUTIL=''
DUMPBIN='link -dump -symbols'
ECHO_C=''
ECHO_N='-n'
ECHO_T=''
EGREP='/bin/grep -E'
ENABLE_DEVEL_FALSE='#'
ENABLE_DEVEL_TRUE=''
ENABLE_IPV4_FALSE='#'
ENABLE_IPV4_TRUE=''
ENABLE_IPV6_FALSE=''
ENABLE_IPV6_TRUE='#'
ENABLE_LIBIPQ_FALSE=''
ENABLE_LIBIPQ_TRUE='#'
ENABLE_SHARED_FALSE=''
ENABLE_SHARED_TRUE='#'
ENABLE_STATIC_FALSE='#'
ENABLE_STATIC_TRUE=''
EXEEXT=''
FGREP='/bin/grep -F'
GREP='/bin/grep'
INSTALL_DATA='${INSTALL} -m 644'
INSTALL_PROGRAM='${INSTALL}'
INSTALL_SCRIPT='${INSTALL}'
INSTALL_STRIP_PROGRAM='${SHELL} $(install_sh) -c -s'
LD='/opt/openwrt-ar71xx/usr/mips-openwrt-linux-uclibc/bin/ld'
LDFLAGS=''
LIBOBJS=''
LIBS=''
LIBTOOL='$(SHELL) $(top_builddir)/libtool'
LIPO=''
LN_S='ln -s'
LTLIBOBJS=''
MAKEINFO='${SHELL} /data3/wang.bingrong/brwang/wlancvs/ralink/ar7100/ralink-305x/mkcvs/co1/ar71xxplat/user/iptables-1.4.4/missing --run makeinfo'
NM='link -dump -symbols'
NMEDIT=''
OBJDUMP='objdump'
OBJEXT='o'
OTOOL64=''
OTOOL=''
PACKAGE='iptables'
PACKAGE_BUGREPORT=''
PACKAGE_NAME='iptables'
PACKAGE_STRING='iptables 1.4.4'
PACKAGE_TARNAME='iptables'
PACKAGE_VERSION='1.4.4'
PATH_SEPARATOR=':'
RANLIB='ranlib'
SED='/bin/sed'
SET_MAKE=''
SHELL='/bin/sh'
STRIP='strip'
VERSION='1.4.4'
ac_ct_CC=''
ac_ct_DUMPBIN='link -dump -symbols'
am__fastdepCC_FALSE='#'
am__fastdepCC_TRUE=''
am__include='include'
am__leading_dot='.'
am__quote=''
am__tar='${AMTAR} chof - "$$tardir"'
am__untar='${AMTAR} xf -'
bindir='${exec_prefix}/bin'
blacklist_modules=''
build='i686-pc-linux-gnu'
build_alias=''
build_cpu='i686'
build_os='linux-gnu'
build_vendor='pc'
datadir='${datarootdir}'
datarootdir='${prefix}/share'
docdir='${datarootdir}/doc/${PACKAGE_TARNAME}'
dvidir='${docdir}'
exec_prefix='${prefix}'
host='mips-unknown-elf'
host_alias='mips'
host_cpu='mips'
host_os='elf'
host_vendor='unknown'
htmldir='${docdir}'
includedir='${prefix}/include'
infodir='${datarootdir}/info'
install_sh='/data3/wang.bingrong/brwang/wlancvs/ralink/ar7100/ralink-305x/mkcvs/co1/ar71xxplat/user/iptables-1.4.4/install-sh'
kbuilddir='/data3/wang.bingrong/brwang/wlancvs/ralink/ar7100/ralink-305x/mkcvs/co/ar7100route/linux-2.6.30.8'
kinclude_CFLAGS=' -I /data3/wang.bingrong/brwang/wlancvs/ralink/ar7100/ralink-305x/mkcvs/co/ar7100route/linux-2.6.30.8/include -I /data3/wang.bingrong/brwang/wlancvs/ralink/ar7100/ralink-305x/mkcvs/co/ar7100route/linux-2.6.30.8/include'
ksourcedir='/data3/wang.bingrong/brwang/wlancvs/ralink/ar7100/ralink-305x/mkcvs/co/ar7100route/linux-2.6.30.8'
libdir='${exec_prefix}/lib'
libexecdir='${exec_prefix}/libexec'
libxtables_vage='0'
libxtables_vcurrent='2'
libxtables_vmajor='2'
localedir='${datarootdir}/locale'
localstatedir='${prefix}/var'
lt_ECHO='echo'
mandir='${datarootdir}/man'
mkdir_p='mkdir -p --'
oldincludedir='/usr/include'
pdfdir='${docdir}'
pkgconfigdir='${libdir}/pkgconfig'
prefix='/usr/local'
program_transform_name='s,x,x,'
psdir='${docdir}'
regular_CFLAGS='-D_LARGEFILE_SOURCE=1 -D_LARGE_FILES -D_FILE_OFFSET_BITS=64 	-D_REENTRANT -Wall -Waggregate-return -Wmissing-declarations 	-Wmissing-prototypes -Wredundant-decls -Wshadow -Wstrict-prototypes 	-Winline -pipe 	-DXTABLES_LIBDIR=\"${xtlibdir}\" -DXTABLES_INTERNAL'
sbindir='${exec_prefix}/sbin'
sharedstatedir='${prefix}/com'
sysconfdir='${prefix}/etc'
target_alias=''
xtlibdir='${exec_prefix}/libexec/xtables'

## ----------- ##
## confdefs.h. ##
## ----------- ##

#define PACKAGE_NAME "iptables"
#define PACKAGE_TARNAME "iptables"
#define PACKAGE_VERSION "1.4.4"
#define PACKAGE_STRING "iptables 1.4.4"
#define PACKAGE_BUGREPORT ""
#define PACKAGE "iptables"
#define VERSION "1.4.4"
#define STDC_HEADERS 1
#define HAVE_SYS_TYPES_H 1
#define HAVE_SYS_STAT_H 1
#define HAVE_STDLIB_H 1
#define HAVE_STRING_H 1
#define HAVE_MEMORY_H 1
#define HAVE_STRINGS_H 1
#define HAVE_INTTYPES_H 1
#define HAVE_STDINT_H 1
#define HAVE_UNISTD_H 1
#define HAVE_DLFCN_H 1
#define LT_OBJDIR ".libs/"

configure: exit 0

## ---------------------- ##
## Running config.status. ##
## ---------------------- ##

This file was extended by iptables config.status 1.4.4, which was
generated by GNU Autoconf 2.61.  Invocation command line was

  CONFIG_FILES    = 
  CONFIG_HEADERS  = 
  CONFIG_LINKS    = 
  CONFIG_COMMANDS = 
  $ ./config.status 

on localhost

config.status:872: creating Makefile
config.status:872: creating extensions/GNUmakefile
config.status:872: creating include/Makefile
config.status:872: creating libipq/Makefile
config.status:872: creating include/xtables.h
config.status:872: creating include/iptables/internal.h
config.status:872: creating libiptc.pc
config.status:872: creating xtables.pc
config.status:872: creating config.h
config.status:1094: config.h is unchanged
config.status:1140: executing depfiles commands
config.status:1140: executing libtool commands

## ---------------------- ##
## Running config.status. ##
## ---------------------- ##

This file was extended by iptables config.status 1.4.4, which was
generated by GNU Autoconf 2.61.  Invocation command line was

  CONFIG_FILES    = 
  CONFIG_HEADERS  = 
  CONFIG_LINKS    = 
  CONFIG_COMMANDS = 
  $ ./config.status config.h

on localhost

config.status:872: creating config.h
config.status:1094: config.h is unchanged
