This file contains any messages produced by compilers while
running configure, to aid debugging if configure makes a mistake.

It was created by configure, which was
generated by GNU Autoconf 2.61.  Invocation command line was

  $ ./configure --no-create --no-recursion

## --------- ##
## Platform. ##
## --------- ##

hostname = localhost
uname -m = i686
uname -r = 2.6.22.9-desktop-1mdv
uname -s = Linux
uname -v = #1 SMP Thu Sep 27 04:07:04 CEST 2007

/usr/bin/uname -p = unknown
/bin/uname -X     = unknown

/bin/arch              = i686
/usr/bin/arch -k       = unknown
/usr/convex/getsysinfo = unknown
/usr/bin/hostinfo      = unknown
/bin/machine           = unknown
/usr/bin/oslevel       = unknown
/bin/universe          = unknown

PATH: /data3/wang.bingrong/brwang/install/bin
PATH: /usr/local/bin
PATH: /bin
PATH: /usr/bin
PATH: /usr/games
PATH: /data3/wang.bingrong/brwang/bin
PATH: /opt/ELDK/usr/bin
PATH: /opt/buildroot-gcc342/bin
PATH: .
PATH: /data3/wang.bingrong/brwang/3520G/3520G/nv510v2/source/tools


## ----------- ##
## Core tests. ##
## ----------- ##

configure:1835: checking for gcc
configure:1862: result: "/opt/buildroot-gcc342/bin"/mipsel-linux-uclibc-gcc
configure:2100: checking for C compiler version
configure:2107: "/opt/buildroot-gcc342/bin"/mipsel-linux-uclibc-gcc --version >&5
./configure: line 2108: "/opt/buildroot-gcc342/bin"/mipsel-linux-uclibc-gcc: No such file or directory
configure:2110: $? = 127
configure:2117: "/opt/buildroot-gcc342/bin"/mipsel-linux-uclibc-gcc -v >&5
./configure: line 2118: "/opt/buildroot-gcc342/bin"/mipsel-linux-uclibc-gcc: No such file or directory
configure:2120: $? = 127
configure:2127: "/opt/buildroot-gcc342/bin"/mipsel-linux-uclibc-gcc -V >&5
./configure: line 2128: "/opt/buildroot-gcc342/bin"/mipsel-linux-uclibc-gcc: No such file or directory
configure:2130: $? = 127
configure:2153: checking for C compiler default output file name
configure:2180: "/opt/buildroot-gcc342/bin"/mipsel-linux-uclibc-gcc -Os -g  -Wall   -D_THREAD_SAFE -D_REENTRANT   conftest.c  >&5
./configure: line 2181: "/opt/buildroot-gcc342/bin"/mipsel-linux-uclibc-gcc: No such file or directory
configure:2183: $? = 127
configure:2221: result: 
configure: failed program was:
| /* confdefs.h.  */
| #define PACKAGE_NAME ""
| #define PACKAGE_TARNAME ""
| #define PACKAGE_VERSION ""
| #define PACKAGE_STRING ""
| #define PACKAGE_BUGREPORT ""
| #define MXML_VERSION "Mini-XML v2.6"
| /* end confdefs.h.  */
| 
| int
| main ()
| {
| 
|   ;
|   return 0;
| }
configure:2228: error: C compiler cannot create executables
See `config.log' for more details.

## ---------------- ##
## Cache variables. ##
## ---------------- ##

ac_cv_env_CCC_set=
ac_cv_env_CCC_value=
ac_cv_env_CC_set=set
ac_cv_env_CC_value='"/opt/buildroot-gcc342/bin"/mipsel-linux-uclibc-gcc'
ac_cv_env_CFLAGS_set=set
ac_cv_env_CFLAGS_value='-Os -g  -Wall   -D_THREAD_SAFE -D_REENTRANT'
ac_cv_env_CPPFLAGS_set=
ac_cv_env_CPPFLAGS_value=
ac_cv_env_CPP_set=
ac_cv_env_CPP_value=
ac_cv_env_CXXFLAGS_set=
ac_cv_env_CXXFLAGS_value=
ac_cv_env_CXX_set=set
ac_cv_env_CXX_value='"/opt/buildroot-gcc342/bin"/mipsel-linux-uclibc-g++ '
ac_cv_env_LDFLAGS_set=
ac_cv_env_LDFLAGS_value=
ac_cv_env_LIBS_set=
ac_cv_env_LIBS_value=
ac_cv_env_build_alias_set=
ac_cv_env_build_alias_value=
ac_cv_env_host_alias_set=
ac_cv_env_host_alias_value=
ac_cv_env_target_alias_set=
ac_cv_env_target_alias_value=
ac_cv_prog_ac_ct_CC='"/opt/buildroot-gcc342/bin"/mipsel-linux-uclibc-gcc'

## ----------------- ##
## Output variables. ##
## ----------------- ##

AR='"/opt/buildroot-gcc342/bin"/mipsel-linux-uclibc-ar'
ARCHFLAGS=''
ARFLAGS=''
CC='"/opt/buildroot-gcc342/bin"/mipsel-linux-uclibc-gcc'
CFLAGS='-Os -g  -Wall   -D_THREAD_SAFE -D_REENTRANT'
CP=''
CPP=''
CPPFLAGS=''
CXX='"/opt/buildroot-gcc342/bin"/mipsel-linux-uclibc-g++ '
CXXFLAGS=''
DEFS=''
DSO=''
DSOFLAGS=''
ECHO_C=''
ECHO_N='-n'
ECHO_T=''
EGREP=''
EXEEXT=''
GREP=''
INSTALL_DATA=''
INSTALL_PROGRAM=''
INSTALL_SCRIPT=''
LDFLAGS=''
LIBMXML=''
LIBOBJS=''
LIBS=''
LN=''
LTLIBOBJS=''
MKDIR=''
OBJEXT=''
OPTIM=''
PACKAGE_BUGREPORT=''
PACKAGE_NAME=''
PACKAGE_STRING=''
PACKAGE_TARNAME=''
PACKAGE_VERSION=''
PATH_SEPARATOR=':'
PC_CFLAGS=''
PC_LIBS=''
PICFLAG=''
PTHREAD_FLAGS=''
PTHREAD_LIBS=''
RANLIB='ranlib'
RM=''
SHELL='/bin/sh'
VERSION='2.6'
ac_ct_CC='"/opt/buildroot-gcc342/bin"/mipsel-linux-uclibc-gcc'
ac_ct_CXX=''
bindir='${exec_prefix}/bin'
build_alias=''
datadir='${datarootdir}'
datarootdir='${prefix}/share'
docdir='NONE'
dvidir='${docdir}'
exec_prefix='NONE'
host_alias=''
htmldir='${docdir}'
includedir='${prefix}/include'
infodir='${datarootdir}/info'
libdir='${exec_prefix}/lib'
libexecdir='${exec_prefix}/libexec'
localedir='${datarootdir}/locale'
localstatedir='${prefix}/var'
mandir='${datarootdir}/man'
oldincludedir='/usr/include'
pdfdir='${docdir}'
prefix='NONE'
program_transform_name='s,x,x,'
psdir='${docdir}'
sbindir='${exec_prefix}/sbin'
sharedstatedir='${prefix}/com'
sysconfdir='${prefix}/etc'
target_alias=''

## ----------- ##
## confdefs.h. ##
## ----------- ##

#define PACKAGE_NAME ""
#define PACKAGE_TARNAME ""
#define PACKAGE_VERSION ""
#define PACKAGE_STRING ""
#define PACKAGE_BUGREPORT ""
#define MXML_VERSION "Mini-XML v2.6"

configure: exit 77

## ---------------------- ##
## Running config.status. ##
## ---------------------- ##

This file was extended by config.status, which was
generated by GNU Autoconf 2.61.  Invocation command line was

  CONFIG_FILES    = 
  CONFIG_HEADERS  = 
  CONFIG_LINKS    = 
  CONFIG_COMMANDS = 
  $ ./config.status 

on localhost

config.status:618: creating Makefile
config.status:618: creating mxml.list
config.status:618: creating mxml.pc
config.status:618: creating config.h
