This file contains any messages produced by compilers while
running configure, to aid debugging if configure makes a mistake.

It was created by expat configure 2.0.1, which was
generated by GNU Autoconf 2.68.  Invocation command line was

  $ ./configure --target=i486-openwrt-linux --host=i486-openwrt-linux --build=i686-redhat-linux --program-prefix= --program-suffix= --prefix=/usr --exec-prefix=/usr --bindir=/usr/bin --sbindir=/usr/sbin --libexecdir=/usr/lib --sysconfdir=/etc --datadir=/usr/share --localstatedir=/var --mandir=/usr/man --infodir=/usr/info --disable-nls --enable-shared --enable-static

## --------- ##
## Platform. ##
## --------- ##

hostname = localhost.localdomain
uname -m = i686
uname -r = 2.6.32-131.0.15.el6.i686
uname -s = Linux
uname -v = #1 SMP Sat Nov 12 17:30:50 CST 2011

/usr/bin/uname -p = unknown
/bin/uname -X     = unknown

/bin/arch              = i686
/usr/bin/arch -k       = unknown
/usr/convex/getsysinfo = unknown
/usr/bin/hostinfo      = unknown
/bin/machine           = unknown
/usr/bin/oslevel       = unknown
/bin/universe          = unknown

PATH: /home/brian/openwrt/backfire/staging_dir/target-i386_glibc-2.6.1/host/bin
PATH: /home/brian/openwrt/backfire/staging_dir/toolchain-i386_gcc-4.4.3_glibc-2.6.1/bin
PATH: /home/brian/openwrt/backfire/staging_dir/host/bin
PATH: /home/brian/openwrt/backfire/staging_dir/toolchain-i386_gcc-4.4.3_glibc-2.6.1/bin
PATH: /home/brian/openwrt/backfire/staging_dir/host/bin
PATH: /home/brian/openwrt/backfire/staging_dir/toolchain-i386_gcc-4.4.3_glibc-2.6.1/bin
PATH: /home/brian/openwrt/backfire/staging_dir/host/bin
PATH: /usr/lib/qt-3.3/bin
PATH: /usr/local/bin
PATH: /usr/bin
PATH: /bin
PATH: /usr/local/sbin
PATH: /usr/sbin
PATH: /sbin
PATH: /home/brian/bin


## ----------- ##
## Core tests. ##
## ----------- ##

configure:2109: loading site script /home/brian/openwrt/backfire/include/site/i486-openwrt-linux-gnu
| #!/bin/sh
| 
| . $TOPDIR/include/site/i486-linux
| . $TOPDIR/include/site/linux-gnu
| 
configure:2258: checking build system type
configure:2272: result: i686-redhat-linux-gnu
configure:2292: checking host system type
configure:2305: result: i486-openwrt-linux-gnu
configure:2674: checking how to print strings
configure:2701: result: printf
configure:2730: checking for i486-openwrt-linux-gcc
configure:2757: result: i486-openwrt-linux-gnu-gcc
configure:3026: checking for C compiler version
configure:3035: i486-openwrt-linux-gnu-gcc --version >&5
i486-openwrt-linux-gnu-gcc (GCC) 4.4.3
Copyright (C) 2010 Free Software Foundation, Inc.
This is free software; see the source for copying conditions.  There is NO
warranty; not even for MERCHANTABILITY or FITNESS FOR A PARTICULAR PURPOSE.

configure:3046: $? = 0
configure:3035: i486-openwrt-linux-gnu-gcc -v >&5
Reading specs from /home/brian/openwrt/backfire/staging_dir/toolchain-i386_gcc-4.4.3_glibc-2.6.1/lib/gcc/i486-openwrt-linux-gnu/4.4.3/specs
Target: i486-openwrt-linux-gnu
Configured with: /home/brian/openwrt/backfire/build_dir/toolchain-i386_gcc-4.4.3_glibc-2.6.1/gcc-4.4.3/configure --prefix=/home/brian/openwrt/backfire/staging_dir/toolchain-i386_gcc-4.4.3_glibc-2.6.1 --build=i686-redhat-linux --host=i686-redhat-linux --target=i486-openwrt-linux-gnu --with-gnu-ld --enable-target-optspace --disable-libgomp --disable-libmudflap --disable-multilib --disable-nls --with-gmp=/home/brian/openwrt/backfire/staging_dir/host --with-mpfr=/home/brian/openwrt/backfire/staging_dir/host --disable-decimal-float --disable-libssp --enable-__cxa_atexit --enable-languages=c,c++ --enable-shared --enable-threads --with-slibdir=/home/brian/openwrt/backfire/staging_dir/toolchain-i386_gcc-4.4.3_glibc-2.6.1/lib --disable-tls
Thread model: posix
gcc version 4.4.3 (GCC) 
configure:3046: $? = 0
configure:3035: i486-openwrt-linux-gnu-gcc -V >&5
i486-openwrt-linux-gnu-gcc: '-V' option must have argument
configure:3046: $? = 1
configure:3035: i486-openwrt-linux-gnu-gcc -qversion >&5
i486-openwrt-linux-gnu-gcc: unrecognized option '-qversion'
i486-openwrt-linux-gnu-gcc: no input files
configure:3046: $? = 1
configure:3066: checking whether the C compiler works
configure:3088: i486-openwrt-linux-gnu-gcc -O2 -pipe -march=i486 -funit-at-a-time -fhonour-copts -fpic  -I/home/brian/openwrt/backfire/staging_dir/target-i386_glibc-2.6.1/usr/include -I/home/brian/openwrt/backfire/staging_dir/target-i386_glibc-2.6.1/include -I/home/brian/openwrt/backfire/staging_dir/toolchain-i386_gcc-4.4.3_glibc-2.6.1/include  -L/home/brian/openwrt/backfire/staging_dir/target-i386_glibc-2.6.1/usr/lib -L/home/brian/openwrt/backfire/staging_dir/target-i386_glibc-2.6.1/lib -L/home/brian/openwrt/backfire/staging_dir/toolchain-i386_gcc-4.4.3_glibc-2.6.1/lib  conftest.c  >&5
configure:3092: $? = 0
configure:3140: result: yes
configure:3143: checking for C compiler default output file name
configure:3145: result: a.out
configure:3151: checking for suffix of executables
configure:3158: i486-openwrt-linux-gnu-gcc -o conftest -O2 -pipe -march=i486 -funit-at-a-time -fhonour-copts -fpic  -I/home/brian/openwrt/backfire/staging_dir/target-i386_glibc-2.6.1/usr/include -I/home/brian/openwrt/backfire/staging_dir/target-i386_glibc-2.6.1/include -I/home/brian/openwrt/backfire/staging_dir/toolchain-i386_gcc-4.4.3_glibc-2.6.1/include  -L/home/brian/openwrt/backfire/staging_dir/target-i386_glibc-2.6.1/usr/lib -L/home/brian/openwrt/backfire/staging_dir/target-i386_glibc-2.6.1/lib -L/home/brian/openwrt/backfire/staging_dir/toolchain-i386_gcc-4.4.3_glibc-2.6.1/lib  conftest.c  >&5
configure:3162: $? = 0
configure:3184: result: 
configure:3206: checking whether we are cross compiling
configure:3244: result: yes
configure:3249: checking for suffix of object files
configure:3271: i486-openwrt-linux-gnu-gcc -c -O2 -pipe -march=i486 -funit-at-a-time -fhonour-copts -fpic  -I/home/brian/openwrt/backfire/staging_dir/target-i386_glibc-2.6.1/usr/include -I/home/brian/openwrt/backfire/staging_dir/target-i386_glibc-2.6.1/include -I/home/brian/openwrt/backfire/staging_dir/toolchain-i386_gcc-4.4.3_glibc-2.6.1/include  conftest.c >&5
configure:3275: $? = 0
configure:3296: result: o
configure:3300: checking whether we are using the GNU C compiler
configure:3319: i486-openwrt-linux-gnu-gcc -c -O2 -pipe -march=i486 -funit-at-a-time -fhonour-copts -fpic  -I/home/brian/openwrt/backfire/staging_dir/target-i386_glibc-2.6.1/usr/include -I/home/brian/openwrt/backfire/staging_dir/target-i386_glibc-2.6.1/include -I/home/brian/openwrt/backfire/staging_dir/toolchain-i386_gcc-4.4.3_glibc-2.6.1/include  conftest.c >&5
configure:3319: $? = 0
configure:3328: result: yes
configure:3337: checking whether i486-openwrt-linux-gnu-gcc accepts -g
configure:3357: i486-openwrt-linux-gnu-gcc -c -g -I/home/brian/openwrt/backfire/staging_dir/target-i386_glibc-2.6.1/usr/include -I/home/brian/openwrt/backfire/staging_dir/target-i386_glibc-2.6.1/include -I/home/brian/openwrt/backfire/staging_dir/toolchain-i386_gcc-4.4.3_glibc-2.6.1/include  conftest.c >&5
cc1: note: someone does not honour COPTS correctly, passed 0 times
configure:3357: $? = 0
configure: failed program was:
| /* confdefs.h */
| #define PACKAGE_NAME "expat"
| #define PACKAGE_TARNAME "expat"
| #define PACKAGE_VERSION "2.0.1"
| #define PACKAGE_STRING "expat 2.0.1"
| #define PACKAGE_BUGREPORT "expat-bugs@libexpat.org"
| #define PACKAGE_URL ""
| /* end confdefs.h.  */
| 
| int
| main ()
| {
| 
|   ;
|   return 0;
| }
configure:3372: i486-openwrt-linux-gnu-gcc -c  -I/home/brian/openwrt/backfire/staging_dir/target-i386_glibc-2.6.1/usr/include -I/home/brian/openwrt/backfire/staging_dir/target-i386_glibc-2.6.1/include -I/home/brian/openwrt/backfire/staging_dir/toolchain-i386_gcc-4.4.3_glibc-2.6.1/include  conftest.c >&5
cc1: note: someone does not honour COPTS correctly, passed 0 times
configure:3372: $? = 0
configure: failed program was:
| /* confdefs.h */
| #define PACKAGE_NAME "expat"
| #define PACKAGE_TARNAME "expat"
| #define PACKAGE_VERSION "2.0.1"
| #define PACKAGE_STRING "expat 2.0.1"
| #define PACKAGE_BUGREPORT "expat-bugs@libexpat.org"
| #define PACKAGE_URL ""
| /* end confdefs.h.  */
| 
| int
| main ()
| {
| 
|   ;
|   return 0;
| }
configure:3388: i486-openwrt-linux-gnu-gcc -c -g -I/home/brian/openwrt/backfire/staging_dir/target-i386_glibc-2.6.1/usr/include -I/home/brian/openwrt/backfire/staging_dir/target-i386_glibc-2.6.1/include -I/home/brian/openwrt/backfire/staging_dir/toolchain-i386_gcc-4.4.3_glibc-2.6.1/include  conftest.c >&5
cc1: note: someone does not honour COPTS correctly, passed 0 times
configure:3388: $? = 0
configure:3398: result: yes
configure:3415: checking for i486-openwrt-linux-gnu-gcc option to accept ISO C89
configure:3479: i486-openwrt-linux-gnu-gcc  -c -O2 -pipe -march=i486 -funit-at-a-time -fhonour-copts -fpic  -I/home/brian/openwrt/backfire/staging_dir/target-i386_glibc-2.6.1/usr/include -I/home/brian/openwrt/backfire/staging_dir/target-i386_glibc-2.6.1/include -I/home/brian/openwrt/backfire/staging_dir/toolchain-i386_gcc-4.4.3_glibc-2.6.1/include  conftest.c >&5
configure:3479: $? = 0
configure:3492: result: none needed
configure:3512: checking for a sed that does not truncate output
configure:3576: result: /home/brian/openwrt/backfire/staging_dir/host/bin/sed
configure:3593: checking for grep that handles long lines and -e
configure:3651: result: /bin/grep
configure:3656: checking for egrep
configure:3718: result: /bin/grep -E
configure:3723: checking for fgrep
configure:3785: result: /bin/grep -F
configure:3820: checking for ld used by i486-openwrt-linux-gnu-gcc
configure:3887: result: i486-openwrt-linux-gnu-ld
configure:3894: checking if the linker (i486-openwrt-linux-gnu-ld) is GNU ld
configure:3909: result: yes
configure:3921: checking for BSD- or MS-compatible name lister (nm)
configure:3970: result: i486-openwrt-linux-gnu-nm
configure:4100: checking the name lister (i486-openwrt-linux-gnu-nm) interface
configure:4107: i486-openwrt-linux-gnu-gcc -c -O2 -pipe -march=i486 -funit-at-a-time -fhonour-copts -fpic  -I/home/brian/openwrt/backfire/staging_dir/target-i386_glibc-2.6.1/usr/include -I/home/brian/openwrt/backfire/staging_dir/target-i386_glibc-2.6.1/include -I/home/brian/openwrt/backfire/staging_dir/toolchain-i386_gcc-4.4.3_glibc-2.6.1/include  conftest.c >&5
configure:4110: i486-openwrt-linux-gnu-nm "conftest.o"
configure:4113: output
00000000 B some_variable
configure:4120: result: BSD nm
configure:4123: checking whether ln -s works
configure:4127: result: yes
configure:4135: checking the maximum length of command line arguments
configure:4260: result: 1966080
configure:4277: checking whether the shell understands some XSI constructs
configure:4287: result: yes
configure:4291: checking whether the shell understands "+="
configure:4297: result: yes
configure:4332: checking how to convert i686-redhat-linux-gnu file names to i486-openwrt-linux-gnu format
configure:4372: result: func_convert_file_noop
configure:4379: checking how to convert i686-redhat-linux-gnu file names to toolchain format
configure:4399: result: func_convert_file_noop
configure:4406: checking for i486-openwrt-linux-gnu-ld option to reload object files
configure:4413: result: -r
configure:4447: checking for i486-openwrt-linux-objdump
configure:4474: result: i486-openwrt-linux-gnu-objdump
configure:4543: checking how to recognize dependent libraries
configure:4745: result: pass_all
configure:4790: checking for i486-openwrt-linux-dlltool
configure:4817: result: dlltool
configure:4887: checking how to associate runtime and link libraries
configure:4914: result: printf %s\n
configure:4931: checking for i486-openwrt-linux-ar
configure:4958: result: i486-openwrt-linux-gnu-ar
configure:5039: checking for archiver @FILE support
configure:5056: i486-openwrt-linux-gnu-gcc -c -O2 -pipe -march=i486 -funit-at-a-time -fhonour-copts -fpic  -I/home/brian/openwrt/backfire/staging_dir/target-i386_glibc-2.6.1/usr/include -I/home/brian/openwrt/backfire/staging_dir/target-i386_glibc-2.6.1/include -I/home/brian/openwrt/backfire/staging_dir/toolchain-i386_gcc-4.4.3_glibc-2.6.1/include  conftest.c >&5
configure:5056: $? = 0
configure:5059: i486-openwrt-linux-gnu-ar cru libconftest.a @conftest.lst >&5
configure:5062: $? = 0
configure:5067: i486-openwrt-linux-gnu-ar cru libconftest.a @conftest.lst >&5
i486-openwrt-linux-gnu-ar: conftest.o: No such file or directory
configure:5070: $? = 1
configure:5082: result: @
configure:5100: checking for i486-openwrt-linux-strip
configure:5127: result: i486-openwrt-linux-gnu-strip
configure:5199: checking for i486-openwrt-linux-ranlib
configure:5226: result: i486-openwrt-linux-gnu-ranlib
configure:5343: checking for gawk
configure:5359: found /usr/bin/gawk
configure:5370: result: gawk
configure:5409: checking command to parse i486-openwrt-linux-gnu-nm output from i486-openwrt-linux-gnu-gcc object
configure:5528: i486-openwrt-linux-gnu-gcc -c -O2 -pipe -march=i486 -funit-at-a-time -fhonour-copts -fpic  -I/home/brian/openwrt/backfire/staging_dir/target-i386_glibc-2.6.1/usr/include -I/home/brian/openwrt/backfire/staging_dir/target-i386_glibc-2.6.1/include -I/home/brian/openwrt/backfire/staging_dir/toolchain-i386_gcc-4.4.3_glibc-2.6.1/include  conftest.c >&5
configure:5531: $? = 0
configure:5535: i486-openwrt-linux-gnu-nm conftest.o \| sed -n -e 's/^.*[ ]\([ABCDGIRSTW][ABCDGIRSTW]*\)[ ][ ]*\([_A-Za-z][_A-Za-z0-9]*\)$/\1 \2 \2/p' | sed '/ __gnu_lto/d' \> conftest.nm
configure:5538: $? = 0
configure:5604: i486-openwrt-linux-gnu-gcc -o conftest -O2 -pipe -march=i486 -funit-at-a-time -fhonour-copts -fpic  -I/home/brian/openwrt/backfire/staging_dir/target-i386_glibc-2.6.1/usr/include -I/home/brian/openwrt/backfire/staging_dir/target-i386_glibc-2.6.1/include -I/home/brian/openwrt/backfire/staging_dir/toolchain-i386_gcc-4.4.3_glibc-2.6.1/include  -L/home/brian/openwrt/backfire/staging_dir/target-i386_glibc-2.6.1/usr/lib -L/home/brian/openwrt/backfire/staging_dir/target-i386_glibc-2.6.1/lib -L/home/brian/openwrt/backfire/staging_dir/toolchain-i386_gcc-4.4.3_glibc-2.6.1/lib  conftest.c conftstm.o >&5
configure:5607: $? = 0
configure:5645: result: ok
configure:5682: checking for sysroot
configure:5712: result: no
configure:5915: checking for i486-openwrt-linux-mt
configure:5945: result: no
configure:5955: checking for mt
configure:5985: result: no
configure:6005: checking if : is a manifest tool
configure:6011: : '-?'
configure:6019: result: no
configure:6651: checking how to run the C preprocessor
configure:6682: i486-openwrt-linux-gnu-gcc -E -I/home/brian/openwrt/backfire/staging_dir/target-i386_glibc-2.6.1/usr/include -I/home/brian/openwrt/backfire/staging_dir/target-i386_glibc-2.6.1/include -I/home/brian/openwrt/backfire/staging_dir/toolchain-i386_gcc-4.4.3_glibc-2.6.1/include  conftest.c
configure:6682: $? = 0
configure:6696: i486-openwrt-linux-gnu-gcc -E -I/home/brian/openwrt/backfire/staging_dir/target-i386_glibc-2.6.1/usr/include -I/home/brian/openwrt/backfire/staging_dir/target-i386_glibc-2.6.1/include -I/home/brian/openwrt/backfire/staging_dir/toolchain-i386_gcc-4.4.3_glibc-2.6.1/include  conftest.c
conftest.c:9:28: error: ac_nonexistent.h: No such file or directory
configure:6696: $? = 1
configure: failed program was:
| /* confdefs.h */
| #define PACKAGE_NAME "expat"
| #define PACKAGE_TARNAME "expat"
| #define PACKAGE_VERSION "2.0.1"
| #define PACKAGE_STRING "expat 2.0.1"
| #define PACKAGE_BUGREPORT "expat-bugs@libexpat.org"
| #define PACKAGE_URL ""
| /* end confdefs.h.  */
| #include <ac_nonexistent.h>
configure:6721: result: i486-openwrt-linux-gnu-gcc -E
configure:6741: i486-openwrt-linux-gnu-gcc -E -I/home/brian/openwrt/backfire/staging_dir/target-i386_glibc-2.6.1/usr/include -I/home/brian/openwrt/backfire/staging_dir/target-i386_glibc-2.6.1/include -I/home/brian/openwrt/backfire/staging_dir/toolchain-i386_gcc-4.4.3_glibc-2.6.1/include  conftest.c
configure:6741: $? = 0
configure:6755: i486-openwrt-linux-gnu-gcc -E -I/home/brian/openwrt/backfire/staging_dir/target-i386_glibc-2.6.1/usr/include -I/home/brian/openwrt/backfire/staging_dir/target-i386_glibc-2.6.1/include -I/home/brian/openwrt/backfire/staging_dir/toolchain-i386_gcc-4.4.3_glibc-2.6.1/include  conftest.c
conftest.c:9:28: error: ac_nonexistent.h: No such file or directory
configure:6755: $? = 1
configure: failed program was:
| /* confdefs.h */
| #define PACKAGE_NAME "expat"
| #define PACKAGE_TARNAME "expat"
| #define PACKAGE_VERSION "2.0.1"
| #define PACKAGE_STRING "expat 2.0.1"
| #define PACKAGE_BUGREPORT "expat-bugs@libexpat.org"
| #define PACKAGE_URL ""
| /* end confdefs.h.  */
| #include <ac_nonexistent.h>
configure:6784: checking for ANSI C header files
configure:6804: i486-openwrt-linux-gnu-gcc -c -O2 -pipe -march=i486 -funit-at-a-time -fhonour-copts -fpic  -I/home/brian/openwrt/backfire/staging_dir/target-i386_glibc-2.6.1/usr/include -I/home/brian/openwrt/backfire/staging_dir/target-i386_glibc-2.6.1/include -I/home/brian/openwrt/backfire/staging_dir/toolchain-i386_gcc-4.4.3_glibc-2.6.1/include  conftest.c >&5
configure:6804: $? = 0
configure:6888: result: yes
configure:6901: checking for sys/types.h
configure:6901: i486-openwrt-linux-gnu-gcc -c -O2 -pipe -march=i486 -funit-at-a-time -fhonour-copts -fpic  -I/home/brian/openwrt/backfire/staging_dir/target-i386_glibc-2.6.1/usr/include -I/home/brian/openwrt/backfire/staging_dir/target-i386_glibc-2.6.1/include -I/home/brian/openwrt/backfire/staging_dir/toolchain-i386_gcc-4.4.3_glibc-2.6.1/include  conftest.c >&5
configure:6901: $? = 0
configure:6901: result: yes
configure:6901: checking for sys/stat.h
configure:6901: i486-openwrt-linux-gnu-gcc -c -O2 -pipe -march=i486 -funit-at-a-time -fhonour-copts -fpic  -I/home/brian/openwrt/backfire/staging_dir/target-i386_glibc-2.6.1/usr/include -I/home/brian/openwrt/backfire/staging_dir/target-i386_glibc-2.6.1/include -I/home/brian/openwrt/backfire/staging_dir/toolchain-i386_gcc-4.4.3_glibc-2.6.1/include  conftest.c >&5
configure:6901: $? = 0
configure:6901: result: yes
configure:6901: checking for stdlib.h
configure:6901: i486-openwrt-linux-gnu-gcc -c -O2 -pipe -march=i486 -funit-at-a-time -fhonour-copts -fpic  -I/home/brian/openwrt/backfire/staging_dir/target-i386_glibc-2.6.1/usr/include -I/home/brian/openwrt/backfire/staging_dir/target-i386_glibc-2.6.1/include -I/home/brian/openwrt/backfire/staging_dir/toolchain-i386_gcc-4.4.3_glibc-2.6.1/include  conftest.c >&5
configure:6901: $? = 0
configure:6901: result: yes
configure:6901: checking for string.h
configure:6901: i486-openwrt-linux-gnu-gcc -c -O2 -pipe -march=i486 -funit-at-a-time -fhonour-copts -fpic  -I/home/brian/openwrt/backfire/staging_dir/target-i386_glibc-2.6.1/usr/include -I/home/brian/openwrt/backfire/staging_dir/target-i386_glibc-2.6.1/include -I/home/brian/openwrt/backfire/staging_dir/toolchain-i386_gcc-4.4.3_glibc-2.6.1/include  conftest.c >&5
configure:6901: $? = 0
configure:6901: result: yes
configure:6901: checking for memory.h
configure:6901: i486-openwrt-linux-gnu-gcc -c -O2 -pipe -march=i486 -funit-at-a-time -fhonour-copts -fpic  -I/home/brian/openwrt/backfire/staging_dir/target-i386_glibc-2.6.1/usr/include -I/home/brian/openwrt/backfire/staging_dir/target-i386_glibc-2.6.1/include -I/home/brian/openwrt/backfire/staging_dir/toolchain-i386_gcc-4.4.3_glibc-2.6.1/include  conftest.c >&5
configure:6901: $? = 0
configure:6901: result: yes
configure:6901: checking for strings.h
configure:6901: i486-openwrt-linux-gnu-gcc -c -O2 -pipe -march=i486 -funit-at-a-time -fhonour-copts -fpic  -I/home/brian/openwrt/backfire/staging_dir/target-i386_glibc-2.6.1/usr/include -I/home/brian/openwrt/backfire/staging_dir/target-i386_glibc-2.6.1/include -I/home/brian/openwrt/backfire/staging_dir/toolchain-i386_gcc-4.4.3_glibc-2.6.1/include  conftest.c >&5
configure:6901: $? = 0
configure:6901: result: yes
configure:6901: checking for inttypes.h
configure:6901: i486-openwrt-linux-gnu-gcc -c -O2 -pipe -march=i486 -funit-at-a-time -fhonour-copts -fpic  -I/home/brian/openwrt/backfire/staging_dir/target-i386_glibc-2.6.1/usr/include -I/home/brian/openwrt/backfire/staging_dir/target-i386_glibc-2.6.1/include -I/home/brian/openwrt/backfire/staging_dir/toolchain-i386_gcc-4.4.3_glibc-2.6.1/include  conftest.c >&5
configure:6901: $? = 0
configure:6901: result: yes
configure:6901: checking for stdint.h
configure:6901: i486-openwrt-linux-gnu-gcc -c -O2 -pipe -march=i486 -funit-at-a-time -fhonour-copts -fpic  -I/home/brian/openwrt/backfire/staging_dir/target-i386_glibc-2.6.1/usr/include -I/home/brian/openwrt/backfire/staging_dir/target-i386_glibc-2.6.1/include -I/home/brian/openwrt/backfire/staging_dir/toolchain-i386_gcc-4.4.3_glibc-2.6.1/include  conftest.c >&5
configure:6901: $? = 0
configure:6901: result: yes
configure:6901: checking for unistd.h
configure:6901: i486-openwrt-linux-gnu-gcc -c -O2 -pipe -march=i486 -funit-at-a-time -fhonour-copts -fpic  -I/home/brian/openwrt/backfire/staging_dir/target-i386_glibc-2.6.1/usr/include -I/home/brian/openwrt/backfire/staging_dir/target-i386_glibc-2.6.1/include -I/home/brian/openwrt/backfire/staging_dir/toolchain-i386_gcc-4.4.3_glibc-2.6.1/include  conftest.c >&5
configure:6901: $? = 0
configure:6901: result: yes
configure:6915: checking for dlfcn.h
configure:6915: i486-openwrt-linux-gnu-gcc -c -O2 -pipe -march=i486 -funit-at-a-time -fhonour-copts -fpic  -I/home/brian/openwrt/backfire/staging_dir/target-i386_glibc-2.6.1/usr/include -I/home/brian/openwrt/backfire/staging_dir/target-i386_glibc-2.6.1/include -I/home/brian/openwrt/backfire/staging_dir/toolchain-i386_gcc-4.4.3_glibc-2.6.1/include  conftest.c >&5
configure:6915: $? = 0
configure:6915: result: yes
configure:7100: checking for objdir
configure:7115: result: .libs
configure:7381: checking if i486-openwrt-linux-gnu-gcc supports -fno-rtti -fno-exceptions
configure:7399: i486-openwrt-linux-gnu-gcc -c -O2 -pipe -march=i486 -funit-at-a-time -fhonour-copts -fpic  -I/home/brian/openwrt/backfire/staging_dir/target-i386_glibc-2.6.1/usr/include -I/home/brian/openwrt/backfire/staging_dir/target-i386_glibc-2.6.1/include -I/home/brian/openwrt/backfire/staging_dir/toolchain-i386_gcc-4.4.3_glibc-2.6.1/include  -fno-rtti -fno-exceptions conftest.c >&5
cc1: warning: command line option "-fno-rtti" is valid for C++/ObjC++ but not for C
configure:7403: $? = 0
configure:7416: result: no
configure:7726: checking for i486-openwrt-linux-gnu-gcc option to produce PIC
configure:7733: result: -fPIC -DPIC
configure:7741: checking if i486-openwrt-linux-gnu-gcc PIC flag -fPIC -DPIC works
configure:7759: i486-openwrt-linux-gnu-gcc -c -O2 -pipe -march=i486 -funit-at-a-time -fhonour-copts -fpic  -I/home/brian/openwrt/backfire/staging_dir/target-i386_glibc-2.6.1/usr/include -I/home/brian/openwrt/backfire/staging_dir/target-i386_glibc-2.6.1/include -I/home/brian/openwrt/backfire/staging_dir/toolchain-i386_gcc-4.4.3_glibc-2.6.1/include  -fPIC -DPIC -DPIC conftest.c >&5
configure:7763: $? = 0
configure:7776: result: yes
configure:7805: checking if i486-openwrt-linux-gnu-gcc static flag -static works
configure:7833: result: yes
configure:7848: checking if i486-openwrt-linux-gnu-gcc supports -c -o file.o
configure:7869: i486-openwrt-linux-gnu-gcc -c -O2 -pipe -march=i486 -funit-at-a-time -fhonour-copts -fpic  -I/home/brian/openwrt/backfire/staging_dir/target-i386_glibc-2.6.1/usr/include -I/home/brian/openwrt/backfire/staging_dir/target-i386_glibc-2.6.1/include -I/home/brian/openwrt/backfire/staging_dir/toolchain-i386_gcc-4.4.3_glibc-2.6.1/include  -o out/conftest2.o conftest.c >&5
configure:7873: $? = 0
configure:7895: result: yes
configure:7903: checking if i486-openwrt-linux-gnu-gcc supports -c -o file.o
configure:7950: result: yes
configure:7983: checking whether the i486-openwrt-linux-gnu-gcc linker (i486-openwrt-linux-gnu-ld) supports shared libraries
configure:9141: result: yes
configure:9178: checking whether -lc should be explicitly linked in
configure:9186: i486-openwrt-linux-gnu-gcc -c -O2 -pipe -march=i486 -funit-at-a-time -fhonour-copts -fpic  -I/home/brian/openwrt/backfire/staging_dir/target-i386_glibc-2.6.1/usr/include -I/home/brian/openwrt/backfire/staging_dir/target-i386_glibc-2.6.1/include -I/home/brian/openwrt/backfire/staging_dir/toolchain-i386_gcc-4.4.3_glibc-2.6.1/include  conftest.c >&5
configure:9189: $? = 0
configure:9204: i486-openwrt-linux-gnu-gcc -shared  -fPIC -DPIC conftest.o  -v -Wl,-soname -Wl,conftest -o conftest 2\>\&1 \| /bin/grep  -lc  \>/dev/null 2\>\&1
configure:9207: $? = 0
configure:9221: result: no
configure:9386: checking dynamic linker characteristics
configure:9900: i486-openwrt-linux-gnu-gcc -o conftest -O2 -pipe -march=i486 -funit-at-a-time -fhonour-copts -fpic  -I/home/brian/openwrt/backfire/staging_dir/target-i386_glibc-2.6.1/usr/include -I/home/brian/openwrt/backfire/staging_dir/target-i386_glibc-2.6.1/include -I/home/brian/openwrt/backfire/staging_dir/toolchain-i386_gcc-4.4.3_glibc-2.6.1/include  -L/home/brian/openwrt/backfire/staging_dir/target-i386_glibc-2.6.1/usr/lib -L/home/brian/openwrt/backfire/staging_dir/target-i386_glibc-2.6.1/lib -L/home/brian/openwrt/backfire/staging_dir/toolchain-i386_gcc-4.4.3_glibc-2.6.1/lib  -Wl,-rpath -Wl,/foo conftest.c  >&5
configure:9900: $? = 0
configure:10122: result: GNU/Linux ld.so
configure:10229: checking how to hardcode library paths into programs
configure:10254: result: immediate
configure:10794: checking whether stripping libraries is possible
configure:10799: result: yes
configure:10834: checking if libtool supports shared libraries
configure:10836: result: yes
configure:10839: checking whether to build shared libraries
configure:10860: result: yes
configure:10863: checking whether to build static libraries
configure:10867: result: yes
configure:10915: checking for i486-openwrt-linux-gcc
configure:10942: result: i486-openwrt-linux-gnu-gcc
configure:11211: checking for C compiler version
configure:11220: i486-openwrt-linux-gnu-gcc --version >&5
i486-openwrt-linux-gnu-gcc (GCC) 4.4.3
Copyright (C) 2010 Free Software Foundation, Inc.
This is free software; see the source for copying conditions.  There is NO
warranty; not even for MERCHANTABILITY or FITNESS FOR A PARTICULAR PURPOSE.

configure:11231: $? = 0
configure:11220: i486-openwrt-linux-gnu-gcc -v >&5
Reading specs from /home/brian/openwrt/backfire/staging_dir/toolchain-i386_gcc-4.4.3_glibc-2.6.1/lib/gcc/i486-openwrt-linux-gnu/4.4.3/specs
Target: i486-openwrt-linux-gnu
Configured with: /home/brian/openwrt/backfire/build_dir/toolchain-i386_gcc-4.4.3_glibc-2.6.1/gcc-4.4.3/configure --prefix=/home/brian/openwrt/backfire/staging_dir/toolchain-i386_gcc-4.4.3_glibc-2.6.1 --build=i686-redhat-linux --host=i686-redhat-linux --target=i486-openwrt-linux-gnu --with-gnu-ld --enable-target-optspace --disable-libgomp --disable-libmudflap --disable-multilib --disable-nls --with-gmp=/home/brian/openwrt/backfire/staging_dir/host --with-mpfr=/home/brian/openwrt/backfire/staging_dir/host --disable-decimal-float --disable-libssp --enable-__cxa_atexit --enable-languages=c,c++ --enable-shared --enable-threads --with-slibdir=/home/brian/openwrt/backfire/staging_dir/toolchain-i386_gcc-4.4.3_glibc-2.6.1/lib --disable-tls
Thread model: posix
gcc version 4.4.3 (GCC) 
configure:11231: $? = 0
configure:11220: i486-openwrt-linux-gnu-gcc -V >&5
i486-openwrt-linux-gnu-gcc: '-V' option must have argument
configure:11231: $? = 1
configure:11220: i486-openwrt-linux-gnu-gcc -qversion >&5
i486-openwrt-linux-gnu-gcc: unrecognized option '-qversion'
i486-openwrt-linux-gnu-gcc: no input files
configure:11231: $? = 1
configure:11235: checking whether we are using the GNU C compiler
configure:11263: result: yes
configure:11272: checking whether i486-openwrt-linux-gnu-gcc accepts -g
configure:11333: result: yes
configure:11350: checking for i486-openwrt-linux-gnu-gcc option to accept ISO C89
configure:11427: result: none needed
configure:11461: checking for a BSD-compatible install
configure:11529: result: /usr/bin/install -c
configure:11544: checking whether i486-openwrt-linux-gnu-gcc accepts -fexceptions
configure:11557: i486-openwrt-linux-gnu-gcc -o conftest -O2 -pipe -march=i486 -funit-at-a-time -fhonour-copts -fpic  -Wall -Wmissing-prototypes -Wstrict-prototypes -fexceptions -I/home/brian/openwrt/backfire/staging_dir/target-i386_glibc-2.6.1/usr/include -I/home/brian/openwrt/backfire/staging_dir/target-i386_glibc-2.6.1/include -I/home/brian/openwrt/backfire/staging_dir/toolchain-i386_gcc-4.4.3_glibc-2.6.1/include  -L/home/brian/openwrt/backfire/staging_dir/target-i386_glibc-2.6.1/usr/lib -L/home/brian/openwrt/backfire/staging_dir/target-i386_glibc-2.6.1/lib -L/home/brian/openwrt/backfire/staging_dir/toolchain-i386_gcc-4.4.3_glibc-2.6.1/lib  conftest.c  >&5
conftest.c:24: warning: function declaration isn't a prototype
configure:11557: $? = 0
configure:11558: result: yes
configure:11569: checking for ANSI C header files
configure:11673: result: yes
configure:11683: checking whether byte ordering is bigendian
configure:11758: result: no
configure:11811: checking for an ANSI C-conforming const
configure:11876: i486-openwrt-linux-gnu-gcc -c -O2 -pipe -march=i486 -funit-at-a-time -fhonour-copts -fpic  -Wall -Wmissing-prototypes -Wstrict-prototypes -fexceptions -I/home/brian/openwrt/backfire/staging_dir/target-i386_glibc-2.6.1/usr/include -I/home/brian/openwrt/backfire/staging_dir/target-i386_glibc-2.6.1/include -I/home/brian/openwrt/backfire/staging_dir/toolchain-i386_gcc-4.4.3_glibc-2.6.1/include  conftest.c >&5
conftest.c:26: warning: function declaration isn't a prototype
conftest.c: In function 'main':
conftest.c:52: warning: 't' is used uninitialized in this function
conftest.c:68: warning: 'b' is used uninitialized in this function
conftest.c:31: warning: 'cs[0]' is used uninitialized in this function
configure:11876: $? = 0
configure:11883: result: yes
configure:11891: checking for size_t
configure:11891: i486-openwrt-linux-gnu-gcc -c -O2 -pipe -march=i486 -funit-at-a-time -fhonour-copts -fpic  -Wall -Wmissing-prototypes -Wstrict-prototypes -fexceptions -I/home/brian/openwrt/backfire/staging_dir/target-i386_glibc-2.6.1/usr/include -I/home/brian/openwrt/backfire/staging_dir/target-i386_glibc-2.6.1/include -I/home/brian/openwrt/backfire/staging_dir/toolchain-i386_gcc-4.4.3_glibc-2.6.1/include  conftest.c >&5
conftest.c:58: warning: function declaration isn't a prototype
configure:11891: $? = 0
configure:11891: i486-openwrt-linux-gnu-gcc -c -O2 -pipe -march=i486 -funit-at-a-time -fhonour-copts -fpic  -Wall -Wmissing-prototypes -Wstrict-prototypes -fexceptions -I/home/brian/openwrt/backfire/staging_dir/target-i386_glibc-2.6.1/usr/include -I/home/brian/openwrt/backfire/staging_dir/target-i386_glibc-2.6.1/include -I/home/brian/openwrt/backfire/staging_dir/toolchain-i386_gcc-4.4.3_glibc-2.6.1/include  conftest.c >&5
conftest.c:58: warning: function declaration isn't a prototype
conftest.c: In function 'main':
conftest.c:59: error: expected expression before ')' token
configure:11891: $? = 1
configure: failed program was:
| /* confdefs.h */
| #define PACKAGE_NAME "expat"
| #define PACKAGE_TARNAME "expat"
| #define PACKAGE_VERSION "2.0.1"
| #define PACKAGE_STRING "expat 2.0.1"
| #define PACKAGE_BUGREPORT "expat-bugs@libexpat.org"
| #define PACKAGE_URL ""
| #define STDC_HEADERS 1
| #define HAVE_SYS_TYPES_H 1
| #define HAVE_SYS_STAT_H 1
| #define HAVE_STDLIB_H 1
| #define HAVE_STRING_H 1
| #define HAVE_MEMORY_H 1
| #define HAVE_STRINGS_H 1
| #define HAVE_INTTYPES_H 1
| #define HAVE_STDINT_H 1
| #define HAVE_UNISTD_H 1
| #define HAVE_DLFCN_H 1
| #define LT_OBJDIR ".libs/"
| #define STDC_HEADERS 1
| #define BYTEORDER 1234
| /* end confdefs.h.  */
| #include <stdio.h>
| #ifdef HAVE_SYS_TYPES_H
| # include <sys/types.h>
| #endif
| #ifdef HAVE_SYS_STAT_H
| # include <sys/stat.h>
| #endif
| #ifdef STDC_HEADERS
| # include <stdlib.h>
| # include <stddef.h>
| #else
| # ifdef HAVE_STDLIB_H
| #  include <stdlib.h>
| # endif
| #endif
| #ifdef HAVE_STRING_H
| # if !defined STDC_HEADERS && defined HAVE_MEMORY_H
| #  include <memory.h>
| # endif
| # include <string.h>
| #endif
| #ifdef HAVE_STRINGS_H
| # include <strings.h>
| #endif
| #ifdef HAVE_INTTYPES_H
| # include <inttypes.h>
| #endif
| #ifdef HAVE_STDINT_H
| # include <stdint.h>
| #endif
| #ifdef HAVE_UNISTD_H
| # include <unistd.h>
| #endif
| int
| main ()
| {
| if (sizeof ((size_t)))
| 	    return 0;
|   ;
|   return 0;
| }
configure:11891: result: yes
configure:11905: checking for memmove
configure:11905: i486-openwrt-linux-gnu-gcc -o conftest -O2 -pipe -march=i486 -funit-at-a-time -fhonour-copts -fpic  -Wall -Wmissing-prototypes -Wstrict-prototypes -fexceptions -I/home/brian/openwrt/backfire/staging_dir/target-i386_glibc-2.6.1/usr/include -I/home/brian/openwrt/backfire/staging_dir/target-i386_glibc-2.6.1/include -I/home/brian/openwrt/backfire/staging_dir/toolchain-i386_gcc-4.4.3_glibc-2.6.1/include  -L/home/brian/openwrt/backfire/staging_dir/target-i386_glibc-2.6.1/usr/lib -L/home/brian/openwrt/backfire/staging_dir/target-i386_glibc-2.6.1/lib -L/home/brian/openwrt/backfire/staging_dir/toolchain-i386_gcc-4.4.3_glibc-2.6.1/lib  conftest.c  >&5
conftest.c:46: warning: function declaration isn't a prototype
conftest.c:46: warning: conflicting types for built-in function 'memmove'
conftest.c:56: warning: function declaration isn't a prototype
configure:11905: $? = 0
configure:11905: result: yes
configure:11905: checking for bcopy
configure:11905: result: yes
configure:11918: checking fcntl.h usability
configure:11918: i486-openwrt-linux-gnu-gcc -c -O2 -pipe -march=i486 -funit-at-a-time -fhonour-copts -fpic  -Wall -Wmissing-prototypes -Wstrict-prototypes -fexceptions -I/home/brian/openwrt/backfire/staging_dir/target-i386_glibc-2.6.1/usr/include -I/home/brian/openwrt/backfire/staging_dir/target-i386_glibc-2.6.1/include -I/home/brian/openwrt/backfire/staging_dir/toolchain-i386_gcc-4.4.3_glibc-2.6.1/include  conftest.c >&5
configure:11918: $? = 0
configure:11918: result: yes
configure:11918: checking fcntl.h presence
configure:11918: i486-openwrt-linux-gnu-gcc -E -I/home/brian/openwrt/backfire/staging_dir/target-i386_glibc-2.6.1/usr/include -I/home/brian/openwrt/backfire/staging_dir/target-i386_glibc-2.6.1/include -I/home/brian/openwrt/backfire/staging_dir/toolchain-i386_gcc-4.4.3_glibc-2.6.1/include  conftest.c
configure:11918: $? = 0
configure:11918: result: yes
configure:11918: checking for fcntl.h
configure:11918: result: yes
configure:11918: checking for unistd.h
configure:11918: result: yes
configure:11928: checking for off_t
configure:11928: i486-openwrt-linux-gnu-gcc -c -O2 -pipe -march=i486 -funit-at-a-time -fhonour-copts -fpic  -Wall -Wmissing-prototypes -Wstrict-prototypes -fexceptions -I/home/brian/openwrt/backfire/staging_dir/target-i386_glibc-2.6.1/usr/include -I/home/brian/openwrt/backfire/staging_dir/target-i386_glibc-2.6.1/include -I/home/brian/openwrt/backfire/staging_dir/toolchain-i386_gcc-4.4.3_glibc-2.6.1/include  conftest.c >&5
conftest.c:62: warning: function declaration isn't a prototype
configure:11928: $? = 0
configure:11928: i486-openwrt-linux-gnu-gcc -c -O2 -pipe -march=i486 -funit-at-a-time -fhonour-copts -fpic  -Wall -Wmissing-prototypes -Wstrict-prototypes -fexceptions -I/home/brian/openwrt/backfire/staging_dir/target-i386_glibc-2.6.1/usr/include -I/home/brian/openwrt/backfire/staging_dir/target-i386_glibc-2.6.1/include -I/home/brian/openwrt/backfire/staging_dir/toolchain-i386_gcc-4.4.3_glibc-2.6.1/include  conftest.c >&5
conftest.c:62: warning: function declaration isn't a prototype
conftest.c: In function 'main':
conftest.c:63: error: expected expression before ')' token
configure:11928: $? = 1
configure: failed program was:
| /* confdefs.h */
| #define PACKAGE_NAME "expat"
| #define PACKAGE_TARNAME "expat"
| #define PACKAGE_VERSION "2.0.1"
| #define PACKAGE_STRING "expat 2.0.1"
| #define PACKAGE_BUGREPORT "expat-bugs@libexpat.org"
| #define PACKAGE_URL ""
| #define STDC_HEADERS 1
| #define HAVE_SYS_TYPES_H 1
| #define HAVE_SYS_STAT_H 1
| #define HAVE_STDLIB_H 1
| #define HAVE_STRING_H 1
| #define HAVE_MEMORY_H 1
| #define HAVE_STRINGS_H 1
| #define HAVE_INTTYPES_H 1
| #define HAVE_STDINT_H 1
| #define HAVE_UNISTD_H 1
| #define HAVE_DLFCN_H 1
| #define LT_OBJDIR ".libs/"
| #define STDC_HEADERS 1
| #define BYTEORDER 1234
| #define HAVE_MEMMOVE 1
| #define HAVE_BCOPY 1
| #define HAVE_FCNTL_H 1
| #define HAVE_UNISTD_H 1
| /* end confdefs.h.  */
| #include <stdio.h>
| #ifdef HAVE_SYS_TYPES_H
| # include <sys/types.h>
| #endif
| #ifdef HAVE_SYS_STAT_H
| # include <sys/stat.h>
| #endif
| #ifdef STDC_HEADERS
| # include <stdlib.h>
| # include <stddef.h>
| #else
| # ifdef HAVE_STDLIB_H
| #  include <stdlib.h>
| # endif
| #endif
| #ifdef HAVE_STRING_H
| # if !defined STDC_HEADERS && defined HAVE_MEMORY_H
| #  include <memory.h>
| # endif
| # include <string.h>
| #endif
| #ifdef HAVE_STRINGS_H
| # include <strings.h>
| #endif
| #ifdef HAVE_INTTYPES_H
| # include <inttypes.h>
| #endif
| #ifdef HAVE_STDINT_H
| # include <stdint.h>
| #endif
| #ifdef HAVE_UNISTD_H
| # include <unistd.h>
| #endif
| int
| main ()
| {
| if (sizeof ((off_t)))
| 	    return 0;
|   ;
|   return 0;
| }
configure:11928: result: yes
configure:11945: checking for stdlib.h
configure:11945: result: yes
configure:11945: checking for unistd.h
configure:11945: result: yes
configure:11945: checking for sys/param.h
configure:11945: i486-openwrt-linux-gnu-gcc -c -O2 -pipe -march=i486 -funit-at-a-time -fhonour-copts -fpic  -Wall -Wmissing-prototypes -Wstrict-prototypes -fexceptions -I/home/brian/openwrt/backfire/staging_dir/target-i386_glibc-2.6.1/usr/include -I/home/brian/openwrt/backfire/staging_dir/target-i386_glibc-2.6.1/include -I/home/brian/openwrt/backfire/staging_dir/toolchain-i386_gcc-4.4.3_glibc-2.6.1/include  conftest.c >&5
configure:11945: $? = 0
configure:11945: result: yes
configure:11965: checking for getpagesize
configure:11965: i486-openwrt-linux-gnu-gcc -o conftest -O2 -pipe -march=i486 -funit-at-a-time -fhonour-copts -fpic  -Wall -Wmissing-prototypes -Wstrict-prototypes -fexceptions -I/home/brian/openwrt/backfire/staging_dir/target-i386_glibc-2.6.1/usr/include -I/home/brian/openwrt/backfire/staging_dir/target-i386_glibc-2.6.1/include -I/home/brian/openwrt/backfire/staging_dir/toolchain-i386_gcc-4.4.3_glibc-2.6.1/include  -L/home/brian/openwrt/backfire/staging_dir/target-i386_glibc-2.6.1/usr/lib -L/home/brian/openwrt/backfire/staging_dir/target-i386_glibc-2.6.1/lib -L/home/brian/openwrt/backfire/staging_dir/toolchain-i386_gcc-4.4.3_glibc-2.6.1/lib  conftest.c  >&5
conftest.c:53: warning: function declaration isn't a prototype
conftest.c:63: warning: function declaration isn't a prototype
configure:11965: $? = 0
configure:11965: result: yes
configure:11974: checking for working mmap
configure:12131: result: no
configure:12160: checking for i486-openwrt-linux-gnu-gcc option to accept ISO C99
configure:12309: i486-openwrt-linux-gnu-gcc  -c -O2 -pipe -march=i486 -funit-at-a-time -fhonour-copts -fpic  -Wall -Wmissing-prototypes -Wstrict-prototypes -fexceptions -I/home/brian/openwrt/backfire/staging_dir/target-i386_glibc-2.6.1/usr/include -I/home/brian/openwrt/backfire/staging_dir/target-i386_glibc-2.6.1/include -I/home/brian/openwrt/backfire/staging_dir/toolchain-i386_gcc-4.4.3_glibc-2.6.1/include  conftest.c >&5
conftest.c:81: error: expected ';', ',' or ')' before 'text'
conftest.c:127: warning: function declaration isn't a prototype
conftest.c: In function 'main':
conftest.c:133: warning: implicit declaration of function 'test_restrict'
conftest.c:135: error: expected '=', ',', ';', 'asm' or '__attribute__' before 'newvar'
conftest.c:135: error: 'newvar' undeclared (first use in this function)
conftest.c:135: error: (Each undeclared identifier is reported only once
conftest.c:135: error: for each function it appears in.)
conftest.c:145: error: 'for' loop initial declarations are only allowed in C99 mode
conftest.c:145: note: use option -std=c99 or -std=gnu99 to compile your code
configure:12309: $? = 1
configure: failed program was:
| /* confdefs.h */
| #define PACKAGE_NAME "expat"
| #define PACKAGE_TARNAME "expat"
| #define PACKAGE_VERSION "2.0.1"
| #define PACKAGE_STRING "expat 2.0.1"
| #define PACKAGE_BUGREPORT "expat-bugs@libexpat.org"
| #define PACKAGE_URL ""
| #define STDC_HEADERS 1
| #define HAVE_SYS_TYPES_H 1
| #define HAVE_SYS_STAT_H 1
| #define HAVE_STDLIB_H 1
| #define HAVE_STRING_H 1
| #define HAVE_MEMORY_H 1
| #define HAVE_STRINGS_H 1
| #define HAVE_INTTYPES_H 1
| #define HAVE_STDINT_H 1
| #define HAVE_UNISTD_H 1
| #define HAVE_DLFCN_H 1
| #define LT_OBJDIR ".libs/"
| #define STDC_HEADERS 1
| #define BYTEORDER 1234
| #define HAVE_MEMMOVE 1
| #define HAVE_BCOPY 1
| #define HAVE_FCNTL_H 1
| #define HAVE_UNISTD_H 1
| #define HAVE_STDLIB_H 1
| #define HAVE_UNISTD_H 1
| #define HAVE_SYS_PARAM_H 1
| #define HAVE_GETPAGESIZE 1
| /* end confdefs.h.  */
| #include <stdarg.h>
| #include <stdbool.h>
| #include <stdlib.h>
| #include <wchar.h>
| #include <stdio.h>
| 
| // Check varargs macros.  These examples are taken from C99 6.10.3.5.
| #define debug(...) fprintf (stderr, __VA_ARGS__)
| #define showlist(...) puts (#__VA_ARGS__)
| #define report(test,...) ((test) ? puts (#test) : printf (__VA_ARGS__))
| static void
| test_varargs_macros (void)
| {
|   int x = 1234;
|   int y = 5678;
|   debug ("Flag");
|   debug ("X = %d\n", x);
|   showlist (The first, second, and third items.);
|   report (x>y, "x is %d but y is %d", x, y);
| }
| 
| // Check long long types.
| #define BIG64 18446744073709551615ull
| #define BIG32 4294967295ul
| #define BIG_OK (BIG64 / BIG32 == 4294967297ull && BIG64 % BIG32 == 0)
| #if !BIG_OK
|   your preprocessor is broken;
| #endif
| #if BIG_OK
| #else
|   your preprocessor is broken;
| #endif
| static long long int bignum = -9223372036854775807LL;
| static unsigned long long int ubignum = BIG64;
| 
| struct incomplete_array
| {
|   int datasize;
|   double data[];
| };
| 
| struct named_init {
|   int number;
|   const wchar_t *name;
|   double average;
| };
| 
| typedef const char *ccp;
| 
| static inline int
| test_restrict (ccp restrict text)
| {
|   // See if C++-style comments work.
|   // Iterate through items via the restricted pointer.
|   // Also check for declarations in for loops.
|   for (unsigned int i = 0; *(text+i) != '\0'; ++i)
|     continue;
|   return 0;
| }
| 
| // Check varargs and va_copy.
| static void
| test_varargs (const char *format, ...)
| {
|   va_list args;
|   va_start (args, format);
|   va_list args_copy;
|   va_copy (args_copy, args);
| 
|   const char *str;
|   int number;
|   float fnumber;
| 
|   while (*format)
|     {
|       switch (*format++)
| 	{
| 	case 's': // string
| 	  str = va_arg (args_copy, const char *);
| 	  break;
| 	case 'd': // int
| 	  number = va_arg (args_copy, int);
| 	  break;
| 	case 'f': // float
| 	  fnumber = va_arg (args_copy, double);
| 	  break;
| 	default:
| 	  break;
| 	}
|     }
|   va_end (args_copy);
|   va_end (args);
| }
| 
| int
| main ()
| {
| 
|   // Check bool.
|   _Bool success = false;
| 
|   // Check restrict.
|   if (test_restrict ("String literal") == 0)
|     success = true;
|   char *restrict newvar = "Another string";
| 
|   // Check varargs.
|   test_varargs ("s, d' f .", "string", 65, 34.234);
|   test_varargs_macros ();
| 
|   // Check flexible array members.
|   struct incomplete_array *ia =
|     malloc (sizeof (struct incomplete_array) + (sizeof (double) * 10));
|   ia->datasize = 10;
|   for (int i = 0; i < ia->datasize; ++i)
|     ia->data[i] = i * 1.234;
| 
|   // Check named initializers.
|   struct named_init ni = {
|     .number = 34,
|     .name = L"Test wide string",
|     .average = 543.34343,
|   };
| 
|   ni.number = 58;
| 
|   int dynamic_array[ni.number];
|   dynamic_array[ni.number - 1] = 543;
| 
|   // work around unused variable warnings
|   return (!success || bignum == 0LL || ubignum == 0uLL || newvar[0] == 'x'
| 	  || dynamic_array[ni.number - 1] != 543);
| 
|   ;
|   return 0;
| }
configure:12309: i486-openwrt-linux-gnu-gcc -std=gnu99 -c -O2 -pipe -march=i486 -funit-at-a-time -fhonour-copts -fpic  -Wall -Wmissing-prototypes -Wstrict-prototypes -fexceptions -I/home/brian/openwrt/backfire/staging_dir/target-i386_glibc-2.6.1/usr/include -I/home/brian/openwrt/backfire/staging_dir/target-i386_glibc-2.6.1/include -I/home/brian/openwrt/backfire/staging_dir/toolchain-i386_gcc-4.4.3_glibc-2.6.1/include  conftest.c >&5
conftest.c:127: warning: function declaration isn't a prototype
configure:12309: $? = 0
configure:12329: result: -std=gnu99
configure:12431: checking for i486-openwrt-linux-gnu-gcc -std=gnu99 option to accept ISO Standard C
configure:12445: result: -std=gnu99
configure:12449: checking for an ANSI C99-conforming __func__
configure:12465: i486-openwrt-linux-gnu-gcc -std=gnu99 -c -O2 -pipe -march=i486 -funit-at-a-time -fhonour-copts -fpic  -Wall -Wmissing-prototypes -Wstrict-prototypes -fexceptions -I/home/brian/openwrt/backfire/staging_dir/target-i386_glibc-2.6.1/usr/include -I/home/brian/openwrt/backfire/staging_dir/target-i386_glibc-2.6.1/include -I/home/brian/openwrt/backfire/staging_dir/toolchain-i386_gcc-4.4.3_glibc-2.6.1/include  conftest.c >&5
conftest.c:34: warning: function declaration isn't a prototype
conftest.c: In function 'main':
conftest.c:35: warning: initialization discards qualifiers from pointer target type
conftest.c:35: warning: unused variable 'foo'
configure:12465: $? = 0
configure:12488: result: yes
configure:12628: creating ./config.status

## ---------------------- ##
## Running config.status. ##
## ---------------------- ##

This file was extended by expat config.status 2.0.1, which was
generated by GNU Autoconf 2.68.  Invocation command line was

  CONFIG_FILES    = 
  CONFIG_HEADERS  = 
  CONFIG_LINKS    = 
  CONFIG_COMMANDS = 
  $ ./config.status 

on localhost.localdomain

config.status:1074: creating Makefile
config.status:1177: WARNING:  'Makefile.in' seems to ignore the --datarootdir setting
config.status:1074: creating expat_config.h
config.status:1263: executing libtool commands
configure:14728: WARNING: unrecognized options: --disable-nls

## ---------------- ##
## Cache variables. ##
## ---------------- ##

ac_cv_build=i686-redhat-linux-gnu
ac_cv_c_bigendian=no
ac_cv_c_compiler_gnu=yes
ac_cv_c_const=yes
ac_cv_c_gettext_without_libintl=yes
ac_cv_c_littleendian=yes
ac_cv_c_long_double=no
ac_cv_conv_longlong_to_float=yes
ac_cv_cpp_func=yes
ac_cv_env_CC_set=set
ac_cv_env_CC_value=i486-openwrt-linux-gnu-gcc
ac_cv_env_CFLAGS_set=set
ac_cv_env_CFLAGS_value='-O2 -pipe -march=i486 -funit-at-a-time -fhonour-copts -fpic '
ac_cv_env_CPPFLAGS_set=set
ac_cv_env_CPPFLAGS_value='-I/home/brian/openwrt/backfire/staging_dir/target-i386_glibc-2.6.1/usr/include -I/home/brian/openwrt/backfire/staging_dir/target-i386_glibc-2.6.1/include -I/home/brian/openwrt/backfire/staging_dir/toolchain-i386_gcc-4.4.3_glibc-2.6.1/include '
ac_cv_env_CPP_set=
ac_cv_env_CPP_value=
ac_cv_env_LDFLAGS_set=set
ac_cv_env_LDFLAGS_value='-L/home/brian/openwrt/backfire/staging_dir/target-i386_glibc-2.6.1/usr/lib -L/home/brian/openwrt/backfire/staging_dir/target-i386_glibc-2.6.1/lib -L/home/brian/openwrt/backfire/staging_dir/toolchain-i386_gcc-4.4.3_glibc-2.6.1/lib '
ac_cv_env_LIBS_set=
ac_cv_env_LIBS_value=
ac_cv_env_build_alias_set=set
ac_cv_env_build_alias_value=i686-redhat-linux
ac_cv_env_host_alias_set=set
ac_cv_env_host_alias_value=i486-openwrt-linux
ac_cv_env_target_alias_set=set
ac_cv_env_target_alias_value=i486-openwrt-linux
ac_cv_file__dev_zero=yes
ac_cv_func___adjtimex=yes
ac_cv_func___va_copy=no
ac_cv_func__exit=yes
ac_cv_func_bcmp=yes
ac_cv_func_bcopy=yes
ac_cv_func_bzero=yes
ac_cv_func_cimag=yes
ac_cv_func_creal=yes
ac_cv_func_fchmod=yes
ac_cv_func_getaddrinfo=yes
ac_cv_func_getcwd=yes
ac_cv_func_getdomainname=yes
ac_cv_func_getpagesize=yes
ac_cv_func_getpgrp_void=yes
ac_cv_func_getpwuid_r=yes
ac_cv_func_index=yes
ac_cv_func_lstat=yes
ac_cv_func_lstat_dereferences_slashed_symlink=yes
ac_cv_func_lstat_empty_string_bug=no
ac_cv_func_malloc_0_nonnull=yes
ac_cv_func_malloc_works=yes
ac_cv_func_memcmp_clean=yes
ac_cv_func_memcmp_working=yes
ac_cv_func_memmove=yes
ac_cv_func_mmap_fixed_mapped=no
ac_cv_func_posix_getgrgid_r=yes
ac_cv_func_posix_getpwuid_r=yes
ac_cv_func_pthread_key_delete=yes
ac_cv_func_realloc_0_nonnull=yes
ac_cv_func_realloc_works=yes
ac_cv_func_rename=yes
ac_cv_func_rindex=yes
ac_cv_func_setgrent_void=yes
ac_cv_func_setlocale=yes
ac_cv_func_setpgrp_void=yes
ac_cv_func_setresuid=no
ac_cv_func_setvbuf_reversed=no
ac_cv_func_stat_empty_string_bug=no
ac_cv_func_stat_ignores_trailing_slash=no
ac_cv_func_strerror=yes
ac_cv_func_strftime=yes
ac_cv_func_utimes=yes
ac_cv_func_va_copy=no
ac_cv_func_vsnprintf=yes
ac_cv_have_accrights_in_msghdr=no
ac_cv_have_broken_snprintf=no
ac_cv_have_control_in_msghdr=yes
ac_cv_have_decl_sys_siglist=no
ac_cv_have_openpty_ctty_bug=yes
ac_cv_have_space_d_name_in_struct_dirent=yes
ac_cv_header_dlfcn_h=yes
ac_cv_header_fcntl_h=yes
ac_cv_header_inttypes_h=yes
ac_cv_header_memory_h=yes
ac_cv_header_netinet_sctp_h=no
ac_cv_header_netinet_sctp_uio_h=no
ac_cv_header_stdc=yes
ac_cv_header_stdint_h=yes
ac_cv_header_stdlib_h=yes
ac_cv_header_string_h=yes
ac_cv_header_strings_h=yes
ac_cv_header_sys_param_h=yes
ac_cv_header_sys_stat_h=yes
ac_cv_header_sys_types_h=yes
ac_cv_header_unistd_h=yes
ac_cv_host=i486-openwrt-linux-gnu
ac_cv_int64_t=yes
ac_cv_lbl_unaligned_fail=no
ac_cv_linux_kernel_pppoe=yes
ac_cv_linux_vers=2
ac_cv_objext=o
ac_cv_pack_bitfields_reversed=yes
ac_cv_path_EGREP='/bin/grep -E'
ac_cv_path_FGREP='/bin/grep -F'
ac_cv_path_GREP=/bin/grep
ac_cv_path_LDCONFIG=
ac_cv_path_SED=/home/brian/openwrt/backfire/staging_dir/host/bin/sed
ac_cv_path_install='/usr/bin/install -c'
ac_cv_prog_AR=i486-openwrt-linux-gnu-ar
ac_cv_prog_AWK=gawk
ac_cv_prog_CC=i486-openwrt-linux-gnu-gcc
ac_cv_prog_CPP='i486-openwrt-linux-gnu-gcc -E'
ac_cv_prog_DLLTOOL=dlltool
ac_cv_prog_OBJDUMP=i486-openwrt-linux-gnu-objdump
ac_cv_prog_RANLIB=i486-openwrt-linux-gnu-ranlib
ac_cv_prog_STRIP=i486-openwrt-linux-gnu-strip
ac_cv_prog_cc_c89=
ac_cv_prog_cc_c99=-std=gnu99
ac_cv_prog_cc_g=yes
ac_cv_prog_cc_stdc=-std=gnu99
ac_cv_regexec_segfault_emptystr=no
ac_cv_sctp=no
ac_cv_sizeof___int64=0
ac_cv_sizeof_char=1
ac_cv_sizeof_int16_t=2
ac_cv_sizeof_int32_t=4
ac_cv_sizeof_int64_t=8
ac_cv_sizeof_int=4
ac_cv_sizeof_long=4
ac_cv_sizeof_long_int=4
ac_cv_sizeof_long_long=8
ac_cv_sizeof_off_t=8
ac_cv_sizeof_short=2
ac_cv_sizeof_short_int=2
ac_cv_sizeof_size_t=4
ac_cv_sizeof_ssize_t=4
ac_cv_sizeof_u_int16_t=2
ac_cv_sizeof_u_int32_t=4
ac_cv_sizeof_u_int64_t=8
ac_cv_sizeof_uint16_t=2
ac_cv_sizeof_uint32_t=4
ac_cv_sizeof_uint64_t=8
ac_cv_sizeof_unsigned_int=4
ac_cv_sizeof_unsigned_long=4
ac_cv_sizeof_unsigned_long_long=8
ac_cv_sizeof_unsigned_short=2
ac_cv_sizeof_void_p=4
ac_cv_sys_restartable_syscalls=yes
ac_cv_time_r_type=POSIX
ac_cv_type_off_t=yes
ac_cv_type_size_t=yes
ac_cv_type_suseconds_t=yes
ac_cv_uchar=no
ac_cv_uint64_t=yes
ac_cv_uint=yes
ac_cv_ulong=yes
ac_cv_ushort=yes
ac_cv_va_copy=C99
ac_cv_va_val_copy=yes
as_cv_unaligned_access=yes
lt_cv_ar_at_file=@
lt_cv_archive_cmds_need_lc=no
lt_cv_deplibs_check_method=pass_all
lt_cv_file_magic_cmd='$MAGIC_CMD'
lt_cv_file_magic_test_file=
lt_cv_ld_reload_flag=-r
lt_cv_nm_interface='BSD nm'
lt_cv_objdir=.libs
lt_cv_path_LD=i486-openwrt-linux-gnu-ld
lt_cv_path_NM=i486-openwrt-linux-gnu-nm
lt_cv_path_mainfest_tool=no
lt_cv_prog_compiler_c_o=yes
lt_cv_prog_compiler_pic='-fPIC -DPIC'
lt_cv_prog_compiler_pic_works=yes
lt_cv_prog_compiler_rtti_exceptions=no
lt_cv_prog_compiler_static_works=yes
lt_cv_prog_gnu_ld=yes
lt_cv_sharedlib_from_linklib_cmd='printf %s\n'
lt_cv_shlibpath_overrides_runpath=no
lt_cv_sys_global_symbol_pipe='sed -n -e '\''s/^.*[	 ]\([ABCDGIRSTW][ABCDGIRSTW]*\)[	 ][	 ]*\([_A-Za-z][_A-Za-z0-9]*\)$/\1 \2 \2/p'\'' | sed '\''/ __gnu_lto/d'\'''
lt_cv_sys_global_symbol_to_c_name_address='sed -n -e '\''s/^: \([^ ]*\)[ ]*$/  {\"\1\", (void *) 0},/p'\'' -e '\''s/^[ABCDGIRSTW]* \([^ ]*\) \([^ ]*\)$/  {"\2", (void *) \&\2},/p'\'''
lt_cv_sys_global_symbol_to_c_name_address_lib_prefix='sed -n -e '\''s/^: \([^ ]*\)[ ]*$/  {\"\1\", (void *) 0},/p'\'' -e '\''s/^[ABCDGIRSTW]* \([^ ]*\) \(lib[^ ]*\)$/  {"\2", (void *) \&\2},/p'\'' -e '\''s/^[ABCDGIRSTW]* \([^ ]*\) \([^ ]*\)$/  {"lib\2", (void *) \&\2},/p'\'''
lt_cv_sys_global_symbol_to_cdecl='sed -n -e '\''s/^T .* \(.*\)$/extern int \1();/p'\'' -e '\''s/^[ABCDGIRSTW]* .* \(.*\)$/extern char \1;/p'\'''
lt_cv_sys_max_cmd_len=1966080
lt_cv_to_host_file_cmd=func_convert_file_noop
lt_cv_to_tool_file_cmd=func_convert_file_noop

## ----------------- ##
## Output variables. ##
## ----------------- ##

AR='i486-openwrt-linux-gnu-ar'
AS='i486-openwrt-linux-gnu-gcc -c -O2 -pipe -march=i486 -funit-at-a-time -fhonour-copts -fpic'
AWK='gawk'
CC='i486-openwrt-linux-gnu-gcc -std=gnu99'
CFLAGS='-O2 -pipe -march=i486 -funit-at-a-time -fhonour-copts -fpic  -Wall -Wmissing-prototypes -Wstrict-prototypes -fexceptions'
CPP='i486-openwrt-linux-gnu-gcc -E'
CPPFLAGS='-I/home/brian/openwrt/backfire/staging_dir/target-i386_glibc-2.6.1/usr/include -I/home/brian/openwrt/backfire/staging_dir/target-i386_glibc-2.6.1/include -I/home/brian/openwrt/backfire/staging_dir/toolchain-i386_gcc-4.4.3_glibc-2.6.1/include '
DEFS='-DHAVE_CONFIG_H'
DLLTOOL='dlltool'
DSYMUTIL=''
DUMPBIN=''
ECHO_C=''
ECHO_N='-n'
ECHO_T=''
EGREP='/bin/grep -E'
EXEEXT=''
FGREP='/bin/grep -F'
FILEMAP='readfilemap'
GREP='/bin/grep'
INSTALL_DATA='${INSTALL} -m 644'
INSTALL_PROGRAM='${INSTALL}'
INSTALL_SCRIPT='${INSTALL}'
LD='i486-openwrt-linux-gnu-ld'
LDFLAGS='-L/home/brian/openwrt/backfire/staging_dir/target-i386_glibc-2.6.1/usr/lib -L/home/brian/openwrt/backfire/staging_dir/target-i386_glibc-2.6.1/lib -L/home/brian/openwrt/backfire/staging_dir/toolchain-i386_gcc-4.4.3_glibc-2.6.1/lib '
LIBAGE='5'
LIBCURRENT='6'
LIBOBJS=''
LIBREVISION='2'
LIBS=''
LIBTOOL='$(SHELL) $(top_builddir)/libtool'
LIPO=''
LN_S='ln -s'
LTLIBOBJS=''
MANIFEST_TOOL=':'
NM='i486-openwrt-linux-gnu-nm'
NMEDIT=''
OBJDUMP='i486-openwrt-linux-gnu-objdump'
OBJEXT='o'
OTOOL64=''
OTOOL=''
PACKAGE_BUGREPORT='expat-bugs@libexpat.org'
PACKAGE_NAME='expat'
PACKAGE_STRING='expat 2.0.1'
PACKAGE_TARNAME='expat'
PACKAGE_URL=''
PACKAGE_VERSION='2.0.1'
PATH_SEPARATOR=':'
RANLIB='i486-openwrt-linux-gnu-ranlib'
SED='/home/brian/openwrt/backfire/staging_dir/host/bin/sed'
SHELL='/bin/sh'
STRIP='i486-openwrt-linux-gnu-strip'
ac_ct_AR=''
ac_ct_CC=''
ac_ct_DUMPBIN=''
bindir='/usr/bin'
build='i686-redhat-linux-gnu'
build_alias='i686-redhat-linux'
build_cpu='i686'
build_os='linux-gnu'
build_vendor='redhat'
datadir='/usr/share'
datarootdir='${prefix}/share'
docdir='${datarootdir}/doc/${PACKAGE_TARNAME}'
dvidir='${docdir}'
exec_prefix='/usr'
host='i486-openwrt-linux-gnu'
host_alias='i486-openwrt-linux'
host_cpu='i486'
host_os='linux-gnu'
host_vendor='openwrt'
htmldir='${docdir}'
includedir='${prefix}/include'
infodir='/usr/info'
libdir='${exec_prefix}/lib'
libexecdir='/usr/lib'
localedir='${datarootdir}/locale'
localstatedir='/var'
mandir='/usr/man'
oldincludedir='/usr/include'
pdfdir='${docdir}'
prefix='/usr'
program_transform_name='s,x,x,'
psdir='${docdir}'
sbindir='/usr/sbin'
sharedstatedir='${prefix}/com'
sysconfdir='/etc'
target_alias='i486-openwrt-linux'

## ----------- ##
## confdefs.h. ##
## ----------- ##

/* confdefs.h */
#define PACKAGE_NAME "expat"
#define PACKAGE_TARNAME "expat"
#define PACKAGE_VERSION "2.0.1"
#define PACKAGE_STRING "expat 2.0.1"
#define PACKAGE_BUGREPORT "expat-bugs@libexpat.org"
#define PACKAGE_URL ""
#define STDC_HEADERS 1
#define HAVE_SYS_TYPES_H 1
#define HAVE_SYS_STAT_H 1
#define HAVE_STDLIB_H 1
#define HAVE_STRING_H 1
#define HAVE_MEMORY_H 1
#define HAVE_STRINGS_H 1
#define HAVE_INTTYPES_H 1
#define HAVE_STDINT_H 1
#define HAVE_UNISTD_H 1
#define HAVE_DLFCN_H 1
#define LT_OBJDIR ".libs/"
#define STDC_HEADERS 1
#define BYTEORDER 1234
#define HAVE_MEMMOVE 1
#define HAVE_BCOPY 1
#define HAVE_FCNTL_H 1
#define HAVE_UNISTD_H 1
#define HAVE_STDLIB_H 1
#define HAVE_UNISTD_H 1
#define HAVE_SYS_PARAM_H 1
#define HAVE_GETPAGESIZE 1
#define XML_NS 1
#define XML_DTD 1
#define XML_CONTEXT_BYTES 1024

configure: exit 0
