This file contains any messages produced by compilers while
running configure, to aid debugging if configure makes a mistake.

It was created by klish configure 1.5.6, which was
generated by GNU Autoconf 2.69.  Invocation command line was

  $ ./configure CC=/opt/buildroot-gcc342/bin/mipsel-linux-uclibc-gcc CXX=/opt/buildroot-gcc342/bin/mipsel-linux-uclibc-g++ --build=i686-linux --host=mipsel-linux --enable-shared

## --------- ##
## Platform. ##
## --------- ##

hostname = localhost.localdomain
uname -m = i686
uname -r = 2.6.32-279.el6.i686
uname -s = Linux
uname -v = #1 SMP Fri Jun 22 10:59:55 UTC 2012

/usr/bin/uname -p = unknown
/bin/uname -X     = unknown

/bin/arch              = i686
/usr/bin/arch -k       = unknown
/usr/convex/getsysinfo = unknown
/usr/bin/hostinfo      = unknown
/bin/machine           = unknown
/usr/bin/oslevel       = unknown
/bin/universe          = unknown

PATH: /usr/lib/qt-3.3/bin
PATH: /usr/local/bin
PATH: /bin
PATH: /usr/bin
PATH: /usr/local/sbin
PATH: /usr/sbin
PATH: /sbin
PATH: /data3/ke.huatao/bin


## ----------- ##
## Core tests. ##
## ----------- ##

configure:2568: checking for mipsel-linux-gcc
configure:2595: result: /opt/buildroot-gcc342/bin/mipsel-linux-uclibc-gcc
configure:2864: checking for C compiler version
configure:2873: /opt/buildroot-gcc342/bin/mipsel-linux-uclibc-gcc --version >&5
mipsel-linux-uclibc-gcc (GCC) 3.4.2
Copyright (C) 2004 Free Software Foundation, Inc.
This is free software; see the source for copying conditions.  There is NO
warranty; not even for MERCHANTABILITY or FITNESS FOR A PARTICULAR PURPOSE.

configure:2884: $? = 0
configure:2873: /opt/buildroot-gcc342/bin/mipsel-linux-uclibc-gcc -v >&5
Reading specs from /opt/buildroot-gcc342/bin/../lib/gcc/mipsel-linux-uclibc/3.4.2/specs
Configured with: /home/winfred/RT288x_SDK/toolchain/buildroot/toolchain_build_mipsel/gcc-3.4.2/configure --prefix=/home/winfred/RT288x_SDK/toolchain/buildroot-gdb --build=i386-pc-linux-gnu --host=i386-pc-linux-gnu --target=mipsel-linux-uclibc --enable-languages=c,c++ --disable-__cxa_atexit --enable-target-optspace --with-gnu-ld --disable-shared --disable-nls --enable-threads --enable-multilib --enable-sjlj-exceptions : (reconfigured) /home/winfred/RT288x_SDK/toolchain/buildroot/toolchain_build_mipsel/gcc-3.4.2/configure --prefix=/home/winfred/RT288x_SDK/toolchain/buildroot-gdb --build=i386-pc-linux-gnu --host=i386-pc-linux-gnu --target=mipsel-linux-uclibc --enable-languages=c,c++ --disable-__cxa_atexit --enable-target-optspace --with-gnu-ld --disable-shared --disable-nls --enable-threads --enable-multilib --enable-sjlj-exceptions
Thread model: posix
gcc version 3.4.2
configure:2884: $? = 0
configure:2873: /opt/buildroot-gcc342/bin/mipsel-linux-uclibc-gcc -V >&5
mipsel-linux-uclibc-gcc: `-V' option must have argument
configure:2884: $? = 1
configure:2873: /opt/buildroot-gcc342/bin/mipsel-linux-uclibc-gcc -qversion >&5
mipsel-linux-uclibc-gcc: unrecognized option `-qversion'
mipsel-linux-uclibc-gcc: no input files
configure:2884: $? = 1
configure:2904: checking whether the C compiler works
configure:2926: /opt/buildroot-gcc342/bin/mipsel-linux-uclibc-gcc    conftest.c  >&5
configure:2930: $? = 0
configure:2978: result: yes
configure:2981: checking for C compiler default output file name
configure:2983: result: a.out
configure:2989: checking for suffix of executables
configure:2996: /opt/buildroot-gcc342/bin/mipsel-linux-uclibc-gcc -o conftest    conftest.c  >&5
configure:3000: $? = 0
configure:3022: result: 
configure:3044: checking whether we are cross compiling
configure:3082: result: yes
configure:3087: checking for suffix of object files
configure:3109: /opt/buildroot-gcc342/bin/mipsel-linux-uclibc-gcc -c   conftest.c >&5
configure:3113: $? = 0
configure:3134: result: o
configure:3138: checking whether we are using the GNU C compiler
configure:3157: /opt/buildroot-gcc342/bin/mipsel-linux-uclibc-gcc -c   conftest.c >&5
configure:3157: $? = 0
configure:3166: result: yes
configure:3175: checking whether /opt/buildroot-gcc342/bin/mipsel-linux-uclibc-gcc accepts -g
configure:3195: /opt/buildroot-gcc342/bin/mipsel-linux-uclibc-gcc -c -g  conftest.c >&5
configure:3195: $? = 0
configure:3236: result: yes
configure:3253: checking for /opt/buildroot-gcc342/bin/mipsel-linux-uclibc-gcc option to accept ISO C89
configure:3316: /opt/buildroot-gcc342/bin/mipsel-linux-uclibc-gcc  -c -g -O2  conftest.c >&5
configure:3316: $? = 0
configure:3329: result: none needed
configure:3355: checking how to run the C preprocessor
configure:3386: /opt/buildroot-gcc342/bin/mipsel-linux-uclibc-gcc -E  conftest.c
configure:3386: $? = 0
configure:3400: /opt/buildroot-gcc342/bin/mipsel-linux-uclibc-gcc -E  conftest.c
conftest.c:9:28: ac_nonexistent.h: No such file or directory
configure:3400: $? = 1
configure: failed program was:
| /* confdefs.h */
| #define PACKAGE_NAME "klish"
| #define PACKAGE_TARNAME "klish"
| #define PACKAGE_VERSION "1.5.6"
| #define PACKAGE_STRING "klish 1.5.6"
| #define PACKAGE_BUGREPORT "serj.kalichev at gmail dot com"
| #define PACKAGE_URL ""
| /* end confdefs.h.  */
| #include <ac_nonexistent.h>
configure:3425: result: /opt/buildroot-gcc342/bin/mipsel-linux-uclibc-gcc -E
configure:3445: /opt/buildroot-gcc342/bin/mipsel-linux-uclibc-gcc -E  conftest.c
configure:3445: $? = 0
configure:3459: /opt/buildroot-gcc342/bin/mipsel-linux-uclibc-gcc -E  conftest.c
conftest.c:9:28: ac_nonexistent.h: No such file or directory
configure:3459: $? = 1
configure: failed program was:
| /* confdefs.h */
| #define PACKAGE_NAME "klish"
| #define PACKAGE_TARNAME "klish"
| #define PACKAGE_VERSION "1.5.6"
| #define PACKAGE_STRING "klish 1.5.6"
| #define PACKAGE_BUGREPORT "serj.kalichev at gmail dot com"
| #define PACKAGE_URL ""
| /* end confdefs.h.  */
| #include <ac_nonexistent.h>
configure:3488: checking for grep that handles long lines and -e
configure:3546: result: /bin/grep
configure:3551: checking for egrep
configure:3613: result: /bin/grep -E
configure:3618: checking for ANSI C header files
configure:3638: /opt/buildroot-gcc342/bin/mipsel-linux-uclibc-gcc -c -g -O2  conftest.c >&5
configure:3638: $? = 0
configure:3722: result: yes
configure:3735: checking for sys/types.h
configure:3735: /opt/buildroot-gcc342/bin/mipsel-linux-uclibc-gcc -c -g -O2  conftest.c >&5
configure:3735: $? = 0
configure:3735: result: yes
configure:3735: checking for sys/stat.h
configure:3735: /opt/buildroot-gcc342/bin/mipsel-linux-uclibc-gcc -c -g -O2  conftest.c >&5
configure:3735: $? = 0
configure:3735: result: yes
configure:3735: checking for stdlib.h
configure:3735: /opt/buildroot-gcc342/bin/mipsel-linux-uclibc-gcc -c -g -O2  conftest.c >&5
configure:3735: $? = 0
configure:3735: result: yes
configure:3735: checking for string.h
configure:3735: /opt/buildroot-gcc342/bin/mipsel-linux-uclibc-gcc -c -g -O2  conftest.c >&5
configure:3735: $? = 0
configure:3735: result: yes
configure:3735: checking for memory.h
configure:3735: /opt/buildroot-gcc342/bin/mipsel-linux-uclibc-gcc -c -g -O2  conftest.c >&5
configure:3735: $? = 0
configure:3735: result: yes
configure:3735: checking for strings.h
configure:3735: /opt/buildroot-gcc342/bin/mipsel-linux-uclibc-gcc -c -g -O2  conftest.c >&5
configure:3735: $? = 0
configure:3735: result: yes
configure:3735: checking for inttypes.h
configure:3735: /opt/buildroot-gcc342/bin/mipsel-linux-uclibc-gcc -c -g -O2  conftest.c >&5
configure:3735: $? = 0
configure:3735: result: yes
configure:3735: checking for stdint.h
configure:3735: /opt/buildroot-gcc342/bin/mipsel-linux-uclibc-gcc -c -g -O2  conftest.c >&5
configure:3735: $? = 0
configure:3735: result: yes
configure:3735: checking for unistd.h
configure:3735: /opt/buildroot-gcc342/bin/mipsel-linux-uclibc-gcc -c -g -O2  conftest.c >&5
configure:3735: $? = 0
configure:3735: result: yes
configure:3748: checking minix/config.h usability
configure:3748: /opt/buildroot-gcc342/bin/mipsel-linux-uclibc-gcc -c -g -O2  conftest.c >&5
conftest.c:52:26: minix/config.h: No such file or directory
configure:3748: $? = 1
configure: failed program was:
| /* confdefs.h */
| #define PACKAGE_NAME "klish"
| #define PACKAGE_TARNAME "klish"
| #define PACKAGE_VERSION "1.5.6"
| #define PACKAGE_STRING "klish 1.5.6"
| #define PACKAGE_BUGREPORT "serj.kalichev at gmail dot com"
| #define PACKAGE_URL ""
| #define STDC_HEADERS 1
| #define HAVE_SYS_TYPES_H 1
| #define HAVE_SYS_STAT_H 1
| #define HAVE_STDLIB_H 1
| #define HAVE_STRING_H 1
| #define HAVE_MEMORY_H 1
| #define HAVE_STRINGS_H 1
| #define HAVE_INTTYPES_H 1
| #define HAVE_STDINT_H 1
| #define HAVE_UNISTD_H 1
| /* end confdefs.h.  */
| #include <stdio.h>
| #ifdef HAVE_SYS_TYPES_H
| # include <sys/types.h>
| #endif
| #ifdef HAVE_SYS_STAT_H
| # include <sys/stat.h>
| #endif
| #ifdef STDC_HEADERS
| # include <stdlib.h>
| # include <stddef.h>
| #else
| # ifdef HAVE_STDLIB_H
| #  include <stdlib.h>
| # endif
| #endif
| #ifdef HAVE_STRING_H
| # if !defined STDC_HEADERS && defined HAVE_MEMORY_H
| #  include <memory.h>
| # endif
| # include <string.h>
| #endif
| #ifdef HAVE_STRINGS_H
| # include <strings.h>
| #endif
| #ifdef HAVE_INTTYPES_H
| # include <inttypes.h>
| #endif
| #ifdef HAVE_STDINT_H
| # include <stdint.h>
| #endif
| #ifdef HAVE_UNISTD_H
| # include <unistd.h>
| #endif
| #include <minix/config.h>
configure:3748: result: no
configure:3748: checking minix/config.h presence
configure:3748: /opt/buildroot-gcc342/bin/mipsel-linux-uclibc-gcc -E  conftest.c
conftest.c:19:26: minix/config.h: No such file or directory
configure:3748: $? = 1
configure: failed program was:
| /* confdefs.h */
| #define PACKAGE_NAME "klish"
| #define PACKAGE_TARNAME "klish"
| #define PACKAGE_VERSION "1.5.6"
| #define PACKAGE_STRING "klish 1.5.6"
| #define PACKAGE_BUGREPORT "serj.kalichev at gmail dot com"
| #define PACKAGE_URL ""
| #define STDC_HEADERS 1
| #define HAVE_SYS_TYPES_H 1
| #define HAVE_SYS_STAT_H 1
| #define HAVE_STDLIB_H 1
| #define HAVE_STRING_H 1
| #define HAVE_MEMORY_H 1
| #define HAVE_STRINGS_H 1
| #define HAVE_INTTYPES_H 1
| #define HAVE_STDINT_H 1
| #define HAVE_UNISTD_H 1
| /* end confdefs.h.  */
| #include <minix/config.h>
configure:3748: result: no
configure:3748: checking for minix/config.h
configure:3748: result: no
configure:3769: checking whether it is safe to define __EXTENSIONS__
configure:3787: /opt/buildroot-gcc342/bin/mipsel-linux-uclibc-gcc -c -g -O2  conftest.c >&5
configure:3787: $? = 0
configure:3794: result: yes
configure:3818: checking for mipsel-linux-gcc
configure:3845: result: /opt/buildroot-gcc342/bin/mipsel-linux-uclibc-gcc
configure:4114: checking for C compiler version
configure:4123: /opt/buildroot-gcc342/bin/mipsel-linux-uclibc-gcc --version >&5
mipsel-linux-uclibc-gcc (GCC) 3.4.2
Copyright (C) 2004 Free Software Foundation, Inc.
This is free software; see the source for copying conditions.  There is NO
warranty; not even for MERCHANTABILITY or FITNESS FOR A PARTICULAR PURPOSE.

configure:4134: $? = 0
configure:4123: /opt/buildroot-gcc342/bin/mipsel-linux-uclibc-gcc -v >&5
Reading specs from /opt/buildroot-gcc342/bin/../lib/gcc/mipsel-linux-uclibc/3.4.2/specs
Configured with: /home/winfred/RT288x_SDK/toolchain/buildroot/toolchain_build_mipsel/gcc-3.4.2/configure --prefix=/home/winfred/RT288x_SDK/toolchain/buildroot-gdb --build=i386-pc-linux-gnu --host=i386-pc-linux-gnu --target=mipsel-linux-uclibc --enable-languages=c,c++ --disable-__cxa_atexit --enable-target-optspace --with-gnu-ld --disable-shared --disable-nls --enable-threads --enable-multilib --enable-sjlj-exceptions : (reconfigured) /home/winfred/RT288x_SDK/toolchain/buildroot/toolchain_build_mipsel/gcc-3.4.2/configure --prefix=/home/winfred/RT288x_SDK/toolchain/buildroot-gdb --build=i386-pc-linux-gnu --host=i386-pc-linux-gnu --target=mipsel-linux-uclibc --enable-languages=c,c++ --disable-__cxa_atexit --enable-target-optspace --with-gnu-ld --disable-shared --disable-nls --enable-threads --enable-multilib --enable-sjlj-exceptions
Thread model: posix
gcc version 3.4.2
configure:4134: $? = 0
configure:4123: /opt/buildroot-gcc342/bin/mipsel-linux-uclibc-gcc -V >&5
mipsel-linux-uclibc-gcc: `-V' option must have argument
configure:4134: $? = 1
configure:4123: /opt/buildroot-gcc342/bin/mipsel-linux-uclibc-gcc -qversion >&5
mipsel-linux-uclibc-gcc: unrecognized option `-qversion'
mipsel-linux-uclibc-gcc: no input files
configure:4134: $? = 1
configure:4138: checking whether we are using the GNU C compiler
configure:4166: result: yes
configure:4175: checking whether /opt/buildroot-gcc342/bin/mipsel-linux-uclibc-gcc accepts -g
configure:4236: result: yes
configure:4253: checking for /opt/buildroot-gcc342/bin/mipsel-linux-uclibc-gcc option to accept ISO C89
configure:4329: result: none needed
configure:4461: checking for C++ compiler version
configure:4470: /opt/buildroot-gcc342/bin/mipsel-linux-uclibc-g++ --version >&5
mipsel-linux-uclibc-g++ (GCC) 3.4.2
Copyright (C) 2004 Free Software Foundation, Inc.
This is free software; see the source for copying conditions.  There is NO
warranty; not even for MERCHANTABILITY or FITNESS FOR A PARTICULAR PURPOSE.

configure:4481: $? = 0
configure:4470: /opt/buildroot-gcc342/bin/mipsel-linux-uclibc-g++ -v >&5
Reading specs from /opt/buildroot-gcc342/bin/../lib/gcc/mipsel-linux-uclibc/3.4.2/specs
Configured with: /home/winfred/RT288x_SDK/toolchain/buildroot/toolchain_build_mipsel/gcc-3.4.2/configure --prefix=/home/winfred/RT288x_SDK/toolchain/buildroot-gdb --build=i386-pc-linux-gnu --host=i386-pc-linux-gnu --target=mipsel-linux-uclibc --enable-languages=c,c++ --disable-__cxa_atexit --enable-target-optspace --with-gnu-ld --disable-shared --disable-nls --enable-threads --enable-multilib --enable-sjlj-exceptions : (reconfigured) /home/winfred/RT288x_SDK/toolchain/buildroot/toolchain_build_mipsel/gcc-3.4.2/configure --prefix=/home/winfred/RT288x_SDK/toolchain/buildroot-gdb --build=i386-pc-linux-gnu --host=i386-pc-linux-gnu --target=mipsel-linux-uclibc --enable-languages=c,c++ --disable-__cxa_atexit --enable-target-optspace --with-gnu-ld --disable-shared --disable-nls --enable-threads --enable-multilib --enable-sjlj-exceptions
Thread model: posix
gcc version 3.4.2
configure:4481: $? = 0
configure:4470: /opt/buildroot-gcc342/bin/mipsel-linux-uclibc-g++ -V >&5
mipsel-linux-uclibc-g++: `-V' option must have argument
configure:4481: $? = 1
configure:4470: /opt/buildroot-gcc342/bin/mipsel-linux-uclibc-g++ -qversion >&5
mipsel-linux-uclibc-g++: unrecognized option `-qversion'
mipsel-linux-uclibc-g++: no input files
configure:4481: $? = 1
configure:4485: checking whether we are using the GNU C++ compiler
configure:4504: /opt/buildroot-gcc342/bin/mipsel-linux-uclibc-g++ -c   conftest.cpp >&5
configure:4504: $? = 0
configure:4513: result: yes
configure:4522: checking whether /opt/buildroot-gcc342/bin/mipsel-linux-uclibc-g++ accepts -g
configure:4542: /opt/buildroot-gcc342/bin/mipsel-linux-uclibc-g++ -c -g  conftest.cpp >&5
configure:4542: $? = 0
configure:4583: result: yes
configure:4610: checking build system type
configure:4624: result: i686-pc-linux-gnu
configure:4644: checking host system type
configure:4657: result: mipsel-unknown-linux-gnu
configure:5026: checking how to print strings
configure:5053: result: printf
configure:5074: checking for a sed that does not truncate output
configure:5138: result: /bin/sed
configure:5156: checking for fgrep
configure:5218: result: /bin/grep -F
configure:5253: checking for ld used by /opt/buildroot-gcc342/bin/mipsel-linux-uclibc-gcc
configure:5320: result: /opt/buildroot-gcc342/mipsel-linux-uclibc/bin/ld
configure:5327: checking if the linker (/opt/buildroot-gcc342/mipsel-linux-uclibc/bin/ld) is GNU ld
configure:5342: result: yes
configure:5354: checking for BSD- or MS-compatible name lister (nm)
configure:5403: result: no
configure:5417: checking for mipsel-linux-dumpbin
configure:5447: result: no
configure:5417: checking for mipsel-linux-link
configure:5447: result: no
configure:5461: checking for dumpbin
configure:5491: result: no
configure:5461: checking for link
configure:5477: found /bin/link
configure:5488: result: link -dump
configure:5504: WARNING: using cross tools not prefixed with host triplet
configure:5533: checking the name lister (nm) interface
configure:5540: /opt/buildroot-gcc342/bin/mipsel-linux-uclibc-gcc -c -g -O2  conftest.c >&5
configure:5543: nm "conftest.o"
configure:5546: output
00000000 B some_variable
configure:5553: result: BSD nm
configure:5556: checking whether ln -s works
configure:5560: result: yes
configure:5568: checking the maximum length of command line arguments
configure:5698: result: 1966080
configure:5715: checking whether the shell understands some XSI constructs
configure:5725: result: yes
configure:5729: checking whether the shell understands "+="
configure:5735: result: yes
configure:5770: checking how to convert i686-pc-linux-gnu file names to mipsel-unknown-linux-gnu format
configure:5810: result: func_convert_file_noop
configure:5817: checking how to convert i686-pc-linux-gnu file names to toolchain format
configure:5837: result: func_convert_file_noop
configure:5844: checking for /opt/buildroot-gcc342/mipsel-linux-uclibc/bin/ld option to reload object files
configure:5851: result: -r
configure:5885: checking for mipsel-linux-objdump
configure:5912: result: objdump
configure:5981: checking how to recognize dependent libraries
configure:6183: result: pass_all
configure:6228: checking for mipsel-linux-dlltool
configure:6255: result: dlltool
configure:6325: checking how to associate runtime and link libraries
configure:6352: result: printf %s\n
configure:6368: checking for mipsel-linux-ar
configure:6398: result: no
configure:6412: checking for ar
configure:6428: found /usr/bin/ar
configure:6439: result: ar
configure:6476: checking for archiver @FILE support
configure:6493: /opt/buildroot-gcc342/bin/mipsel-linux-uclibc-gcc -c -g -O2  conftest.c >&5
configure:6493: $? = 0
configure:6496: ar cru libconftest.a @conftest.lst >&5
configure:6499: $? = 0
configure:6504: ar cru libconftest.a @conftest.lst >&5
ar: conftest.o: No such file or directory
configure:6507: $? = 1
configure:6519: result: @
configure:6537: checking for mipsel-linux-strip
configure:6567: result: no
configure:6577: checking for strip
configure:6593: found /usr/bin/strip
configure:6604: result: strip
configure:6636: checking for mipsel-linux-ranlib
configure:6666: result: no
configure:6676: checking for ranlib
configure:6692: found /usr/bin/ranlib
configure:6703: result: ranlib
configure:6780: checking for gawk
configure:6796: found /bin/gawk
configure:6807: result: gawk
configure:6847: checking command to parse nm output from /opt/buildroot-gcc342/bin/mipsel-linux-uclibc-gcc object
configure:6967: /opt/buildroot-gcc342/bin/mipsel-linux-uclibc-gcc -c -g -O2  conftest.c >&5
configure:6970: $? = 0
configure:6974: nm conftest.o \| sed -n -e 's/^.*[ ]\([ABCDGIRSTW][ABCDGIRSTW]*\)[ ][ ]*\([_A-Za-z][_A-Za-z0-9]*\)$/\1 \2 \2/p' | sed '/ __gnu_lto/d' \> conftest.nm
configure:6977: $? = 0
configure:7043: /opt/buildroot-gcc342/bin/mipsel-linux-uclibc-gcc -o conftest -g -O2   conftest.c conftstm.o >&5
configure:7046: $? = 0
configure:7084: result: ok
configure:7121: checking for sysroot
configure:7151: result: no
configure:7367: checking for mipsel-linux-mt
configure:7397: result: no
configure:7407: checking for mt
configure:7437: result: no
configure:7457: checking if : is a manifest tool
configure:7463: : '-?'
configure:7471: result: no
configure:8110: checking for dlfcn.h
configure:8110: /opt/buildroot-gcc342/bin/mipsel-linux-uclibc-gcc -c -g -O2  conftest.c >&5
configure:8110: $? = 0
configure:8110: result: yes
configure:8325: checking for objdir
configure:8340: result: .libs
configure:8607: checking if /opt/buildroot-gcc342/bin/mipsel-linux-uclibc-gcc supports -fno-rtti -fno-exceptions
configure:8625: /opt/buildroot-gcc342/bin/mipsel-linux-uclibc-gcc -c -g -O2  -fno-rtti -fno-exceptions conftest.c >&5
cc1: warning: command line option "-fno-rtti" is valid for C++/ObjC++ but not for C
configure:8629: $? = 0
configure:8642: result: no
configure:8969: checking for /opt/buildroot-gcc342/bin/mipsel-linux-uclibc-gcc option to produce PIC
configure:8976: result: -fPIC -DPIC
configure:8984: checking if /opt/buildroot-gcc342/bin/mipsel-linux-uclibc-gcc PIC flag -fPIC -DPIC works
configure:9002: /opt/buildroot-gcc342/bin/mipsel-linux-uclibc-gcc -c -g -O2  -fPIC -DPIC -DPIC conftest.c >&5
configure:9006: $? = 0
configure:9019: result: yes
configure:9048: checking if /opt/buildroot-gcc342/bin/mipsel-linux-uclibc-gcc static flag -static works
configure:9076: result: yes
configure:9091: checking if /opt/buildroot-gcc342/bin/mipsel-linux-uclibc-gcc supports -c -o file.o
configure:9112: /opt/buildroot-gcc342/bin/mipsel-linux-uclibc-gcc -c -g -O2  -o out/conftest2.o conftest.c >&5
configure:9116: $? = 0
configure:9138: result: yes
configure:9146: checking if /opt/buildroot-gcc342/bin/mipsel-linux-uclibc-gcc supports -c -o file.o
configure:9193: result: yes
configure:9226: checking whether the /opt/buildroot-gcc342/bin/mipsel-linux-uclibc-gcc linker (/opt/buildroot-gcc342/mipsel-linux-uclibc/bin/ld) supports shared libraries
configure:10379: result: yes
configure:10416: checking whether -lc should be explicitly linked in
configure:10424: /opt/buildroot-gcc342/bin/mipsel-linux-uclibc-gcc -c -g -O2  conftest.c >&5
configure:10427: $? = 0
configure:10442: /opt/buildroot-gcc342/bin/mipsel-linux-uclibc-gcc -shared  -fPIC -DPIC conftest.o  -v -Wl,-soname -Wl,conftest -o conftest 2\>\&1 \| /bin/grep  -lc  \>/dev/null 2\>\&1
configure:10445: $? = 0
configure:10459: result: no
configure:10619: checking dynamic linker characteristics
configure:11130: /opt/buildroot-gcc342/bin/mipsel-linux-uclibc-gcc -o conftest -g -O2   -Wl,-rpath -Wl,/foo conftest.c  >&5
configure:11130: $? = 0
configure:11352: result: GNU/Linux ld.so
configure:11459: checking how to hardcode library paths into programs
configure:11484: result: immediate
configure:12024: checking whether stripping libraries is possible
configure:12029: result: yes
configure:12064: checking if libtool supports shared libraries
configure:12066: result: yes
configure:12069: checking whether to build shared libraries
configure:12090: result: yes
configure:12093: checking whether to build static libraries
configure:12097: result: yes
configure:12120: checking how to run the C++ preprocessor
configure:12147: /opt/buildroot-gcc342/bin/mipsel-linux-uclibc-g++ -E  conftest.cpp
configure:12147: $? = 0
configure:12161: /opt/buildroot-gcc342/bin/mipsel-linux-uclibc-g++ -E  conftest.cpp
conftest.cpp:26:28: ac_nonexistent.h: No such file or directory
configure:12161: $? = 1
configure: failed program was:
| /* confdefs.h */
| #define PACKAGE_NAME "klish"
| #define PACKAGE_TARNAME "klish"
| #define PACKAGE_VERSION "1.5.6"
| #define PACKAGE_STRING "klish 1.5.6"
| #define PACKAGE_BUGREPORT "serj.kalichev at gmail dot com"
| #define PACKAGE_URL ""
| #define STDC_HEADERS 1
| #define HAVE_SYS_TYPES_H 1
| #define HAVE_SYS_STAT_H 1
| #define HAVE_STDLIB_H 1
| #define HAVE_STRING_H 1
| #define HAVE_MEMORY_H 1
| #define HAVE_STRINGS_H 1
| #define HAVE_INTTYPES_H 1
| #define HAVE_STDINT_H 1
| #define HAVE_UNISTD_H 1
| #define __EXTENSIONS__ 1
| #define _ALL_SOURCE 1
| #define _GNU_SOURCE 1
| #define _POSIX_PTHREAD_SEMANTICS 1
| #define _TANDEM_SOURCE 1
| #define HAVE_DLFCN_H 1
| #define LT_OBJDIR ".libs/"
| /* end confdefs.h.  */
| #include <ac_nonexistent.h>
configure:12186: result: /opt/buildroot-gcc342/bin/mipsel-linux-uclibc-g++ -E
configure:12206: /opt/buildroot-gcc342/bin/mipsel-linux-uclibc-g++ -E  conftest.cpp
configure:12206: $? = 0
configure:12220: /opt/buildroot-gcc342/bin/mipsel-linux-uclibc-g++ -E  conftest.cpp
conftest.cpp:26:28: ac_nonexistent.h: No such file or directory
configure:12220: $? = 1
configure: failed program was:
| /* confdefs.h */
| #define PACKAGE_NAME "klish"
| #define PACKAGE_TARNAME "klish"
| #define PACKAGE_VERSION "1.5.6"
| #define PACKAGE_STRING "klish 1.5.6"
| #define PACKAGE_BUGREPORT "serj.kalichev at gmail dot com"
| #define PACKAGE_URL ""
| #define STDC_HEADERS 1
| #define HAVE_SYS_TYPES_H 1
| #define HAVE_SYS_STAT_H 1
| #define HAVE_STDLIB_H 1
| #define HAVE_STRING_H 1
| #define HAVE_MEMORY_H 1
| #define HAVE_STRINGS_H 1
| #define HAVE_INTTYPES_H 1
| #define HAVE_STDINT_H 1
| #define HAVE_UNISTD_H 1
| #define __EXTENSIONS__ 1
| #define _ALL_SOURCE 1
| #define _GNU_SOURCE 1
| #define _POSIX_PTHREAD_SEMANTICS 1
| #define _TANDEM_SOURCE 1
| #define HAVE_DLFCN_H 1
| #define LT_OBJDIR ".libs/"
| /* end confdefs.h.  */
| #include <ac_nonexistent.h>
configure:12389: checking for ld used by /opt/buildroot-gcc342/bin/mipsel-linux-uclibc-g++
configure:12456: result: /opt/buildroot-gcc342/mipsel-linux-uclibc/bin/ld
configure:12463: checking if the linker (/opt/buildroot-gcc342/mipsel-linux-uclibc/bin/ld) is GNU ld
configure:12478: result: yes
configure:12533: checking whether the /opt/buildroot-gcc342/bin/mipsel-linux-uclibc-g++ linker (/opt/buildroot-gcc342/mipsel-linux-uclibc/bin/ld) supports shared libraries
configure:13538: result: yes
configure:13574: /opt/buildroot-gcc342/bin/mipsel-linux-uclibc-g++ -c -g -O2  conftest.cpp >&5
configure:13577: $? = 0
configure:14097: checking for /opt/buildroot-gcc342/bin/mipsel-linux-uclibc-g++ option to produce PIC
configure:14104: result: -fPIC -DPIC
configure:14112: checking if /opt/buildroot-gcc342/bin/mipsel-linux-uclibc-g++ PIC flag -fPIC -DPIC works
configure:14130: /opt/buildroot-gcc342/bin/mipsel-linux-uclibc-g++ -c -g -O2  -fPIC -DPIC -DPIC conftest.cpp >&5
configure:14134: $? = 0
configure:14147: result: yes
configure:14170: checking if /opt/buildroot-gcc342/bin/mipsel-linux-uclibc-g++ static flag -static works
configure:14198: result: yes
configure:14210: checking if /opt/buildroot-gcc342/bin/mipsel-linux-uclibc-g++ supports -c -o file.o
configure:14231: /opt/buildroot-gcc342/bin/mipsel-linux-uclibc-g++ -c -g -O2  -o out/conftest2.o conftest.cpp >&5
configure:14235: $? = 0
configure:14257: result: yes
configure:14262: checking if /opt/buildroot-gcc342/bin/mipsel-linux-uclibc-g++ supports -c -o file.o
configure:14309: result: yes
configure:14339: checking whether the /opt/buildroot-gcc342/bin/mipsel-linux-uclibc-g++ linker (/opt/buildroot-gcc342/mipsel-linux-uclibc/bin/ld) supports shared libraries
configure:14375: result: yes
configure:14516: checking dynamic linker characteristics
configure:15183: result: GNU/Linux ld.so
configure:15236: checking how to hardcode library paths into programs
configure:15261: result: immediate
configure:15341: checking for a BSD-compatible install
configure:15409: result: /usr/bin/install -c
configure:15420: checking whether build environment is sane
configure:15475: result: yes
configure:15534: checking for mipsel-linux-strip
configure:15561: result: strip
configure:15626: checking for a thread-safe mkdir -p
configure:15665: result: /bin/mkdir -p
configure:15668: checking whether make sets $(MAKE)
configure:15690: result: yes
configure:15720: checking for style of include used by make
configure:15748: result: GNU
configure:15840: checking dependency style of /opt/buildroot-gcc342/bin/mipsel-linux-uclibc-gcc
configure:15951: result: gcc3
configure:15968: checking dependency style of /opt/buildroot-gcc342/bin/mipsel-linux-uclibc-g++
configure:16079: result: gcc3
configure:16096: checking whether /opt/buildroot-gcc342/bin/mipsel-linux-uclibc-gcc and cc understand -c and -o together
configure:16127: /opt/buildroot-gcc342/bin/mipsel-linux-uclibc-gcc -c conftest.c -o conftest2.o >&5
configure:16131: $? = 0
configure:16137: /opt/buildroot-gcc342/bin/mipsel-linux-uclibc-gcc -c conftest.c -o conftest2.o >&5
configure:16141: $? = 0
configure:16152: cc -c conftest.c >&5
configure:16156: $? = 0
configure:16164: cc -c conftest.c -o conftest2.o >&5
configure:16168: $? = 0
configure:16174: cc -c conftest.c -o conftest2.o >&5
configure:16178: $? = 0
configure:16196: result: yes
configure:16227: checking size of int
configure:16232: /opt/buildroot-gcc342/bin/mipsel-linux-uclibc-gcc -c -g -O2  conftest.c >&5
configure:16232: $? = 0
configure:16232: /opt/buildroot-gcc342/bin/mipsel-linux-uclibc-gcc -c -g -O2  conftest.c >&5
conftest.c: In function `main':
conftest.c:64: error: size of array `test_array' is negative
configure:16232: $? = 1
configure: failed program was:
| /* confdefs.h */
| #define PACKAGE_NAME "klish"
| #define PACKAGE_TARNAME "klish"
| #define PACKAGE_VERSION "1.5.6"
| #define PACKAGE_STRING "klish 1.5.6"
| #define PACKAGE_BUGREPORT "serj.kalichev at gmail dot com"
| #define PACKAGE_URL ""
| #define STDC_HEADERS 1
| #define HAVE_SYS_TYPES_H 1
| #define HAVE_SYS_STAT_H 1
| #define HAVE_STDLIB_H 1
| #define HAVE_STRING_H 1
| #define HAVE_MEMORY_H 1
| #define HAVE_STRINGS_H 1
| #define HAVE_INTTYPES_H 1
| #define HAVE_STDINT_H 1
| #define HAVE_UNISTD_H 1
| #define __EXTENSIONS__ 1
| #define _ALL_SOURCE 1
| #define _GNU_SOURCE 1
| #define _POSIX_PTHREAD_SEMANTICS 1
| #define _TANDEM_SOURCE 1
| #define HAVE_DLFCN_H 1
| #define LT_OBJDIR ".libs/"
| #define PACKAGE "klish"
| #define VERSION "1.5.6"
| /* end confdefs.h.  */
| #include <stdio.h>
| #ifdef HAVE_SYS_TYPES_H
| # include <sys/types.h>
| #endif
| #ifdef HAVE_SYS_STAT_H
| # include <sys/stat.h>
| #endif
| #ifdef STDC_HEADERS
| # include <stdlib.h>
| # include <stddef.h>
| #else
| # ifdef HAVE_STDLIB_H
| #  include <stdlib.h>
| # endif
| #endif
| #ifdef HAVE_STRING_H
| # if !defined STDC_HEADERS && defined HAVE_MEMORY_H
| #  include <memory.h>
| # endif
| # include <string.h>
| #endif
| #ifdef HAVE_STRINGS_H
| # include <strings.h>
| #endif
| #ifdef HAVE_INTTYPES_H
| # include <inttypes.h>
| #endif
| #ifdef HAVE_STDINT_H
| # include <stdint.h>
| #endif
| #ifdef HAVE_UNISTD_H
| # include <unistd.h>
| #endif
| int
| main ()
| {
| static int test_array [1 - 2 * !(((long int) (sizeof (int))) <= 0)];
| test_array [0] = 0;
| return test_array [0];
| 
|   ;
|   return 0;
| }
configure:16232: /opt/buildroot-gcc342/bin/mipsel-linux-uclibc-gcc -c -g -O2  conftest.c >&5
conftest.c: In function `main':
conftest.c:64: error: size of array `test_array' is negative
configure:16232: $? = 1
configure: failed program was:
| /* confdefs.h */
| #define PACKAGE_NAME "klish"
| #define PACKAGE_TARNAME "klish"
| #define PACKAGE_VERSION "1.5.6"
| #define PACKAGE_STRING "klish 1.5.6"
| #define PACKAGE_BUGREPORT "serj.kalichev at gmail dot com"
| #define PACKAGE_URL ""
| #define STDC_HEADERS 1
| #define HAVE_SYS_TYPES_H 1
| #define HAVE_SYS_STAT_H 1
| #define HAVE_STDLIB_H 1
| #define HAVE_STRING_H 1
| #define HAVE_MEMORY_H 1
| #define HAVE_STRINGS_H 1
| #define HAVE_INTTYPES_H 1
| #define HAVE_STDINT_H 1
| #define HAVE_UNISTD_H 1
| #define __EXTENSIONS__ 1
| #define _ALL_SOURCE 1
| #define _GNU_SOURCE 1
| #define _POSIX_PTHREAD_SEMANTICS 1
| #define _TANDEM_SOURCE 1
| #define HAVE_DLFCN_H 1
| #define LT_OBJDIR ".libs/"
| #define PACKAGE "klish"
| #define VERSION "1.5.6"
| /* end confdefs.h.  */
| #include <stdio.h>
| #ifdef HAVE_SYS_TYPES_H
| # include <sys/types.h>
| #endif
| #ifdef HAVE_SYS_STAT_H
| # include <sys/stat.h>
| #endif
| #ifdef STDC_HEADERS
| # include <stdlib.h>
| # include <stddef.h>
| #else
| # ifdef HAVE_STDLIB_H
| #  include <stdlib.h>
| # endif
| #endif
| #ifdef HAVE_STRING_H
| # if !defined STDC_HEADERS && defined HAVE_MEMORY_H
| #  include <memory.h>
| # endif
| # include <string.h>
| #endif
| #ifdef HAVE_STRINGS_H
| # include <strings.h>
| #endif
| #ifdef HAVE_INTTYPES_H
| # include <inttypes.h>
| #endif
| #ifdef HAVE_STDINT_H
| # include <stdint.h>
| #endif
| #ifdef HAVE_UNISTD_H
| # include <unistd.h>
| #endif
| int
| main ()
| {
| static int test_array [1 - 2 * !(((long int) (sizeof (int))) <= 1)];
| test_array [0] = 0;
| return test_array [0];
| 
|   ;
|   return 0;
| }
configure:16232: /opt/buildroot-gcc342/bin/mipsel-linux-uclibc-gcc -c -g -O2  conftest.c >&5
conftest.c: In function `main':
conftest.c:64: error: size of array `test_array' is negative
configure:16232: $? = 1
configure: failed program was:
| /* confdefs.h */
| #define PACKAGE_NAME "klish"
| #define PACKAGE_TARNAME "klish"
| #define PACKAGE_VERSION "1.5.6"
| #define PACKAGE_STRING "klish 1.5.6"
| #define PACKAGE_BUGREPORT "serj.kalichev at gmail dot com"
| #define PACKAGE_URL ""
| #define STDC_HEADERS 1
| #define HAVE_SYS_TYPES_H 1
| #define HAVE_SYS_STAT_H 1
| #define HAVE_STDLIB_H 1
| #define HAVE_STRING_H 1
| #define HAVE_MEMORY_H 1
| #define HAVE_STRINGS_H 1
| #define HAVE_INTTYPES_H 1
| #define HAVE_STDINT_H 1
| #define HAVE_UNISTD_H 1
| #define __EXTENSIONS__ 1
| #define _ALL_SOURCE 1
| #define _GNU_SOURCE 1
| #define _POSIX_PTHREAD_SEMANTICS 1
| #define _TANDEM_SOURCE 1
| #define HAVE_DLFCN_H 1
| #define LT_OBJDIR ".libs/"
| #define PACKAGE "klish"
| #define VERSION "1.5.6"
| /* end confdefs.h.  */
| #include <stdio.h>
| #ifdef HAVE_SYS_TYPES_H
| # include <sys/types.h>
| #endif
| #ifdef HAVE_SYS_STAT_H
| # include <sys/stat.h>
| #endif
| #ifdef STDC_HEADERS
| # include <stdlib.h>
| # include <stddef.h>
| #else
| # ifdef HAVE_STDLIB_H
| #  include <stdlib.h>
| # endif
| #endif
| #ifdef HAVE_STRING_H
| # if !defined STDC_HEADERS && defined HAVE_MEMORY_H
| #  include <memory.h>
| # endif
| # include <string.h>
| #endif
| #ifdef HAVE_STRINGS_H
| # include <strings.h>
| #endif
| #ifdef HAVE_INTTYPES_H
| # include <inttypes.h>
| #endif
| #ifdef HAVE_STDINT_H
| # include <stdint.h>
| #endif
| #ifdef HAVE_UNISTD_H
| # include <unistd.h>
| #endif
| int
| main ()
| {
| static int test_array [1 - 2 * !(((long int) (sizeof (int))) <= 3)];
| test_array [0] = 0;
| return test_array [0];
| 
|   ;
|   return 0;
| }
configure:16232: /opt/buildroot-gcc342/bin/mipsel-linux-uclibc-gcc -c -g -O2  conftest.c >&5
configure:16232: $? = 0
configure:16232: /opt/buildroot-gcc342/bin/mipsel-linux-uclibc-gcc -c -g -O2  conftest.c >&5
configure:16232: $? = 0
configure:16232: /opt/buildroot-gcc342/bin/mipsel-linux-uclibc-gcc -c -g -O2  conftest.c >&5
configure:16232: $? = 0
configure:16246: result: 4
configure:16260: checking size of long
configure:16265: /opt/buildroot-gcc342/bin/mipsel-linux-uclibc-gcc -c -g -O2  conftest.c >&5
configure:16265: $? = 0
configure:16265: /opt/buildroot-gcc342/bin/mipsel-linux-uclibc-gcc -c -g -O2  conftest.c >&5
conftest.c: In function `main':
conftest.c:65: error: size of array `test_array' is negative
configure:16265: $? = 1
configure: failed program was:
| /* confdefs.h */
| #define PACKAGE_NAME "klish"
| #define PACKAGE_TARNAME "klish"
| #define PACKAGE_VERSION "1.5.6"
| #define PACKAGE_STRING "klish 1.5.6"
| #define PACKAGE_BUGREPORT "serj.kalichev at gmail dot com"
| #define PACKAGE_URL ""
| #define STDC_HEADERS 1
| #define HAVE_SYS_TYPES_H 1
| #define HAVE_SYS_STAT_H 1
| #define HAVE_STDLIB_H 1
| #define HAVE_STRING_H 1
| #define HAVE_MEMORY_H 1
| #define HAVE_STRINGS_H 1
| #define HAVE_INTTYPES_H 1
| #define HAVE_STDINT_H 1
| #define HAVE_UNISTD_H 1
| #define __EXTENSIONS__ 1
| #define _ALL_SOURCE 1
| #define _GNU_SOURCE 1
| #define _POSIX_PTHREAD_SEMANTICS 1
| #define _TANDEM_SOURCE 1
| #define HAVE_DLFCN_H 1
| #define LT_OBJDIR ".libs/"
| #define PACKAGE "klish"
| #define VERSION "1.5.6"
| #define SIZEOF_INT 4
| /* end confdefs.h.  */
| #include <stdio.h>
| #ifdef HAVE_SYS_TYPES_H
| # include <sys/types.h>
| #endif
| #ifdef HAVE_SYS_STAT_H
| # include <sys/stat.h>
| #endif
| #ifdef STDC_HEADERS
| # include <stdlib.h>
| # include <stddef.h>
| #else
| # ifdef HAVE_STDLIB_H
| #  include <stdlib.h>
| # endif
| #endif
| #ifdef HAVE_STRING_H
| # if !defined STDC_HEADERS && defined HAVE_MEMORY_H
| #  include <memory.h>
| # endif
| # include <string.h>
| #endif
| #ifdef HAVE_STRINGS_H
| # include <strings.h>
| #endif
| #ifdef HAVE_INTTYPES_H
| # include <inttypes.h>
| #endif
| #ifdef HAVE_STDINT_H
| # include <stdint.h>
| #endif
| #ifdef HAVE_UNISTD_H
| # include <unistd.h>
| #endif
| int
| main ()
| {
| static int test_array [1 - 2 * !(((long int) (sizeof (long))) <= 0)];
| test_array [0] = 0;
| return test_array [0];
| 
|   ;
|   return 0;
| }
configure:16265: /opt/buildroot-gcc342/bin/mipsel-linux-uclibc-gcc -c -g -O2  conftest.c >&5
conftest.c: In function `main':
conftest.c:65: error: size of array `test_array' is negative
configure:16265: $? = 1
configure: failed program was:
| /* confdefs.h */
| #define PACKAGE_NAME "klish"
| #define PACKAGE_TARNAME "klish"
| #define PACKAGE_VERSION "1.5.6"
| #define PACKAGE_STRING "klish 1.5.6"
| #define PACKAGE_BUGREPORT "serj.kalichev at gmail dot com"
| #define PACKAGE_URL ""
| #define STDC_HEADERS 1
| #define HAVE_SYS_TYPES_H 1
| #define HAVE_SYS_STAT_H 1
| #define HAVE_STDLIB_H 1
| #define HAVE_STRING_H 1
| #define HAVE_MEMORY_H 1
| #define HAVE_STRINGS_H 1
| #define HAVE_INTTYPES_H 1
| #define HAVE_STDINT_H 1
| #define HAVE_UNISTD_H 1
| #define __EXTENSIONS__ 1
| #define _ALL_SOURCE 1
| #define _GNU_SOURCE 1
| #define _POSIX_PTHREAD_SEMANTICS 1
| #define _TANDEM_SOURCE 1
| #define HAVE_DLFCN_H 1
| #define LT_OBJDIR ".libs/"
| #define PACKAGE "klish"
| #define VERSION "1.5.6"
| #define SIZEOF_INT 4
| /* end confdefs.h.  */
| #include <stdio.h>
| #ifdef HAVE_SYS_TYPES_H
| # include <sys/types.h>
| #endif
| #ifdef HAVE_SYS_STAT_H
| # include <sys/stat.h>
| #endif
| #ifdef STDC_HEADERS
| # include <stdlib.h>
| # include <stddef.h>
| #else
| # ifdef HAVE_STDLIB_H
| #  include <stdlib.h>
| # endif
| #endif
| #ifdef HAVE_STRING_H
| # if !defined STDC_HEADERS && defined HAVE_MEMORY_H
| #  include <memory.h>
| # endif
| # include <string.h>
| #endif
| #ifdef HAVE_STRINGS_H
| # include <strings.h>
| #endif
| #ifdef HAVE_INTTYPES_H
| # include <inttypes.h>
| #endif
| #ifdef HAVE_STDINT_H
| # include <stdint.h>
| #endif
| #ifdef HAVE_UNISTD_H
| # include <unistd.h>
| #endif
| int
| main ()
| {
| static int test_array [1 - 2 * !(((long int) (sizeof (long))) <= 1)];
| test_array [0] = 0;
| return test_array [0];
| 
|   ;
|   return 0;
| }
configure:16265: /opt/buildroot-gcc342/bin/mipsel-linux-uclibc-gcc -c -g -O2  conftest.c >&5
conftest.c: In function `main':
conftest.c:65: error: size of array `test_array' is negative
configure:16265: $? = 1
configure: failed program was:
| /* confdefs.h */
| #define PACKAGE_NAME "klish"
| #define PACKAGE_TARNAME "klish"
| #define PACKAGE_VERSION "1.5.6"
| #define PACKAGE_STRING "klish 1.5.6"
| #define PACKAGE_BUGREPORT "serj.kalichev at gmail dot com"
| #define PACKAGE_URL ""
| #define STDC_HEADERS 1
| #define HAVE_SYS_TYPES_H 1
| #define HAVE_SYS_STAT_H 1
| #define HAVE_STDLIB_H 1
| #define HAVE_STRING_H 1
| #define HAVE_MEMORY_H 1
| #define HAVE_STRINGS_H 1
| #define HAVE_INTTYPES_H 1
| #define HAVE_STDINT_H 1
| #define HAVE_UNISTD_H 1
| #define __EXTENSIONS__ 1
| #define _ALL_SOURCE 1
| #define _GNU_SOURCE 1
| #define _POSIX_PTHREAD_SEMANTICS 1
| #define _TANDEM_SOURCE 1
| #define HAVE_DLFCN_H 1
| #define LT_OBJDIR ".libs/"
| #define PACKAGE "klish"
| #define VERSION "1.5.6"
| #define SIZEOF_INT 4
| /* end confdefs.h.  */
| #include <stdio.h>
| #ifdef HAVE_SYS_TYPES_H
| # include <sys/types.h>
| #endif
| #ifdef HAVE_SYS_STAT_H
| # include <sys/stat.h>
| #endif
| #ifdef STDC_HEADERS
| # include <stdlib.h>
| # include <stddef.h>
| #else
| # ifdef HAVE_STDLIB_H
| #  include <stdlib.h>
| # endif
| #endif
| #ifdef HAVE_STRING_H
| # if !defined STDC_HEADERS && defined HAVE_MEMORY_H
| #  include <memory.h>
| # endif
| # include <string.h>
| #endif
| #ifdef HAVE_STRINGS_H
| # include <strings.h>
| #endif
| #ifdef HAVE_INTTYPES_H
| # include <inttypes.h>
| #endif
| #ifdef HAVE_STDINT_H
| # include <stdint.h>
| #endif
| #ifdef HAVE_UNISTD_H
| # include <unistd.h>
| #endif
| int
| main ()
| {
| static int test_array [1 - 2 * !(((long int) (sizeof (long))) <= 3)];
| test_array [0] = 0;
| return test_array [0];
| 
|   ;
|   return 0;
| }
configure:16265: /opt/buildroot-gcc342/bin/mipsel-linux-uclibc-gcc -c -g -O2  conftest.c >&5
configure:16265: $? = 0
configure:16265: /opt/buildroot-gcc342/bin/mipsel-linux-uclibc-gcc -c -g -O2  conftest.c >&5
configure:16265: $? = 0
configure:16265: /opt/buildroot-gcc342/bin/mipsel-linux-uclibc-gcc -c -g -O2  conftest.c >&5
configure:16265: $? = 0
configure:16279: result: 4
configure:16293: checking size of size_t
configure:16298: /opt/buildroot-gcc342/bin/mipsel-linux-uclibc-gcc -c -g -O2  conftest.c >&5
configure:16298: $? = 0
configure:16298: /opt/buildroot-gcc342/bin/mipsel-linux-uclibc-gcc -c -g -O2  conftest.c >&5
conftest.c: In function `main':
conftest.c:66: error: size of array `test_array' is negative
configure:16298: $? = 1
configure: failed program was:
| /* confdefs.h */
| #define PACKAGE_NAME "klish"
| #define PACKAGE_TARNAME "klish"
| #define PACKAGE_VERSION "1.5.6"
| #define PACKAGE_STRING "klish 1.5.6"
| #define PACKAGE_BUGREPORT "serj.kalichev at gmail dot com"
| #define PACKAGE_URL ""
| #define STDC_HEADERS 1
| #define HAVE_SYS_TYPES_H 1
| #define HAVE_SYS_STAT_H 1
| #define HAVE_STDLIB_H 1
| #define HAVE_STRING_H 1
| #define HAVE_MEMORY_H 1
| #define HAVE_STRINGS_H 1
| #define HAVE_INTTYPES_H 1
| #define HAVE_STDINT_H 1
| #define HAVE_UNISTD_H 1
| #define __EXTENSIONS__ 1
| #define _ALL_SOURCE 1
| #define _GNU_SOURCE 1
| #define _POSIX_PTHREAD_SEMANTICS 1
| #define _TANDEM_SOURCE 1
| #define HAVE_DLFCN_H 1
| #define LT_OBJDIR ".libs/"
| #define PACKAGE "klish"
| #define VERSION "1.5.6"
| #define SIZEOF_INT 4
| #define SIZEOF_LONG 4
| /* end confdefs.h.  */
| #include <stdio.h>
| #ifdef HAVE_SYS_TYPES_H
| # include <sys/types.h>
| #endif
| #ifdef HAVE_SYS_STAT_H
| # include <sys/stat.h>
| #endif
| #ifdef STDC_HEADERS
| # include <stdlib.h>
| # include <stddef.h>
| #else
| # ifdef HAVE_STDLIB_H
| #  include <stdlib.h>
| # endif
| #endif
| #ifdef HAVE_STRING_H
| # if !defined STDC_HEADERS && defined HAVE_MEMORY_H
| #  include <memory.h>
| # endif
| # include <string.h>
| #endif
| #ifdef HAVE_STRINGS_H
| # include <strings.h>
| #endif
| #ifdef HAVE_INTTYPES_H
| # include <inttypes.h>
| #endif
| #ifdef HAVE_STDINT_H
| # include <stdint.h>
| #endif
| #ifdef HAVE_UNISTD_H
| # include <unistd.h>
| #endif
| int
| main ()
| {
| static int test_array [1 - 2 * !(((long int) (sizeof (size_t))) <= 0)];
| test_array [0] = 0;
| return test_array [0];
| 
|   ;
|   return 0;
| }
configure:16298: /opt/buildroot-gcc342/bin/mipsel-linux-uclibc-gcc -c -g -O2  conftest.c >&5
conftest.c: In function `main':
conftest.c:66: error: size of array `test_array' is negative
configure:16298: $? = 1
configure: failed program was:
| /* confdefs.h */
| #define PACKAGE_NAME "klish"
| #define PACKAGE_TARNAME "klish"
| #define PACKAGE_VERSION "1.5.6"
| #define PACKAGE_STRING "klish 1.5.6"
| #define PACKAGE_BUGREPORT "serj.kalichev at gmail dot com"
| #define PACKAGE_URL ""
| #define STDC_HEADERS 1
| #define HAVE_SYS_TYPES_H 1
| #define HAVE_SYS_STAT_H 1
| #define HAVE_STDLIB_H 1
| #define HAVE_STRING_H 1
| #define HAVE_MEMORY_H 1
| #define HAVE_STRINGS_H 1
| #define HAVE_INTTYPES_H 1
| #define HAVE_STDINT_H 1
| #define HAVE_UNISTD_H 1
| #define __EXTENSIONS__ 1
| #define _ALL_SOURCE 1
| #define _GNU_SOURCE 1
| #define _POSIX_PTHREAD_SEMANTICS 1
| #define _TANDEM_SOURCE 1
| #define HAVE_DLFCN_H 1
| #define LT_OBJDIR ".libs/"
| #define PACKAGE "klish"
| #define VERSION "1.5.6"
| #define SIZEOF_INT 4
| #define SIZEOF_LONG 4
| /* end confdefs.h.  */
| #include <stdio.h>
| #ifdef HAVE_SYS_TYPES_H
| # include <sys/types.h>
| #endif
| #ifdef HAVE_SYS_STAT_H
| # include <sys/stat.h>
| #endif
| #ifdef STDC_HEADERS
| # include <stdlib.h>
| # include <stddef.h>
| #else
| # ifdef HAVE_STDLIB_H
| #  include <stdlib.h>
| # endif
| #endif
| #ifdef HAVE_STRING_H
| # if !defined STDC_HEADERS && defined HAVE_MEMORY_H
| #  include <memory.h>
| # endif
| # include <string.h>
| #endif
| #ifdef HAVE_STRINGS_H
| # include <strings.h>
| #endif
| #ifdef HAVE_INTTYPES_H
| # include <inttypes.h>
| #endif
| #ifdef HAVE_STDINT_H
| # include <stdint.h>
| #endif
| #ifdef HAVE_UNISTD_H
| # include <unistd.h>
| #endif
| int
| main ()
| {
| static int test_array [1 - 2 * !(((long int) (sizeof (size_t))) <= 1)];
| test_array [0] = 0;
| return test_array [0];
| 
|   ;
|   return 0;
| }
configure:16298: /opt/buildroot-gcc342/bin/mipsel-linux-uclibc-gcc -c -g -O2  conftest.c >&5
conftest.c: In function `main':
conftest.c:66: error: size of array `test_array' is negative
configure:16298: $? = 1
configure: failed program was:
| /* confdefs.h */
| #define PACKAGE_NAME "klish"
| #define PACKAGE_TARNAME "klish"
| #define PACKAGE_VERSION "1.5.6"
| #define PACKAGE_STRING "klish 1.5.6"
| #define PACKAGE_BUGREPORT "serj.kalichev at gmail dot com"
| #define PACKAGE_URL ""
| #define STDC_HEADERS 1
| #define HAVE_SYS_TYPES_H 1
| #define HAVE_SYS_STAT_H 1
| #define HAVE_STDLIB_H 1
| #define HAVE_STRING_H 1
| #define HAVE_MEMORY_H 1
| #define HAVE_STRINGS_H 1
| #define HAVE_INTTYPES_H 1
| #define HAVE_STDINT_H 1
| #define HAVE_UNISTD_H 1
| #define __EXTENSIONS__ 1
| #define _ALL_SOURCE 1
| #define _GNU_SOURCE 1
| #define _POSIX_PTHREAD_SEMANTICS 1
| #define _TANDEM_SOURCE 1
| #define HAVE_DLFCN_H 1
| #define LT_OBJDIR ".libs/"
| #define PACKAGE "klish"
| #define VERSION "1.5.6"
| #define SIZEOF_INT 4
| #define SIZEOF_LONG 4
| /* end confdefs.h.  */
| #include <stdio.h>
| #ifdef HAVE_SYS_TYPES_H
| # include <sys/types.h>
| #endif
| #ifdef HAVE_SYS_STAT_H
| # include <sys/stat.h>
| #endif
| #ifdef STDC_HEADERS
| # include <stdlib.h>
| # include <stddef.h>
| #else
| # ifdef HAVE_STDLIB_H
| #  include <stdlib.h>
| # endif
| #endif
| #ifdef HAVE_STRING_H
| # if !defined STDC_HEADERS && defined HAVE_MEMORY_H
| #  include <memory.h>
| # endif
| # include <string.h>
| #endif
| #ifdef HAVE_STRINGS_H
| # include <strings.h>
| #endif
| #ifdef HAVE_INTTYPES_H
| # include <inttypes.h>
| #endif
| #ifdef HAVE_STDINT_H
| # include <stdint.h>
| #endif
| #ifdef HAVE_UNISTD_H
| # include <unistd.h>
| #endif
| int
| main ()
| {
| static int test_array [1 - 2 * !(((long int) (sizeof (size_t))) <= 3)];
| test_array [0] = 0;
| return test_array [0];
| 
|   ;
|   return 0;
| }
configure:16298: /opt/buildroot-gcc342/bin/mipsel-linux-uclibc-gcc -c -g -O2  conftest.c >&5
configure:16298: $? = 0
configure:16298: /opt/buildroot-gcc342/bin/mipsel-linux-uclibc-gcc -c -g -O2  conftest.c >&5
configure:16298: $? = 0
configure:16298: /opt/buildroot-gcc342/bin/mipsel-linux-uclibc-gcc -c -g -O2  conftest.c >&5
configure:16298: $? = 0
configure:16312: result: 4
configure:16406: checking for library containing socket
configure:16437: /opt/buildroot-gcc342/bin/mipsel-linux-uclibc-gcc -o conftest -g -O2   conftest.c  >&5
configure:16437: $? = 0
configure:16454: result: none required
configure:16468: checking regex.h usability
configure:16468: /opt/buildroot-gcc342/bin/mipsel-linux-uclibc-gcc -c -g -O2  conftest.c >&5
configure:16468: $? = 0
configure:16468: result: yes
configure:16468: checking regex.h presence
configure:16468: /opt/buildroot-gcc342/bin/mipsel-linux-uclibc-gcc -E  conftest.c
configure:16468: $? = 0
configure:16468: result: yes
configure:16468: checking for regex.h
configure:16468: result: yes
configure:16486: checking getopt.h usability
configure:16486: /opt/buildroot-gcc342/bin/mipsel-linux-uclibc-gcc -c -g -O2  conftest.c >&5
configure:16486: $? = 0
configure:16486: result: yes
configure:16486: checking getopt.h presence
configure:16486: /opt/buildroot-gcc342/bin/mipsel-linux-uclibc-gcc -E  conftest.c
configure:16486: $? = 0
configure:16486: result: yes
configure:16486: checking for getopt.h
configure:16486: result: yes
configure:16505: checking locale.h usability
configure:16505: /opt/buildroot-gcc342/bin/mipsel-linux-uclibc-gcc -c -g -O2  conftest.c >&5
configure:16505: $? = 0
configure:16505: result: yes
configure:16505: checking locale.h presence
configure:16505: /opt/buildroot-gcc342/bin/mipsel-linux-uclibc-gcc -E  conftest.c
configure:16505: $? = 0
configure:16505: result: yes
configure:16505: checking for locale.h
configure:16505: result: yes
configure:16523: checking for nl_langinfo and CODESET
configure:16539: /opt/buildroot-gcc342/bin/mipsel-linux-uclibc-gcc -o conftest -g -O2   conftest.c  >&5
configure:16539: $? = 0
configure:16548: result: yes
configure:16562: checking pwd.h usability
configure:16562: /opt/buildroot-gcc342/bin/mipsel-linux-uclibc-gcc -c -g -O2  conftest.c >&5
configure:16562: $? = 0
configure:16562: result: yes
configure:16562: checking pwd.h presence
configure:16562: /opt/buildroot-gcc342/bin/mipsel-linux-uclibc-gcc -E  conftest.c
configure:16562: $? = 0
configure:16562: result: yes
configure:16562: checking for pwd.h
configure:16562: result: yes
configure:16577: checking grp.h usability
configure:16577: /opt/buildroot-gcc342/bin/mipsel-linux-uclibc-gcc -c -g -O2  conftest.c >&5
configure:16577: $? = 0
configure:16577: result: yes
configure:16577: checking grp.h presence
configure:16577: /opt/buildroot-gcc342/bin/mipsel-linux-uclibc-gcc -E  conftest.c
configure:16577: $? = 0
configure:16577: result: yes
configure:16577: checking for grp.h
configure:16577: result: yes
configure:16596: checking for chroot
configure:16596: /opt/buildroot-gcc342/bin/mipsel-linux-uclibc-gcc -o conftest -g -O2   conftest.c  >&5
configure:16596: $? = 0
configure:16596: result: yes
configure:16720: checking that generated files are newer than configure
configure:16726: result: done
configure:16757: creating ./config.status

## ---------------------- ##
## Running config.status. ##
## ---------------------- ##

This file was extended by klish config.status 1.5.6, which was
generated by GNU Autoconf 2.69.  Invocation command line was

  CONFIG_FILES    = 
  CONFIG_HEADERS  = 
  CONFIG_LINKS    = 
  CONFIG_COMMANDS = 
  $ ./config.status 

on localhost.localdomain

config.status:1166: creating Makefile
config.status:1166: creating config.h
config.status:1347: config.h is unchanged
config.status:1395: executing libtool commands
config.status:1395: executing depfiles commands

## ---------------- ##
## Cache variables. ##
## ---------------- ##

ac_cv_build=i686-pc-linux-gnu
ac_cv_c_compiler_gnu=yes
ac_cv_cxx_compiler_gnu=yes
ac_cv_env_CCC_set=
ac_cv_env_CCC_value=
ac_cv_env_CC_set=set
ac_cv_env_CC_value=/opt/buildroot-gcc342/bin/mipsel-linux-uclibc-gcc
ac_cv_env_CFLAGS_set=
ac_cv_env_CFLAGS_value=
ac_cv_env_CPPFLAGS_set=
ac_cv_env_CPPFLAGS_value=
ac_cv_env_CPP_set=
ac_cv_env_CPP_value=
ac_cv_env_CXXCPP_set=
ac_cv_env_CXXCPP_value=
ac_cv_env_CXXFLAGS_set=
ac_cv_env_CXXFLAGS_value=
ac_cv_env_CXX_set=set
ac_cv_env_CXX_value=/opt/buildroot-gcc342/bin/mipsel-linux-uclibc-g++
ac_cv_env_LDFLAGS_set=
ac_cv_env_LDFLAGS_value=
ac_cv_env_LIBS_set=
ac_cv_env_LIBS_value=
ac_cv_env_build_alias_set=set
ac_cv_env_build_alias_value=i686-linux
ac_cv_env_host_alias_set=set
ac_cv_env_host_alias_value=mipsel-linux
ac_cv_env_target_alias_set=
ac_cv_env_target_alias_value=
ac_cv_func_chroot=yes
ac_cv_header_dlfcn_h=yes
ac_cv_header_getopt_h=yes
ac_cv_header_grp_h=yes
ac_cv_header_inttypes_h=yes
ac_cv_header_locale_h=yes
ac_cv_header_memory_h=yes
ac_cv_header_minix_config_h=no
ac_cv_header_pwd_h=yes
ac_cv_header_regex_h=yes
ac_cv_header_stdc=yes
ac_cv_header_stdint_h=yes
ac_cv_header_stdlib_h=yes
ac_cv_header_string_h=yes
ac_cv_header_strings_h=yes
ac_cv_header_sys_stat_h=yes
ac_cv_header_sys_types_h=yes
ac_cv_header_unistd_h=yes
ac_cv_host=mipsel-unknown-linux-gnu
ac_cv_objext=o
ac_cv_path_EGREP='/bin/grep -E'
ac_cv_path_FGREP='/bin/grep -F'
ac_cv_path_GREP=/bin/grep
ac_cv_path_SED=/bin/sed
ac_cv_path_install='/usr/bin/install -c'
ac_cv_path_mkdir=/bin/mkdir
ac_cv_prog_AWK=gawk
ac_cv_prog_CC=/opt/buildroot-gcc342/bin/mipsel-linux-uclibc-gcc
ac_cv_prog_CPP='/opt/buildroot-gcc342/bin/mipsel-linux-uclibc-gcc -E'
ac_cv_prog_CXXCPP='/opt/buildroot-gcc342/bin/mipsel-linux-uclibc-g++ -E'
ac_cv_prog_DLLTOOL=dlltool
ac_cv_prog_OBJDUMP=objdump
ac_cv_prog_STRIP=strip
ac_cv_prog_ac_ct_AR=ar
ac_cv_prog_ac_ct_DUMPBIN='link -dump'
ac_cv_prog_ac_ct_RANLIB=ranlib
ac_cv_prog_ac_ct_STRIP=strip
ac_cv_prog_cc__opt_buildroot_gcc342_bin_mipsel_linux_uclibc_gcc_c_o=yes
ac_cv_prog_cc_c89=
ac_cv_prog_cc_g=yes
ac_cv_prog_cxx_g=yes
ac_cv_prog_make_make_set=yes
ac_cv_safe_to_define___extensions__=yes
ac_cv_search_socket='none required'
ac_cv_sizeof_int=4
ac_cv_sizeof_long=4
ac_cv_sizeof_size_t=4
am_cv_CC_dependencies_compiler_type=gcc3
am_cv_CXX_dependencies_compiler_type=gcc3
am_cv_langinfo_codeset=yes
lt_cv_ar_at_file=@
lt_cv_archive_cmds_need_lc=no
lt_cv_deplibs_check_method=pass_all
lt_cv_file_magic_cmd='$MAGIC_CMD'
lt_cv_file_magic_test_file=
lt_cv_ld_reload_flag=-r
lt_cv_nm_interface='BSD nm'
lt_cv_objdir=.libs
lt_cv_path_LD=/opt/buildroot-gcc342/mipsel-linux-uclibc/bin/ld
lt_cv_path_LDCXX=/opt/buildroot-gcc342/mipsel-linux-uclibc/bin/ld
lt_cv_path_NM=no
lt_cv_path_mainfest_tool=no
lt_cv_prog_compiler_c_o=yes
lt_cv_prog_compiler_c_o_CXX=yes
lt_cv_prog_compiler_pic='-fPIC -DPIC'
lt_cv_prog_compiler_pic_CXX='-fPIC -DPIC'
lt_cv_prog_compiler_pic_works=yes
lt_cv_prog_compiler_pic_works_CXX=yes
lt_cv_prog_compiler_rtti_exceptions=no
lt_cv_prog_compiler_static_works=yes
lt_cv_prog_compiler_static_works_CXX=yes
lt_cv_prog_gnu_ld=yes
lt_cv_prog_gnu_ldcxx=yes
lt_cv_sharedlib_from_linklib_cmd='printf %s\n'
lt_cv_shlibpath_overrides_runpath=no
lt_cv_sys_global_symbol_pipe='sed -n -e '\''s/^.*[	 ]\([ABCDGIRSTW][ABCDGIRSTW]*\)[	 ][	 ]*\([_A-Za-z][_A-Za-z0-9]*\)$/\1 \2 \2/p'\'' | sed '\''/ __gnu_lto/d'\'''
lt_cv_sys_global_symbol_to_c_name_address='sed -n -e '\''s/^: \([^ ]*\)[ ]*$/  {\"\1\", (void *) 0},/p'\'' -e '\''s/^[ABCDGIRSTW]* \([^ ]*\) \([^ ]*\)$/  {"\2", (void *) \&\2},/p'\'''
lt_cv_sys_global_symbol_to_c_name_address_lib_prefix='sed -n -e '\''s/^: \([^ ]*\)[ ]*$/  {\"\1\", (void *) 0},/p'\'' -e '\''s/^[ABCDGIRSTW]* \([^ ]*\) \(lib[^ ]*\)$/  {"\2", (void *) \&\2},/p'\'' -e '\''s/^[ABCDGIRSTW]* \([^ ]*\) \([^ ]*\)$/  {"lib\2", (void *) \&\2},/p'\'''
lt_cv_sys_global_symbol_to_cdecl='sed -n -e '\''s/^T .* \(.*\)$/extern int \1();/p'\'' -e '\''s/^[ABCDGIRSTW]* .* \(.*\)$/extern char \1;/p'\'''
lt_cv_sys_max_cmd_len=1966080
lt_cv_to_host_file_cmd=func_convert_file_noop
lt_cv_to_tool_file_cmd=func_convert_file_noop

## ----------------- ##
## Output variables. ##
## ----------------- ##

ACLOCAL='${SHELL} /data3/ke.huatao/project/work/REOS_SE_1.2/user/klish-1.5.6-sh/aux_scripts/missing --run aclocal-1.12'
AMDEPBACKSLASH='\'
AMDEP_FALSE='#'
AMDEP_TRUE=''
AMTAR='$${TAR-tar}'
AR='ar'
AS='as'
AUTOCONF='${SHELL} /data3/ke.huatao/project/work/REOS_SE_1.2/user/klish-1.5.6-sh/aux_scripts/missing --run autoconf'
AUTOHEADER='${SHELL} /data3/ke.huatao/project/work/REOS_SE_1.2/user/klish-1.5.6-sh/aux_scripts/missing --run autoheader'
AUTOMAKE='${SHELL} /data3/ke.huatao/project/work/REOS_SE_1.2/user/klish-1.5.6-sh/aux_scripts/missing --run automake-1.12'
AWK='gawk'
CC='/opt/buildroot-gcc342/bin/mipsel-linux-uclibc-gcc'
CCDEPMODE='depmode=gcc3'
CFLAGS='-g -O2'
CPP='/opt/buildroot-gcc342/bin/mipsel-linux-uclibc-gcc -E'
CPPFLAGS=''
CXX='/opt/buildroot-gcc342/bin/mipsel-linux-uclibc-g++'
CXXCPP='/opt/buildroot-gcc342/bin/mipsel-linux-uclibc-g++ -E'
CXXDEPMODE='depmode=gcc3'
CXXFLAGS='-g -O2'
CYGPATH_W='echo'
DEBUG_FALSE=''
DEBUG_TRUE='#'
DEFS='-DHAVE_CONFIG_H'
DEPDIR='.deps'
DLLTOOL='dlltool'
DSYMUTIL=''
DUMPBIN=':'
ECHO_C=''
ECHO_N='-n'
ECHO_T=''
EGREP='/bin/grep -E'
EXEEXT=''
FGREP='/bin/grep -F'
GREP='/bin/grep'
INSTALL_DATA='${INSTALL} -m 644'
INSTALL_PROGRAM='${INSTALL}'
INSTALL_SCRIPT='${INSTALL}'
INSTALL_STRIP_PROGRAM='$(install_sh) -c -s'
KONF_CFLAGS=''
KONF_LIBS='-lkonf'
LD='/opt/buildroot-gcc342/mipsel-linux-uclibc/bin/ld'
LDFLAGS=''
LIBOBJS=''
LIBS=''
LIBTOOL='$(SHELL) $(top_builddir)/libtool'
LIPO=''
LN_S='ln -s'
LTLIBOBJS=''
LUB_CFLAGS=''
LUB_LIBS='-llub'
MAKEINFO='${SHELL} /data3/ke.huatao/project/work/REOS_SE_1.2/user/klish-1.5.6-sh/aux_scripts/missing --run makeinfo'
MANIFEST_TOOL=':'
MKDIR_P='/bin/mkdir -p'
NM='nm'
NMEDIT=''
OBJDUMP='objdump'
OBJEXT='o'
OTOOL64=''
OTOOL=''
PACKAGE='klish'
PACKAGE_BUGREPORT='serj.kalichev at gmail dot com'
PACKAGE_NAME='klish'
PACKAGE_STRING='klish 1.5.6'
PACKAGE_TARNAME='klish'
PACKAGE_URL=''
PACKAGE_VERSION='1.5.6'
PATH_SEPARATOR=':'
RANLIB='ranlib'
SED='/bin/sed'
SET_MAKE=''
SHELL='/bin/sh'
STRIP='strip'
TINYRL_CFLAGS=''
TINYRL_LIBS='-ltinyrl'
TINYXML_CXXFLAGS='-std=gnu++98'
TINYXML_LIBS='-ltinyxml'
VERSION='1.5.6'
ac_ct_AR='ar'
ac_ct_CC=''
ac_ct_CXX=''
ac_ct_DUMPBIN='link -dump'
am__EXEEXT_FALSE=''
am__EXEEXT_TRUE='#'
am__fastdepCC_FALSE='#'
am__fastdepCC_TRUE=''
am__fastdepCXX_FALSE='#'
am__fastdepCXX_TRUE=''
am__include='include'
am__isrc=''
am__leading_dot='.'
am__nodep='_no'
am__quote=''
am__tar='$${TAR-tar} chof - "$$tardir"'
am__untar='$${TAR-tar} xf -'
bindir='${exec_prefix}/bin'
build='i686-pc-linux-gnu'
build_alias='i686-linux'
build_cpu='i686'
build_os='linux-gnu'
build_vendor='pc'
datadir='${datarootdir}'
datarootdir='${prefix}/share'
docdir='${datarootdir}/doc/${PACKAGE_TARNAME}'
dvidir='${docdir}'
exec_prefix='/usr/local'
host='mipsel-unknown-linux-gnu'
host_alias='mipsel-linux'
host_cpu='mipsel'
host_os='linux-gnu'
host_vendor='unknown'
htmldir='${docdir}'
includedir='${prefix}/include'
infodir='${datarootdir}/info'
install_sh='${SHELL} /data3/ke.huatao/project/work/REOS_SE_1.2/user/klish-1.5.6-sh/aux_scripts/install-sh'
libdir='/usr/local/lib'
libexecdir='${exec_prefix}/libexec'
localedir='${datarootdir}/locale'
localstatedir='${prefix}/var'
mandir='${datarootdir}/man'
mkdir_p='$(MKDIR_P)'
oldincludedir='/usr/include'
pdfdir='${docdir}'
prefix='/usr/local'
program_transform_name='s,x,x,'
psdir='${docdir}'
sbindir='${exec_prefix}/sbin'
sharedstatedir='${prefix}/com'
sysconfdir='${prefix}/etc'
target_alias=''

## ----------- ##
## confdefs.h. ##
## ----------- ##

/* confdefs.h */
#define PACKAGE_NAME "klish"
#define PACKAGE_TARNAME "klish"
#define PACKAGE_VERSION "1.5.6"
#define PACKAGE_STRING "klish 1.5.6"
#define PACKAGE_BUGREPORT "serj.kalichev at gmail dot com"
#define PACKAGE_URL ""
#define STDC_HEADERS 1
#define HAVE_SYS_TYPES_H 1
#define HAVE_SYS_STAT_H 1
#define HAVE_STDLIB_H 1
#define HAVE_STRING_H 1
#define HAVE_MEMORY_H 1
#define HAVE_STRINGS_H 1
#define HAVE_INTTYPES_H 1
#define HAVE_STDINT_H 1
#define HAVE_UNISTD_H 1
#define __EXTENSIONS__ 1
#define _ALL_SOURCE 1
#define _GNU_SOURCE 1
#define _POSIX_PTHREAD_SEMANTICS 1
#define _TANDEM_SOURCE 1
#define HAVE_DLFCN_H 1
#define LT_OBJDIR ".libs/"
#define PACKAGE "klish"
#define VERSION "1.5.6"
#define SIZEOF_INT 4
#define SIZEOF_LONG 4
#define SIZEOF_SIZE_T 4
#define HAVE_REGEX_H 1
#define HAVE_GETOPT_H 1
#define HAVE_LOCALE_H 1
#define HAVE_LANGINFO_CODESET 1
#define HAVE_PWD_H 1
#define HAVE_GRP_H 1
#define HAVE_CHROOT 1

configure: exit 0

## ---------------------- ##
## Running config.status. ##
## ---------------------- ##

This file was extended by klish config.status 1.5.6, which was
generated by GNU Autoconf 2.69.  Invocation command line was

  CONFIG_FILES    = 
  CONFIG_HEADERS  = 
  CONFIG_LINKS    = 
  CONFIG_COMMANDS = 
  $ ./config.status config.h

on localhost.localdomain

config.status:1166: creating config.h
