1c1,4
< /* include/config.h.  Generated from config.h.in by configure.  */
---
> /* include/config.h.  Generated automatically by configure, but then tweaked by
>  *                    hand by R. Pan to work properly for our NASoC
>  *                    cross-building environment.  */
> /* include/config.h.  Generated by configure.  */
4,6d6
< /* Define if building universal (internal helper macro) */
< /* #undef AC_APPLE_UNIVERSAL_BUILD */
< 
10,15d9
< /* Whether the AIX send_file() API is available */
< /* #undef AIX_SENDFILE_API */
< 
< /* Does extattr API work */
< /* #undef BROKEN_EXTATTR */
< 
25,30d18
< /* Does strndup work correctly */
< /* #undef BROKEN_STRNDUP */
< 
< /* Does strnlen work correctly */
< /* #undef BROKEN_STRNLEN */
< 
34,36d21
< /* Whether to enable cluster extensions */
< /* #undef CLUSTER_SUPPORT */
< 
40,42d24
< /* Marker for samba's config.h */
< #define CONFIG_H_IS_FROM_SAMBA 1
< 
58,60d39
< /* Defined if running in the build farm */
< /* #undef ENABLE_BUILD_FARM_HACKS */
< 
70,71c49,50
< /* Whether we are running on 64bit linux */
< /* #undef HAVE_64BIT_LINUX */
---
> /* Whether ftruncate() needs root */
> /* #undef FTRUNCATE_NEEDS_ROOT */
76,78d54
< /* Define to 1 if you have the <acl/libacl.h> header file. */
< /* #undef HAVE_ACL_LIBACL_H */
< 
85,87d60
< /* Define to 1 if you have the `add_proplist_entry' function. */
< /* #undef HAVE_ADD_PROPLIST_ENTRY */
< 
94,141d66
< /* Whether 64 bit aio is available */
< /* #undef HAVE_AIOCB64 */
< 
< /* Have aio_cancel */
< /* #undef HAVE_AIO_CANCEL */
< 
< /* Have aio_cancel64 */
< /* #undef HAVE_AIO_CANCEL64 */
< 
< /* Have aio_error */
< /* #undef HAVE_AIO_ERROR */
< 
< /* Have aio_error64 */
< /* #undef HAVE_AIO_ERROR64 */
< 
< /* Have aio_fsync */
< /* #undef HAVE_AIO_FSYNC */
< 
< /* Have aio_fsync64 */
< /* #undef HAVE_AIO_FSYNC64 */
< 
< /* Define to 1 if you have the <aio.h> header file. */
< #define HAVE_AIO_H 1
< 
< /* Have aio_read */
< /* #undef HAVE_AIO_READ */
< 
< /* Have aio_read64 */
< /* #undef HAVE_AIO_READ64 */
< 
< /* Have aio_return */
< /* #undef HAVE_AIO_RETURN */
< 
< /* Have aio_return64 */
< /* #undef HAVE_AIO_RETURN64 */
< 
< /* Have aio_suspend */
< /* #undef HAVE_AIO_SUSPEND */
< 
< /* Have aio_suspend64 */
< /* #undef HAVE_AIO_SUSPEND64 */
< 
< /* Have aio_write */
< /* #undef HAVE_AIO_WRITE */
< 
< /* Have aio_write64 */
< /* #undef HAVE_AIO_WRITE64 */
< 
145,147d69
< /* Define to 1 if you have the <alloca.h> header file. */
< #define HAVE_ALLOCA_H 1
< 
157,159d78
< /* Define to 1 if you have the <asm/unistd.h> header file. */
< #define HAVE_ASM_UNISTD_H 1
< 
169,171d87
< /* Define to 1 if you have the `attropen' function. */
< /* #undef HAVE_ATTROPEN */
< 
200c116
< //#define HAVE_BACKTRACE_SYMBOLS 1
---
> /* #undef HAVE_BACKTRACE_SYMBOLS */
208c124
< /* Whether bigcrypt is available */
---
> /* Define to 1 if you have the `bigcrypt' function. */
211,213d126
< /* Whether the bool type is available */
< #define HAVE_BOOL 1
< 
220,221c133,134
< /* Whether readdir() returns the wrong name offset */
< /* #undef HAVE_BROKEN_READDIR_NAME */
---
> /* Whether readdir() is broken */
> /* #undef HAVE_BROKEN_READDIR */
232,237d144
< /* Whether the krb5_checksum struct has a checksum property */
< /* #undef HAVE_CHECKSUM_IN_KRB5_CHECKSUM */
< 
< /* Define to 1 if you have the `chflags' function. */
< /* #undef HAVE_CHFLAGS */
< 
247,270d153
< /* Define to 1 if you have the `chsize' function. */
< /* #undef HAVE_CHSIZE */
< 
< /* Whether clock_gettime is available */
< /* #undef HAVE_CLOCK_GETTIME */
< 
< /* Whether the clock_gettime clock ID CLOCK_MONOTONIC is available */
< /* #undef HAVE_CLOCK_MONOTONIC */
< 
< /* Whether the clock_gettime clock ID CLOCK_PROCESS_CPUTIME_ID is available */
< /* #undef HAVE_CLOCK_PROCESS_CPUTIME_ID */
< 
< /* Whether the clock_gettime clock ID CLOCK_REALTIME is available */
< /* #undef HAVE_CLOCK_REALTIME */
< 
< /* Define to 1 if you have the `closedir64' function. */
< /* #undef HAVE_CLOSEDIR64 */
< 
< /* Whether or not we have comparison_fn_t */
< #define HAVE_COMPARISON_FN_T 1
< 
< /* Define to 1 if you have the <compat.h> header file. */
< /* #undef HAVE_COMPAT_H */
< 
302,324d184
< /* Define to 1 if you have the declaration of `asprintf', and to 0 if you
<    don't. */
< #define HAVE_DECL_ASPRINTF 1
< 
< /* Define to 1 if you have the declaration of `rl_event_hook', and to 0 if you
<    don't. */
< #define HAVE_DECL_RL_EVENT_HOOK 1
< 
< /* Define to 1 if you have the declaration of `snprintf', and to 0 if you
<    don't. */
< #define HAVE_DECL_SNPRINTF 1
< 
< /* Define to 1 if you have the declaration of `vasprintf', and to 0 if you
<    don't. */
< #define HAVE_DECL_VASPRINTF 1
< 
< /* Define to 1 if you have the declaration of `vsnprintf', and to 0 if you
<    don't. */
< #define HAVE_DECL_VSNPRINTF 1
< 
< /* Define to 1 if you have the `delproplist' function. */
< /* #undef HAVE_DELPROPLIST */
< 
343,345d202
< /* Define to 1 if you have the <direct.h> header file. */
< /* #undef HAVE_DIRECT_H */
< 
368,369c225,226
< /* Define to 1 if you have the <dmapi.h> header file. */
< /* #undef HAVE_DMAPI_H */
---
> /* Define to 1 if you have the `dlsym_prepend_underscore' function. */
> /* #undef HAVE_DLSYM_PREPEND_UNDERSCORE */
389,391d245
< /* Whether the EncryptedData struct has a etype property */
< /* #undef HAVE_ETYPE_IN_ENCRYPTEDDATA */
< 
401,448d254
< /* Define to 1 if you have the `extattr_delete_fd' function. */
< /* #undef HAVE_EXTATTR_DELETE_FD */
< 
< /* Define to 1 if you have the `extattr_delete_file' function. */
< /* #undef HAVE_EXTATTR_DELETE_FILE */
< 
< /* Define to 1 if you have the `extattr_delete_link' function. */
< /* #undef HAVE_EXTATTR_DELETE_LINK */
< 
< /* Define to 1 if you have the `extattr_get_fd' function. */
< /* #undef HAVE_EXTATTR_GET_FD */
< 
< /* Define to 1 if you have the `extattr_get_file' function. */
< /* #undef HAVE_EXTATTR_GET_FILE */
< 
< /* Define to 1 if you have the `extattr_get_link' function. */
< /* #undef HAVE_EXTATTR_GET_LINK */
< 
< /* Define to 1 if you have the `extattr_list_fd' function. */
< /* #undef HAVE_EXTATTR_LIST_FD */
< 
< /* Define to 1 if you have the `extattr_list_file' function. */
< /* #undef HAVE_EXTATTR_LIST_FILE */
< 
< /* Define to 1 if you have the `extattr_list_link' function. */
< /* #undef HAVE_EXTATTR_LIST_LINK */
< 
< /* Define to 1 if you have the `extattr_set_fd' function. */
< /* #undef HAVE_EXTATTR_SET_FD */
< 
< /* Define to 1 if you have the `extattr_set_file' function. */
< /* #undef HAVE_EXTATTR_SET_FILE */
< 
< /* Define to 1 if you have the `extattr_set_link' function. */
< /* #undef HAVE_EXTATTR_SET_LINK */
< 
< /* Whether the krb5_error struct has a e_data pointer */
< /* #undef HAVE_E_DATA_POINTER_IN_KRB5_ERROR */
< 
< /* Define to 1 if you have the `FAMOpen2' function. */
< /* #undef HAVE_FAMOPEN2 */
< 
< /* Define to 1 if you have the <fam.h> header file. */
< /* #undef HAVE_FAM_H */
< 
< /* Whether fam.h contains a typedef for enum FAMCodes */
< /* #undef HAVE_FAM_H_FAMCODES_TYPEDEF */
< 
467,475d272
< /* Define to 1 if you have the `fdelproplist' function. */
< /* #undef HAVE_FDELPROPLIST */
< 
< /* Define to 1 if you have the `fgetea' function. */
< /* #undef HAVE_FGETEA */
< 
< /* Define to 1 if you have the `fgetproplist' function. */
< /* #undef HAVE_FGETPROPLIST */
< 
477,480c274
< //#define HAVE_FGETXATTR 1
< 
< /* Define to 1 if you have the `flistea' function. */
< /* #undef HAVE_FLISTEA */
---
> /* #undef HAVE_FGETXATTR */
483,489c277
< //#define HAVE_FLISTXATTR 1
< 
< /* Define to 1 if you have the <float.h> header file. */
< #define HAVE_FLOAT_H 1
< 
< /* Define to 1 if you have the <fnmatch.h> header file. */
< //#define HAVE_FNMATCH_H 1
---
> /* #undef HAVE_FLISTXATTR */
494,499d281
< /* Define to 1 if you have the `free_AP_REQ' function. */
< /* #undef HAVE_FREE_AP_REQ */
< 
< /* Define to 1 if you have the `fremoveea' function. */
< /* #undef HAVE_FREMOVEEA */
< 
501c283
< //#define HAVE_FREMOVEXATTR 1
---
> /* #undef HAVE_FREMOVEXATTR */
509,514d290
< /* Define to 1 if you have the `fsetea' function. */
< /* #undef HAVE_FSETEA */
< 
< /* Define to 1 if you have the `fsetproplist' function. */
< /* #undef HAVE_FSETPROPLIST */
< 
516,519c292
< //#define HAVE_FSETXATTR 1
< 
< /* Whether statvfs.f_fsid is an integer */
< //#define HAVE_FSID_INT 1
---
> /* #undef HAVE_FSETXATTR */
537c310
< #define HAVE_FTRUNCATE 1
---
> //#define HAVE_FTRUNCATE 1
540c313
< #define HAVE_FTRUNCATE64 1
---
> //#define HAVE_FTRUNCATE64 1
543c316
< //#define HAVE_FTRUNCATE_EXTEND 1
---
> /* #undef HAVE_FTRUNCATE_EXTEND */
557,559d329
< /* Define to 1 if you have the `getdents64' function. */
< /* #undef HAVE_GETDENTS64 */
< 
563,565d332
< /* Define to 1 if you have the `getea' function. */
< /* #undef HAVE_GETEA */
< 
573c340
< //#define HAVE_GETGROUPLIST 1
---
> /* #undef HAVE_GETGROUPLIST */
579,588c346
< //#define HAVE_GETNETGRENT 1
< 
< /* Define to 1 if you have the `getpagesize' function. */
< #define HAVE_GETPAGESIZE 1
< 
< /* Define to 1 if you have the `getpgrp' function. */
< #define HAVE_GETPGRP 1
< 
< /* Define to 1 if you have the `getproplist' function. */
< /* #undef HAVE_GETPROPLIST */
---
> /* #define HAVE_GETNETGRENT 1 */
590c348
< /* Whether getprpwnam is available */
---
> /* Define to 1 if you have the `getprpwnam' function. */
596,598d353
< /* Define to 1 if you have the `getpwent_r' function. */
< #define HAVE_GETPWENT_R 1
< 
602,603c357,358
< /* Whether getspnam is available */
< //#define HAVE_GETSPNAM 1
---
> /* Define to 1 if you have the `getspnam' function. */
> /* #define HAVE_GETSPNAM 1 */
612,615c367
< //#define HAVE_GETXATTR 1
< 
< /* Define to 1 if you have the `get_proplist_entry' function. */
< /* #undef HAVE_GET_PROPLIST_ENTRY */
---
> /* #undef HAVE_GETXATTR */
626,628d377
< /* Whether GPFS GPL libs are available */
< /* #undef HAVE_GPFS */
< 
653,655d401
< /* Do we have history_list? */
< #define HAVE_HISTORY_LIST 1
< 
677,679d422
< /* Define to 1 if you have the `initialize_krb5_error_table' function. */
< /* #undef HAVE_INITIALIZE_KRB5_ERROR_TABLE */
< 
686,691d428
< /* Whether kernel has inotify support */
< //#define HAVE_INOTIFY 1
< 
< /* Define to 1 if you have the `inotify_init' function. */
< //#define HAVE_INOTIFY_INIT 1
< 
699,702c436
< //#define HAVE_INTTYPES_H 1
< 
< /* Whether we have iPrint */
< /* #undef HAVE_IPRINT */
---
> /* #undef HAVE_INTTYPES_H */
706a441,443
> /* Whether IRIX specific capabilities are available */
> /* #undef HAVE_IRIX_SPECIFIC_CAPABILITIES */
> 
714c451
< #define HAVE_KERNEL_OPLOCKS_LINUX 1
---
> /* #undef HAVE_KERNEL_OPLOCKS_LINUX */
717,720c454
< //#define HAVE_KERNEL_SHARE_MODES 1
< 
< /* Define to 1 if you have the <keyutils.h> header file. */
< /* #undef HAVE_KEYUTILS_H */
---
> /* #undef HAVE_KERNEL_SHARE_MODES */
725,727d458
< /* Whether the type krb5_addresses type exists */
< /* #undef HAVE_KRB5_ADDRESSES */
< 
734,754d464
< /* Whether the type krb5_crypto exists */
< /* #undef HAVE_KRB5_CRYPTO */
< 
< /* Define to 1 if you have the `krb5_crypto_destroy' function. */
< /* #undef HAVE_KRB5_CRYPTO_DESTROY */
< 
< /* Define to 1 if you have the `krb5_crypto_init' function. */
< /* #undef HAVE_KRB5_CRYPTO_INIT */
< 
< /* Define to 1 if you have the `krb5_c_enctype_compare' function. */
< /* #undef HAVE_KRB5_C_ENCTYPE_COMPARE */
< 
< /* Define to 1 if you have the `krb5_c_verify_checksum' function. */
< /* #undef HAVE_KRB5_C_VERIFY_CHECKSUM */
< 
< /* Define to 1 if you have the `krb5_decode_ap_req' function. */
< /* #undef HAVE_KRB5_DECODE_AP_REQ */
< 
< /* Whether the type krb5_encrypt_block exists */
< /* #undef HAVE_KRB5_ENCRYPT_BLOCK */
< 
758,760d467
< /* Define to 1 if you have the `krb5_enctypes_compatible_keys' function. */
< /* #undef HAVE_KRB5_ENCTYPES_COMPATIBLE_KEYS */
< 
764,771c471,472
< /* Define to 1 if you have the `krb5_free_error_contents' function. */
< /* #undef HAVE_KRB5_FREE_ERROR_CONTENTS */
< 
< /* Define to 1 if you have the `krb5_free_keytab_entry_contents' function. */
< /* #undef HAVE_KRB5_FREE_KEYTAB_ENTRY_CONTENTS */
< 
< /* Define to 1 if you have the `krb5_free_unparsed_name' function. */
< /* #undef HAVE_KRB5_FREE_UNPARSED_NAME */
---
> /* Define to 1 if you have the `krb5_free_ktypes' function. */
> /* #undef HAVE_KRB5_FREE_KTYPES */
776,788d476
< /* Define to 1 if you have the `krb5_get_init_creds_opt_alloc' function. */
< /* #undef HAVE_KRB5_GET_INIT_CREDS_OPT_ALLOC */
< 
< /* Define to 1 if you have the `krb5_get_init_creds_opt_free' function. */
< /* #undef HAVE_KRB5_GET_INIT_CREDS_OPT_FREE */
< 
< /* Define to 1 if you have the `krb5_get_init_creds_opt_set_pac_request'
<    function. */
< /* #undef HAVE_KRB5_GET_INIT_CREDS_OPT_SET_PAC_REQUEST */
< 
< /* Define to 1 if you have the `krb5_get_kdc_cred' function. */
< /* #undef HAVE_KRB5_GET_KDC_CRED */
< 
795,797d482
< /* Define to 1 if you have the `krb5_get_renewed_creds' function. */
< /* #undef HAVE_KRB5_GET_RENEWED_CREDS */
< 
801,803d485
< /* Whether the krb5_creds struct has a keyblock property */
< /* #undef HAVE_KRB5_KEYBLOCK_IN_CREDS */
< 
813,830d494
< /* Whether KRB5_KEYUSAGE_APP_DATA_CKSUM is available */
< /* #undef HAVE_KRB5_KEYUSAGE_APP_DATA_CKSUM */
< 
< /* Define to 1 if you have the `krb5_krbhst_get_addrinfo' function. */
< /* #undef HAVE_KRB5_KRBHST_GET_ADDRINFO */
< 
< /* Define to 1 if you have the `krb5_krbhst_init' function. */
< /* #undef HAVE_KRB5_KRBHST_INIT */
< 
< /* Define to 1 if you have the `krb5_kt_compare' function. */
< /* #undef HAVE_KRB5_KT_COMPARE */
< 
< /* Define to 1 if you have the `krb5_kt_free_entry' function. */
< /* #undef HAVE_KRB5_KT_FREE_ENTRY */
< 
< /* Whether KRB5_KU_OTHER_CKSUM is available */
< /* #undef HAVE_KRB5_KU_OTHER_CKSUM */
< 
834,836d497
< /* Define to 1 if you have the <krb5/locate_plugin.h> header file. */
< /* #undef HAVE_KRB5_LOCATE_PLUGIN_H */
< 
840,842d500
< /* Define to 1 if you have the `krb5_parse_name_norealm' function. */
< /* #undef HAVE_KRB5_PARSE_NAME_NOREALM */
< 
846,848d503
< /* Define to 1 if you have the `krb5_principal_compare_any_realm' function. */
< /* #undef HAVE_KRB5_PRINCIPAL_COMPARE_ANY_REALM */
< 
852,854d506
< /* Whether the function krb5_principal_get_realm is defined */
< /* #undef HAVE_KRB5_PRINCIPAL_GET_REALM */
< 
858,866d509
< /* Whether the macro krb5_princ_realm is defined */
< /* #undef HAVE_KRB5_PRINC_REALM */
< 
< /* Define to 1 if you have the `krb5_princ_size' function. */
< /* #undef HAVE_KRB5_PRINC_SIZE */
< 
< /* Whether the krb5_creds struct has a session property */
< /* #undef HAVE_KRB5_SESSION_IN_CREDS */
< 
870,872d512
< /* Define to 1 if you have the `krb5_set_default_tgs_enctypes' function. */
< /* #undef HAVE_KRB5_SET_DEFAULT_TGS_ENCTYPES */
< 
891,896d530
< /* Define to 1 if you have the `krb5_verify_checksum' function. */
< /* #undef HAVE_KRB5_VERIFY_CHECKSUM */
< 
< /* Whether the KV5M_KEYTAB option is available */
< /* #undef HAVE_KV5M_KEYTAB */
< 
906,908d539
< /* Support for LDAP/LBER logging interception */
< /* #undef HAVE_LBER_LOG_PRINT_FN */
< 
912,913c543,544
< /* Define to 1 if you have the `ldap_add_result_entry' function. */
< /* #undef HAVE_LDAP_ADD_RESULT_ENTRY */
---
> /* Define to 1 if you have the `ldap_domain2hostlist' function. */
> /* #undef HAVE_LDAP_DOMAIN2HOSTLIST */
927,929d557
< /* Define to 1 if you have the `lgetea' function. */
< /* #undef HAVE_LGETEA */
< 
931c559
< //#define HAVE_LGETXATTR 1
---
> /* #undef HAVE_LGETXATTR */
942,946c570,571
< /* Define to 1 if you have the `exc' library (-lexc). */
< /* #undef HAVE_LIBEXC */
< 
< /* Define to 1 if you have the <libexc.h> header file. */
< /* #undef HAVE_LIBEXC_H */
---
> /* Define to 1 if you have the `dl' library (-ldl). */
> /* #undef HAVE_LIBDL */
948,949c573,574
< /* Define to 1 if you have the `fam' library (-lfam). */
< /* #undef HAVE_LIBFAM */
---
> /* Define to 1 if you have the `gen' library (-lgen). */
> /* #undef HAVE_LIBGEN */
972,974d596
< /* Define to 1 if you have the `nscd' library (-lnscd). */
< /* #undef HAVE_LIBNSCD */
< 
988c610
< //#define HAVE_LIBRESOLV 1
---
> /* #undef HAVE_LIBRESOLV */
992a615,620
> /* Define to 1 if you have the `sec' library (-lsec). */
> /* #undef HAVE_LIBSEC */
> 
> /* Define to 1 if you have the `security' library (-lsecurity). */
> /* #undef HAVE_LIBSECURITY */
> 
999,1010d626
< /* Whether libunwind is available */
< /* #undef HAVE_LIBUNWIND */
< 
< /* Define to 1 if you have the <libunwind.h> header file. */
< /* #undef HAVE_LIBUNWIND_H */
< 
< /* Whether libunwind-ptrace.a is available. */
< /* #undef HAVE_LIBUNWIND_PTRACE */
< 
< /* Define to 1 if you have the <libunwind-ptrace.h> header file. */
< /* #undef HAVE_LIBUNWIND_PTRACE_H */
< 
1017,1025d632
< /* Define to 1 if you have the <linux/inotify.h> header file. */
< //#define HAVE_LINUX_INOTIFY_H 1
< 
< /* Whether the Linux ptrace(2) interface is available. */
< /* #undef HAVE_LINUX_PTRACE */
< 
< /* Whether Linux readahead is available */
< //#define HAVE_LINUX_READAHEAD 1
< 
1027,1030c634
< //#define HAVE_LINUX_XFS_QUOTAS 1
< 
< /* Define to 1 if you have the `listea' function. */
< /* #undef HAVE_LISTEA */
---
> /* #undef HAVE_LINUX_XFS_QUOTAS */
1033,1036c637
< //#define HAVE_LISTXATTR 1
< 
< /* Define to 1 if you have the `llistea' function. */
< /* #undef HAVE_LLISTEA */
---
> /* #undef HAVE_LISTXATTR */
1039c640
< //#define HAVE_LLISTXATTR 1
---
> /* #undef HAVE_LLISTXATTR */
1050,1055d650
< /* Define to 1 if the system has the type `long long'. */
< #define HAVE_LONG_LONG 1
< 
< /* Define to 1 if you have the `lremoveea' function. */
< /* #undef HAVE_LREMOVEEA */
< 
1057c652
< //#define HAVE_LREMOVEXATTR 1
---
> /* #undef HAVE_LREMOVEXATTR */
1062,1064d656
< /* Define to 1 if you have the `lsetea' function. */
< /* #undef HAVE_LSETEA */
< 
1066,1069c658
< //#define HAVE_LSETXATTR 1
< 
< /* Define to 1 if you have the `lstat' function. */
< #define HAVE_LSTAT 1
---
> /* #undef HAVE_LSETXATTR */
1074,1085d662
< /* Whether the krb5_address struct has a magic property */
< /* #undef HAVE_MAGIC_IN_KRB5_ADDRESS */
< 
< /* Whether the macro for makedev is available */
< #define HAVE_MAKEDEV 1
< 
< /* Define to 1 if you have the `memalign' function. */
< #define HAVE_MEMALIGN 1
< 
< /* Define to 1 if you have the `memcpy' function. */
< #define HAVE_MEMCPY 1
< 
1091a669,671
> /* Whether in-memory keytabs are supported */
> /* #undef HAVE_MEMORY_KEYTAB */
> 
1095,1100d674
< /* Define if target mkdir supports mode option */
< #define HAVE_MKDIR_MODE 1
< 
< /* Define to 1 if you have the `mkdtemp' function. */
< #define HAVE_MKDTEMP 1
< 
1110,1115d683
< /* Define to 1 if you have the `mlock' function. */
< #define HAVE_MLOCK 1
< 
< /* Define to 1 if you have the `mlockall' function. */
< #define HAVE_MLOCKALL 1
< 
1117c685
< //#define HAVE_MMAP 1
---
> /* #undef HAVE_MMAP */
1122,1130d689
< /* Define to 1 if you have the `munlock' function. */
< #define HAVE_MUNLOCK 1
< 
< /* Define to 1 if you have the `munlockall' function. */
< #define HAVE_MUNLOCKALL 1
< 
< /* Define to 1 if you have the `nanosleep' function. */
< #define HAVE_NANOSLEEP 1
< 
1137,1142d695
< /* Define to 1 if you have the <netdb.h> header file. */
< #define HAVE_NETDB_H 1
< 
< /* Define to 1 if you have the <netinet/in.h> header file. */
< #define HAVE_NETINET_IN_H 1
< 
1155c708
< /* usability of net/if.h */
---
> /* Define to 1 if you have the <net/if.h> header file. */
1167,1172d719
< /* Whether no asynchronous io support is available */
< #define HAVE_NO_AIO 1
< 
< /* Define to 1 if you have the `nscd_flush_cache' function. */
< /* #undef HAVE_NSCD_FLUSH_CACHE */
< 
1191,1202d737
< /* Define to 1 if you have the `opendir64' function. */
< /* #undef HAVE_OPENDIR64 */
< 
< /* Whether the open(2) accepts O_DIRECT */
< /* #undef HAVE_OPEN_O_DIRECT */
< 
< /* Define to 1 if you have the `pam_get_data' function. */
< /* #undef HAVE_PAM_GET_DATA */
< 
< /* Define to 1 if you have the `pam_vsyslog' function. */
< /* #undef HAVE_PAM_VSYSLOG */
< 
1212,1214d746
< /* Whether we can use SO_PEERCRED to get socket credentials */
< #define HAVE_PEERCRED 1
< 
1221,1228c753,754
< /* Whether POSIX ACLs are available */
< /* #undef HAVE_POSIX_ACLS */
< 
< /* Whether POSIX capabilities are available */
< /* #undef HAVE_POSIX_CAPABILITIES */
< 
< /* Whether posix_fadvise is available */
< #define HAVE_POSIX_FADVISE 1
---
> /* Define to 1 if you have the <poll.h> header file. */
> #define HAVE_POLL_H 1
1230,1234c756,757
< /* Define to 1 if you have the `posix_memalign' function. */
< //#define HAVE_POSIX_MEMALIGN 1
< 
< /* Whether prctl is available */
< #define HAVE_PRCTL 1
---
> /* Whether POSIX ACLs are available */
> /* #define HAVE_POSIX_ACLS 1 */
1242,1245c765
< /* Define to 1 if you have the `printf' function. */
< #define HAVE_PRINTF 1
< 
< /* Whether putprpwnam is available */
---
> /* Define to 1 if you have the `putprpwnam' function. */
1254,1256d773
< /* Define to 1 if you have the <pwd.h> header file. */
< #define HAVE_PWD_H 1
< 
1269c786
< /* #undef HAVE_QUOTACTL_4A */
---
> #define HAVE_QUOTACTL_4A 1
1276c793
< //#define HAVE_QUOTACTL_LINUX 1
---
> /* #undef HAVE_QUOTACTL_LINUX */
1288c805
< #define HAVE_READDIR64 1
---
> /* #undef HAVE_READDIR64 */
1294c811
< //#define HAVE_READLINE_HISTORY_H 1
---
> /* #undef HAVE_READLINE_HISTORY_H */
1297c814
< //#define HAVE_READLINE_READLINE_H 1
---
> /* #undef HAVE_READLINE_READLINE_H */
1305,1307d821
< /* Define to 1 if you have the `removeea' function. */
< /* #undef HAVE_REMOVEEA */
< 
1309c823
< //#define HAVE_REMOVEXATTR 1
---
> /* #undef HAVE_REMOVEXATTR */
1314,1316d827
< /* Define to 1 if you have the `rewinddir64' function. */
< /* #undef HAVE_REWINDDIR64 */
< 
1319a831,833
> /* Whether current user is root */
> /* #undef HAVE_ROOT */
> 
1332,1334d845
< /* Define to 1 if you have the <rpc/nettype.h> header file. */
< /* #undef HAVE_RPC_NETTYPE_H */
< 
1344,1346d854
< /* Define to 1 if you have the <security/pam_ext.h> header file. */
< /* #undef HAVE_SECURITY_PAM_EXT_H */
< 
1353,1355d860
< /* Define to 1 if you have the `seekdir64' function. */
< /* #undef HAVE_SEEKDIR64 */
< 
1360c865
< /* #undef HAVE_SENDFILE */
---
> #define HAVE_SENDFILE 1
1363c868
< //#define HAVE_SENDFILE64 1
---
> /* #undef HAVE_SENDFILE64 */
1374,1379d878
< /* Define to 1 if you have the `setea' function. */
< /* #undef HAVE_SETEA */
< 
< /* Define to 1 if you have the `setegid' function. */
< #define HAVE_SETEGID 1
< 
1383,1388d881
< /* Whether setenv() is available */
< #define HAVE_SETENV_DECL 1
< 
< /* Define to 1 if you have the `seteuid' function. */
< #define HAVE_SETEUID 1
< 
1395,1397d887
< /* Define to 1 if you have the <setjmp.h> header file. */
< #define HAVE_SETJMP_H 1
< 
1411c901
< //#define HAVE_SETNETGRENT 1
---
> #define HAVE_SETNETGRENT 1
1419,1421d908
< /* Define to 1 if you have the `setproplist' function. */
< /* #undef HAVE_SETPROPLIST */
< 
1423c910
< //#define HAVE_SETRESGID 1
---
> /* #undef HAVE_SETRESGID */
1426c913
< //#define HAVE_SETRESGID_DECL 1
---
> /* #undef HAVE_SETRESGID_DECL */
1432c919
< //#define HAVE_SETRESUID_DECL 1
---
> /* #undef HAVE_SETRESUID_DECL */
1441c928
< //#define HAVE_SETXATTR 1
---
> /* #undef HAVE_SETXATTR */
1443c930
< /* Whether set_auth_parameters is available */
---
> /* Define to 1 if you have the `set_auth_parameters' function. */
1447c934
< //#define HAVE_SHADOW_H 1
---
> /* #define HAVE_SHADOW_H 1 */
1455,1457d941
< /* whether krb5_mk_error takes 3 arguments MIT or 9 Heimdal */
< /* #undef HAVE_SHORT_KRB5_MK_ERROR_INTERFACE */
< 
1473,1475d956
< /* Define to 1 if you have the `sizeof_proplist_entry' function. */
< /* #undef HAVE_SIZEOF_PROPLIST_ENTRY */
< 
1482,1484d962
< /* Define to 1 if you have the `socketpair' function. */
< #define HAVE_SOCKETPAIR 1
< 
1500,1502d977
< /* Define to 1 if you have the <standards.h> header file. */
< /* #undef HAVE_STANDARDS_H */
< 
1506,1514d980
< /* whether struct stat has sub-second timestamps without struct timespec */
< //#define HAVE_STAT_HIRES_TIMESTAMPS 1
< 
< /* whether struct stat contains st_atim */
< //#define HAVE_STAT_ST_ATIM 1
< 
< /* whether struct stat contains st_atimensec */
< /* #undef HAVE_STAT_ST_ATIMENSEC */
< 
1521,1535d986
< /* whether struct stat contains st_ctim */
< #define HAVE_STAT_ST_CTIM 1
< 
< /* whether struct stat contains st_ctimensec */
< /* #undef HAVE_STAT_ST_CTIMENSEC */
< 
< /* Whether the stat struct has a st_flags member */
< /* #undef HAVE_STAT_ST_FLAGS */
< 
< /* whether struct stat contains st_mtim */
< #define HAVE_STAT_ST_MTIM 1
< 
< /* whether struct stat contains st_mtimensec */
< /* #undef HAVE_STAT_ST_MTIMENSEC */
< 
1539,1541d989
< /* Define to 1 if you have the <stdbool.h> header file. */
< #define HAVE_STDBOOL_H 1
< 
1543,1546c991
< #define HAVE_STDINT_H 1
< 
< /* Define to 1 if you have the <stdio.h> header file. */
< #define HAVE_STDIO_H 1
---
> /* #undef HAVE_STDINT_H */
1554,1556d998
< /* Define to 1 if you have the `strcasestr' function. */
< #define HAVE_STRCASESTR 1
< 
1593,1607d1034
< /* Define to 1 if you have the `strsignal' function. */
< #define HAVE_STRSIGNAL 1
< 
< /* Define to 1 if you have the `strtok_r' function. */
< #define HAVE_STRTOK_R 1
< 
< /* Define to 1 if you have the `strtol' function. */
< #define HAVE_STRTOL 1
< 
< /* Define to 1 if you have the `strtoll' function. */
< #define HAVE_STRTOLL 1
< 
< /* Define to 1 if you have the `strtoq' function. */
< #define HAVE_STRTOQ 1
< 
1611,1619d1037
< /* Define to 1 if you have the `strtoull' function. */
< #define HAVE_STRTOULL 1
< 
< /* Define to 1 if you have the `strtouq' function. */
< #define HAVE_STRTOUQ 1
< 
< /* Whether the 'DIR64' abstract data type is available */
< /* #undef HAVE_STRUCT_DIR64 */
< 
1621c1039
< #define HAVE_STRUCT_DIRENT64 1
---
> /* #undef HAVE_STRUCT_DIRENT64 */
1626,1631d1043
< /* Define to 1 if `method_attrlist' is member of `struct secmethod_table'. */
< /* #undef HAVE_STRUCT_SECMETHOD_TABLE_METHOD_ATTRLIST */
< 
< /* Define to 1 if `method_version' is member of `struct secmethod_table'. */
< /* #undef HAVE_STRUCT_SECMETHOD_TABLE_METHOD_VERSION */
< 
1633,1636c1045
< //#define HAVE_STRUCT_STAT_ST_RDEV 1
< 
< /* Whether we have struct timespec */
< #define HAVE_STRUCT_TIMESPEC 1
---
> /* #undef HAVE_STRUCT_STAT_ST_RDEV */
1640c1049
< //#define HAVE_ST_RDEV 1
---
> /* #undef HAVE_ST_RDEV */
1644a1054,1056
> /* Define to 1 if you have the `syscall' function. */
> #define HAVE_SYSCALL 1
> 
1658c1070
< /* #undef HAVE_SYS_ACL_H */
---
> /* #define HAVE_SYS_ACL_H 1 */
1663c1075
< /* Whether sys/capability.h is present */
---
> /* Define to 1 if you have the <sys/capability.h> header file. */
1673,1678d1084
< /* Define to 1 if you have the <sys/dmapi.h> header file. */
< /* #undef HAVE_SYS_DMAPI_H */
< 
< /* Define to 1 if you have the <sys/dmi.h> header file. */
< /* #undef HAVE_SYS_DMI_H */
< 
1682,1687d1087
< /* Define to 1 if you have the <sys/ea.h> header file. */
< /* #undef HAVE_SYS_EA_H */
< 
< /* Define to 1 if you have the <sys/extattr.h> header file. */
< /* #undef HAVE_SYS_EXTATTR_H */
< 
1712,1714d1111
< /* Define to 1 if you have the <sys/jfsdmapi.h> header file. */
< /* #undef HAVE_SYS_JFSDMAPI_H */
< 
1731,1733d1127
< /* Define to 1 if you have the <sys/prctl.h> header file. */
< #define HAVE_SYS_PRCTL_H 1
< 
1737,1742d1130
< /* Define to 1 if you have the <sys/proplist.h> header file. */
< /* #undef HAVE_SYS_PROPLIST_H */
< 
< /* Define to 1 if you have the <sys/ptrace.h> header file. */
< /* #undef HAVE_SYS_PTRACE_H */
< 
1744c1132
< //#define HAVE_SYS_QUOTAS 1
---
> /* #undef HAVE_SYS_QUOTAS */
1774c1162
< //#define HAVE_SYS_STAT_H 1
---
> /* #undef HAVE_SYS_STAT_H */
1782,1784d1169
< /* Define to 1 if you have the <sys/sysmacros.h> header file. */
< #define HAVE_SYS_SYSMACROS_H 1
< 
1792,1795c1177
< #define HAVE_SYS_TYPES_H 1
< 
< /* Define to 1 if you have the <sys/uio.h> header file. */
< #define HAVE_SYS_UIO_H 1
---
> /* #undef HAVE_SYS_TYPES_H */
1800,1802d1181
< /* Define to 1 if you have the <sys/un.h> header file. */
< #define HAVE_SYS_UN_H 1
< 
1809,1814d1187
< /* Define to 1 if you have the <sys/xattr.h> header file. */
< #define HAVE_SYS_XATTR_H 1
< 
< /* Define to 1 if you have the `telldir64' function. */
< /* #undef HAVE_TELLDIR64 */
< 
1821,1823d1193
< /* Whether the krb5_ap_req struct has a ticket pointer */
< /* #undef HAVE_TICKET_POINTER_IN_KRB5_AP_REQ */
< 
1827,1829d1196
< /* Define to 1 if you have the <time.h> header file. */
< #define HAVE_TIME_H 1
< 
1851,1853d1217
< /* Define to 1 if you have the `unsetenv' function. */
< #define HAVE_UNSETENV 1
< 
1914,1919d1277
< /* Define to 1 if you have the `uuid_generate' function. */
< /* #undef HAVE_UUID_GENERATE */
< 
< /* Define to 1 if you have the <uuid/uuid.h> header file. */
< /* #undef HAVE_UUID_UUID_H */
< 
1932,1934d1289
< /* Define to 1 if you have the <vararg.h> header file. */
< /* #undef HAVE_VARARG_H */
< 
1939c1294
< //#define HAVE_VASPRINTF_DECL 1
---
> /* #undef HAVE_VASPRINTF_DECL */
1959,1964d1313
< /* Define to 1 if you have the <windows.h> header file. */
< /* #undef HAVE_WINDOWS_H */
< 
< /* Define to 1 if you have the <winsock2.h> header file. */
< /* #undef HAVE_WINSOCK2_H */
< 
1966,1978c1315
< //#define HAVE_WORKING_AF_LOCAL 1
< 
< /* Whether the WRFILE:-keytab is supported */
< /* #undef HAVE_WRFILE_KEYTAB */
< 
< /* Define to 1 if you have the <ws2tcpip.h> header file. */
< /* #undef HAVE_WS2TCPIP_H */
< 
< /* Define to 1 if you have the <xfs/dmapi.h> header file. */
< /* #undef HAVE_XFS_DMAPI_H */
< 
< /* Define to 1 if you have the <xfs/libxfs.h> header file. */
< /* #undef HAVE_XFS_LIBXFS_H */
---
> /* #undef HAVE_WORKING_AF_LOCAL */
1981c1318
< //#define HAVE_XFS_QUOTAS 1
---
> /* #undef HAVE_XFS_QUOTAS */
1989,1991d1325
< /* Whether the _Bool type is available */
< #define HAVE__Bool 1
< 
2017c1351
< #define HAVE__FCNTL 1
---
> /* #undef HAVE__FCNTL */
2030a1365,1367
> /* Define to 1 if you have the `_getdents' function. */
> /* #undef HAVE__GETDENTS */
> 
2085,2087d1421
< /* Whether the __VA_ARGS__ macro is available */
< #define HAVE__VA_ARGS__MACRO 1
< 
2151,2153d1484
< /* Whether __NR_inotify_init() is available */
< //#define HAVE___NR_INOTIFY_INIT_DECL 1
< 
2193,2198d1523
< /* Define to 1 if you have the `__strtoll' function. */
< /* #undef HAVE___STRTOLL */
< 
< /* Define to 1 if you have the `__strtoull' function. */
< /* #undef HAVE___STRTOULL */
< 
2214,2216d1538
< /* Whether there is a __func__ macro */
< /* #undef HAVE_func_MACRO */
< 
2222a1545,1547
> /* Whether to use intel spinlocks */
> /* #undef INTEL_SPINLOCKS */
> 
2229,2240d1553
< /* Whether krb5_get_init_creds_opt_free takes a context argument */
< /* #undef KRB5_CREDS_OPT_FREE_REQUIRES_CONTEXT */
< 
< /* Whether krb5_princ_realm returns krb5_realm or krb5_data */
< /* #undef KRB5_PRINC_REALM_RETURNS_REALM */
< 
< /* Whether the krb5_ticket structure contains the kvno and enctype */
< /* #undef KRB5_TICKET_HAS_KEYINFO */
< 
< /* Number of arguments to krb5_verify_checksum */
< /* #undef KRB5_VERIFY_CHECKSUM_ARGS */
< 
2252a1566,1568
> /* Whether to use mips spinlocks */
> /* #undef MIPS_SPINLOCKS */
> 
2281c1597,1600
< /* #undef POSIX_ACL_NEEDS_MASK */
---
> /* #define POSIX_ACL_NEEDS_MASK 1 */
> 
> /* Whether to use powerpc spinlocks */
> /* #undef POWERPC_SPINLOCKS */
2289,2291d1607
< /* Whether the realpath function allows NULL */
< #define REALPATH_TAKES_NULL 1
< 
2296,2299c1612
< /* #undef REPLACE_GETPASS */
< 
< /* getpass returns <9 chars where getpassphrase returns <265 chars */
< /* #undef REPLACE_GETPASS_BY_GETPASSPHRASE */
---
> #define REPLACE_GETPASS 1
2304,2315d1616
< /* replace readdir */
< /* #undef REPLACE_READDIR */
< 
< /* replace readdir using getdents() */
< /* #undef REPLACE_READDIR_GETDENTS */
< 
< /* replace readdir using getdirentries() */
< /* #undef REPLACE_READDIR_GETDIRENTRIES */
< 
< /* Whether strptime should be replaced */
< /* #undef REPLACE_STRPTIME */
< 
2322,2324d1622
< /* Whether seekdir returns an int */
< /* #undef SEEKDIR_RETURNS_INT */
< 
2328,2336d1625
< /* Shared library extension */
< #define SHLIBEXT "so"
< 
< /* The size of `char', as computed by sizeof. */
< #define SIZEOF_CHAR 1
< 
< /* The size of the 'dev_t' type */
< #define SIZEOF_DEV_T 8
< 
2340c1629
< /* The size of `int', as computed by sizeof. */
---
> /* The size of a `int', as computed by sizeof. */
2343c1632
< /* The size of `long', as computed by sizeof. */
---
> /* The size of a `long', as computed by sizeof. */
2346,2348d1634
< /* The size of `long long', as computed by sizeof. */
< #define SIZEOF_LONG_LONG 8
< 
2352c1638
< /* The size of `short', as computed by sizeof. */
---
> /* The size of a `short', as computed by sizeof. */
2355,2366d1640
< /* The size of `size_t', as computed by sizeof. */
< #define SIZEOF_SIZE_T 4
< 
< /* The size of `ssize_t', as computed by sizeof. */
< #define SIZEOF_SSIZE_T 4
< 
< /* The size of the 'time_t' type */
< /* #undef SIZEOF_TIME_T */
< 
< /* Use socket wrapper library */
< /* #undef SOCKET_WRAPPER */
< 
2369a1644,1646
> /* Whether to use sparc spinlocks */
> /* #undef SPARC_SPINLOCKS */
> 
2387c1664
< /* #undef STAT_STATVFS */
---
> #define STAT_STATVFS 1
2390c1667
< #define STAT_STATVFS64 1
---
> /* #undef STAT_STATVFS64 */
2399c1676,1677
< #define STRING_STATIC_MODULES " pdb_smbpasswd pdb_tdbsam rpc_lsa rpc_reg rpc_lsa_ds rpc_wkssvc rpc_svcctl rpc_ntsvcs rpc_net rpc_netdfs rpc_srv rpc_spoolss rpc_eventlog rpc_samr rpc_echo idmap_tdb idmap_passdb idmap_nss nss_info_template auth_sam auth_unix auth_winbind auth_server auth_domain auth_builtin vfs_default"
---
> #define STRING_STATIC_MODULES " pdb_smbpasswd pdb_tdbsam pdb_guest rpc_lsa rpc_reg rpc_lsa_ds rpc_wks rpc_net rpc_dfs rpc_srv rpc_spoolss rpc_samr idmap_tdb auth_rhosts auth_sam auth_unix auth_winbind auth_server auth_domain auth_builtin"
> 
2408,2411c1686
< #define SYSCONF_SC_NGROUPS_MAX 1
< 
< /* Whether sysconf(_SC_NPROCESSORS_ONLN) is available */
< #define SYSCONF_SC_NPROCESSORS_ONLN 1
---
> /* #undef SYSCONF_SC_NGROUPS_MAX */
2416,2418d1690
< /* Whether sysconf(_SC_PAGESIZE) is available */
< #define SYSCONF_SC_PAGESIZE 1
< 
2422,2424d1693
< /* Whether telldir takes a const pointer */
< /* #undef TELLDIR_TAKES_CONST_DIR */
< 
2434,2436d1702
< /* Whether we should build DMAPI integration components */
< /* #undef USE_DMAPI */
< 
2441c1707
< /* #undef USE_SETRESUID */
---
> #define USE_SETRESUID 1
2444c1710
< #define USE_SETREUID 1
---
> /* #undef USE_SETREUID */
2449,2469c1715,1716
< /* Enable extensions on AIX 3, Interix.  */
< #ifndef _ALL_SOURCE
< # define _ALL_SOURCE 1
< #endif
< /* Enable GNU extensions on systems that have them.  */
< #ifndef _GNU_SOURCE
< # define _GNU_SOURCE 1
< #endif
< /* Enable threading extensions on Solaris.  */
< #ifndef _POSIX_PTHREAD_SEMANTICS
< # define _POSIX_PTHREAD_SEMANTICS 1
< #endif
< /* Enable extensions on HP NonStop.  */
< #ifndef _TANDEM_SOURCE
< # define _TANDEM_SOURCE 1
< #endif
< /* Enable general extensions on Solaris.  */
< #ifndef __EXTENSIONS__
< # define __EXTENSIONS__ 1
< #endif
< 
---
> /* Whether to use spin locks instead of fcntl locks */
> /* #undef USE_SPINLOCKS */
2477,2479d1723
< /* Using asynchronous io */
< /* #undef WITH_AIO */
< 
2483,2488d1726
< /* Whether to build mount.cifs and umount.cifs */
< #define WITH_CIFSMOUNT 1
< 
< /* whether to build cifs.upcall */
< /* #undef WITH_CIFSUPCALL */
< 
2492,2494d1729
< /* Whether to enable DNS Update support */
< /* #undef WITH_DNS_UPDATES */
< 
2497a1733,1735
> /* Whether to include 2.2 compatible LDAP SAM configuration */
> /* #undef WITH_LDAP_SAMCONFIG */
> 
2504,2506d1741
< /* Whether to include PAM MODULES support */
< /* #undef WITH_PAM_MODULES */
< 
2511c1746
< #define WITH_QUOTAS 1
---
> /* #undef WITH_QUOTAS */
2514c1749
< #define WITH_SENDFILE 1
---
> #define WITH_SENDFILE	1
2518a1754,1756
> /* Whether to include smbwrapper support */
> /* #undef WITH_SMBWRAPPER */
> 
2526,2538c1764
< #define WITH_WINBIND 1
< 
< /* Define WORDS_BIGENDIAN to 1 if your processor stores words with the most
<    significant byte first (like Motorola and SPARC, unlike Intel). */
< #if defined AC_APPLE_UNIVERSAL_BUILD
< # if defined __BIG_ENDIAN__
< #  define WORDS_BIGENDIAN 1
< # endif
< #else
< # ifndef WORDS_BIGENDIAN
< /* #  undef WORDS_BIGENDIAN */
< # endif
< #endif
---
> /* #undef WITH_WINBIND */
2540,2541c1766,1768
< /* xattr functions have additional options */
< /* #undef XATTR_ADD_OPT */
---
> /* Define to 1 if your processor stores words with the most significant byte
>    first (like Motorola and SPARC, unlike Intel and VAX). */
> /* #undef WORDS_BIGENDIAN */
2550c1777
< #define _GNU_SOURCE 1
---
> /* #undef _GNU_SOURCE */
2556c1783
< #define _LARGEFILE64_SOURCE 1
---
> /* #undef _LARGEFILE64_SOURCE */
2564,2574d1790
< /* Define to 1 if on MINIX. */
< /* #undef _MINIX */
< 
< #ifndef _OSF_SOURCE
< # define _OSF_SOURCE 1
< #endif
< 
< /* Define to 2 if the system does not provide POSIX.1 features except with
<    this defined. */
< /* #undef _POSIX_1_SOURCE */
< 
2584,2586d1799
< /* Unix 98 sources -- needed for socklen_t in getsockopt on HP/UX 11 */
< #define _XOPEN_SOURCE_EXTENDED 1
< 
2597a1811,1813
> /* Whether to build auth_rhosts as shared module */
> /* #undef auth_rhosts_init */
> 
2601,2603d1816
< /* Whether to build auth_script as shared module */
< #define auth_script_init init_module
< 
2614c1827
< #define charset_CP437_init init_module
---
> /* #undef charset_CP437_init */
2631,2633d1843
< /* Whether to build idmap_ad as shared module */
< /* #undef idmap_ad_init */
< 
2637,2645d1846
< /* Whether to build idmap_nss as shared module */
< /* #undef idmap_nss_init */
< 
< /* Whether to build idmap_passdb as shared module */
< /* #undef idmap_passdb_init */
< 
< /* Whether to build idmap_rid as shared module */
< /* #undef idmap_rid_init */
< 
2649,2651c1850,1851
< /* Define to `__inline__' or `__inline' if that's what the C compiler
<    calls it, or to nothing if 'inline' is not supported under any name.  */
< #ifndef __cplusplus
---
> /* Define as `__inline' if that's what the C compiler calls it, or to nothing
>    if it is not supported. */
2653d1852
< #endif
2658,2672d1856
< /* Define to `short' if <sys/types.h> does not define. */
< /* #undef int16_t */
< 
< /* Define to `long' if <sys/types.h> does not define. */
< /* #undef int32_t */
< 
< /* Define to `long long' if <sys/types.h> does not define. */
< /* #undef int64_t */
< 
< /* Define to `char' if <sys/types.h> does not define. */
< /* #undef int8_t */
< 
< /* Define to `unsigned long' if <sys/types.h> does not define. */
< /* #undef intptr_t */
< 
2679,2682c1863
< /* Whether to build nss_info_template as shared module */
< /* #undef nss_info_template_init */
< 
< /* Define to `long int' if <sys/types.h> does not define. */
---
> /* Define to `long' if <sys/types.h> does not define. */
2687a1869,1871
> /* Whether to build pdb_guest as shared module */
> /* #undef pdb_guest_init */
> 
2690a1875,1880
> /* Whether to build pdb_mysql as shared module */
> /* #undef pdb_mysql_init */
> 
> /* Whether to build pdb_pgsql as shared module */
> /* #undef pdb_pgsql_init */
> 
2696a1887,1889
> /* Whether to build pdb_xml as shared module */
> /* #undef pdb_xml_init */
> 
2700,2701c1893,1894
< /* Define to `unsigned long long' if <sys/types.h> does not define. */
< /* #undef ptrdiff_t */
---
> /* Whether to build rpc_dfs as shared module */
> /* #undef rpc_dfs_init */
2706,2708d1898
< /* Whether to build rpc_eventlog as shared module */
< /* #undef rpc_eventlog_init */
< 
2718,2723d1907
< /* Whether to build rpc_netdfs as shared module */
< /* #undef rpc_netdfs_init */
< 
< /* Whether to build rpc_ntsvcs as shared module */
< /* #undef rpc_ntsvcs_init */
< 
2736,2737c1920,1921
< /* Whether to build rpc_svcctl as shared module */
< /* #undef rpc_svcctl_init */
---
> /* Whether to build rpc_wks as shared module */
> /* #undef rpc_wks_init */
2739,2742c1923
< /* Whether to build rpc_wkssvc as shared module */
< /* #undef rpc_wkssvc_init */
< 
< /* Define to `unsigned int' if <sys/types.h> does not define. */
---
> /* Define to `unsigned' if <sys/types.h> does not define. */
2745,2747d1925
< /* Socket length type */
< /* #undef socklen_t */
< 
2751,2771d1928
< /* Decl of Static init functions */
< #define static_decl_auth extern NTSTATUS auth_sam_init(void); extern NTSTATUS auth_unix_init(void); extern NTSTATUS auth_winbind_init(void); extern NTSTATUS auth_server_init(void); extern NTSTATUS auth_domain_init(void); extern NTSTATUS auth_builtin_init(void);
< 
< /* Decl of Static init functions */
< #define static_decl_charset 
< 
< /* Decl of Static init functions */
< #define static_decl_idmap extern NTSTATUS idmap_tdb_init(void); extern NTSTATUS idmap_passdb_init(void); extern NTSTATUS idmap_nss_init(void);
< 
< /* Decl of Static init functions */
< #define static_decl_nss_info extern NTSTATUS nss_info_template_init(void);
< 
< /* Decl of Static init functions */
< #define static_decl_pdb extern NTSTATUS pdb_smbpasswd_init(void); extern NTSTATUS pdb_tdbsam_init(void);
< 
< /* Decl of Static init functions */
< #define static_decl_rpc extern NTSTATUS rpc_lsa_init(void); extern NTSTATUS rpc_reg_init(void); extern NTSTATUS rpc_lsa_ds_init(void); extern NTSTATUS rpc_wkssvc_init(void); extern NTSTATUS rpc_svcctl_init(void); extern NTSTATUS rpc_ntsvcs_init(void); extern NTSTATUS rpc_net_init(void); extern NTSTATUS rpc_netdfs_init(void); extern NTSTATUS rpc_srv_init(void); extern NTSTATUS rpc_spoolss_init(void); extern NTSTATUS rpc_eventlog_init(void); extern NTSTATUS rpc_samr_init(void); extern NTSTATUS rpc_echo_init(void);
< 
< /* Decl of Static init functions */
< #define static_decl_vfs extern NTSTATUS vfs_default_init(void);
< 
2773c1930
< #define static_init_auth {  auth_sam_init();  auth_unix_init();  auth_winbind_init();  auth_server_init();  auth_domain_init();  auth_builtin_init();}
---
> #define static_init_auth { auth_rhosts_init(); auth_sam_init(); auth_unix_init(); auth_winbind_init(); auth_server_init(); auth_domain_init(); auth_builtin_init();}
2779c1936
< #define static_init_idmap {  idmap_tdb_init();  idmap_passdb_init();  idmap_nss_init();}
---
> #define static_init_idmap { idmap_tdb_init();}
2782c1939
< #define static_init_nss_info {  nss_info_template_init();}
---
> #define static_init_pdb { pdb_smbpasswd_init(); pdb_tdbsam_init(); pdb_guest_init();} 
2785c1942
< #define static_init_pdb {  pdb_smbpasswd_init();  pdb_tdbsam_init();}
---
> #define static_init_rpc { rpc_lsa_init(); rpc_reg_init(); rpc_lsa_ds_init(); rpc_wks_init(); rpc_net_init(); rpc_dfs_init(); rpc_srv_init(); rpc_spoolss_init(); rpc_samr_init();}
2788,2791c1945
< #define static_init_rpc {  rpc_lsa_init();  rpc_reg_init();  rpc_lsa_ds_init();  rpc_wkssvc_init();  rpc_svcctl_init();  rpc_ntsvcs_init();  rpc_net_init();  rpc_netdfs_init();  rpc_srv_init();  rpc_spoolss_init();  rpc_eventlog_init();  rpc_samr_init();  rpc_echo_init();}
< 
< /* Static init functions */
< #define static_init_vfs {  vfs_default_init();}
---
> #define static_init_vfs {} 
2796,2819d1949
< /* Define to `unsigned short' if <sys/types.h> does not define. */
< /* #undef uint16_t */
< 
< /* Define to `unsigned long' if <sys/types.h> does not define. */
< /* #undef uint32_t */
< 
< /* Define to `unsigned long long' if <sys/types.h> does not define. */
< /* #undef uint64_t */
< 
< /* Define to `unsigned char' if <sys/types.h> does not define. */
< /* #undef uint8_t */
< 
< /* Define to `unsigned int' if <sys/types.h> does not define. */
< #define uint_t unsigned int
< 
< /* Whether to build vfs_afsacl as shared module */
< /* #undef vfs_afsacl_init */
< 
< /* Whether to build vfs_aixacl2 as shared module */
< /* #undef vfs_aixacl2_init */
< 
< /* Whether to build vfs_aixacl as shared module */
< /* #undef vfs_aixacl_init */
< 
2821,2824c1951,1952
< //#define vfs_audit_init init_module
< 
< /* Whether to build vfs_cacheprime as shared module */
< /* #undef vfs_cacheprime_init */
---
> /* #define vfs_audit_init init_module */
> /* #undef vfs_audit_init */
2827,2833c1955,1956
< //#define vfs_cap_init init_module
< 
< /* Whether to build vfs_catia as shared module */
< /* #undef vfs_catia_init */
< 
< /* Whether to build vfs_commit as shared module */
< /* #undef vfs_commit_init */
---
> /* #define vfs_cap_init init_module */
> /* #undef vfs_cap_init */
2835,2836d1957
< /* Whether to build vfs_default as shared module */
< /* #undef vfs_default_init */
2839,2842c1960,1961
< //#define vfs_default_quota_init init_module
< 
< /* Whether to build vfs_expand_msdfs as shared module */
< #define vfs_expand_msdfs_init init_module
---
> /* #define vfs_default_quota_init init_module */
> /* #undef vfs_default_quota_init */
2845c1964,1965
< //#define vfs_extd_audit_init init_module
---
> /* #define vfs_extd_audit_init init_module */
> /* #undef vfs_extd_audit_init */
2848,2860c1968,1969
< //#define vfs_fake_perms_init init_module
< 
< /* Whether to build vfs_full_audit as shared module */
< #define vfs_full_audit_init init_module
< 
< /* Whether to build vfs_gpfs as shared module */
< /* #undef vfs_gpfs_init */
< 
< /* Whether to build vfs_hpuxacl as shared module */
< /* #undef vfs_hpuxacl_init */
< 
< /* Whether to build vfs_irixacl as shared module */
< /* #undef vfs_irixacl_init */
---
> /* #define vfs_fake_perms_init init_module */
> /* #undef vfs_fake_perms_init */
2863,2875c1972,1973
< //#define vfs_netatalk_init init_module
< 
< /* Whether to build vfs_notify_fam as shared module */
< /* #undef vfs_notify_fam_init */
< 
< /* Whether to build vfs_posixacl as shared module */
< /* #undef vfs_posixacl_init */
< 
< /* Whether to build vfs_prealloc as shared module */
< /* #undef vfs_prealloc_init */
< 
< /* Whether to build vfs_readahead as shared module */
< #define vfs_readahead_init init_module
---
> /* #define vfs_netatalk_init init_module */
> /* #undef vfs_netatalk_init */
2878c1976,1977
< //#define vfs_readonly_init init_module
---
> /* #define vfs_readonly_init init_module */
> /* #undef vfs_readonly_init */
2881,2890c1980,1981
< //#define vfs_recycle_init init_module
< 
< /* Whether to build vfs_shadow_copy as shared module */
< #define vfs_shadow_copy_init init_module
< 
< /* Whether to build vfs_solarisacl as shared module */
< /* #undef vfs_solarisacl_init */
< 
< /* Whether to build vfs_tru64acl as shared module */
< /* #undef vfs_tru64acl_init */
---
> /* #define vfs_recycle_init init_module */
> /* #undef vfs_recycle_init */
