This file contains any messages produced by compilers while
running configure, to aid debugging if configure makes a mistake.

It was created by configure, which was
generated by GNU Autoconf 2.61.  Invocation command line was

  $ ./configure --host=mips CC=/opt/buildroot-gcc342/bin/mipsel-linux-uclibc-gcc

## --------- ##
## Platform. ##
## --------- ##

hostname = localhost.localdomain
uname -m = i686
uname -r = 2.6.32-279.el6.i686
uname -s = Linux
uname -v = #1 SMP Fri Jun 22 10:59:55 UTC 2012

/usr/bin/uname -p = unknown
/bin/uname -X     = unknown

/bin/arch              = i686
/usr/bin/arch -k       = unknown
/usr/convex/getsysinfo = unknown
/usr/bin/hostinfo      = unknown
/bin/machine           = unknown
/usr/bin/oslevel       = unknown
/bin/universe          = unknown

PATH: /usr/lib/qt-3.3/bin
PATH: /usr/local/bin
PATH: /bin
PATH: /usr/bin
PATH: /usr/local/sbin
PATH: /usr/sbin
PATH: /sbin
PATH: /data3/guo.deyuan/bin


## ----------- ##
## Core tests. ##
## ----------- ##

configure:1965: checking for mips-gcc
configure:1992: result: /opt/buildroot-gcc342/bin/mipsel-linux-uclibc-gcc
configure:2270: checking for C compiler version
configure:2277: /opt/buildroot-gcc342/bin/mipsel-linux-uclibc-gcc --version >&5
mipsel-linux-uclibc-gcc (GCC) 3.4.2
Copyright (C) 2004 Free Software Foundation, Inc.
This is free software; see the source for copying conditions.  There is NO
warranty; not even for MERCHANTABILITY or FITNESS FOR A PARTICULAR PURPOSE.

configure:2280: $? = 0
configure:2287: /opt/buildroot-gcc342/bin/mipsel-linux-uclibc-gcc -v >&5
Reading specs from /opt/buildroot-gcc342/bin/../lib/gcc/mipsel-linux-uclibc/3.4.2/specs
Configured with: /home/winfred/RT288x_SDK/toolchain/buildroot/toolchain_build_mipsel/gcc-3.4.2/configure --prefix=/home/winfred/RT288x_SDK/toolchain/buildroot-gdb --build=i386-pc-linux-gnu --host=i386-pc-linux-gnu --target=mipsel-linux-uclibc --enable-languages=c,c++ --disable-__cxa_atexit --enable-target-optspace --with-gnu-ld --disable-shared --disable-nls --enable-threads --enable-multilib --enable-sjlj-exceptions : (reconfigured) /home/winfred/RT288x_SDK/toolchain/buildroot/toolchain_build_mipsel/gcc-3.4.2/configure --prefix=/home/winfred/RT288x_SDK/toolchain/buildroot-gdb --build=i386-pc-linux-gnu --host=i386-pc-linux-gnu --target=mipsel-linux-uclibc --enable-languages=c,c++ --disable-__cxa_atexit --enable-target-optspace --with-gnu-ld --disable-shared --disable-nls --enable-threads --enable-multilib --enable-sjlj-exceptions
Thread model: posix
gcc version 3.4.2
configure:2290: $? = 0
configure:2297: /opt/buildroot-gcc342/bin/mipsel-linux-uclibc-gcc -V >&5
mipsel-linux-uclibc-gcc: `-V' option must have argument
configure:2300: $? = 1
configure:2323: checking for C compiler default output file name
configure:2350: /opt/buildroot-gcc342/bin/mipsel-linux-uclibc-gcc    conftest.c  >&5
configure:2353: $? = 0
configure:2391: result: a.out
configure:2408: checking whether the C compiler works
configure:2418: ./a.out
./configure: line 2419: ./a.out: cannot execute binary file
configure:2421: $? = 126
configure:2438: result: yes
configure:2445: checking whether we are cross compiling
configure:2447: result: yes
configure:2450: checking for suffix of executables
configure:2457: /opt/buildroot-gcc342/bin/mipsel-linux-uclibc-gcc -o conftest    conftest.c  >&5
configure:2460: $? = 0
configure:2484: result: 
configure:2490: checking for suffix of object files
configure:2516: /opt/buildroot-gcc342/bin/mipsel-linux-uclibc-gcc -c   conftest.c >&5
configure:2519: $? = 0
configure:2542: result: o
configure:2546: checking whether we are using the GNU C compiler
configure:2575: /opt/buildroot-gcc342/bin/mipsel-linux-uclibc-gcc -c   conftest.c >&5
configure:2581: $? = 0
configure:2598: result: yes
configure:2603: checking whether /opt/buildroot-gcc342/bin/mipsel-linux-uclibc-gcc accepts -g
configure:2633: /opt/buildroot-gcc342/bin/mipsel-linux-uclibc-gcc -c -g  conftest.c >&5
configure:2639: $? = 0
configure:2738: result: yes
configure:2755: checking for /opt/buildroot-gcc342/bin/mipsel-linux-uclibc-gcc option to accept ISO C89
configure:2829: /opt/buildroot-gcc342/bin/mipsel-linux-uclibc-gcc  -c -g -O2  conftest.c >&5
configure:2835: $? = 0
configure:2858: result: none needed
configure:2890: checking for mips-g++
configure:2920: result: no
configure:2890: checking for mips-c++
configure:2920: result: no
configure:2890: checking for mips-gpp
configure:2920: result: no
configure:2890: checking for mips-aCC
configure:2920: result: no
configure:2890: checking for mips-CC
configure:2920: result: no
configure:2890: checking for mips-cxx
configure:2920: result: no
configure:2890: checking for mips-cc++
configure:2920: result: no
configure:2890: checking for mips-cl.exe
configure:2920: result: no
configure:2890: checking for mips-FCC
configure:2920: result: no
configure:2890: checking for mips-KCC
configure:2920: result: no
configure:2890: checking for mips-RCC
configure:2920: result: no
configure:2890: checking for mips-xlC_r
configure:2920: result: no
configure:2890: checking for mips-xlC
configure:2920: result: no
configure:2934: checking for g++
configure:2950: found /usr/bin/g++
configure:2961: result: g++
configure:2979: WARNING: In the future, Autoconf will not detect cross-tools
whose name does not start with the host triplet.  If you think this
configuration is useful to you, please write to autoconf@gnu.org.
configure:2992: checking for C++ compiler version
configure:2999: g++ --version >&5
g++ (GCC) 4.4.7 20120313 (Red Hat 4.4.7-3)
Copyright (C) 2010 Free Software Foundation, Inc.
This is free software; see the source for copying conditions.  There is NO
warranty; not even for MERCHANTABILITY or FITNESS FOR A PARTICULAR PURPOSE.

configure:3002: $? = 0
configure:3009: g++ -v >&5
Using built-in specs.
Target: i686-redhat-linux
Configured with: ../configure --prefix=/usr --mandir=/usr/share/man --infodir=/usr/share/info --with-bugurl=http://bugzilla.redhat.com/bugzilla --enable-bootstrap --enable-shared --enable-threads=posix --enable-checking=release --with-system-zlib --enable-__cxa_atexit --disable-libunwind-exceptions --enable-gnu-unique-object --enable-languages=c,c++,objc,obj-c++,java,fortran,ada --enable-java-awt=gtk --disable-dssi --with-java-home=/usr/lib/jvm/java-1.5.0-gcj-1.5.0.0/jre --enable-libgcj-multifile --enable-java-maintainer-mode --with-ecj-jar=/usr/share/java/eclipse-ecj.jar --disable-libjava-multilib --with-ppl --with-cloog --with-tune=generic --with-arch=i686 --build=i686-redhat-linux
Thread model: posix
gcc version 4.4.7 20120313 (Red Hat 4.4.7-3) (GCC) 
configure:3012: $? = 0
configure:3019: g++ -V >&5
g++: '-V' option must have argument
configure:3022: $? = 1
configure:3025: checking whether we are using the GNU C++ compiler
configure:3054: g++ -c   conftest.cpp >&5
configure:3060: $? = 0
configure:3077: result: yes
configure:3082: checking whether g++ accepts -g
configure:3112: g++ -c -g  conftest.cpp >&5
configure:3118: $? = 0
configure:3217: result: yes
configure:3267: checking for a BSD-compatible install
configure:3323: result: /usr/bin/install -c
configure:3334: checking whether build environment is sane
configure:3377: result: yes
configure:3392: checking whether make sets $(MAKE)
configure:3413: result: yes
configure:3445: checking for working aclocal-1.4
configure:3456: result: missing
configure:3460: checking for working autoconf
configure:3467: result: found
configure:3475: checking for working automake-1.4
configure:3486: result: missing
configure:3490: checking for working autoheader
configure:3497: result: found
configure:3505: checking for working makeinfo
configure:3512: result: found
configure:3523: checking whether to enable maintainer-specific portions of Makefiles
configure:3532: result: no
configure:3560: checking for a BSD-compatible install
configure:3616: result: /usr/bin/install -c
configure:3708: checking build system type
configure:3726: result: i686-pc-linux-gnu
configure:3748: checking host system type
configure:3763: result: mips-unknown-elf
configure:3785: checking for a sed that does not truncate output
configure:3841: result: /bin/sed
configure:3844: checking for grep that handles long lines and -e
configure:3918: result: /bin/grep
configure:3923: checking for egrep
configure:4001: result: /bin/grep -E
configure:4017: checking for ld used by /opt/buildroot-gcc342/bin/mipsel-linux-uclibc-gcc
configure:4084: result: /opt/buildroot-gcc342/mipsel-linux-uclibc/bin/ld
configure:4093: checking if the linker (/opt/buildroot-gcc342/mipsel-linux-uclibc/bin/ld) is GNU ld
configure:4108: result: yes
configure:4113: checking for /opt/buildroot-gcc342/mipsel-linux-uclibc/bin/ld option to reload object files
configure:4120: result: -r
configure:4138: checking for BSD-compatible nm
configure:4187: result: nm
configure:4191: checking whether ln -s works
configure:4195: result: yes
configure:4202: checking how to recognize dependent libraries
configure:4388: result: unknown
configure:4633: checking how to run the C preprocessor
configure:4673: /opt/buildroot-gcc342/bin/mipsel-linux-uclibc-gcc -E  conftest.c
configure:4679: $? = 0
configure:4710: /opt/buildroot-gcc342/bin/mipsel-linux-uclibc-gcc -E  conftest.c
conftest.c:10:28: ac_nonexistent.h: No such file or directory
configure:4716: $? = 1
configure: failed program was:
| /* confdefs.h.  */
| #define PACKAGE_NAME ""
| #define PACKAGE_TARNAME ""
| #define PACKAGE_VERSION ""
| #define PACKAGE_STRING ""
| #define PACKAGE_BUGREPORT ""
| #define PACKAGE "wifidog"
| #define VERSION "20090925"
| /* end confdefs.h.  */
| #include <ac_nonexistent.h>
configure:4749: result: /opt/buildroot-gcc342/bin/mipsel-linux-uclibc-gcc -E
configure:4778: /opt/buildroot-gcc342/bin/mipsel-linux-uclibc-gcc -E  conftest.c
configure:4784: $? = 0
configure:4815: /opt/buildroot-gcc342/bin/mipsel-linux-uclibc-gcc -E  conftest.c
conftest.c:10:28: ac_nonexistent.h: No such file or directory
configure:4821: $? = 1
configure: failed program was:
| /* confdefs.h.  */
| #define PACKAGE_NAME ""
| #define PACKAGE_TARNAME ""
| #define PACKAGE_VERSION ""
| #define PACKAGE_STRING ""
| #define PACKAGE_BUGREPORT ""
| #define PACKAGE "wifidog"
| #define VERSION "20090925"
| /* end confdefs.h.  */
| #include <ac_nonexistent.h>
configure:4859: checking for ANSI C header files
configure:4889: /opt/buildroot-gcc342/bin/mipsel-linux-uclibc-gcc -c -g -O2  conftest.c >&5
configure:4895: $? = 0
configure:5023: result: yes
configure:5047: checking for sys/types.h
configure:5068: /opt/buildroot-gcc342/bin/mipsel-linux-uclibc-gcc -c -g -O2  conftest.c >&5
configure:5074: $? = 0
configure:5090: result: yes
configure:5047: checking for sys/stat.h
configure:5068: /opt/buildroot-gcc342/bin/mipsel-linux-uclibc-gcc -c -g -O2  conftest.c >&5
configure:5074: $? = 0
configure:5090: result: yes
configure:5047: checking for stdlib.h
configure:5068: /opt/buildroot-gcc342/bin/mipsel-linux-uclibc-gcc -c -g -O2  conftest.c >&5
configure:5074: $? = 0
configure:5090: result: yes
configure:5047: checking for string.h
configure:5068: /opt/buildroot-gcc342/bin/mipsel-linux-uclibc-gcc -c -g -O2  conftest.c >&5
configure:5074: $? = 0
configure:5090: result: yes
configure:5047: checking for memory.h
configure:5068: /opt/buildroot-gcc342/bin/mipsel-linux-uclibc-gcc -c -g -O2  conftest.c >&5
configure:5074: $? = 0
configure:5090: result: yes
configure:5047: checking for strings.h
configure:5068: /opt/buildroot-gcc342/bin/mipsel-linux-uclibc-gcc -c -g -O2  conftest.c >&5
configure:5074: $? = 0
configure:5090: result: yes
configure:5047: checking for inttypes.h
configure:5068: /opt/buildroot-gcc342/bin/mipsel-linux-uclibc-gcc -c -g -O2  conftest.c >&5
configure:5074: $? = 0
configure:5090: result: yes
configure:5047: checking for stdint.h
configure:5068: /opt/buildroot-gcc342/bin/mipsel-linux-uclibc-gcc -c -g -O2  conftest.c >&5
configure:5074: $? = 0
configure:5090: result: yes
configure:5047: checking for unistd.h
configure:5068: /opt/buildroot-gcc342/bin/mipsel-linux-uclibc-gcc -c -g -O2  conftest.c >&5
configure:5074: $? = 0
configure:5090: result: yes
configure:5117: checking dlfcn.h usability
configure:5134: /opt/buildroot-gcc342/bin/mipsel-linux-uclibc-gcc -c -g -O2  conftest.c >&5
configure:5140: $? = 0
configure:5154: result: yes
configure:5158: checking dlfcn.h presence
configure:5173: /opt/buildroot-gcc342/bin/mipsel-linux-uclibc-gcc -E  conftest.c
configure:5179: $? = 0
configure:5193: result: yes
configure:5221: checking for dlfcn.h
configure:5229: result: yes
configure:5252: checking how to run the C++ preprocessor
configure:5288: g++ -E  conftest.cpp
configure:5294: $? = 0
configure:5325: g++ -E  conftest.cpp
conftest.cpp:21:28: error: ac_nonexistent.h: No such file or directory
configure:5331: $? = 1
configure: failed program was:
| /* confdefs.h.  */
| #define PACKAGE_NAME ""
| #define PACKAGE_TARNAME ""
| #define PACKAGE_VERSION ""
| #define PACKAGE_STRING ""
| #define PACKAGE_BUGREPORT ""
| #define PACKAGE "wifidog"
| #define VERSION "20090925"
| #define STDC_HEADERS 1
| #define HAVE_SYS_TYPES_H 1
| #define HAVE_SYS_STAT_H 1
| #define HAVE_STDLIB_H 1
| #define HAVE_STRING_H 1
| #define HAVE_MEMORY_H 1
| #define HAVE_STRINGS_H 1
| #define HAVE_INTTYPES_H 1
| #define HAVE_STDINT_H 1
| #define HAVE_UNISTD_H 1
| #define HAVE_DLFCN_H 1
| /* end confdefs.h.  */
| #include <ac_nonexistent.h>
configure:5364: result: g++ -E
configure:5393: g++ -E  conftest.cpp
configure:5399: $? = 0
configure:5430: g++ -E  conftest.cpp
conftest.cpp:21:28: error: ac_nonexistent.h: No such file or directory
configure:5436: $? = 1
configure: failed program was:
| /* confdefs.h.  */
| #define PACKAGE_NAME ""
| #define PACKAGE_TARNAME ""
| #define PACKAGE_VERSION ""
| #define PACKAGE_STRING ""
| #define PACKAGE_BUGREPORT ""
| #define PACKAGE "wifidog"
| #define VERSION "20090925"
| #define STDC_HEADERS 1
| #define HAVE_SYS_TYPES_H 1
| #define HAVE_SYS_STAT_H 1
| #define HAVE_STDLIB_H 1
| #define HAVE_STRING_H 1
| #define HAVE_MEMORY_H 1
| #define HAVE_STRINGS_H 1
| #define HAVE_INTTYPES_H 1
| #define HAVE_STDINT_H 1
| #define HAVE_UNISTD_H 1
| #define HAVE_DLFCN_H 1
| /* end confdefs.h.  */
| #include <ac_nonexistent.h>
configure:5485: checking for mips-g77
configure:5515: result: no
configure:5485: checking for mips-xlf
configure:5515: result: no
configure:5485: checking for mips-f77
configure:5515: result: no
configure:5485: checking for mips-frt
configure:5515: result: no
configure:5485: checking for mips-pgf77
configure:5515: result: no
configure:5485: checking for mips-cf77
configure:5515: result: no
configure:5485: checking for mips-fort77
configure:5515: result: no
configure:5485: checking for mips-fl32
configure:5515: result: no
configure:5485: checking for mips-af77
configure:5515: result: no
configure:5485: checking for mips-xlf90
configure:5515: result: no
configure:5485: checking for mips-f90
configure:5515: result: no
configure:5485: checking for mips-pgf90
configure:5515: result: no
configure:5485: checking for mips-pghpf
configure:5515: result: no
configure:5485: checking for mips-epcf90
configure:5515: result: no
configure:5485: checking for mips-gfortran
configure:5515: result: no
configure:5485: checking for mips-g95
configure:5515: result: no
configure:5485: checking for mips-xlf95
configure:5515: result: no
configure:5485: checking for mips-f95
configure:5515: result: no
configure:5485: checking for mips-fort
configure:5515: result: no
configure:5485: checking for mips-ifort
configure:5515: result: no
configure:5485: checking for mips-ifc
configure:5515: result: no
configure:5485: checking for mips-efc
configure:5515: result: no
configure:5485: checking for mips-pgf95
configure:5515: result: no
configure:5485: checking for mips-lf95
configure:5515: result: no
configure:5485: checking for mips-ftn
configure:5515: result: no
configure:5529: checking for g77
configure:5559: result: no
configure:5529: checking for xlf
configure:5559: result: no
configure:5529: checking for f77
configure:5559: result: no
configure:5529: checking for frt
configure:5559: result: no
configure:5529: checking for pgf77
configure:5559: result: no
configure:5529: checking for cf77
configure:5559: result: no
configure:5529: checking for fort77
configure:5559: result: no
configure:5529: checking for fl32
configure:5559: result: no
configure:5529: checking for af77
configure:5559: result: no
configure:5529: checking for xlf90
configure:5559: result: no
configure:5529: checking for f90
configure:5559: result: no
configure:5529: checking for pgf90
configure:5559: result: no
configure:5529: checking for pghpf
configure:5559: result: no
configure:5529: checking for epcf90
configure:5559: result: no
configure:5529: checking for gfortran
configure:5545: found /usr/bin/gfortran
configure:5556: result: gfortran
configure:5586: checking for Fortran 77 compiler version
configure:5593: gfortran --version >&5
GNU Fortran (GCC) 4.4.7 20120313 (Red Hat 4.4.7-3)
Copyright (C) 2010 Free Software Foundation, Inc.

GNU Fortran comes with NO WARRANTY, to the extent permitted by law.
You may redistribute copies of GNU Fortran
under the terms of the GNU General Public License.
For more information about these matters, see the file named COPYING

configure:5596: $? = 0
configure:5603: gfortran -v >&5
Using built-in specs.
Target: i686-redhat-linux
Configured with: ../configure --prefix=/usr --mandir=/usr/share/man --infodir=/usr/share/info --with-bugurl=http://bugzilla.redhat.com/bugzilla --enable-bootstrap --enable-shared --enable-threads=posix --enable-checking=release --with-system-zlib --enable-__cxa_atexit --disable-libunwind-exceptions --enable-gnu-unique-object --enable-languages=c,c++,objc,obj-c++,java,fortran,ada --enable-java-awt=gtk --disable-dssi --with-java-home=/usr/lib/jvm/java-1.5.0-gcj-1.5.0.0/jre --enable-libgcj-multifile --enable-java-maintainer-mode --with-ecj-jar=/usr/share/java/eclipse-ecj.jar --disable-libjava-multilib --with-ppl --with-cloog --with-tune=generic --with-arch=i686 --build=i686-redhat-linux
Thread model: posix
gcc version 4.4.7 20120313 (Red Hat 4.4.7-3) (GCC) 
configure:5606: $? = 0
configure:5613: gfortran -V >&5
gfortran: '-V' option must have argument
configure:5616: $? = 1
configure:5624: checking whether we are using the GNU Fortran 77 compiler
configure:5643: gfortran -c  conftest.F >&5
configure:5649: $? = 0
configure:5666: result: yes
configure:5672: checking whether gfortran accepts -g
configure:5689: gfortran -c -g conftest.f >&5
configure:5695: $? = 0
configure:5711: result: yes
configure:5740: checking the maximum length of command line arguments
configure:5852: result: 1966080
configure:5864: checking command to parse nm output from /opt/buildroot-gcc342/bin/mipsel-linux-uclibc-gcc object
configure:5969: /opt/buildroot-gcc342/bin/mipsel-linux-uclibc-gcc -c -g -O2  conftest.c >&5
configure:5972: $? = 0
configure:5976: nm conftest.o \| sed -n -e 's/^.*[ 	]\([ABCDGIRSTW][ABCDGIRSTW]*\)[ 	][ 	]*\([_A-Za-z][_A-Za-z0-9]*\)$/\1 \2 \2/p' \> conftest.nm
configure:5979: $? = 0
configure:6031: /opt/buildroot-gcc342/bin/mipsel-linux-uclibc-gcc -o conftest -g -O2   conftest.c conftstm.o >&5
configure:6034: $? = 0
configure:6072: result: ok
configure:6076: checking for objdir
configure:6091: result: .libs
configure:6143: checking for mips-ar
configure:6173: result: no
configure:6183: checking for ar
configure:6199: found /usr/bin/ar
configure:6210: result: ar
configure:6239: checking for mips-ranlib
configure:6269: result: no
configure:6279: checking for ranlib
configure:6295: found /usr/bin/ranlib
configure:6306: result: ranlib
configure:6335: checking for mips-strip
configure:6365: result: no
configure:6375: checking for strip
configure:6391: found /usr/bin/strip
configure:6402: result: strip
configure:7000: checking if /opt/buildroot-gcc342/bin/mipsel-linux-uclibc-gcc supports -fno-rtti -fno-exceptions
configure:7018: /opt/buildroot-gcc342/bin/mipsel-linux-uclibc-gcc -c -g -O2  -fno-rtti -fno-exceptions conftest.c >&5
cc1: warning: command line option "-fno-rtti" is valid for C++/ObjC++ but not for C
configure:7022: $? = 0
configure:7035: result: no
configure:7050: checking for /opt/buildroot-gcc342/bin/mipsel-linux-uclibc-gcc option to produce PIC
configure:7282: result: -fPIC
configure:7290: checking if /opt/buildroot-gcc342/bin/mipsel-linux-uclibc-gcc PIC flag -fPIC works
configure:7308: /opt/buildroot-gcc342/bin/mipsel-linux-uclibc-gcc -c -g -O2  -fPIC -DPIC conftest.c >&5
configure:7312: $? = 0
configure:7325: result: yes
configure:7353: checking if /opt/buildroot-gcc342/bin/mipsel-linux-uclibc-gcc static flag -static works
configure:7381: result: yes
configure:7391: checking if /opt/buildroot-gcc342/bin/mipsel-linux-uclibc-gcc supports -c -o file.o
configure:7412: /opt/buildroot-gcc342/bin/mipsel-linux-uclibc-gcc -c -g -O2  -o out/conftest2.o conftest.c >&5
configure:7416: $? = 0
configure:7438: result: yes
configure:7464: checking whether the /opt/buildroot-gcc342/bin/mipsel-linux-uclibc-gcc linker (/opt/buildroot-gcc342/mipsel-linux-uclibc/bin/ld) supports shared libraries
configure:8445: result: yes
configure:8466: checking whether -lc should be explicitly linked in
configure:8471: /opt/buildroot-gcc342/bin/mipsel-linux-uclibc-gcc -c -g -O2  conftest.c >&5
configure:8474: $? = 0
configure:8489: /opt/buildroot-gcc342/bin/mipsel-linux-uclibc-gcc -shared conftest.o  -v -Wl,-soname -Wl,conftest -o conftest 2\>\&1 \| grep  -lc  \>/dev/null 2\>\&1
configure:8492: $? = 0
configure:8504: result: no
configure:8512: checking dynamic linker characteristics
configure:9126: result: no
configure:9150: checking how to hardcode library paths into programs
configure:9175: result: immediate
configure:9189: checking whether stripping libraries is possible
configure:9194: result: yes
configure:9318: checking for shl_load
configure:9374: /opt/buildroot-gcc342/bin/mipsel-linux-uclibc-gcc -o conftest -g -O2   conftest.c  >&5
/tmp/ccMKrrbP.o: In function `main':/data3/guo.deyuan/REOS_SE_V17/BR_SE_V17_RC/3520G/nv512W/source/user/wifidog-20090925/conftest.c:55: undefined reference to `shl_load'
collect2: ld returned 1 exit status
configure:9380: $? = 1
configure: failed program was:
| /* confdefs.h.  */
| #define PACKAGE_NAME ""
| #define PACKAGE_TARNAME ""
| #define PACKAGE_VERSION ""
| #define PACKAGE_STRING ""
| #define PACKAGE_BUGREPORT ""
| #define PACKAGE "wifidog"
| #define VERSION "20090925"
| #define STDC_HEADERS 1
| #define HAVE_SYS_TYPES_H 1
| #define HAVE_SYS_STAT_H 1
| #define HAVE_STDLIB_H 1
| #define HAVE_STRING_H 1
| #define HAVE_MEMORY_H 1
| #define HAVE_STRINGS_H 1
| #define HAVE_INTTYPES_H 1
| #define HAVE_STDINT_H 1
| #define HAVE_UNISTD_H 1
| #define HAVE_DLFCN_H 1
| /* end confdefs.h.  */
| /* Define shl_load to an innocuous variant, in case <limits.h> declares shl_load.
|    For example, HP-UX 11i <limits.h> declares gettimeofday.  */
| #define shl_load innocuous_shl_load
| 
| /* System header to define __stub macros and hopefully few prototypes,
|     which can conflict with char shl_load (); below.
|     Prefer <limits.h> to <assert.h> if __STDC__ is defined, since
|     <limits.h> exists even on freestanding compilers.  */
| 
| #ifdef __STDC__
| # include <limits.h>
| #else
| # include <assert.h>
| #endif
| 
| #undef shl_load
| 
| /* Override any GCC internal prototype to avoid an error.
|    Use char because int might match the return type of a GCC
|    builtin and then its argument prototype would still apply.  */
| #ifdef __cplusplus
| extern "C"
| #endif
| char shl_load ();
| /* The GNU C library defines this for functions which it implements
|     to always fail with ENOSYS.  Some functions are actually named
|     something starting with __ and the normal name is an alias.  */
| #if defined __stub_shl_load || defined __stub___shl_load
| choke me
| #endif
| 
| int
| main ()
| {
| return shl_load ();
|   ;
|   return 0;
| }
configure:9397: result: no
configure:9402: checking for shl_load in -ldld
configure:9437: /opt/buildroot-gcc342/bin/mipsel-linux-uclibc-gcc -o conftest -g -O2   conftest.c -ldld   >&5
/opt/buildroot-gcc342/bin/../lib/gcc/mipsel-linux-uclibc/3.4.2/../../../../mipsel-linux-uclibc/bin/ld: cannot find -ldld
collect2: ld returned 1 exit status
configure:9443: $? = 1
configure: failed program was:
| /* confdefs.h.  */
| #define PACKAGE_NAME ""
| #define PACKAGE_TARNAME ""
| #define PACKAGE_VERSION ""
| #define PACKAGE_STRING ""
| #define PACKAGE_BUGREPORT ""
| #define PACKAGE "wifidog"
| #define VERSION "20090925"
| #define STDC_HEADERS 1
| #define HAVE_SYS_TYPES_H 1
| #define HAVE_SYS_STAT_H 1
| #define HAVE_STDLIB_H 1
| #define HAVE_STRING_H 1
| #define HAVE_MEMORY_H 1
| #define HAVE_STRINGS_H 1
| #define HAVE_INTTYPES_H 1
| #define HAVE_STDINT_H 1
| #define HAVE_UNISTD_H 1
| #define HAVE_DLFCN_H 1
| /* end confdefs.h.  */
| 
| /* Override any GCC internal prototype to avoid an error.
|    Use char because int might match the return type of a GCC
|    builtin and then its argument prototype would still apply.  */
| #ifdef __cplusplus
| extern "C"
| #endif
| char shl_load ();
| int
| main ()
| {
| return shl_load ();
|   ;
|   return 0;
| }
configure:9461: result: no
configure:9466: checking for dlopen
configure:9522: /opt/buildroot-gcc342/bin/mipsel-linux-uclibc-gcc -o conftest -g -O2   conftest.c  >&5
/tmp/ccqDKNgW.o: In function `main':/data3/guo.deyuan/REOS_SE_V17/BR_SE_V17_RC/3520G/nv512W/source/user/wifidog-20090925/conftest.c:55: undefined reference to `dlopen'
collect2: ld returned 1 exit status
configure:9528: $? = 1
configure: failed program was:
| /* confdefs.h.  */
| #define PACKAGE_NAME ""
| #define PACKAGE_TARNAME ""
| #define PACKAGE_VERSION ""
| #define PACKAGE_STRING ""
| #define PACKAGE_BUGREPORT ""
| #define PACKAGE "wifidog"
| #define VERSION "20090925"
| #define STDC_HEADERS 1
| #define HAVE_SYS_TYPES_H 1
| #define HAVE_SYS_STAT_H 1
| #define HAVE_STDLIB_H 1
| #define HAVE_STRING_H 1
| #define HAVE_MEMORY_H 1
| #define HAVE_STRINGS_H 1
| #define HAVE_INTTYPES_H 1
| #define HAVE_STDINT_H 1
| #define HAVE_UNISTD_H 1
| #define HAVE_DLFCN_H 1
| /* end confdefs.h.  */
| /* Define dlopen to an innocuous variant, in case <limits.h> declares dlopen.
|    For example, HP-UX 11i <limits.h> declares gettimeofday.  */
| #define dlopen innocuous_dlopen
| 
| /* System header to define __stub macros and hopefully few prototypes,
|     which can conflict with char dlopen (); below.
|     Prefer <limits.h> to <assert.h> if __STDC__ is defined, since
|     <limits.h> exists even on freestanding compilers.  */
| 
| #ifdef __STDC__
| # include <limits.h>
| #else
| # include <assert.h>
| #endif
| 
| #undef dlopen
| 
| /* Override any GCC internal prototype to avoid an error.
|    Use char because int might match the return type of a GCC
|    builtin and then its argument prototype would still apply.  */
| #ifdef __cplusplus
| extern "C"
| #endif
| char dlopen ();
| /* The GNU C library defines this for functions which it implements
|     to always fail with ENOSYS.  Some functions are actually named
|     something starting with __ and the normal name is an alias.  */
| #if defined __stub_dlopen || defined __stub___dlopen
| choke me
| #endif
| 
| int
| main ()
| {
| return dlopen ();
|   ;
|   return 0;
| }
configure:9545: result: no
configure:9550: checking for dlopen in -ldl
configure:9585: /opt/buildroot-gcc342/bin/mipsel-linux-uclibc-gcc -o conftest -g -O2   conftest.c -ldl   >&5
configure:9591: $? = 0
configure:9609: result: yes
configure:9778: checking whether a program can dlopen itself
configure:9873: result: cross
configure:9996: checking if libtool supports shared libraries
configure:9998: result: no
configure:10001: checking whether to build shared libraries
configure:10022: result: no
configure:10025: checking whether to build static libraries
configure:10029: result: yes
configure:10123: creating libtool
configure:10716: checking for ld used by g++
configure:10783: result: /opt/buildroot-gcc342/mipsel-linux-uclibc/bin/ld
configure:10792: checking if the linker (/opt/buildroot-gcc342/mipsel-linux-uclibc/bin/ld) is GNU ld
configure:10807: result: yes
configure:10858: checking whether the g++ linker (/opt/buildroot-gcc342/mipsel-linux-uclibc/bin/ld) supports shared libraries
configure:11804: result: no
configure:11821: g++ -c -g -O2  conftest.cpp >&5
configure:11824: $? = 0
configure:11980: checking for g++ option to produce PIC
configure:12264: result: -fPIC
configure:12272: checking if g++ PIC flag -fPIC works
configure:12290: g++ -c -g -O2  -fPIC -DPIC conftest.cpp >&5
configure:12294: $? = 0
configure:12307: result: yes
configure:12335: checking if g++ static flag -static works
configure:12363: result: no
configure:12373: checking if g++ supports -c -o file.o
configure:12394: g++ -c -g -O2  -o out/conftest2.o conftest.cpp >&5
configure:12398: $? = 0
configure:12420: result: yes
configure:12446: checking whether the g++ linker (/opt/buildroot-gcc342/mipsel-linux-uclibc/bin/ld) supports shared libraries
configure:12475: result: no
configure:12542: checking dynamic linker characteristics
configure:13104: result: no
configure:13128: checking how to hardcode library paths into programs
configure:13153: result: immediate
configure:13692: checking if libtool supports shared libraries
configure:13694: result: no
configure:13697: checking whether to build shared libraries
configure:13717: result: no
configure:13720: checking whether to build static libraries
configure:13724: result: yes
configure:13734: checking for gfortran option to produce PIC
configure:13966: result: -fPIC
configure:13974: checking if gfortran PIC flag -fPIC works
configure:13992: gfortran -c -g -O2 -fPIC conftest.f >&5
configure:13996: $? = 0
configure:14009: result: yes
configure:14037: checking if gfortran static flag -static works
configure:14065: result: no
configure:14075: checking if gfortran supports -c -o file.o
configure:14096: gfortran -c -g -O2 -o out/conftest2.o conftest.f >&5
configure:14100: $? = 0
configure:14122: result: yes
configure:14148: checking whether the gfortran linker (/opt/buildroot-gcc342/mipsel-linux-uclibc/bin/ld) supports shared libraries
configure:15109: result: yes
configure:15176: checking dynamic linker characteristics
configure:15738: result: no
configure:15762: checking how to hardcode library paths into programs
configure:15787: result: immediate
configure:19401: checking for library containing strerror
configure:19442: /opt/buildroot-gcc342/bin/mipsel-linux-uclibc-gcc -o conftest -g -O2   conftest.c  >&5
configure:19448: $? = 0
configure:19476: result: none required
configure:19484: checking whether byte ordering is bigendian
configure:19517: /opt/buildroot-gcc342/bin/mipsel-linux-uclibc-gcc -c -g -O2  conftest.c >&5
configure:19523: $? = 0
configure:19555: /opt/buildroot-gcc342/bin/mipsel-linux-uclibc-gcc -c -g -O2  conftest.c >&5
conftest.c: In function `main':
conftest.c:28: error: `not' undeclared (first use in this function)
conftest.c:28: error: (Each undeclared identifier is reported only once
conftest.c:28: error: for each function it appears in.)
conftest.c:28: error: parse error before "big"
configure:19561: $? = 1
configure: failed program was:
| /* confdefs.h.  */
| #define PACKAGE_NAME ""
| #define PACKAGE_TARNAME ""
| #define PACKAGE_VERSION ""
| #define PACKAGE_STRING ""
| #define PACKAGE_BUGREPORT ""
| #define PACKAGE "wifidog"
| #define VERSION "20090925"
| #define STDC_HEADERS 1
| #define HAVE_SYS_TYPES_H 1
| #define HAVE_SYS_STAT_H 1
| #define HAVE_STDLIB_H 1
| #define HAVE_STRING_H 1
| #define HAVE_MEMORY_H 1
| #define HAVE_STRINGS_H 1
| #define HAVE_INTTYPES_H 1
| #define HAVE_STDINT_H 1
| #define HAVE_UNISTD_H 1
| #define HAVE_DLFCN_H 1
| /* end confdefs.h.  */
| #include <sys/types.h>
| #include <sys/param.h>
| 
| int
| main ()
| {
| #if BYTE_ORDER != BIG_ENDIAN
|  not big endian
| #endif
| 
|   ;
|   return 0;
| }
configure:19701: result: no
configure:19720: checking whether make sets $(MAKE)
configure:19741: result: yes
configure:19750: checking for ANSI C header files
configure:19914: result: yes
configure:19961: checking for doxygen
configure:19979: found /usr/bin/doxygen
configure:19991: result: /usr/bin/doxygen
configure:20010: checking for dot
configure:20043: result: no
configure:20095: checking pthread.h usability
configure:20112: /opt/buildroot-gcc342/bin/mipsel-linux-uclibc-gcc -c -g -O2  conftest.c >&5
configure:20118: $? = 0
configure:20132: result: yes
configure:20136: checking pthread.h presence
configure:20151: /opt/buildroot-gcc342/bin/mipsel-linux-uclibc-gcc -E  conftest.c
configure:20157: $? = 0
configure:20171: result: yes
configure:20199: checking for pthread.h
configure:20206: result: yes
configure:20220: checking for pthread_create in -lpthread
configure:20255: /opt/buildroot-gcc342/bin/mipsel-linux-uclibc-gcc -o conftest -g -O2   conftest.c -lpthread   >&5
configure:20261: $? = 0
configure:20279: result: yes
configure:20305: checking for string.h
configure:20311: result: yes
configure:20305: checking for strings.h
configure:20311: result: yes
configure:20315: checking stdarg.h usability
configure:20332: /opt/buildroot-gcc342/bin/mipsel-linux-uclibc-gcc -c -g -O2  conftest.c >&5
configure:20338: $? = 0
configure:20352: result: yes
configure:20356: checking stdarg.h presence
configure:20371: /opt/buildroot-gcc342/bin/mipsel-linux-uclibc-gcc -E  conftest.c
configure:20377: $? = 0
configure:20391: result: yes
configure:20419: checking for stdarg.h
configure:20427: result: yes
configure:20305: checking for unistd.h
configure:20311: result: yes
configure:20441: checking for main in -lsocket
configure:20470: /opt/buildroot-gcc342/bin/mipsel-linux-uclibc-gcc -o conftest -g -O2   conftest.c -lsocket  -lpthread  >&5
/opt/buildroot-gcc342/bin/../lib/gcc/mipsel-linux-uclibc/3.4.2/../../../../mipsel-linux-uclibc/bin/ld: cannot find -lsocket
collect2: ld returned 1 exit status
configure:20476: $? = 1
configure: failed program was:
| /* confdefs.h.  */
| #define PACKAGE_NAME ""
| #define PACKAGE_TARNAME ""
| #define PACKAGE_VERSION ""
| #define PACKAGE_STRING ""
| #define PACKAGE_BUGREPORT ""
| #define PACKAGE "wifidog"
| #define VERSION "20090925"
| #define STDC_HEADERS 1
| #define HAVE_SYS_TYPES_H 1
| #define HAVE_SYS_STAT_H 1
| #define HAVE_STDLIB_H 1
| #define HAVE_STRING_H 1
| #define HAVE_MEMORY_H 1
| #define HAVE_STRINGS_H 1
| #define HAVE_INTTYPES_H 1
| #define HAVE_STDINT_H 1
| #define HAVE_UNISTD_H 1
| #define HAVE_DLFCN_H 1
| #define STDC_HEADERS 1
| #define HAVE_LIBPTHREAD 1
| #define HAVE_STRING_H 1
| #define HAVE_STRINGS_H 1
| #define HAVE_STDARG_H 1
| #define HAVE_UNISTD_H 1
| /* end confdefs.h.  */
| 
| 
| int
| main ()
| {
| return main ();
|   ;
|   return 0;
| }
configure:20494: result: no
configure:20507: checking for main in -lnsl
configure:20536: /opt/buildroot-gcc342/bin/mipsel-linux-uclibc-gcc -o conftest -g -O2   conftest.c -lnsl  -lpthread  >&5
configure:20542: $? = 0
configure:20560: result: yes
configure:20676: creating ./config.status

## ---------------------- ##
## Running config.status. ##
## ---------------------- ##

This file was extended by config.status, which was
generated by GNU Autoconf 2.61.  Invocation command line was

  CONFIG_FILES    = 
  CONFIG_HEADERS  = 
  CONFIG_LINKS    = 
  CONFIG_COMMANDS = 
  $ ./config.status 

on localhost.localdomain

config.status:663: creating Makefile
config.status:798: WARNING:  Makefile.in seems to ignore the --datarootdir setting
config.status:663: creating wifidog.spec
config.status:663: creating wifidog-msg.html
config.status:663: creating src/Makefile
config.status:798: WARNING:  src/Makefile.in seems to ignore the --datarootdir setting
config.status:663: creating libhttpd/Makefile
config.status:798: WARNING:  libhttpd/Makefile.in seems to ignore the --datarootdir setting
config.status:663: creating doc/Makefile
config.status:798: WARNING:  doc/Makefile.in seems to ignore the --datarootdir setting
config.status:663: creating config.h
config.status:891: config.h is unchanged
config.status:904: executing default-1 commands

## ---------------- ##
## Cache variables. ##
## ---------------- ##

ac_cv_build=i686-pc-linux-gnu
ac_cv_c_bigendian=no
ac_cv_c_compiler_gnu=yes
ac_cv_cxx_compiler_gnu=yes
ac_cv_env_CCC_set=
ac_cv_env_CCC_value=
ac_cv_env_CC_set=set
ac_cv_env_CC_value=/opt/buildroot-gcc342/bin/mipsel-linux-uclibc-gcc
ac_cv_env_CFLAGS_set=
ac_cv_env_CFLAGS_value=
ac_cv_env_CPPFLAGS_set=
ac_cv_env_CPPFLAGS_value=
ac_cv_env_CPP_set=
ac_cv_env_CPP_value=
ac_cv_env_CXXCPP_set=
ac_cv_env_CXXCPP_value=
ac_cv_env_CXXFLAGS_set=
ac_cv_env_CXXFLAGS_value=
ac_cv_env_CXX_set=
ac_cv_env_CXX_value=
ac_cv_env_F77_set=
ac_cv_env_F77_value=
ac_cv_env_FFLAGS_set=
ac_cv_env_FFLAGS_value=
ac_cv_env_LDFLAGS_set=
ac_cv_env_LDFLAGS_value=
ac_cv_env_LIBS_set=
ac_cv_env_LIBS_value=
ac_cv_env_build_alias_set=
ac_cv_env_build_alias_value=
ac_cv_env_host_alias_set=set
ac_cv_env_host_alias_value=mips
ac_cv_env_target_alias_set=
ac_cv_env_target_alias_value=
ac_cv_f77_compiler_gnu=yes
ac_cv_func_dlopen=no
ac_cv_func_shl_load=no
ac_cv_header_dlfcn_h=yes
ac_cv_header_inttypes_h=yes
ac_cv_header_memory_h=yes
ac_cv_header_pthread_h=yes
ac_cv_header_stdarg_h=yes
ac_cv_header_stdc=yes
ac_cv_header_stdint_h=yes
ac_cv_header_stdlib_h=yes
ac_cv_header_string_h=yes
ac_cv_header_strings_h=yes
ac_cv_header_sys_stat_h=yes
ac_cv_header_sys_types_h=yes
ac_cv_header_unistd_h=yes
ac_cv_host=mips-unknown-elf
ac_cv_lib_dl_dlopen=yes
ac_cv_lib_dld_shl_load=no
ac_cv_lib_nsl=ac_cv_lib_nsl_main
ac_cv_lib_nsl_main=yes
ac_cv_lib_pthread_pthread_create=yes
ac_cv_lib_socket=ac_cv_lib_socket_main
ac_cv_lib_socket_main=no
ac_cv_objext=o
ac_cv_path_DOXYGEN=/usr/bin/doxygen
ac_cv_path_EGREP='/bin/grep -E'
ac_cv_path_GREP=/bin/grep
ac_cv_path_install='/usr/bin/install -c'
ac_cv_prog_CC=/opt/buildroot-gcc342/bin/mipsel-linux-uclibc-gcc
ac_cv_prog_CPP='/opt/buildroot-gcc342/bin/mipsel-linux-uclibc-gcc -E'
ac_cv_prog_CXXCPP='g++ -E'
ac_cv_prog_ac_ct_AR=ar
ac_cv_prog_ac_ct_CXX=g++
ac_cv_prog_ac_ct_F77=gfortran
ac_cv_prog_ac_ct_RANLIB=ranlib
ac_cv_prog_ac_ct_STRIP=strip
ac_cv_prog_cc_c89=
ac_cv_prog_cc_g=yes
ac_cv_prog_cxx_g=yes
ac_cv_prog_f77_g=yes
ac_cv_prog_make_make_set=yes
ac_cv_search_strerror='none required'
lt_cv_deplibs_check_method=unknown
lt_cv_dlopen=dlopen
lt_cv_dlopen_libs=-ldl
lt_cv_dlopen_self=cross
lt_cv_file_magic_cmd='$MAGIC_CMD'
lt_cv_file_magic_test_file=
lt_cv_ld_reload_flag=-r
lt_cv_objdir=.libs
lt_cv_path_LD=/opt/buildroot-gcc342/mipsel-linux-uclibc/bin/ld
lt_cv_path_LDCXX=/opt/buildroot-gcc342/mipsel-linux-uclibc/bin/ld
lt_cv_path_NM=nm
lt_cv_path_SED=/bin/sed
lt_cv_prog_compiler_c_o=yes
lt_cv_prog_compiler_c_o_CXX=yes
lt_cv_prog_compiler_c_o_F77=yes
lt_cv_prog_compiler_pic_works=yes
lt_cv_prog_compiler_pic_works_CXX=yes
lt_cv_prog_compiler_pic_works_F77=yes
lt_cv_prog_compiler_rtti_exceptions=no
lt_cv_prog_compiler_static_works=yes
lt_cv_prog_compiler_static_works_CXX=no
lt_cv_prog_compiler_static_works_F77=no
lt_cv_prog_gnu_ld=yes
lt_cv_prog_gnu_ldcxx=yes
lt_cv_sys_global_symbol_pipe='sed -n -e '\''s/^.*[ 	]\([ABCDGIRSTW][ABCDGIRSTW]*\)[ 	][ 	]*\([_A-Za-z][_A-Za-z0-9]*\)$/\1 \2 \2/p'\'''
lt_cv_sys_global_symbol_to_c_name_address='sed -n -e '\''s/^: \([^ ]*\) $/  {\"\1\", (lt_ptr) 0},/p'\'' -e '\''s/^[BCDEGRST] \([^ ]*\) \([^ ]*\)$/  {"\2", (lt_ptr) \&\2},/p'\'''
lt_cv_sys_global_symbol_to_cdecl='sed -n -e '\''s/^. .* \(.*\)$/extern int \1;/p'\'''
lt_cv_sys_lib_dlsearch_path_spec='/lib /usr/lib'
lt_cv_sys_lib_search_path_spec='/opt/buildroot-gcc342/lib/gcc/mipsel-linux-uclibc/3.4.2 /opt/buildroot-gcc342/lib/gcc /opt/buildroot-gcc342/mipsel-linux-uclibc/lib'
lt_cv_sys_max_cmd_len=1966080
lt_lt_cv_prog_compiler_c_o='"yes"'
lt_lt_cv_prog_compiler_c_o_CXX='"yes"'
lt_lt_cv_prog_compiler_c_o_F77='"yes"'
lt_lt_cv_sys_global_symbol_pipe='"sed -n -e '\''s/^.*[ 	]\\([ABCDGIRSTW][ABCDGIRSTW]*\\)[ 	][ 	]*\\([_A-Za-z][_A-Za-z0-9]*\\)\$/\\1 \\2 \\2/p'\''"'
lt_lt_cv_sys_global_symbol_to_c_name_address='"sed -n -e '\''s/^: \\([^ ]*\\) \$/  {\\\"\\1\\\", (lt_ptr) 0},/p'\'' -e '\''s/^[BCDEGRST] \\([^ ]*\\) \\([^ ]*\\)\$/  {\"\\2\", (lt_ptr) \\&\\2},/p'\''"'
lt_lt_cv_sys_global_symbol_to_cdecl='"sed -n -e '\''s/^. .* \\(.*\\)\$/extern int \\1;/p'\''"'

## ----------------- ##
## Output variables. ##
## ----------------- ##

ACLOCAL='/data3/guo.deyuan/REOS_SE_V17/BR_SE_V17_RC/3520G/nv512W/source/user/wifidog-20090925/config/missing aclocal-1.4'
AR='ar'
AUTOCONF='autoconf'
AUTOHEADER='autoheader'
AUTOMAKE='/data3/guo.deyuan/REOS_SE_V17/BR_SE_V17_RC/3520G/nv512W/source/user/wifidog-20090925/config/missing automake-1.4'
BUILDROOT=''
CC='/opt/buildroot-gcc342/bin/mipsel-linux-uclibc-gcc'
CFLAGS='-g -O2'
CPP='/opt/buildroot-gcc342/bin/mipsel-linux-uclibc-gcc -E'
CPPFLAGS=''
CXX='g++'
CXXCPP='g++ -E'
CXXFLAGS='-g -O2'
DEFS='-DHAVE_CONFIG_H'
DOC_FALSE='#'
DOC_TRUE=''
DOT=''
DOXYGEN='/usr/bin/doxygen'
DSYMUTIL=''
ECHO='echo'
ECHO_C=''
ECHO_N='-n'
ECHO_T=''
EGREP='/bin/grep -E'
ENABLE_DOXYGEN_FALSE=''
ENABLE_DOXYGEN_TRUE='#'
EXEEXT=''
F77='gfortran'
FFLAGS='-g -O2'
GREP='/bin/grep'
INSTALL_DATA='${INSTALL} -m 644'
INSTALL_PROGRAM='${INSTALL}'
INSTALL_SCRIPT='${INSTALL}'
LDFLAGS=''
LIBOBJS=''
LIBS='-lnsl -lpthread '
LIBTOOL='$(SHELL) $(top_builddir)/libtool'
LN_S='ln -s'
LTLIBOBJS=''
MAINT='#'
MAINTAINER_MODE_FALSE=''
MAINTAINER_MODE_TRUE='#'
MAKEINFO='makeinfo'
NMEDIT=''
OBJEXT='o'
PACKAGE='wifidog'
PACKAGE_BUGREPORT=''
PACKAGE_NAME=''
PACKAGE_STRING=''
PACKAGE_TARNAME=''
PACKAGE_VERSION=''
PATH_SEPARATOR=':'
RANLIB='ranlib'
SED='/bin/sed'
SET_MAKE=''
SHELL='/bin/sh'
STRIP='strip'
VERSION='20090925'
WIFIDOG_MAJOR_VERSION='1'
WIFIDOG_MICRO_VERSION='5'
WIFIDOG_MINOR_VERSION='1'
WIFIDOG_VERSION='20090925'
ac_ct_CC=''
ac_ct_CXX='g++'
ac_ct_F77='gfortran'
bindir='${exec_prefix}/bin'
build='i686-pc-linux-gnu'
build_alias=''
build_cpu='i686'
build_os='linux-gnu'
build_vendor='pc'
datadir='${datarootdir}'
datarootdir='${prefix}/share'
docdir='${datarootdir}/doc/${PACKAGE}'
dvidir='${docdir}'
enable_dot='no'
enable_html_docs='yes'
enable_latex_docs='no'
exec_prefix='${prefix}'
host='mips-unknown-elf'
host_alias='mips'
host_cpu='mips'
host_os='elf'
host_vendor='unknown'
htmldir='${docdir}'
includedir='${prefix}/include'
infodir='${datarootdir}/info'
libdir='${exec_prefix}/lib'
libexecdir='${exec_prefix}/libexec'
localedir='${datarootdir}/locale'
localstatedir='${prefix}/var'
mandir='${datarootdir}/man'
oldincludedir='/usr/include'
pdfdir='${docdir}'
prefix='/usr/local'
program_transform_name='s,x,x,'
psdir='${docdir}'
sbindir='${exec_prefix}/sbin'
sharedstatedir='${prefix}/com'
sysconfdir='${prefix}/etc'
target_alias=''

## ----------- ##
## confdefs.h. ##
## ----------- ##

#define PACKAGE_NAME ""
#define PACKAGE_TARNAME ""
#define PACKAGE_VERSION ""
#define PACKAGE_STRING ""
#define PACKAGE_BUGREPORT ""
#define PACKAGE "wifidog"
#define VERSION "20090925"
#define STDC_HEADERS 1
#define HAVE_SYS_TYPES_H 1
#define HAVE_SYS_STAT_H 1
#define HAVE_STDLIB_H 1
#define HAVE_STRING_H 1
#define HAVE_MEMORY_H 1
#define HAVE_STRINGS_H 1
#define HAVE_INTTYPES_H 1
#define HAVE_STDINT_H 1
#define HAVE_UNISTD_H 1
#define HAVE_DLFCN_H 1
#define STDC_HEADERS 1
#define HAVE_LIBPTHREAD 1
#define HAVE_STRING_H 1
#define HAVE_STRINGS_H 1
#define HAVE_STDARG_H 1
#define HAVE_UNISTD_H 1
#define HAVE_LIBNSL 1

configure: exit 0

## ---------------------- ##
## Running config.status. ##
## ---------------------- ##

This file was extended by config.status, which was
generated by GNU Autoconf 2.61.  Invocation command line was

  CONFIG_FILES    = Makefile
  CONFIG_HEADERS  = 
  CONFIG_LINKS    = 
  CONFIG_COMMANDS = 
  $ ./config.status 

on localhost.localdomain

config.status:663: creating Makefile
config.status:798: WARNING:  Makefile.in seems to ignore the --datarootdir setting
config.status:904: executing default-1 commands

## ---------------------- ##
## Running config.status. ##
## ---------------------- ##

This file was extended by config.status, which was
generated by GNU Autoconf 2.61.  Invocation command line was

  CONFIG_FILES    = doc/Makefile
  CONFIG_HEADERS  = 
  CONFIG_LINKS    = 
  CONFIG_COMMANDS = 
  $ ./config.status 

on localhost.localdomain

config.status:663: creating doc/Makefile
config.status:798: WARNING:  doc/Makefile.in seems to ignore the --datarootdir setting
config.status:904: executing default-1 commands

## ---------------------- ##
## Running config.status. ##
## ---------------------- ##

This file was extended by config.status, which was
generated by GNU Autoconf 2.61.  Invocation command line was

  CONFIG_FILES    = libhttpd/Makefile
  CONFIG_HEADERS  = 
  CONFIG_LINKS    = 
  CONFIG_COMMANDS = 
  $ ./config.status 

on localhost.localdomain

config.status:663: creating libhttpd/Makefile
config.status:798: WARNING:  libhttpd/Makefile.in seems to ignore the --datarootdir setting
config.status:904: executing default-1 commands

## ---------------------- ##
## Running config.status. ##
## ---------------------- ##

This file was extended by config.status, which was
generated by GNU Autoconf 2.61.  Invocation command line was

  CONFIG_FILES    = 
  CONFIG_HEADERS  = config.h
  CONFIG_LINKS    = 
  CONFIG_COMMANDS = 
  $ ./config.status 

on localhost.localdomain

config.status:663: creating config.h
config.status:891: config.h is unchanged
config.status:904: executing default-1 commands

## ---------------------- ##
## Running config.status. ##
## ---------------------- ##

This file was extended by config.status, which was
generated by GNU Autoconf 2.61.  Invocation command line was

  CONFIG_FILES    = 
  CONFIG_HEADERS  = config.h
  CONFIG_LINKS    = 
  CONFIG_COMMANDS = 
  $ ./config.status 

on localhost.localdomain

config.status:663: creating config.h
config.status:891: config.h is unchanged
config.status:904: executing default-1 commands

## ---------------------- ##
## Running config.status. ##
## ---------------------- ##

This file was extended by config.status, which was
generated by GNU Autoconf 2.61.  Invocation command line was

  CONFIG_FILES    = 
  CONFIG_HEADERS  = config.h
  CONFIG_LINKS    = 
  CONFIG_COMMANDS = 
  $ ./config.status 

on uttPriDevLinux.localdomain

config.status:663: creating config.h
config.status:891: config.h is unchanged
config.status:904: executing default-1 commands
