This file contains any messages produced by compilers while
running configure, to aid debugging if configure makes a mistake.

It was created by PCRE configure 8.11, which was
generated by GNU Autoconf 2.68.  Invocation command line was

  $ ./configure --target=i486-openwrt-linux --host=i486-openwrt-linux --build=i686-redhat-linux --program-prefix= --program-suffix= --prefix=/usr --exec-prefix=/usr --bindir=/usr/bin --sbindir=/usr/sbin --libexecdir=/usr/lib --sysconfdir=/etc --datadir=/usr/share --localstatedir=/var --mandir=/usr/man --infodir=/usr/info --disable-nls --enable-utf8 --enable-unicode-properties --disable-cpp

## --------- ##
## Platform. ##
## --------- ##

hostname = localhost.localdomain
uname -m = i686
uname -r = 2.6.32-131.0.15.el6.i686
uname -s = Linux
uname -v = #1 SMP Sat Nov 12 17:30:50 CST 2011

/usr/bin/uname -p = unknown
/bin/uname -X     = unknown

/bin/arch              = i686
/usr/bin/arch -k       = unknown
/usr/convex/getsysinfo = unknown
/usr/bin/hostinfo      = unknown
/bin/machine           = unknown
/usr/bin/oslevel       = unknown
/bin/universe          = unknown

PATH: /home/brian/openwrt/backfire/staging_dir/target-i386_glibc-2.6.1/host/bin
PATH: /home/brian/openwrt/backfire/staging_dir/toolchain-i386_gcc-4.4.3_glibc-2.6.1/bin
PATH: /home/brian/openwrt/backfire/staging_dir/host/bin
PATH: /home/brian/openwrt/backfire/staging_dir/toolchain-i386_gcc-4.4.3_glibc-2.6.1/bin
PATH: /home/brian/openwrt/backfire/staging_dir/host/bin
PATH: /home/brian/openwrt/backfire/staging_dir/toolchain-i386_gcc-4.4.3_glibc-2.6.1/bin
PATH: /home/brian/openwrt/backfire/staging_dir/host/bin
PATH: /usr/lib/qt-3.3/bin
PATH: /usr/local/bin
PATH: /usr/bin
PATH: /bin
PATH: /usr/local/sbin
PATH: /usr/sbin
PATH: /sbin
PATH: /home/brian/bin


## ----------- ##
## Core tests. ##
## ----------- ##

configure:2556: loading site script /home/brian/openwrt/backfire/include/site/i486-openwrt-linux-gnu
| #!/bin/sh
| 
| . $TOPDIR/include/site/i486-linux
| . $TOPDIR/include/site/linux-gnu
| 
configure:2698: checking for a BSD-compatible install
configure:2766: result: /usr/bin/install -c
configure:2777: checking whether build environment is sane
configure:2827: result: yes
configure:2876: checking for i486-openwrt-linux-strip
configure:2903: result: i486-openwrt-linux-gnu-strip
configure:2968: checking for a thread-safe mkdir -p
configure:3007: result: /bin/mkdir -p
configure:3020: checking for gawk
configure:3036: found /usr/bin/gawk
configure:3047: result: gawk
configure:3058: checking whether make sets $(MAKE)
configure:3080: result: yes
configure:3187: checking for i486-openwrt-linux-gcc
configure:3214: result: i486-openwrt-linux-gnu-gcc
configure:3483: checking for C compiler version
configure:3492: i486-openwrt-linux-gnu-gcc --version >&5
i486-openwrt-linux-gnu-gcc (GCC) 4.4.3
Copyright (C) 2010 Free Software Foundation, Inc.
This is free software; see the source for copying conditions.  There is NO
warranty; not even for MERCHANTABILITY or FITNESS FOR A PARTICULAR PURPOSE.

configure:3503: $? = 0
configure:3492: i486-openwrt-linux-gnu-gcc -v >&5
Reading specs from /home/brian/openwrt/backfire/staging_dir/toolchain-i386_gcc-4.4.3_glibc-2.6.1/lib/gcc/i486-openwrt-linux-gnu/4.4.3/specs
Target: i486-openwrt-linux-gnu
Configured with: /home/brian/openwrt/backfire/build_dir/toolchain-i386_gcc-4.4.3_glibc-2.6.1/gcc-4.4.3/configure --prefix=/home/brian/openwrt/backfire/staging_dir/toolchain-i386_gcc-4.4.3_glibc-2.6.1 --build=i686-redhat-linux --host=i686-redhat-linux --target=i486-openwrt-linux-gnu --with-gnu-ld --enable-target-optspace --disable-libgomp --disable-libmudflap --disable-multilib --disable-nls --with-gmp=/home/brian/openwrt/backfire/staging_dir/host --with-mpfr=/home/brian/openwrt/backfire/staging_dir/host --disable-decimal-float --disable-libssp --enable-__cxa_atexit --enable-languages=c,c++ --enable-shared --enable-threads --with-slibdir=/home/brian/openwrt/backfire/staging_dir/toolchain-i386_gcc-4.4.3_glibc-2.6.1/lib --disable-tls
Thread model: posix
gcc version 4.4.3 (GCC) 
configure:3503: $? = 0
configure:3492: i486-openwrt-linux-gnu-gcc -V >&5
i486-openwrt-linux-gnu-gcc: '-V' option must have argument
configure:3503: $? = 1
configure:3492: i486-openwrt-linux-gnu-gcc -qversion >&5
i486-openwrt-linux-gnu-gcc: unrecognized option '-qversion'
i486-openwrt-linux-gnu-gcc: no input files
configure:3503: $? = 1
configure:3523: checking whether the C compiler works
configure:3545: i486-openwrt-linux-gnu-gcc -O2 -pipe -march=i486 -funit-at-a-time -fhonour-copts -fpic  -I/home/brian/openwrt/backfire/staging_dir/target-i386_glibc-2.6.1/usr/include -I/home/brian/openwrt/backfire/staging_dir/target-i386_glibc-2.6.1/include -I/home/brian/openwrt/backfire/staging_dir/toolchain-i386_gcc-4.4.3_glibc-2.6.1/include  -L/home/brian/openwrt/backfire/staging_dir/target-i386_glibc-2.6.1/usr/lib -L/home/brian/openwrt/backfire/staging_dir/target-i386_glibc-2.6.1/lib -L/home/brian/openwrt/backfire/staging_dir/toolchain-i386_gcc-4.4.3_glibc-2.6.1/lib  conftest.c  >&5
configure:3549: $? = 0
configure:3597: result: yes
configure:3600: checking for C compiler default output file name
configure:3602: result: a.out
configure:3608: checking for suffix of executables
configure:3615: i486-openwrt-linux-gnu-gcc -o conftest -O2 -pipe -march=i486 -funit-at-a-time -fhonour-copts -fpic  -I/home/brian/openwrt/backfire/staging_dir/target-i386_glibc-2.6.1/usr/include -I/home/brian/openwrt/backfire/staging_dir/target-i386_glibc-2.6.1/include -I/home/brian/openwrt/backfire/staging_dir/toolchain-i386_gcc-4.4.3_glibc-2.6.1/include  -L/home/brian/openwrt/backfire/staging_dir/target-i386_glibc-2.6.1/usr/lib -L/home/brian/openwrt/backfire/staging_dir/target-i386_glibc-2.6.1/lib -L/home/brian/openwrt/backfire/staging_dir/toolchain-i386_gcc-4.4.3_glibc-2.6.1/lib  conftest.c  >&5
configure:3619: $? = 0
configure:3641: result: 
configure:3663: checking whether we are cross compiling
configure:3701: result: yes
configure:3706: checking for suffix of object files
configure:3728: i486-openwrt-linux-gnu-gcc -c -O2 -pipe -march=i486 -funit-at-a-time -fhonour-copts -fpic  -I/home/brian/openwrt/backfire/staging_dir/target-i386_glibc-2.6.1/usr/include -I/home/brian/openwrt/backfire/staging_dir/target-i386_glibc-2.6.1/include -I/home/brian/openwrt/backfire/staging_dir/toolchain-i386_gcc-4.4.3_glibc-2.6.1/include  conftest.c >&5
configure:3732: $? = 0
configure:3753: result: o
configure:3757: checking whether we are using the GNU C compiler
configure:3776: i486-openwrt-linux-gnu-gcc -c -O2 -pipe -march=i486 -funit-at-a-time -fhonour-copts -fpic  -I/home/brian/openwrt/backfire/staging_dir/target-i386_glibc-2.6.1/usr/include -I/home/brian/openwrt/backfire/staging_dir/target-i386_glibc-2.6.1/include -I/home/brian/openwrt/backfire/staging_dir/toolchain-i386_gcc-4.4.3_glibc-2.6.1/include  conftest.c >&5
configure:3776: $? = 0
configure:3785: result: yes
configure:3794: checking whether i486-openwrt-linux-gnu-gcc accepts -g
configure:3814: i486-openwrt-linux-gnu-gcc -c -g -I/home/brian/openwrt/backfire/staging_dir/target-i386_glibc-2.6.1/usr/include -I/home/brian/openwrt/backfire/staging_dir/target-i386_glibc-2.6.1/include -I/home/brian/openwrt/backfire/staging_dir/toolchain-i386_gcc-4.4.3_glibc-2.6.1/include  conftest.c >&5
cc1: note: someone does not honour COPTS correctly, passed 0 times
configure:3814: $? = 0
configure: failed program was:
| /* confdefs.h */
| #define PACKAGE_NAME "PCRE"
| #define PACKAGE_TARNAME "pcre"
| #define PACKAGE_VERSION "8.11"
| #define PACKAGE_STRING "PCRE 8.11"
| #define PACKAGE_BUGREPORT ""
| #define PACKAGE_URL ""
| #define PACKAGE "pcre"
| #define VERSION "8.11"
| /* end confdefs.h.  */
| 
| int
| main ()
| {
| 
|   ;
|   return 0;
| }
configure:3829: i486-openwrt-linux-gnu-gcc -c  -I/home/brian/openwrt/backfire/staging_dir/target-i386_glibc-2.6.1/usr/include -I/home/brian/openwrt/backfire/staging_dir/target-i386_glibc-2.6.1/include -I/home/brian/openwrt/backfire/staging_dir/toolchain-i386_gcc-4.4.3_glibc-2.6.1/include  conftest.c >&5
cc1: note: someone does not honour COPTS correctly, passed 0 times
configure:3829: $? = 0
configure: failed program was:
| /* confdefs.h */
| #define PACKAGE_NAME "PCRE"
| #define PACKAGE_TARNAME "pcre"
| #define PACKAGE_VERSION "8.11"
| #define PACKAGE_STRING "PCRE 8.11"
| #define PACKAGE_BUGREPORT ""
| #define PACKAGE_URL ""
| #define PACKAGE "pcre"
| #define VERSION "8.11"
| /* end confdefs.h.  */
| 
| int
| main ()
| {
| 
|   ;
|   return 0;
| }
configure:3845: i486-openwrt-linux-gnu-gcc -c -g -I/home/brian/openwrt/backfire/staging_dir/target-i386_glibc-2.6.1/usr/include -I/home/brian/openwrt/backfire/staging_dir/target-i386_glibc-2.6.1/include -I/home/brian/openwrt/backfire/staging_dir/toolchain-i386_gcc-4.4.3_glibc-2.6.1/include  conftest.c >&5
cc1: note: someone does not honour COPTS correctly, passed 0 times
configure:3845: $? = 0
configure:3855: result: yes
configure:3872: checking for i486-openwrt-linux-gnu-gcc option to accept ISO C89
configure:3936: i486-openwrt-linux-gnu-gcc  -c -O2 -pipe -march=i486 -funit-at-a-time -fhonour-copts -fpic  -I/home/brian/openwrt/backfire/staging_dir/target-i386_glibc-2.6.1/usr/include -I/home/brian/openwrt/backfire/staging_dir/target-i386_glibc-2.6.1/include -I/home/brian/openwrt/backfire/staging_dir/toolchain-i386_gcc-4.4.3_glibc-2.6.1/include  conftest.c >&5
configure:3936: $? = 0
configure:3949: result: none needed
configure:3980: checking for style of include used by make
configure:4008: result: GNU
configure:4033: checking dependency style of i486-openwrt-linux-gnu-gcc
configure:4143: result: gcc3
configure:4270: checking for C++ compiler version
configure:4279: i486-openwrt-linux-gnu-g++ --version >&5
i486-openwrt-linux-gnu-g++ (GCC) 4.4.3
Copyright (C) 2010 Free Software Foundation, Inc.
This is free software; see the source for copying conditions.  There is NO
warranty; not even for MERCHANTABILITY or FITNESS FOR A PARTICULAR PURPOSE.

configure:4290: $? = 0
configure:4279: i486-openwrt-linux-gnu-g++ -v >&5
Reading specs from /home/brian/openwrt/backfire/staging_dir/toolchain-i386_gcc-4.4.3_glibc-2.6.1/lib/gcc/i486-openwrt-linux-gnu/4.4.3/specs
Target: i486-openwrt-linux-gnu
Configured with: /home/brian/openwrt/backfire/build_dir/toolchain-i386_gcc-4.4.3_glibc-2.6.1/gcc-4.4.3/configure --prefix=/home/brian/openwrt/backfire/staging_dir/toolchain-i386_gcc-4.4.3_glibc-2.6.1 --build=i686-redhat-linux --host=i686-redhat-linux --target=i486-openwrt-linux-gnu --with-gnu-ld --enable-target-optspace --disable-libgomp --disable-libmudflap --disable-multilib --disable-nls --with-gmp=/home/brian/openwrt/backfire/staging_dir/host --with-mpfr=/home/brian/openwrt/backfire/staging_dir/host --disable-decimal-float --disable-libssp --enable-__cxa_atexit --enable-languages=c,c++ --enable-shared --enable-threads --with-slibdir=/home/brian/openwrt/backfire/staging_dir/toolchain-i386_gcc-4.4.3_glibc-2.6.1/lib --disable-tls
Thread model: posix
gcc version 4.4.3 (GCC) 
configure:4290: $? = 0
configure:4279: i486-openwrt-linux-gnu-g++ -V >&5
i486-openwrt-linux-gnu-g++: '-V' option must have argument
configure:4290: $? = 1
configure:4279: i486-openwrt-linux-gnu-g++ -qversion >&5
i486-openwrt-linux-gnu-g++: unrecognized option '-qversion'
i486-openwrt-linux-gnu-g++: no input files
configure:4290: $? = 1
configure:4294: checking whether we are using the GNU C++ compiler
configure:4313: i486-openwrt-linux-gnu-g++ -c -O2 -pipe -march=i486 -funit-at-a-time -fhonour-copts -fpic  -I/home/brian/openwrt/backfire/staging_dir/target-i386_glibc-2.6.1/usr/include -I/home/brian/openwrt/backfire/staging_dir/target-i386_glibc-2.6.1/include -I/home/brian/openwrt/backfire/staging_dir/toolchain-i386_gcc-4.4.3_glibc-2.6.1/include  conftest.cpp >&5
configure:4313: $? = 0
configure:4322: result: yes
configure:4331: checking whether i486-openwrt-linux-gnu-g++ accepts -g
configure:4351: i486-openwrt-linux-gnu-g++ -c -g -I/home/brian/openwrt/backfire/staging_dir/target-i386_glibc-2.6.1/usr/include -I/home/brian/openwrt/backfire/staging_dir/target-i386_glibc-2.6.1/include -I/home/brian/openwrt/backfire/staging_dir/toolchain-i386_gcc-4.4.3_glibc-2.6.1/include  conftest.cpp >&5
configure:4351: $? = 0
configure:4392: result: yes
configure:4417: checking dependency style of i486-openwrt-linux-gnu-g++
configure:4527: result: gcc3
configure:4585: i486-openwrt-linux-gnu-g++ -c -O2 -pipe -march=i486 -funit-at-a-time -fhonour-copts -fpic  -I/home/brian/openwrt/backfire/staging_dir/target-i386_glibc-2.6.1/usr/include -I/home/brian/openwrt/backfire/staging_dir/target-i386_glibc-2.6.1/include -I/home/brian/openwrt/backfire/staging_dir/toolchain-i386_gcc-4.4.3_glibc-2.6.1/include  conftest.cpp >&5
configure:4585: $? = 0
configure:4605: checking how to run the C preprocessor
configure:4636: i486-openwrt-linux-gnu-gcc -E -I/home/brian/openwrt/backfire/staging_dir/target-i386_glibc-2.6.1/usr/include -I/home/brian/openwrt/backfire/staging_dir/target-i386_glibc-2.6.1/include -I/home/brian/openwrt/backfire/staging_dir/toolchain-i386_gcc-4.4.3_glibc-2.6.1/include  conftest.c
configure:4636: $? = 0
configure:4650: i486-openwrt-linux-gnu-gcc -E -I/home/brian/openwrt/backfire/staging_dir/target-i386_glibc-2.6.1/usr/include -I/home/brian/openwrt/backfire/staging_dir/target-i386_glibc-2.6.1/include -I/home/brian/openwrt/backfire/staging_dir/toolchain-i386_gcc-4.4.3_glibc-2.6.1/include  conftest.c
conftest.c:11:28: error: ac_nonexistent.h: No such file or directory
configure:4650: $? = 1
configure: failed program was:
| /* confdefs.h */
| #define PACKAGE_NAME "PCRE"
| #define PACKAGE_TARNAME "pcre"
| #define PACKAGE_VERSION "8.11"
| #define PACKAGE_STRING "PCRE 8.11"
| #define PACKAGE_BUGREPORT ""
| #define PACKAGE_URL ""
| #define PACKAGE "pcre"
| #define VERSION "8.11"
| /* end confdefs.h.  */
| #include <ac_nonexistent.h>
configure:4675: result: i486-openwrt-linux-gnu-gcc -E
configure:4695: i486-openwrt-linux-gnu-gcc -E -I/home/brian/openwrt/backfire/staging_dir/target-i386_glibc-2.6.1/usr/include -I/home/brian/openwrt/backfire/staging_dir/target-i386_glibc-2.6.1/include -I/home/brian/openwrt/backfire/staging_dir/toolchain-i386_gcc-4.4.3_glibc-2.6.1/include  conftest.c
configure:4695: $? = 0
configure:4709: i486-openwrt-linux-gnu-gcc -E -I/home/brian/openwrt/backfire/staging_dir/target-i386_glibc-2.6.1/usr/include -I/home/brian/openwrt/backfire/staging_dir/target-i386_glibc-2.6.1/include -I/home/brian/openwrt/backfire/staging_dir/toolchain-i386_gcc-4.4.3_glibc-2.6.1/include  conftest.c
conftest.c:11:28: error: ac_nonexistent.h: No such file or directory
configure:4709: $? = 1
configure: failed program was:
| /* confdefs.h */
| #define PACKAGE_NAME "PCRE"
| #define PACKAGE_TARNAME "pcre"
| #define PACKAGE_VERSION "8.11"
| #define PACKAGE_STRING "PCRE 8.11"
| #define PACKAGE_BUGREPORT ""
| #define PACKAGE_URL ""
| #define PACKAGE "pcre"
| #define VERSION "8.11"
| /* end confdefs.h.  */
| #include <ac_nonexistent.h>
configure:4738: checking for grep that handles long lines and -e
configure:4796: result: /bin/grep
configure:4801: checking for egrep
configure:4863: result: /bin/grep -E
configure:4868: checking for ANSI C header files
configure:4888: i486-openwrt-linux-gnu-gcc -c -O2 -pipe -march=i486 -funit-at-a-time -fhonour-copts -fpic  -I/home/brian/openwrt/backfire/staging_dir/target-i386_glibc-2.6.1/usr/include -I/home/brian/openwrt/backfire/staging_dir/target-i386_glibc-2.6.1/include -I/home/brian/openwrt/backfire/staging_dir/toolchain-i386_gcc-4.4.3_glibc-2.6.1/include  conftest.c >&5
configure:4888: $? = 0
configure:4972: result: yes
configure:4985: checking for sys/types.h
configure:4985: i486-openwrt-linux-gnu-gcc -c -O2 -pipe -march=i486 -funit-at-a-time -fhonour-copts -fpic  -I/home/brian/openwrt/backfire/staging_dir/target-i386_glibc-2.6.1/usr/include -I/home/brian/openwrt/backfire/staging_dir/target-i386_glibc-2.6.1/include -I/home/brian/openwrt/backfire/staging_dir/toolchain-i386_gcc-4.4.3_glibc-2.6.1/include  conftest.c >&5
configure:4985: $? = 0
configure:4985: result: yes
configure:4985: checking for sys/stat.h
configure:4985: i486-openwrt-linux-gnu-gcc -c -O2 -pipe -march=i486 -funit-at-a-time -fhonour-copts -fpic  -I/home/brian/openwrt/backfire/staging_dir/target-i386_glibc-2.6.1/usr/include -I/home/brian/openwrt/backfire/staging_dir/target-i386_glibc-2.6.1/include -I/home/brian/openwrt/backfire/staging_dir/toolchain-i386_gcc-4.4.3_glibc-2.6.1/include  conftest.c >&5
configure:4985: $? = 0
configure:4985: result: yes
configure:4985: checking for stdlib.h
configure:4985: i486-openwrt-linux-gnu-gcc -c -O2 -pipe -march=i486 -funit-at-a-time -fhonour-copts -fpic  -I/home/brian/openwrt/backfire/staging_dir/target-i386_glibc-2.6.1/usr/include -I/home/brian/openwrt/backfire/staging_dir/target-i386_glibc-2.6.1/include -I/home/brian/openwrt/backfire/staging_dir/toolchain-i386_gcc-4.4.3_glibc-2.6.1/include  conftest.c >&5
configure:4985: $? = 0
configure:4985: result: yes
configure:4985: checking for string.h
configure:4985: i486-openwrt-linux-gnu-gcc -c -O2 -pipe -march=i486 -funit-at-a-time -fhonour-copts -fpic  -I/home/brian/openwrt/backfire/staging_dir/target-i386_glibc-2.6.1/usr/include -I/home/brian/openwrt/backfire/staging_dir/target-i386_glibc-2.6.1/include -I/home/brian/openwrt/backfire/staging_dir/toolchain-i386_gcc-4.4.3_glibc-2.6.1/include  conftest.c >&5
configure:4985: $? = 0
configure:4985: result: yes
configure:4985: checking for memory.h
configure:4985: i486-openwrt-linux-gnu-gcc -c -O2 -pipe -march=i486 -funit-at-a-time -fhonour-copts -fpic  -I/home/brian/openwrt/backfire/staging_dir/target-i386_glibc-2.6.1/usr/include -I/home/brian/openwrt/backfire/staging_dir/target-i386_glibc-2.6.1/include -I/home/brian/openwrt/backfire/staging_dir/toolchain-i386_gcc-4.4.3_glibc-2.6.1/include  conftest.c >&5
configure:4985: $? = 0
configure:4985: result: yes
configure:4985: checking for strings.h
configure:4985: i486-openwrt-linux-gnu-gcc -c -O2 -pipe -march=i486 -funit-at-a-time -fhonour-copts -fpic  -I/home/brian/openwrt/backfire/staging_dir/target-i386_glibc-2.6.1/usr/include -I/home/brian/openwrt/backfire/staging_dir/target-i386_glibc-2.6.1/include -I/home/brian/openwrt/backfire/staging_dir/toolchain-i386_gcc-4.4.3_glibc-2.6.1/include  conftest.c >&5
configure:4985: $? = 0
configure:4985: result: yes
configure:4985: checking for inttypes.h
configure:4985: i486-openwrt-linux-gnu-gcc -c -O2 -pipe -march=i486 -funit-at-a-time -fhonour-copts -fpic  -I/home/brian/openwrt/backfire/staging_dir/target-i386_glibc-2.6.1/usr/include -I/home/brian/openwrt/backfire/staging_dir/target-i386_glibc-2.6.1/include -I/home/brian/openwrt/backfire/staging_dir/toolchain-i386_gcc-4.4.3_glibc-2.6.1/include  conftest.c >&5
configure:4985: $? = 0
configure:4985: result: yes
configure:4985: checking for stdint.h
configure:4985: i486-openwrt-linux-gnu-gcc -c -O2 -pipe -march=i486 -funit-at-a-time -fhonour-copts -fpic  -I/home/brian/openwrt/backfire/staging_dir/target-i386_glibc-2.6.1/usr/include -I/home/brian/openwrt/backfire/staging_dir/target-i386_glibc-2.6.1/include -I/home/brian/openwrt/backfire/staging_dir/toolchain-i386_gcc-4.4.3_glibc-2.6.1/include  conftest.c >&5
configure:4985: $? = 0
configure:4985: result: yes
configure:4985: checking for unistd.h
configure:4985: i486-openwrt-linux-gnu-gcc -c -O2 -pipe -march=i486 -funit-at-a-time -fhonour-copts -fpic  -I/home/brian/openwrt/backfire/staging_dir/target-i386_glibc-2.6.1/usr/include -I/home/brian/openwrt/backfire/staging_dir/target-i386_glibc-2.6.1/include -I/home/brian/openwrt/backfire/staging_dir/toolchain-i386_gcc-4.4.3_glibc-2.6.1/include  conftest.c >&5
configure:4985: $? = 0
configure:4985: result: yes
configure:4997: checking for int64_t
configure:4997: i486-openwrt-linux-gnu-gcc -c -O2 -pipe -march=i486 -funit-at-a-time -fhonour-copts -fpic  -I/home/brian/openwrt/backfire/staging_dir/target-i386_glibc-2.6.1/usr/include -I/home/brian/openwrt/backfire/staging_dir/target-i386_glibc-2.6.1/include -I/home/brian/openwrt/backfire/staging_dir/toolchain-i386_gcc-4.4.3_glibc-2.6.1/include  conftest.c >&5
configure:4997: $? = 0
configure:4997: i486-openwrt-linux-gnu-gcc -c -O2 -pipe -march=i486 -funit-at-a-time -fhonour-copts -fpic  -I/home/brian/openwrt/backfire/staging_dir/target-i386_glibc-2.6.1/usr/include -I/home/brian/openwrt/backfire/staging_dir/target-i386_glibc-2.6.1/include -I/home/brian/openwrt/backfire/staging_dir/toolchain-i386_gcc-4.4.3_glibc-2.6.1/include  conftest.c >&5
conftest.c: In function 'main':
conftest.c:59: warning: integer overflow in expression
conftest.c:59: error: size of array 'test_array' is negative
configure:4997: $? = 1
configure: failed program was:
| /* confdefs.h */
| #define PACKAGE_NAME "PCRE"
| #define PACKAGE_TARNAME "pcre"
| #define PACKAGE_VERSION "8.11"
| #define PACKAGE_STRING "PCRE 8.11"
| #define PACKAGE_BUGREPORT ""
| #define PACKAGE_URL ""
| #define PACKAGE "pcre"
| #define VERSION "8.11"
| #define STDC_HEADERS 1
| #define HAVE_SYS_TYPES_H 1
| #define HAVE_SYS_STAT_H 1
| #define HAVE_STDLIB_H 1
| #define HAVE_STRING_H 1
| #define HAVE_MEMORY_H 1
| #define HAVE_STRINGS_H 1
| #define HAVE_INTTYPES_H 1
| #define HAVE_STDINT_H 1
| #define HAVE_UNISTD_H 1
| /* end confdefs.h.  */
| #include <stdio.h>
| #ifdef HAVE_SYS_TYPES_H
| # include <sys/types.h>
| #endif
| #ifdef HAVE_SYS_STAT_H
| # include <sys/stat.h>
| #endif
| #ifdef STDC_HEADERS
| # include <stdlib.h>
| # include <stddef.h>
| #else
| # ifdef HAVE_STDLIB_H
| #  include <stdlib.h>
| # endif
| #endif
| #ifdef HAVE_STRING_H
| # if !defined STDC_HEADERS && defined HAVE_MEMORY_H
| #  include <memory.h>
| # endif
| # include <string.h>
| #endif
| #ifdef HAVE_STRINGS_H
| # include <strings.h>
| #endif
| #ifdef HAVE_INTTYPES_H
| # include <inttypes.h>
| #endif
| #ifdef HAVE_STDINT_H
| # include <stdint.h>
| #endif
| #ifdef HAVE_UNISTD_H
| # include <unistd.h>
| #endif
| 	        enum { N = 64 / 2 - 1 };
| int
| main ()
| {
| static int test_array [1 - 2 * !((int64_t) (((((int64_t) 1 << N) << N) - 1) * 2 + 1)
| 		 < (int64_t) (((((int64_t) 1 << N) << N) - 1) * 2 + 2))];
| test_array [0] = 0
| 
|   ;
|   return 0;
| }
configure:4997: result: yes
configure:5014: checking build system type
configure:5028: result: i686-redhat-linux-gnu
configure:5048: checking host system type
configure:5061: result: i486-openwrt-linux-gnu
configure:5430: checking how to print strings
configure:5457: result: printf
configure:5478: checking for a sed that does not truncate output
configure:5542: result: /home/brian/openwrt/backfire/staging_dir/host/bin/sed
configure:5559: checking for fgrep
configure:5621: result: /bin/grep -F
configure:5656: checking for ld used by i486-openwrt-linux-gnu-gcc
configure:5723: result: i486-openwrt-linux-gnu-ld
configure:5730: checking if the linker (i486-openwrt-linux-gnu-ld) is GNU ld
configure:5745: result: yes
configure:5757: checking for BSD- or MS-compatible name lister (nm)
configure:5806: result: i486-openwrt-linux-gnu-nm
configure:5936: checking the name lister (i486-openwrt-linux-gnu-nm) interface
configure:5943: i486-openwrt-linux-gnu-gcc -c -O2 -pipe -march=i486 -funit-at-a-time -fhonour-copts -fpic  -I/home/brian/openwrt/backfire/staging_dir/target-i386_glibc-2.6.1/usr/include -I/home/brian/openwrt/backfire/staging_dir/target-i386_glibc-2.6.1/include -I/home/brian/openwrt/backfire/staging_dir/toolchain-i386_gcc-4.4.3_glibc-2.6.1/include  conftest.c >&5
configure:5946: i486-openwrt-linux-gnu-nm "conftest.o"
configure:5949: output
00000000 B some_variable
configure:5956: result: BSD nm
configure:5959: checking whether ln -s works
configure:5963: result: yes
configure:5971: checking the maximum length of command line arguments
configure:6096: result: 1966080
configure:6113: checking whether the shell understands some XSI constructs
configure:6123: result: yes
configure:6127: checking whether the shell understands "+="
configure:6133: result: yes
configure:6168: checking how to convert i686-redhat-linux-gnu file names to i486-openwrt-linux-gnu format
configure:6208: result: func_convert_file_noop
configure:6215: checking how to convert i686-redhat-linux-gnu file names to toolchain format
configure:6235: result: func_convert_file_noop
configure:6242: checking for i486-openwrt-linux-gnu-ld option to reload object files
configure:6249: result: -r
configure:6283: checking for i486-openwrt-linux-objdump
configure:6310: result: i486-openwrt-linux-gnu-objdump
configure:6379: checking how to recognize dependent libraries
configure:6581: result: pass_all
configure:6626: checking for i486-openwrt-linux-dlltool
configure:6653: result: dlltool
configure:6723: checking how to associate runtime and link libraries
configure:6750: result: printf %s\n
configure:6766: checking for i486-openwrt-linux-ar
configure:6793: result: i486-openwrt-linux-gnu-ar
configure:6874: checking for archiver @FILE support
configure:6891: i486-openwrt-linux-gnu-gcc -c -O2 -pipe -march=i486 -funit-at-a-time -fhonour-copts -fpic  -I/home/brian/openwrt/backfire/staging_dir/target-i386_glibc-2.6.1/usr/include -I/home/brian/openwrt/backfire/staging_dir/target-i386_glibc-2.6.1/include -I/home/brian/openwrt/backfire/staging_dir/toolchain-i386_gcc-4.4.3_glibc-2.6.1/include  conftest.c >&5
configure:6891: $? = 0
configure:6894: i486-openwrt-linux-gnu-ar cru libconftest.a @conftest.lst >&5
configure:6897: $? = 0
configure:6902: i486-openwrt-linux-gnu-ar cru libconftest.a @conftest.lst >&5
i486-openwrt-linux-gnu-ar: conftest.o: No such file or directory
configure:6905: $? = 1
configure:6917: result: @
configure:6935: checking for i486-openwrt-linux-strip
configure:6962: result: i486-openwrt-linux-gnu-strip
configure:7034: checking for i486-openwrt-linux-ranlib
configure:7061: result: i486-openwrt-linux-gnu-ranlib
configure:7202: checking command to parse i486-openwrt-linux-gnu-nm output from i486-openwrt-linux-gnu-gcc object
configure:7321: i486-openwrt-linux-gnu-gcc -c -O2 -pipe -march=i486 -funit-at-a-time -fhonour-copts -fpic  -I/home/brian/openwrt/backfire/staging_dir/target-i386_glibc-2.6.1/usr/include -I/home/brian/openwrt/backfire/staging_dir/target-i386_glibc-2.6.1/include -I/home/brian/openwrt/backfire/staging_dir/toolchain-i386_gcc-4.4.3_glibc-2.6.1/include  conftest.c >&5
configure:7324: $? = 0
configure:7328: i486-openwrt-linux-gnu-nm conftest.o \| sed -n -e 's/^.*[ ]\([ABCDGIRSTW][ABCDGIRSTW]*\)[ ][ ]*\([_A-Za-z][_A-Za-z0-9]*\)$/\1 \2 \2/p' | sed '/ __gnu_lto/d' \> conftest.nm
configure:7331: $? = 0
configure:7397: i486-openwrt-linux-gnu-gcc -o conftest -O2 -pipe -march=i486 -funit-at-a-time -fhonour-copts -fpic  -I/home/brian/openwrt/backfire/staging_dir/target-i386_glibc-2.6.1/usr/include -I/home/brian/openwrt/backfire/staging_dir/target-i386_glibc-2.6.1/include -I/home/brian/openwrt/backfire/staging_dir/toolchain-i386_gcc-4.4.3_glibc-2.6.1/include  -L/home/brian/openwrt/backfire/staging_dir/target-i386_glibc-2.6.1/usr/lib -L/home/brian/openwrt/backfire/staging_dir/target-i386_glibc-2.6.1/lib -L/home/brian/openwrt/backfire/staging_dir/toolchain-i386_gcc-4.4.3_glibc-2.6.1/lib  conftest.c conftstm.o >&5
configure:7400: $? = 0
configure:7438: result: ok
configure:7475: checking for sysroot
configure:7505: result: no
configure:7708: checking for i486-openwrt-linux-mt
configure:7738: result: no
configure:7748: checking for mt
configure:7778: result: no
configure:7798: checking if : is a manifest tool
configure:7804: : '-?'
configure:7812: result: no
configure:8441: checking for dlfcn.h
configure:8441: i486-openwrt-linux-gnu-gcc -c -O2 -pipe -march=i486 -funit-at-a-time -fhonour-copts -fpic  -I/home/brian/openwrt/backfire/staging_dir/target-i386_glibc-2.6.1/usr/include -I/home/brian/openwrt/backfire/staging_dir/target-i386_glibc-2.6.1/include -I/home/brian/openwrt/backfire/staging_dir/toolchain-i386_gcc-4.4.3_glibc-2.6.1/include  conftest.c >&5
configure:8441: $? = 0
configure:8441: result: yes
configure:8636: checking for objdir
configure:8651: result: .libs
configure:8917: checking if i486-openwrt-linux-gnu-gcc supports -fno-rtti -fno-exceptions
configure:8935: i486-openwrt-linux-gnu-gcc -c -O2 -pipe -march=i486 -funit-at-a-time -fhonour-copts -fpic  -I/home/brian/openwrt/backfire/staging_dir/target-i386_glibc-2.6.1/usr/include -I/home/brian/openwrt/backfire/staging_dir/target-i386_glibc-2.6.1/include -I/home/brian/openwrt/backfire/staging_dir/toolchain-i386_gcc-4.4.3_glibc-2.6.1/include  -fno-rtti -fno-exceptions conftest.c >&5
cc1: warning: command line option "-fno-rtti" is valid for C++/ObjC++ but not for C
configure:8939: $? = 0
configure:8952: result: no
configure:9262: checking for i486-openwrt-linux-gnu-gcc option to produce PIC
configure:9269: result: -fPIC -DPIC
configure:9277: checking if i486-openwrt-linux-gnu-gcc PIC flag -fPIC -DPIC works
configure:9295: i486-openwrt-linux-gnu-gcc -c -O2 -pipe -march=i486 -funit-at-a-time -fhonour-copts -fpic  -I/home/brian/openwrt/backfire/staging_dir/target-i386_glibc-2.6.1/usr/include -I/home/brian/openwrt/backfire/staging_dir/target-i386_glibc-2.6.1/include -I/home/brian/openwrt/backfire/staging_dir/toolchain-i386_gcc-4.4.3_glibc-2.6.1/include  -fPIC -DPIC -DPIC conftest.c >&5
configure:9299: $? = 0
configure:9312: result: yes
configure:9341: checking if i486-openwrt-linux-gnu-gcc static flag -static works
configure:9369: result: yes
configure:9384: checking if i486-openwrt-linux-gnu-gcc supports -c -o file.o
configure:9405: i486-openwrt-linux-gnu-gcc -c -O2 -pipe -march=i486 -funit-at-a-time -fhonour-copts -fpic  -I/home/brian/openwrt/backfire/staging_dir/target-i386_glibc-2.6.1/usr/include -I/home/brian/openwrt/backfire/staging_dir/target-i386_glibc-2.6.1/include -I/home/brian/openwrt/backfire/staging_dir/toolchain-i386_gcc-4.4.3_glibc-2.6.1/include  -o out/conftest2.o conftest.c >&5
configure:9409: $? = 0
configure:9431: result: yes
configure:9439: checking if i486-openwrt-linux-gnu-gcc supports -c -o file.o
configure:9486: result: yes
configure:9519: checking whether the i486-openwrt-linux-gnu-gcc linker (i486-openwrt-linux-gnu-ld) supports shared libraries
configure:10677: result: yes
configure:10714: checking whether -lc should be explicitly linked in
configure:10722: i486-openwrt-linux-gnu-gcc -c -O2 -pipe -march=i486 -funit-at-a-time -fhonour-copts -fpic  -I/home/brian/openwrt/backfire/staging_dir/target-i386_glibc-2.6.1/usr/include -I/home/brian/openwrt/backfire/staging_dir/target-i386_glibc-2.6.1/include -I/home/brian/openwrt/backfire/staging_dir/toolchain-i386_gcc-4.4.3_glibc-2.6.1/include  conftest.c >&5
configure:10725: $? = 0
configure:10740: i486-openwrt-linux-gnu-gcc -shared  -fPIC -DPIC conftest.o  -v -Wl,-soname -Wl,conftest -o conftest 2\>\&1 \| /bin/grep  -lc  \>/dev/null 2\>\&1
configure:10743: $? = 0
configure:10757: result: no
configure:10922: checking dynamic linker characteristics
configure:11436: i486-openwrt-linux-gnu-gcc -o conftest -O2 -pipe -march=i486 -funit-at-a-time -fhonour-copts -fpic  -I/home/brian/openwrt/backfire/staging_dir/target-i386_glibc-2.6.1/usr/include -I/home/brian/openwrt/backfire/staging_dir/target-i386_glibc-2.6.1/include -I/home/brian/openwrt/backfire/staging_dir/toolchain-i386_gcc-4.4.3_glibc-2.6.1/include  -L/home/brian/openwrt/backfire/staging_dir/target-i386_glibc-2.6.1/usr/lib -L/home/brian/openwrt/backfire/staging_dir/target-i386_glibc-2.6.1/lib -L/home/brian/openwrt/backfire/staging_dir/toolchain-i386_gcc-4.4.3_glibc-2.6.1/lib  -Wl,-rpath -Wl,/foo conftest.c  >&5
configure:11436: $? = 0
configure:11658: result: GNU/Linux ld.so
configure:11765: checking how to hardcode library paths into programs
configure:11790: result: immediate
configure:12330: checking whether stripping libraries is possible
configure:12335: result: yes
configure:12370: checking if libtool supports shared libraries
configure:12372: result: yes
configure:12375: checking whether to build shared libraries
configure:12396: result: yes
configure:12399: checking whether to build static libraries
configure:12403: result: yes
configure:12426: checking how to run the C++ preprocessor
configure:12453: i486-openwrt-linux-gnu-g++ -E -I/home/brian/openwrt/backfire/staging_dir/target-i386_glibc-2.6.1/usr/include -I/home/brian/openwrt/backfire/staging_dir/target-i386_glibc-2.6.1/include -I/home/brian/openwrt/backfire/staging_dir/toolchain-i386_gcc-4.4.3_glibc-2.6.1/include  conftest.cpp
configure:12453: $? = 0
configure:12467: i486-openwrt-linux-gnu-g++ -E -I/home/brian/openwrt/backfire/staging_dir/target-i386_glibc-2.6.1/usr/include -I/home/brian/openwrt/backfire/staging_dir/target-i386_glibc-2.6.1/include -I/home/brian/openwrt/backfire/staging_dir/toolchain-i386_gcc-4.4.3_glibc-2.6.1/include  conftest.cpp
conftest.cpp:23:28: error: ac_nonexistent.h: No such file or directory
configure:12467: $? = 1
configure: failed program was:
| /* confdefs.h */
| #define PACKAGE_NAME "PCRE"
| #define PACKAGE_TARNAME "pcre"
| #define PACKAGE_VERSION "8.11"
| #define PACKAGE_STRING "PCRE 8.11"
| #define PACKAGE_BUGREPORT ""
| #define PACKAGE_URL ""
| #define PACKAGE "pcre"
| #define VERSION "8.11"
| #define STDC_HEADERS 1
| #define HAVE_SYS_TYPES_H 1
| #define HAVE_SYS_STAT_H 1
| #define HAVE_STDLIB_H 1
| #define HAVE_STRING_H 1
| #define HAVE_MEMORY_H 1
| #define HAVE_STRINGS_H 1
| #define HAVE_INTTYPES_H 1
| #define HAVE_STDINT_H 1
| #define HAVE_UNISTD_H 1
| #define HAVE_DLFCN_H 1
| #define LT_OBJDIR ".libs/"
| /* end confdefs.h.  */
| #include <ac_nonexistent.h>
configure:12492: result: i486-openwrt-linux-gnu-g++ -E
configure:12512: i486-openwrt-linux-gnu-g++ -E -I/home/brian/openwrt/backfire/staging_dir/target-i386_glibc-2.6.1/usr/include -I/home/brian/openwrt/backfire/staging_dir/target-i386_glibc-2.6.1/include -I/home/brian/openwrt/backfire/staging_dir/toolchain-i386_gcc-4.4.3_glibc-2.6.1/include  conftest.cpp
configure:12512: $? = 0
configure:12526: i486-openwrt-linux-gnu-g++ -E -I/home/brian/openwrt/backfire/staging_dir/target-i386_glibc-2.6.1/usr/include -I/home/brian/openwrt/backfire/staging_dir/target-i386_glibc-2.6.1/include -I/home/brian/openwrt/backfire/staging_dir/toolchain-i386_gcc-4.4.3_glibc-2.6.1/include  conftest.cpp
conftest.cpp:23:28: error: ac_nonexistent.h: No such file or directory
configure:12526: $? = 1
configure: failed program was:
| /* confdefs.h */
| #define PACKAGE_NAME "PCRE"
| #define PACKAGE_TARNAME "pcre"
| #define PACKAGE_VERSION "8.11"
| #define PACKAGE_STRING "PCRE 8.11"
| #define PACKAGE_BUGREPORT ""
| #define PACKAGE_URL ""
| #define PACKAGE "pcre"
| #define VERSION "8.11"
| #define STDC_HEADERS 1
| #define HAVE_SYS_TYPES_H 1
| #define HAVE_SYS_STAT_H 1
| #define HAVE_STDLIB_H 1
| #define HAVE_STRING_H 1
| #define HAVE_MEMORY_H 1
| #define HAVE_STRINGS_H 1
| #define HAVE_INTTYPES_H 1
| #define HAVE_STDINT_H 1
| #define HAVE_UNISTD_H 1
| #define HAVE_DLFCN_H 1
| #define LT_OBJDIR ".libs/"
| /* end confdefs.h.  */
| #include <ac_nonexistent.h>
configure:12695: checking for ld used by i486-openwrt-linux-gnu-g++
configure:12762: result: i486-openwrt-linux-gnu-ld
configure:12769: checking if the linker (i486-openwrt-linux-gnu-ld) is GNU ld
configure:12784: result: yes
configure:12839: checking whether the i486-openwrt-linux-gnu-g++ linker (i486-openwrt-linux-gnu-ld) supports shared libraries
configure:13843: result: yes
configure:13878: i486-openwrt-linux-gnu-g++ -c -O2 -pipe -march=i486 -funit-at-a-time -fhonour-copts -fpic  -I/home/brian/openwrt/backfire/staging_dir/target-i386_glibc-2.6.1/usr/include -I/home/brian/openwrt/backfire/staging_dir/target-i386_glibc-2.6.1/include -I/home/brian/openwrt/backfire/staging_dir/toolchain-i386_gcc-4.4.3_glibc-2.6.1/include  conftest.cpp >&5
configure:13881: $? = 0
configure:14401: checking for i486-openwrt-linux-gnu-g++ option to produce PIC
configure:14408: result: -fPIC -DPIC
configure:14416: checking if i486-openwrt-linux-gnu-g++ PIC flag -fPIC -DPIC works
configure:14434: i486-openwrt-linux-gnu-g++ -c -O2 -pipe -march=i486 -funit-at-a-time -fhonour-copts -fpic  -I/home/brian/openwrt/backfire/staging_dir/target-i386_glibc-2.6.1/usr/include -I/home/brian/openwrt/backfire/staging_dir/target-i386_glibc-2.6.1/include -I/home/brian/openwrt/backfire/staging_dir/toolchain-i386_gcc-4.4.3_glibc-2.6.1/include  -fPIC -DPIC -DPIC conftest.cpp >&5
configure:14438: $? = 0
configure:14451: result: yes
configure:14474: checking if i486-openwrt-linux-gnu-g++ static flag -static works
configure:14502: result: yes
configure:14514: checking if i486-openwrt-linux-gnu-g++ supports -c -o file.o
configure:14535: i486-openwrt-linux-gnu-g++ -c -O2 -pipe -march=i486 -funit-at-a-time -fhonour-copts -fpic  -I/home/brian/openwrt/backfire/staging_dir/target-i386_glibc-2.6.1/usr/include -I/home/brian/openwrt/backfire/staging_dir/target-i386_glibc-2.6.1/include -I/home/brian/openwrt/backfire/staging_dir/toolchain-i386_gcc-4.4.3_glibc-2.6.1/include  -o out/conftest2.o conftest.cpp >&5
configure:14539: $? = 0
configure:14561: result: yes
configure:14566: checking if i486-openwrt-linux-gnu-g++ supports -c -o file.o
configure:14613: result: yes
configure:14643: checking whether the i486-openwrt-linux-gnu-g++ linker (i486-openwrt-linux-gnu-ld) supports shared libraries
configure:14677: result: yes
configure:14820: checking dynamic linker characteristics
configure:15490: result: GNU/Linux ld.so
configure:15543: checking how to hardcode library paths into programs
configure:15568: result: immediate
configure:15627: checking whether ln -s works
configure:15631: result: yes
configure:15888: checking for ANSI C header files
configure:15992: result: yes
configure:16003: checking limits.h usability
configure:16003: i486-openwrt-linux-gnu-gcc -c -O2 -pipe -march=i486 -funit-at-a-time -fhonour-copts -fpic  -I/home/brian/openwrt/backfire/staging_dir/target-i386_glibc-2.6.1/usr/include -I/home/brian/openwrt/backfire/staging_dir/target-i386_glibc-2.6.1/include -I/home/brian/openwrt/backfire/staging_dir/toolchain-i386_gcc-4.4.3_glibc-2.6.1/include  conftest.c >&5
configure:16003: $? = 0
configure:16003: result: yes
configure:16003: checking limits.h presence
configure:16003: i486-openwrt-linux-gnu-gcc -E -I/home/brian/openwrt/backfire/staging_dir/target-i386_glibc-2.6.1/usr/include -I/home/brian/openwrt/backfire/staging_dir/target-i386_glibc-2.6.1/include -I/home/brian/openwrt/backfire/staging_dir/toolchain-i386_gcc-4.4.3_glibc-2.6.1/include  conftest.c
configure:16003: $? = 0
configure:16003: result: yes
configure:16003: checking for limits.h
configure:16003: result: yes
configure:16003: checking for sys/types.h
configure:16003: result: yes
configure:16003: checking for sys/stat.h
configure:16003: result: yes
configure:16003: checking dirent.h usability
configure:16003: i486-openwrt-linux-gnu-gcc -c -O2 -pipe -march=i486 -funit-at-a-time -fhonour-copts -fpic  -I/home/brian/openwrt/backfire/staging_dir/target-i386_glibc-2.6.1/usr/include -I/home/brian/openwrt/backfire/staging_dir/target-i386_glibc-2.6.1/include -I/home/brian/openwrt/backfire/staging_dir/toolchain-i386_gcc-4.4.3_glibc-2.6.1/include  conftest.c >&5
configure:16003: $? = 0
configure:16003: result: yes
configure:16003: checking dirent.h presence
configure:16003: i486-openwrt-linux-gnu-gcc -E -I/home/brian/openwrt/backfire/staging_dir/target-i386_glibc-2.6.1/usr/include -I/home/brian/openwrt/backfire/staging_dir/target-i386_glibc-2.6.1/include -I/home/brian/openwrt/backfire/staging_dir/toolchain-i386_gcc-4.4.3_glibc-2.6.1/include  conftest.c
configure:16003: $? = 0
configure:16003: result: yes
configure:16003: checking for dirent.h
configure:16003: result: yes
configure:16003: checking windows.h usability
configure:16003: i486-openwrt-linux-gnu-gcc -c -O2 -pipe -march=i486 -funit-at-a-time -fhonour-copts -fpic  -I/home/brian/openwrt/backfire/staging_dir/target-i386_glibc-2.6.1/usr/include -I/home/brian/openwrt/backfire/staging_dir/target-i386_glibc-2.6.1/include -I/home/brian/openwrt/backfire/staging_dir/toolchain-i386_gcc-4.4.3_glibc-2.6.1/include  conftest.c >&5
conftest.c:61:21: error: windows.h: No such file or directory
configure:16003: $? = 1
configure: failed program was:
| /* confdefs.h */
| #define PACKAGE_NAME "PCRE"
| #define PACKAGE_TARNAME "pcre"
| #define PACKAGE_VERSION "8.11"
| #define PACKAGE_STRING "PCRE 8.11"
| #define PACKAGE_BUGREPORT ""
| #define PACKAGE_URL ""
| #define PACKAGE "pcre"
| #define VERSION "8.11"
| #define STDC_HEADERS 1
| #define HAVE_SYS_TYPES_H 1
| #define HAVE_SYS_STAT_H 1
| #define HAVE_STDLIB_H 1
| #define HAVE_STRING_H 1
| #define HAVE_MEMORY_H 1
| #define HAVE_STRINGS_H 1
| #define HAVE_INTTYPES_H 1
| #define HAVE_STDINT_H 1
| #define HAVE_UNISTD_H 1
| #define HAVE_DLFCN_H 1
| #define LT_OBJDIR ".libs/"
| #define STDC_HEADERS 1
| #define HAVE_LIMITS_H 1
| #define HAVE_SYS_TYPES_H 1
| #define HAVE_SYS_STAT_H 1
| #define HAVE_DIRENT_H 1
| /* end confdefs.h.  */
| #include <stdio.h>
| #ifdef HAVE_SYS_TYPES_H
| # include <sys/types.h>
| #endif
| #ifdef HAVE_SYS_STAT_H
| # include <sys/stat.h>
| #endif
| #ifdef STDC_HEADERS
| # include <stdlib.h>
| # include <stddef.h>
| #else
| # ifdef HAVE_STDLIB_H
| #  include <stdlib.h>
| # endif
| #endif
| #ifdef HAVE_STRING_H
| # if !defined STDC_HEADERS && defined HAVE_MEMORY_H
| #  include <memory.h>
| # endif
| # include <string.h>
| #endif
| #ifdef HAVE_STRINGS_H
| # include <strings.h>
| #endif
| #ifdef HAVE_INTTYPES_H
| # include <inttypes.h>
| #endif
| #ifdef HAVE_STDINT_H
| # include <stdint.h>
| #endif
| #ifdef HAVE_UNISTD_H
| # include <unistd.h>
| #endif
| #include <windows.h>
configure:16003: result: no
configure:16003: checking windows.h presence
configure:16003: i486-openwrt-linux-gnu-gcc -E -I/home/brian/openwrt/backfire/staging_dir/target-i386_glibc-2.6.1/usr/include -I/home/brian/openwrt/backfire/staging_dir/target-i386_glibc-2.6.1/include -I/home/brian/openwrt/backfire/staging_dir/toolchain-i386_gcc-4.4.3_glibc-2.6.1/include  conftest.c
conftest.c:28:21: error: windows.h: No such file or directory
configure:16003: $? = 1
configure: failed program was:
| /* confdefs.h */
| #define PACKAGE_NAME "PCRE"
| #define PACKAGE_TARNAME "pcre"
| #define PACKAGE_VERSION "8.11"
| #define PACKAGE_STRING "PCRE 8.11"
| #define PACKAGE_BUGREPORT ""
| #define PACKAGE_URL ""
| #define PACKAGE "pcre"
| #define VERSION "8.11"
| #define STDC_HEADERS 1
| #define HAVE_SYS_TYPES_H 1
| #define HAVE_SYS_STAT_H 1
| #define HAVE_STDLIB_H 1
| #define HAVE_STRING_H 1
| #define HAVE_MEMORY_H 1
| #define HAVE_STRINGS_H 1
| #define HAVE_INTTYPES_H 1
| #define HAVE_STDINT_H 1
| #define HAVE_UNISTD_H 1
| #define HAVE_DLFCN_H 1
| #define LT_OBJDIR ".libs/"
| #define STDC_HEADERS 1
| #define HAVE_LIMITS_H 1
| #define HAVE_SYS_TYPES_H 1
| #define HAVE_SYS_STAT_H 1
| #define HAVE_DIRENT_H 1
| /* end confdefs.h.  */
| #include <windows.h>
configure:16003: result: no
configure:16003: checking for windows.h
configure:16003: result: no
configure:16225: checking for an ANSI C-conforming const
configure:16290: i486-openwrt-linux-gnu-gcc -c -O2 -pipe -march=i486 -funit-at-a-time -fhonour-copts -fpic  -I/home/brian/openwrt/backfire/staging_dir/target-i386_glibc-2.6.1/usr/include -I/home/brian/openwrt/backfire/staging_dir/target-i386_glibc-2.6.1/include -I/home/brian/openwrt/backfire/staging_dir/toolchain-i386_gcc-4.4.3_glibc-2.6.1/include  conftest.c >&5
configure:16290: $? = 0
configure:16297: result: yes
configure:16305: checking for size_t
configure:16305: i486-openwrt-linux-gnu-gcc -c -O2 -pipe -march=i486 -funit-at-a-time -fhonour-copts -fpic  -I/home/brian/openwrt/backfire/staging_dir/target-i386_glibc-2.6.1/usr/include -I/home/brian/openwrt/backfire/staging_dir/target-i386_glibc-2.6.1/include -I/home/brian/openwrt/backfire/staging_dir/toolchain-i386_gcc-4.4.3_glibc-2.6.1/include  conftest.c >&5
configure:16305: $? = 0
configure:16305: i486-openwrt-linux-gnu-gcc -c -O2 -pipe -march=i486 -funit-at-a-time -fhonour-copts -fpic  -I/home/brian/openwrt/backfire/staging_dir/target-i386_glibc-2.6.1/usr/include -I/home/brian/openwrt/backfire/staging_dir/target-i386_glibc-2.6.1/include -I/home/brian/openwrt/backfire/staging_dir/toolchain-i386_gcc-4.4.3_glibc-2.6.1/include  conftest.c >&5
conftest.c: In function 'main':
conftest.c:64: error: expected expression before ')' token
configure:16305: $? = 1
configure: failed program was:
| /* confdefs.h */
| #define PACKAGE_NAME "PCRE"
| #define PACKAGE_TARNAME "pcre"
| #define PACKAGE_VERSION "8.11"
| #define PACKAGE_STRING "PCRE 8.11"
| #define PACKAGE_BUGREPORT ""
| #define PACKAGE_URL ""
| #define PACKAGE "pcre"
| #define VERSION "8.11"
| #define STDC_HEADERS 1
| #define HAVE_SYS_TYPES_H 1
| #define HAVE_SYS_STAT_H 1
| #define HAVE_STDLIB_H 1
| #define HAVE_STRING_H 1
| #define HAVE_MEMORY_H 1
| #define HAVE_STRINGS_H 1
| #define HAVE_INTTYPES_H 1
| #define HAVE_STDINT_H 1
| #define HAVE_UNISTD_H 1
| #define HAVE_DLFCN_H 1
| #define LT_OBJDIR ".libs/"
| #define STDC_HEADERS 1
| #define HAVE_LIMITS_H 1
| #define HAVE_SYS_TYPES_H 1
| #define HAVE_SYS_STAT_H 1
| #define HAVE_DIRENT_H 1
| /* end confdefs.h.  */
| #include <stdio.h>
| #ifdef HAVE_SYS_TYPES_H
| # include <sys/types.h>
| #endif
| #ifdef HAVE_SYS_STAT_H
| # include <sys/stat.h>
| #endif
| #ifdef STDC_HEADERS
| # include <stdlib.h>
| # include <stddef.h>
| #else
| # ifdef HAVE_STDLIB_H
| #  include <stdlib.h>
| # endif
| #endif
| #ifdef HAVE_STRING_H
| # if !defined STDC_HEADERS && defined HAVE_MEMORY_H
| #  include <memory.h>
| # endif
| # include <string.h>
| #endif
| #ifdef HAVE_STRINGS_H
| # include <strings.h>
| #endif
| #ifdef HAVE_INTTYPES_H
| # include <inttypes.h>
| #endif
| #ifdef HAVE_STDINT_H
| # include <stdint.h>
| #endif
| #ifdef HAVE_UNISTD_H
| # include <unistd.h>
| #endif
| int
| main ()
| {
| if (sizeof ((size_t)))
| 	    return 0;
|   ;
|   return 0;
| }
configure:16305: result: yes
configure:16322: checking for bcopy
configure:16322: result: yes
configure:16322: checking for memmove
configure:16322: i486-openwrt-linux-gnu-gcc -o conftest -O2 -pipe -march=i486 -funit-at-a-time -fhonour-copts -fpic  -I/home/brian/openwrt/backfire/staging_dir/target-i386_glibc-2.6.1/usr/include -I/home/brian/openwrt/backfire/staging_dir/target-i386_glibc-2.6.1/include -I/home/brian/openwrt/backfire/staging_dir/toolchain-i386_gcc-4.4.3_glibc-2.6.1/include  -L/home/brian/openwrt/backfire/staging_dir/target-i386_glibc-2.6.1/usr/lib -L/home/brian/openwrt/backfire/staging_dir/target-i386_glibc-2.6.1/lib -L/home/brian/openwrt/backfire/staging_dir/toolchain-i386_gcc-4.4.3_glibc-2.6.1/lib  conftest.c  >&5
conftest.c:52: warning: conflicting types for built-in function 'memmove'
configure:16322: $? = 0
configure:16322: result: yes
configure:16322: checking for strerror
configure:16322: result: yes
configure:16336: checking zlib.h usability
configure:16336: i486-openwrt-linux-gnu-gcc -c -O2 -pipe -march=i486 -funit-at-a-time -fhonour-copts -fpic  -I/home/brian/openwrt/backfire/staging_dir/target-i386_glibc-2.6.1/usr/include -I/home/brian/openwrt/backfire/staging_dir/target-i386_glibc-2.6.1/include -I/home/brian/openwrt/backfire/staging_dir/toolchain-i386_gcc-4.4.3_glibc-2.6.1/include  conftest.c >&5
configure:16336: $? = 0
configure:16336: result: yes
configure:16336: checking zlib.h presence
configure:16336: i486-openwrt-linux-gnu-gcc -E -I/home/brian/openwrt/backfire/staging_dir/target-i386_glibc-2.6.1/usr/include -I/home/brian/openwrt/backfire/staging_dir/target-i386_glibc-2.6.1/include -I/home/brian/openwrt/backfire/staging_dir/toolchain-i386_gcc-4.4.3_glibc-2.6.1/include  conftest.c
configure:16336: $? = 0
configure:16336: result: yes
configure:16336: checking for zlib.h
configure:16336: result: yes
configure:16346: checking for gzopen in -lz
configure:16371: i486-openwrt-linux-gnu-gcc -o conftest -O2 -pipe -march=i486 -funit-at-a-time -fhonour-copts -fpic  -I/home/brian/openwrt/backfire/staging_dir/target-i386_glibc-2.6.1/usr/include -I/home/brian/openwrt/backfire/staging_dir/target-i386_glibc-2.6.1/include -I/home/brian/openwrt/backfire/staging_dir/toolchain-i386_gcc-4.4.3_glibc-2.6.1/include  -L/home/brian/openwrt/backfire/staging_dir/target-i386_glibc-2.6.1/usr/lib -L/home/brian/openwrt/backfire/staging_dir/target-i386_glibc-2.6.1/lib -L/home/brian/openwrt/backfire/staging_dir/toolchain-i386_gcc-4.4.3_glibc-2.6.1/lib  conftest.c -lz   >&5
configure:16371: $? = 0
configure:16380: result: yes
configure:16405: checking bzlib.h usability
configure:16405: i486-openwrt-linux-gnu-gcc -c -O2 -pipe -march=i486 -funit-at-a-time -fhonour-copts -fpic  -I/home/brian/openwrt/backfire/staging_dir/target-i386_glibc-2.6.1/usr/include -I/home/brian/openwrt/backfire/staging_dir/target-i386_glibc-2.6.1/include -I/home/brian/openwrt/backfire/staging_dir/toolchain-i386_gcc-4.4.3_glibc-2.6.1/include  conftest.c >&5
conftest.c:65:19: error: bzlib.h: No such file or directory
configure:16405: $? = 1
configure: failed program was:
| /* confdefs.h */
| #define PACKAGE_NAME "PCRE"
| #define PACKAGE_TARNAME "pcre"
| #define PACKAGE_VERSION "8.11"
| #define PACKAGE_STRING "PCRE 8.11"
| #define PACKAGE_BUGREPORT ""
| #define PACKAGE_URL ""
| #define PACKAGE "pcre"
| #define VERSION "8.11"
| #define STDC_HEADERS 1
| #define HAVE_SYS_TYPES_H 1
| #define HAVE_SYS_STAT_H 1
| #define HAVE_STDLIB_H 1
| #define HAVE_STRING_H 1
| #define HAVE_MEMORY_H 1
| #define HAVE_STRINGS_H 1
| #define HAVE_INTTYPES_H 1
| #define HAVE_STDINT_H 1
| #define HAVE_UNISTD_H 1
| #define HAVE_DLFCN_H 1
| #define LT_OBJDIR ".libs/"
| #define STDC_HEADERS 1
| #define HAVE_LIMITS_H 1
| #define HAVE_SYS_TYPES_H 1
| #define HAVE_SYS_STAT_H 1
| #define HAVE_DIRENT_H 1
| #define HAVE_BCOPY 1
| #define HAVE_MEMMOVE 1
| #define HAVE_STRERROR 1
| #define HAVE_ZLIB_H 1
| /* end confdefs.h.  */
| #include <stdio.h>
| #ifdef HAVE_SYS_TYPES_H
| # include <sys/types.h>
| #endif
| #ifdef HAVE_SYS_STAT_H
| # include <sys/stat.h>
| #endif
| #ifdef STDC_HEADERS
| # include <stdlib.h>
| # include <stddef.h>
| #else
| # ifdef HAVE_STDLIB_H
| #  include <stdlib.h>
| # endif
| #endif
| #ifdef HAVE_STRING_H
| # if !defined STDC_HEADERS && defined HAVE_MEMORY_H
| #  include <memory.h>
| # endif
| # include <string.h>
| #endif
| #ifdef HAVE_STRINGS_H
| # include <strings.h>
| #endif
| #ifdef HAVE_INTTYPES_H
| # include <inttypes.h>
| #endif
| #ifdef HAVE_STDINT_H
| # include <stdint.h>
| #endif
| #ifdef HAVE_UNISTD_H
| # include <unistd.h>
| #endif
| #include <bzlib.h>
configure:16405: result: no
configure:16405: checking bzlib.h presence
configure:16405: i486-openwrt-linux-gnu-gcc -E -I/home/brian/openwrt/backfire/staging_dir/target-i386_glibc-2.6.1/usr/include -I/home/brian/openwrt/backfire/staging_dir/target-i386_glibc-2.6.1/include -I/home/brian/openwrt/backfire/staging_dir/toolchain-i386_gcc-4.4.3_glibc-2.6.1/include  conftest.c
conftest.c:32:19: error: bzlib.h: No such file or directory
configure:16405: $? = 1
configure: failed program was:
| /* confdefs.h */
| #define PACKAGE_NAME "PCRE"
| #define PACKAGE_TARNAME "pcre"
| #define PACKAGE_VERSION "8.11"
| #define PACKAGE_STRING "PCRE 8.11"
| #define PACKAGE_BUGREPORT ""
| #define PACKAGE_URL ""
| #define PACKAGE "pcre"
| #define VERSION "8.11"
| #define STDC_HEADERS 1
| #define HAVE_SYS_TYPES_H 1
| #define HAVE_SYS_STAT_H 1
| #define HAVE_STDLIB_H 1
| #define HAVE_STRING_H 1
| #define HAVE_MEMORY_H 1
| #define HAVE_STRINGS_H 1
| #define HAVE_INTTYPES_H 1
| #define HAVE_STDINT_H 1
| #define HAVE_UNISTD_H 1
| #define HAVE_DLFCN_H 1
| #define LT_OBJDIR ".libs/"
| #define STDC_HEADERS 1
| #define HAVE_LIMITS_H 1
| #define HAVE_SYS_TYPES_H 1
| #define HAVE_SYS_STAT_H 1
| #define HAVE_DIRENT_H 1
| #define HAVE_BCOPY 1
| #define HAVE_MEMMOVE 1
| #define HAVE_STRERROR 1
| #define HAVE_ZLIB_H 1
| /* end confdefs.h.  */
| #include <bzlib.h>
configure:16405: result: no
configure:16405: checking for bzlib.h
configure:16405: result: no
configure:16420: checking for libbz2
configure:16438: i486-openwrt-linux-gnu-gcc -o conftest -O2 -pipe -march=i486 -funit-at-a-time -fhonour-copts -fpic  -I/home/brian/openwrt/backfire/staging_dir/target-i386_glibc-2.6.1/usr/include -I/home/brian/openwrt/backfire/staging_dir/target-i386_glibc-2.6.1/include -I/home/brian/openwrt/backfire/staging_dir/toolchain-i386_gcc-4.4.3_glibc-2.6.1/include  -L/home/brian/openwrt/backfire/staging_dir/target-i386_glibc-2.6.1/usr/lib -L/home/brian/openwrt/backfire/staging_dir/target-i386_glibc-2.6.1/lib -L/home/brian/openwrt/backfire/staging_dir/toolchain-i386_gcc-4.4.3_glibc-2.6.1/lib  conftest.c  -lbz2 >&5
/home/brian/openwrt/backfire/staging_dir/toolchain-i386_gcc-4.4.3_glibc-2.6.1/lib/gcc/i486-openwrt-linux-gnu/4.4.3/../../../../i486-openwrt-linux-gnu/bin/ld: cannot find -lbz2
collect2: ld returned 1 exit status
configure:16438: $? = 1
configure: failed program was:
| /* confdefs.h */
| #define PACKAGE_NAME "PCRE"
| #define PACKAGE_TARNAME "pcre"
| #define PACKAGE_VERSION "8.11"
| #define PACKAGE_STRING "PCRE 8.11"
| #define PACKAGE_BUGREPORT ""
| #define PACKAGE_URL ""
| #define PACKAGE "pcre"
| #define VERSION "8.11"
| #define STDC_HEADERS 1
| #define HAVE_SYS_TYPES_H 1
| #define HAVE_SYS_STAT_H 1
| #define HAVE_STDLIB_H 1
| #define HAVE_STRING_H 1
| #define HAVE_MEMORY_H 1
| #define HAVE_STRINGS_H 1
| #define HAVE_INTTYPES_H 1
| #define HAVE_STDINT_H 1
| #define HAVE_UNISTD_H 1
| #define HAVE_DLFCN_H 1
| #define LT_OBJDIR ".libs/"
| #define STDC_HEADERS 1
| #define HAVE_LIMITS_H 1
| #define HAVE_SYS_TYPES_H 1
| #define HAVE_SYS_STAT_H 1
| #define HAVE_DIRENT_H 1
| #define HAVE_BCOPY 1
| #define HAVE_MEMMOVE 1
| #define HAVE_STRERROR 1
| #define HAVE_ZLIB_H 1
| /* end confdefs.h.  */
| 
| #ifdef HAVE_BZLIB_H
| #include <bzlib.h>
| #endif
| int
| main ()
| {
| return (int)BZ2_bzopen("conftest", "rb");
|   ;
|   return 0;
| }
configure:16442: result: no
configure:16453: checking readline/readline.h usability
configure:16453: i486-openwrt-linux-gnu-gcc -c -O2 -pipe -march=i486 -funit-at-a-time -fhonour-copts -fpic  -I/home/brian/openwrt/backfire/staging_dir/target-i386_glibc-2.6.1/usr/include -I/home/brian/openwrt/backfire/staging_dir/target-i386_glibc-2.6.1/include -I/home/brian/openwrt/backfire/staging_dir/toolchain-i386_gcc-4.4.3_glibc-2.6.1/include  conftest.c >&5
conftest.c:65:31: error: readline/readline.h: No such file or directory
configure:16453: $? = 1
configure: failed program was:
| /* confdefs.h */
| #define PACKAGE_NAME "PCRE"
| #define PACKAGE_TARNAME "pcre"
| #define PACKAGE_VERSION "8.11"
| #define PACKAGE_STRING "PCRE 8.11"
| #define PACKAGE_BUGREPORT ""
| #define PACKAGE_URL ""
| #define PACKAGE "pcre"
| #define VERSION "8.11"
| #define STDC_HEADERS 1
| #define HAVE_SYS_TYPES_H 1
| #define HAVE_SYS_STAT_H 1
| #define HAVE_STDLIB_H 1
| #define HAVE_STRING_H 1
| #define HAVE_MEMORY_H 1
| #define HAVE_STRINGS_H 1
| #define HAVE_INTTYPES_H 1
| #define HAVE_STDINT_H 1
| #define HAVE_UNISTD_H 1
| #define HAVE_DLFCN_H 1
| #define LT_OBJDIR ".libs/"
| #define STDC_HEADERS 1
| #define HAVE_LIMITS_H 1
| #define HAVE_SYS_TYPES_H 1
| #define HAVE_SYS_STAT_H 1
| #define HAVE_DIRENT_H 1
| #define HAVE_BCOPY 1
| #define HAVE_MEMMOVE 1
| #define HAVE_STRERROR 1
| #define HAVE_ZLIB_H 1
| /* end confdefs.h.  */
| #include <stdio.h>
| #ifdef HAVE_SYS_TYPES_H
| # include <sys/types.h>
| #endif
| #ifdef HAVE_SYS_STAT_H
| # include <sys/stat.h>
| #endif
| #ifdef STDC_HEADERS
| # include <stdlib.h>
| # include <stddef.h>
| #else
| # ifdef HAVE_STDLIB_H
| #  include <stdlib.h>
| # endif
| #endif
| #ifdef HAVE_STRING_H
| # if !defined STDC_HEADERS && defined HAVE_MEMORY_H
| #  include <memory.h>
| # endif
| # include <string.h>
| #endif
| #ifdef HAVE_STRINGS_H
| # include <strings.h>
| #endif
| #ifdef HAVE_INTTYPES_H
| # include <inttypes.h>
| #endif
| #ifdef HAVE_STDINT_H
| # include <stdint.h>
| #endif
| #ifdef HAVE_UNISTD_H
| # include <unistd.h>
| #endif
| #include <readline/readline.h>
configure:16453: result: no
configure:16453: checking readline/readline.h presence
configure:16453: i486-openwrt-linux-gnu-gcc -E -I/home/brian/openwrt/backfire/staging_dir/target-i386_glibc-2.6.1/usr/include -I/home/brian/openwrt/backfire/staging_dir/target-i386_glibc-2.6.1/include -I/home/brian/openwrt/backfire/staging_dir/toolchain-i386_gcc-4.4.3_glibc-2.6.1/include  conftest.c
conftest.c:32:31: error: readline/readline.h: No such file or directory
configure:16453: $? = 1
configure: failed program was:
| /* confdefs.h */
| #define PACKAGE_NAME "PCRE"
| #define PACKAGE_TARNAME "pcre"
| #define PACKAGE_VERSION "8.11"
| #define PACKAGE_STRING "PCRE 8.11"
| #define PACKAGE_BUGREPORT ""
| #define PACKAGE_URL ""
| #define PACKAGE "pcre"
| #define VERSION "8.11"
| #define STDC_HEADERS 1
| #define HAVE_SYS_TYPES_H 1
| #define HAVE_SYS_STAT_H 1
| #define HAVE_STDLIB_H 1
| #define HAVE_STRING_H 1
| #define HAVE_MEMORY_H 1
| #define HAVE_STRINGS_H 1
| #define HAVE_INTTYPES_H 1
| #define HAVE_STDINT_H 1
| #define HAVE_UNISTD_H 1
| #define HAVE_DLFCN_H 1
| #define LT_OBJDIR ".libs/"
| #define STDC_HEADERS 1
| #define HAVE_LIMITS_H 1
| #define HAVE_SYS_TYPES_H 1
| #define HAVE_SYS_STAT_H 1
| #define HAVE_DIRENT_H 1
| #define HAVE_BCOPY 1
| #define HAVE_MEMMOVE 1
| #define HAVE_STRERROR 1
| #define HAVE_ZLIB_H 1
| /* end confdefs.h.  */
| #include <readline/readline.h>
configure:16453: result: no
configure:16453: checking for readline/readline.h
configure:16453: result: no
configure:16465: checking readline/history.h usability
configure:16465: i486-openwrt-linux-gnu-gcc -c -O2 -pipe -march=i486 -funit-at-a-time -fhonour-copts -fpic  -I/home/brian/openwrt/backfire/staging_dir/target-i386_glibc-2.6.1/usr/include -I/home/brian/openwrt/backfire/staging_dir/target-i386_glibc-2.6.1/include -I/home/brian/openwrt/backfire/staging_dir/toolchain-i386_gcc-4.4.3_glibc-2.6.1/include  conftest.c >&5
conftest.c:65:30: error: readline/history.h: No such file or directory
configure:16465: $? = 1
configure: failed program was:
| /* confdefs.h */
| #define PACKAGE_NAME "PCRE"
| #define PACKAGE_TARNAME "pcre"
| #define PACKAGE_VERSION "8.11"
| #define PACKAGE_STRING "PCRE 8.11"
| #define PACKAGE_BUGREPORT ""
| #define PACKAGE_URL ""
| #define PACKAGE "pcre"
| #define VERSION "8.11"
| #define STDC_HEADERS 1
| #define HAVE_SYS_TYPES_H 1
| #define HAVE_SYS_STAT_H 1
| #define HAVE_STDLIB_H 1
| #define HAVE_STRING_H 1
| #define HAVE_MEMORY_H 1
| #define HAVE_STRINGS_H 1
| #define HAVE_INTTYPES_H 1
| #define HAVE_STDINT_H 1
| #define HAVE_UNISTD_H 1
| #define HAVE_DLFCN_H 1
| #define LT_OBJDIR ".libs/"
| #define STDC_HEADERS 1
| #define HAVE_LIMITS_H 1
| #define HAVE_SYS_TYPES_H 1
| #define HAVE_SYS_STAT_H 1
| #define HAVE_DIRENT_H 1
| #define HAVE_BCOPY 1
| #define HAVE_MEMMOVE 1
| #define HAVE_STRERROR 1
| #define HAVE_ZLIB_H 1
| /* end confdefs.h.  */
| #include <stdio.h>
| #ifdef HAVE_SYS_TYPES_H
| # include <sys/types.h>
| #endif
| #ifdef HAVE_SYS_STAT_H
| # include <sys/stat.h>
| #endif
| #ifdef STDC_HEADERS
| # include <stdlib.h>
| # include <stddef.h>
| #else
| # ifdef HAVE_STDLIB_H
| #  include <stdlib.h>
| # endif
| #endif
| #ifdef HAVE_STRING_H
| # if !defined STDC_HEADERS && defined HAVE_MEMORY_H
| #  include <memory.h>
| # endif
| # include <string.h>
| #endif
| #ifdef HAVE_STRINGS_H
| # include <strings.h>
| #endif
| #ifdef HAVE_INTTYPES_H
| # include <inttypes.h>
| #endif
| #ifdef HAVE_STDINT_H
| # include <stdint.h>
| #endif
| #ifdef HAVE_UNISTD_H
| # include <unistd.h>
| #endif
| #include <readline/history.h>
configure:16465: result: no
configure:16465: checking readline/history.h presence
configure:16465: i486-openwrt-linux-gnu-gcc -E -I/home/brian/openwrt/backfire/staging_dir/target-i386_glibc-2.6.1/usr/include -I/home/brian/openwrt/backfire/staging_dir/target-i386_glibc-2.6.1/include -I/home/brian/openwrt/backfire/staging_dir/toolchain-i386_gcc-4.4.3_glibc-2.6.1/include  conftest.c
conftest.c:32:30: error: readline/history.h: No such file or directory
configure:16465: $? = 1
configure: failed program was:
| /* confdefs.h */
| #define PACKAGE_NAME "PCRE"
| #define PACKAGE_TARNAME "pcre"
| #define PACKAGE_VERSION "8.11"
| #define PACKAGE_STRING "PCRE 8.11"
| #define PACKAGE_BUGREPORT ""
| #define PACKAGE_URL ""
| #define PACKAGE "pcre"
| #define VERSION "8.11"
| #define STDC_HEADERS 1
| #define HAVE_SYS_TYPES_H 1
| #define HAVE_SYS_STAT_H 1
| #define HAVE_STDLIB_H 1
| #define HAVE_STRING_H 1
| #define HAVE_MEMORY_H 1
| #define HAVE_STRINGS_H 1
| #define HAVE_INTTYPES_H 1
| #define HAVE_STDINT_H 1
| #define HAVE_UNISTD_H 1
| #define HAVE_DLFCN_H 1
| #define LT_OBJDIR ".libs/"
| #define STDC_HEADERS 1
| #define HAVE_LIMITS_H 1
| #define HAVE_SYS_TYPES_H 1
| #define HAVE_SYS_STAT_H 1
| #define HAVE_DIRENT_H 1
| #define HAVE_BCOPY 1
| #define HAVE_MEMMOVE 1
| #define HAVE_STRERROR 1
| #define HAVE_ZLIB_H 1
| /* end confdefs.h.  */
| #include <readline/history.h>
configure:16465: result: no
configure:16465: checking for readline/history.h
configure:16465: result: no
configure:16475: checking for readline in -lreadline
configure:16500: i486-openwrt-linux-gnu-gcc -o conftest -O2 -pipe -march=i486 -funit-at-a-time -fhonour-copts -fpic  -I/home/brian/openwrt/backfire/staging_dir/target-i386_glibc-2.6.1/usr/include -I/home/brian/openwrt/backfire/staging_dir/target-i386_glibc-2.6.1/include -I/home/brian/openwrt/backfire/staging_dir/toolchain-i386_gcc-4.4.3_glibc-2.6.1/include  -L/home/brian/openwrt/backfire/staging_dir/target-i386_glibc-2.6.1/usr/lib -L/home/brian/openwrt/backfire/staging_dir/target-i386_glibc-2.6.1/lib -L/home/brian/openwrt/backfire/staging_dir/toolchain-i386_gcc-4.4.3_glibc-2.6.1/lib  conftest.c -lreadline   >&5
/home/brian/openwrt/backfire/staging_dir/toolchain-i386_gcc-4.4.3_glibc-2.6.1/lib/gcc/i486-openwrt-linux-gnu/4.4.3/../../../../i486-openwrt-linux-gnu/bin/ld: cannot find -lreadline
collect2: ld returned 1 exit status
configure:16500: $? = 1
configure: failed program was:
| /* confdefs.h */
| #define PACKAGE_NAME "PCRE"
| #define PACKAGE_TARNAME "pcre"
| #define PACKAGE_VERSION "8.11"
| #define PACKAGE_STRING "PCRE 8.11"
| #define PACKAGE_BUGREPORT ""
| #define PACKAGE_URL ""
| #define PACKAGE "pcre"
| #define VERSION "8.11"
| #define STDC_HEADERS 1
| #define HAVE_SYS_TYPES_H 1
| #define HAVE_SYS_STAT_H 1
| #define HAVE_STDLIB_H 1
| #define HAVE_STRING_H 1
| #define HAVE_MEMORY_H 1
| #define HAVE_STRINGS_H 1
| #define HAVE_INTTYPES_H 1
| #define HAVE_STDINT_H 1
| #define HAVE_UNISTD_H 1
| #define HAVE_DLFCN_H 1
| #define LT_OBJDIR ".libs/"
| #define STDC_HEADERS 1
| #define HAVE_LIMITS_H 1
| #define HAVE_SYS_TYPES_H 1
| #define HAVE_SYS_STAT_H 1
| #define HAVE_DIRENT_H 1
| #define HAVE_BCOPY 1
| #define HAVE_MEMMOVE 1
| #define HAVE_STRERROR 1
| #define HAVE_ZLIB_H 1
| /* end confdefs.h.  */
| 
| /* Override any GCC internal prototype to avoid an error.
|    Use char because int might match the return type of a GCC
|    builtin and then its argument prototype would still apply.  */
| #ifdef __cplusplus
| extern "C"
| #endif
| char readline ();
| int
| main ()
| {
| return readline ();
|   ;
|   return 0;
| }
configure:16509: result: no
configure:16851: creating ./config.status

## ---------------------- ##
## Running config.status. ##
## ---------------------- ##

This file was extended by PCRE config.status 8.11, which was
generated by GNU Autoconf 2.68.  Invocation command line was

  CONFIG_FILES    = 
  CONFIG_HEADERS  = 
  CONFIG_LINKS    = 
  CONFIG_COMMANDS = 
  $ ./config.status 

on localhost.localdomain

config.status:1203: creating Makefile
config.status:1203: creating libpcre.pc
config.status:1203: creating libpcreposix.pc
config.status:1203: creating libpcrecpp.pc
config.status:1203: creating pcre-config
config.status:1203: creating pcre.h
config.status:1203: creating pcre_stringpiece.h
config.status:1203: creating pcrecpparg.h
config.status:1203: creating config.h
config.status:1432: executing depfiles commands
config.status:1432: executing libtool commands
config.status:1432: executing script-chmod commands
config.status:1432: executing delete-old-chartables commands
configure:19371: WARNING: unrecognized options: --disable-nls

## ---------------- ##
## Cache variables. ##
## ---------------- ##

ac_cv_build=i686-redhat-linux-gnu
ac_cv_c_bigendian=no
ac_cv_c_compiler_gnu=yes
ac_cv_c_const=yes
ac_cv_c_gettext_without_libintl=yes
ac_cv_c_int64_t=yes
ac_cv_c_littleendian=yes
ac_cv_c_long_double=no
ac_cv_conv_longlong_to_float=yes
ac_cv_cxx_compiler_gnu=yes
ac_cv_env_CCC_set=
ac_cv_env_CCC_value=
ac_cv_env_CC_set=set
ac_cv_env_CC_value=i486-openwrt-linux-gnu-gcc
ac_cv_env_CFLAGS_set=set
ac_cv_env_CFLAGS_value='-O2 -pipe -march=i486 -funit-at-a-time -fhonour-copts -fpic '
ac_cv_env_CPPFLAGS_set=set
ac_cv_env_CPPFLAGS_value='-I/home/brian/openwrt/backfire/staging_dir/target-i386_glibc-2.6.1/usr/include -I/home/brian/openwrt/backfire/staging_dir/target-i386_glibc-2.6.1/include -I/home/brian/openwrt/backfire/staging_dir/toolchain-i386_gcc-4.4.3_glibc-2.6.1/include '
ac_cv_env_CPP_set=
ac_cv_env_CPP_value=
ac_cv_env_CXXCPP_set=
ac_cv_env_CXXCPP_value=
ac_cv_env_CXXFLAGS_set=set
ac_cv_env_CXXFLAGS_value='-O2 -pipe -march=i486 -funit-at-a-time -fhonour-copts -fpic '
ac_cv_env_CXX_set=set
ac_cv_env_CXX_value=i486-openwrt-linux-gnu-g++
ac_cv_env_LDFLAGS_set=set
ac_cv_env_LDFLAGS_value='-L/home/brian/openwrt/backfire/staging_dir/target-i386_glibc-2.6.1/usr/lib -L/home/brian/openwrt/backfire/staging_dir/target-i386_glibc-2.6.1/lib -L/home/brian/openwrt/backfire/staging_dir/toolchain-i386_gcc-4.4.3_glibc-2.6.1/lib '
ac_cv_env_LIBS_set=
ac_cv_env_LIBS_value=
ac_cv_env_build_alias_set=set
ac_cv_env_build_alias_value=i686-redhat-linux
ac_cv_env_host_alias_set=set
ac_cv_env_host_alias_value=i486-openwrt-linux
ac_cv_env_target_alias_set=set
ac_cv_env_target_alias_value=i486-openwrt-linux
ac_cv_file__dev_zero=yes
ac_cv_func___adjtimex=yes
ac_cv_func___va_copy=no
ac_cv_func__exit=yes
ac_cv_func_bcmp=yes
ac_cv_func_bcopy=yes
ac_cv_func_bzero=yes
ac_cv_func_cimag=yes
ac_cv_func_creal=yes
ac_cv_func_fchmod=yes
ac_cv_func_getaddrinfo=yes
ac_cv_func_getcwd=yes
ac_cv_func_getdomainname=yes
ac_cv_func_getpgrp_void=yes
ac_cv_func_getpwuid_r=yes
ac_cv_func_index=yes
ac_cv_func_lstat=yes
ac_cv_func_lstat_dereferences_slashed_symlink=yes
ac_cv_func_lstat_empty_string_bug=no
ac_cv_func_malloc_0_nonnull=yes
ac_cv_func_malloc_works=yes
ac_cv_func_memcmp_clean=yes
ac_cv_func_memcmp_working=yes
ac_cv_func_memmove=yes
ac_cv_func_posix_getgrgid_r=yes
ac_cv_func_posix_getpwuid_r=yes
ac_cv_func_pthread_key_delete=yes
ac_cv_func_realloc_0_nonnull=yes
ac_cv_func_realloc_works=yes
ac_cv_func_rename=yes
ac_cv_func_rindex=yes
ac_cv_func_setgrent_void=yes
ac_cv_func_setlocale=yes
ac_cv_func_setpgrp_void=yes
ac_cv_func_setresuid=no
ac_cv_func_setvbuf_reversed=no
ac_cv_func_stat_empty_string_bug=no
ac_cv_func_stat_ignores_trailing_slash=no
ac_cv_func_strerror=yes
ac_cv_func_strftime=yes
ac_cv_func_utimes=yes
ac_cv_func_va_copy=no
ac_cv_func_vsnprintf=yes
ac_cv_have_accrights_in_msghdr=no
ac_cv_have_broken_snprintf=no
ac_cv_have_control_in_msghdr=yes
ac_cv_have_decl_sys_siglist=no
ac_cv_have_openpty_ctty_bug=yes
ac_cv_have_space_d_name_in_struct_dirent=yes
ac_cv_header_bzlib_h=no
ac_cv_header_dirent_h=yes
ac_cv_header_dlfcn_h=yes
ac_cv_header_inttypes_h=yes
ac_cv_header_limits_h=yes
ac_cv_header_memory_h=yes
ac_cv_header_netinet_sctp_h=no
ac_cv_header_netinet_sctp_uio_h=no
ac_cv_header_readline_history_h=no
ac_cv_header_readline_readline_h=no
ac_cv_header_stdc=yes
ac_cv_header_stdint_h=yes
ac_cv_header_stdlib_h=yes
ac_cv_header_string_h=yes
ac_cv_header_strings_h=yes
ac_cv_header_sys_stat_h=yes
ac_cv_header_sys_types_h=yes
ac_cv_header_unistd_h=yes
ac_cv_header_windows_h=no
ac_cv_header_zlib_h=yes
ac_cv_host=i486-openwrt-linux-gnu
ac_cv_int64_t=yes
ac_cv_lbl_unaligned_fail=no
ac_cv_lib_readline_readline=no
ac_cv_lib_z_gzopen=yes
ac_cv_linux_kernel_pppoe=yes
ac_cv_linux_vers=2
ac_cv_objext=o
ac_cv_pack_bitfields_reversed=yes
ac_cv_path_EGREP='/bin/grep -E'
ac_cv_path_FGREP='/bin/grep -F'
ac_cv_path_GREP=/bin/grep
ac_cv_path_LDCONFIG=
ac_cv_path_SED=/home/brian/openwrt/backfire/staging_dir/host/bin/sed
ac_cv_path_install='/usr/bin/install -c'
ac_cv_path_mkdir=/bin/mkdir
ac_cv_prog_AR=i486-openwrt-linux-gnu-ar
ac_cv_prog_AWK=gawk
ac_cv_prog_CC=i486-openwrt-linux-gnu-gcc
ac_cv_prog_CPP='i486-openwrt-linux-gnu-gcc -E'
ac_cv_prog_CXXCPP='i486-openwrt-linux-gnu-g++ -E'
ac_cv_prog_DLLTOOL=dlltool
ac_cv_prog_OBJDUMP=i486-openwrt-linux-gnu-objdump
ac_cv_prog_RANLIB=i486-openwrt-linux-gnu-ranlib
ac_cv_prog_STRIP=i486-openwrt-linux-gnu-strip
ac_cv_prog_cc_c89=
ac_cv_prog_cc_g=yes
ac_cv_prog_cxx_g=yes
ac_cv_prog_make_make_set=yes
ac_cv_regexec_segfault_emptystr=no
ac_cv_sctp=no
ac_cv_sizeof___int64=0
ac_cv_sizeof_char=1
ac_cv_sizeof_int16_t=2
ac_cv_sizeof_int32_t=4
ac_cv_sizeof_int64_t=8
ac_cv_sizeof_int=4
ac_cv_sizeof_long=4
ac_cv_sizeof_long_int=4
ac_cv_sizeof_long_long=8
ac_cv_sizeof_off_t=8
ac_cv_sizeof_short=2
ac_cv_sizeof_short_int=2
ac_cv_sizeof_size_t=4
ac_cv_sizeof_ssize_t=4
ac_cv_sizeof_u_int16_t=2
ac_cv_sizeof_u_int32_t=4
ac_cv_sizeof_u_int64_t=8
ac_cv_sizeof_uint16_t=2
ac_cv_sizeof_uint32_t=4
ac_cv_sizeof_uint64_t=8
ac_cv_sizeof_unsigned_int=4
ac_cv_sizeof_unsigned_long=4
ac_cv_sizeof_unsigned_long_long=8
ac_cv_sizeof_unsigned_short=2
ac_cv_sizeof_void_p=4
ac_cv_sys_restartable_syscalls=yes
ac_cv_time_r_type=POSIX
ac_cv_type_size_t=yes
ac_cv_type_suseconds_t=yes
ac_cv_uchar=no
ac_cv_uint64_t=yes
ac_cv_uint=yes
ac_cv_ulong=yes
ac_cv_ushort=yes
ac_cv_va_copy=C99
ac_cv_va_val_copy=yes
am_cv_CC_dependencies_compiler_type=gcc3
am_cv_CXX_dependencies_compiler_type=gcc3
as_cv_unaligned_access=yes
lt_cv_ar_at_file=@
lt_cv_archive_cmds_need_lc=no
lt_cv_deplibs_check_method=pass_all
lt_cv_file_magic_cmd='$MAGIC_CMD'
lt_cv_file_magic_test_file=
lt_cv_ld_reload_flag=-r
lt_cv_nm_interface='BSD nm'
lt_cv_objdir=.libs
lt_cv_path_LD=i486-openwrt-linux-gnu-ld
lt_cv_path_LDCXX=i486-openwrt-linux-gnu-ld
lt_cv_path_NM=i486-openwrt-linux-gnu-nm
lt_cv_path_mainfest_tool=no
lt_cv_prog_compiler_c_o=yes
lt_cv_prog_compiler_c_o_CXX=yes
lt_cv_prog_compiler_pic='-fPIC -DPIC'
lt_cv_prog_compiler_pic_CXX='-fPIC -DPIC'
lt_cv_prog_compiler_pic_works=yes
lt_cv_prog_compiler_pic_works_CXX=yes
lt_cv_prog_compiler_rtti_exceptions=no
lt_cv_prog_compiler_static_works=yes
lt_cv_prog_compiler_static_works_CXX=yes
lt_cv_prog_gnu_ld=yes
lt_cv_prog_gnu_ldcxx=yes
lt_cv_sharedlib_from_linklib_cmd='printf %s\n'
lt_cv_shlibpath_overrides_runpath=no
lt_cv_sys_global_symbol_pipe='sed -n -e '\''s/^.*[	 ]\([ABCDGIRSTW][ABCDGIRSTW]*\)[	 ][	 ]*\([_A-Za-z][_A-Za-z0-9]*\)$/\1 \2 \2/p'\'' | sed '\''/ __gnu_lto/d'\'''
lt_cv_sys_global_symbol_to_c_name_address='sed -n -e '\''s/^: \([^ ]*\)[ ]*$/  {\"\1\", (void *) 0},/p'\'' -e '\''s/^[ABCDGIRSTW]* \([^ ]*\) \([^ ]*\)$/  {"\2", (void *) \&\2},/p'\'''
lt_cv_sys_global_symbol_to_c_name_address_lib_prefix='sed -n -e '\''s/^: \([^ ]*\)[ ]*$/  {\"\1\", (void *) 0},/p'\'' -e '\''s/^[ABCDGIRSTW]* \([^ ]*\) \(lib[^ ]*\)$/  {"\2", (void *) \&\2},/p'\'' -e '\''s/^[ABCDGIRSTW]* \([^ ]*\) \([^ ]*\)$/  {"lib\2", (void *) \&\2},/p'\'''
lt_cv_sys_global_symbol_to_cdecl='sed -n -e '\''s/^T .* \(.*\)$/extern int \1();/p'\'' -e '\''s/^[ABCDGIRSTW]* .* \(.*\)$/extern char \1;/p'\'''
lt_cv_sys_max_cmd_len=1966080
lt_cv_to_host_file_cmd=func_convert_file_noop
lt_cv_to_tool_file_cmd=func_convert_file_noop

## ----------------- ##
## Output variables. ##
## ----------------- ##

ACLOCAL='${SHELL} /home/brian/openwrt/backfire/build_dir/target-i386_glibc-2.6.1/pcre-8.11/missing --run aclocal-1.11'
AMDEPBACKSLASH='\'
AMDEP_FALSE='#'
AMDEP_TRUE=''
AMTAR='${SHELL} /home/brian/openwrt/backfire/build_dir/target-i386_glibc-2.6.1/pcre-8.11/missing --run tar'
AR='i486-openwrt-linux-gnu-ar'
AS='i486-openwrt-linux-gnu-gcc -c -O2 -pipe -march=i486 -funit-at-a-time -fhonour-copts -fpic'
AUTOCONF='${SHELL} /home/brian/openwrt/backfire/build_dir/target-i386_glibc-2.6.1/pcre-8.11/missing --run autoconf'
AUTOHEADER='${SHELL} /home/brian/openwrt/backfire/build_dir/target-i386_glibc-2.6.1/pcre-8.11/missing --run autoheader'
AUTOMAKE='${SHELL} /home/brian/openwrt/backfire/build_dir/target-i386_glibc-2.6.1/pcre-8.11/missing --run automake-1.11'
AWK='gawk'
CC='i486-openwrt-linux-gnu-gcc'
CCDEPMODE='depmode=gcc3'
CFLAGS='-O2 -pipe -march=i486 -funit-at-a-time -fhonour-copts -fpic '
CPP='i486-openwrt-linux-gnu-gcc -E'
CPPFLAGS='-I/home/brian/openwrt/backfire/staging_dir/target-i386_glibc-2.6.1/usr/include -I/home/brian/openwrt/backfire/staging_dir/target-i386_glibc-2.6.1/include -I/home/brian/openwrt/backfire/staging_dir/toolchain-i386_gcc-4.4.3_glibc-2.6.1/include '
CXX='i486-openwrt-linux-gnu-g++'
CXXCPP='i486-openwrt-linux-gnu-g++ -E'
CXXDEPMODE='depmode=gcc3'
CXXFLAGS='-O2 -pipe -march=i486 -funit-at-a-time -fhonour-copts -fpic '
CYGPATH_W='echo'
DEFS='-DHAVE_CONFIG_H'
DEPDIR='.deps'
DISTCHECK_CONFIGURE_FLAGS='--enable-cpp --enable-unicode-properties'
DLLTOOL='dlltool'
DSYMUTIL=''
DUMPBIN=''
ECHO_C=''
ECHO_N='-n'
ECHO_T=''
EGREP='/bin/grep -E'
EXEEXT=''
EXTRA_LIBPCRECPP_LDFLAGS='                            -version-info 0:0:0                           '
EXTRA_LIBPCREPOSIX_LDFLAGS='                              -version-info 0:0:0'
EXTRA_LIBPCRE_LDFLAGS='                         -version-info 0:1:0'
FGREP='/bin/grep -F'
GREP='/bin/grep'
INSTALL_DATA='${INSTALL} -m 644'
INSTALL_PROGRAM='${INSTALL}'
INSTALL_SCRIPT='${INSTALL}'
INSTALL_STRIP_PROGRAM='$(install_sh) -c -s'
LD='i486-openwrt-linux-gnu-ld'
LDFLAGS='-L/home/brian/openwrt/backfire/staging_dir/target-i386_glibc-2.6.1/usr/lib -L/home/brian/openwrt/backfire/staging_dir/target-i386_glibc-2.6.1/lib -L/home/brian/openwrt/backfire/staging_dir/toolchain-i386_gcc-4.4.3_glibc-2.6.1/lib '
LIBBZ2=''
LIBOBJS=''
LIBREADLINE=''
LIBS=''
LIBTOOL='$(SHELL) $(top_builddir)/libtool'
LIBZ=''
LIPO=''
LN_S='ln -s'
LTLIBOBJS=''
MAKEINFO='${SHELL} /home/brian/openwrt/backfire/build_dir/target-i386_glibc-2.6.1/pcre-8.11/missing --run makeinfo'
MANIFEST_TOOL=':'
MKDIR_P='/bin/mkdir -p'
NM='i486-openwrt-linux-gnu-nm'
NMEDIT=''
OBJDUMP='i486-openwrt-linux-gnu-objdump'
OBJEXT='o'
OTOOL64=''
OTOOL=''
PACKAGE='pcre'
PACKAGE_BUGREPORT=''
PACKAGE_NAME='PCRE'
PACKAGE_STRING='PCRE 8.11'
PACKAGE_TARNAME='pcre'
PACKAGE_URL=''
PACKAGE_VERSION='8.11'
PATH_SEPARATOR=':'
PCRE_DATE='2010-12-10'
PCRE_MAJOR='8'
PCRE_MINOR='11'
PCRE_PRERELEASE=''
PCRE_STATIC_CFLAG=''
RANLIB='i486-openwrt-linux-gnu-ranlib'
SED='/home/brian/openwrt/backfire/staging_dir/host/bin/sed'
SET_MAKE=''
SHELL='/bin/sh'
STRIP='i486-openwrt-linux-gnu-strip'
VERSION='8.11'
WITH_PCRE_CPP_FALSE=''
WITH_PCRE_CPP_TRUE='#'
WITH_REBUILD_CHARTABLES_FALSE=''
WITH_REBUILD_CHARTABLES_TRUE='#'
ac_ct_AR=''
ac_ct_CC=''
ac_ct_CXX=''
ac_ct_DUMPBIN=''
am__EXEEXT_FALSE=''
am__EXEEXT_TRUE='#'
am__fastdepCC_FALSE='#'
am__fastdepCC_TRUE=''
am__fastdepCXX_FALSE='#'
am__fastdepCXX_TRUE=''
am__include='include'
am__isrc=''
am__leading_dot='.'
am__quote=''
am__tar='${AMTAR} chof - "$$tardir"'
am__untar='${AMTAR} xf -'
bindir='/usr/bin'
build='i686-redhat-linux-gnu'
build_alias='i686-redhat-linux'
build_cpu='i686'
build_os='linux-gnu'
build_vendor='redhat'
datadir='/usr/share'
datarootdir='${prefix}/share'
docdir='${datarootdir}/doc/${PACKAGE_TARNAME}'
dvidir='${docdir}'
enable_cpp='no'
exec_prefix='/usr'
host='i486-openwrt-linux-gnu'
host_alias='i486-openwrt-linux'
host_cpu='i486'
host_os='linux-gnu'
host_vendor='openwrt'
htmldir='${docdir}/html'
includedir='${prefix}/include'
infodir='/usr/info'
install_sh='${SHELL} /home/brian/openwrt/backfire/build_dir/target-i386_glibc-2.6.1/pcre-8.11/install-sh'
libdir='${exec_prefix}/lib'
libexecdir='/usr/lib'
localedir='${datarootdir}/locale'
localstatedir='/var'
mandir='/usr/man'
mkdir_p='/bin/mkdir -p'
oldincludedir='/usr/include'
pcre_have_bits_type_traits='0'
pcre_have_long_long=''
pcre_have_type_traits='0'
pcre_have_ulong_long=''
pdfdir='${docdir}'
prefix='/usr'
program_transform_name='s&$$&&;s&^&&'
psdir='${docdir}'
sbindir='/usr/sbin'
sharedstatedir='${prefix}/com'
sysconfdir='/etc'
target_alias='i486-openwrt-linux'

## ----------- ##
## confdefs.h. ##
## ----------- ##

/* confdefs.h */
#define PACKAGE_NAME "PCRE"
#define PACKAGE_TARNAME "pcre"
#define PACKAGE_VERSION "8.11"
#define PACKAGE_STRING "PCRE 8.11"
#define PACKAGE_BUGREPORT ""
#define PACKAGE_URL ""
#define PACKAGE "pcre"
#define VERSION "8.11"
#define STDC_HEADERS 1
#define HAVE_SYS_TYPES_H 1
#define HAVE_SYS_STAT_H 1
#define HAVE_STDLIB_H 1
#define HAVE_STRING_H 1
#define HAVE_MEMORY_H 1
#define HAVE_STRINGS_H 1
#define HAVE_INTTYPES_H 1
#define HAVE_STDINT_H 1
#define HAVE_UNISTD_H 1
#define HAVE_DLFCN_H 1
#define LT_OBJDIR ".libs/"
#define STDC_HEADERS 1
#define HAVE_LIMITS_H 1
#define HAVE_SYS_TYPES_H 1
#define HAVE_SYS_STAT_H 1
#define HAVE_DIRENT_H 1
#define HAVE_BCOPY 1
#define HAVE_MEMMOVE 1
#define HAVE_STRERROR 1
#define HAVE_ZLIB_H 1
#define SUPPORT_UTF8 /**/
#define SUPPORT_UCP /**/
#define NEWLINE 10
#define LINK_SIZE 2
#define POSIX_MALLOC_THRESHOLD 10
#define MATCH_LIMIT 10000000
#define MATCH_LIMIT_RECURSION MATCH_LIMIT
#define MAX_NAME_SIZE 32
#define MAX_NAME_COUNT 10000

configure: exit 0

## ---------------------- ##
## Running config.status. ##
## ---------------------- ##

This file was extended by PCRE config.status 8.11, which was
generated by GNU Autoconf 2.68.  Invocation command line was

  CONFIG_FILES    = 
  CONFIG_HEADERS  = 
  CONFIG_LINKS    = 
  CONFIG_COMMANDS = 
  $ ./config.status Makefile depfiles

on localhost.localdomain

config.status:1203: creating Makefile
config.status:1432: executing depfiles commands

## ---------------------- ##
## Running config.status. ##
## ---------------------- ##

This file was extended by PCRE config.status 8.11, which was
generated by GNU Autoconf 2.68.  Invocation command line was

  CONFIG_FILES    = 
  CONFIG_HEADERS  = 
  CONFIG_LINKS    = 
  CONFIG_COMMANDS = 
  $ ./config.status config.h

on localhost.localdomain

config.status:1203: creating config.h

## ---------------------- ##
## Running config.status. ##
## ---------------------- ##

This file was extended by PCRE config.status 8.11, which was
generated by GNU Autoconf 2.68.  Invocation command line was

  CONFIG_FILES    = 
  CONFIG_HEADERS  = 
  CONFIG_LINKS    = 
  CONFIG_COMMANDS = 
  $ ./config.status pcre.h

on localhost.localdomain

config.status:1203: creating pcre.h

## ---------------------- ##
## Running config.status. ##
## ---------------------- ##

This file was extended by PCRE config.status 8.11, which was
generated by GNU Autoconf 2.68.  Invocation command line was

  CONFIG_FILES    = 
  CONFIG_HEADERS  = 
  CONFIG_LINKS    = 
  CONFIG_COMMANDS = 
  $ ./config.status pcre-config

on localhost.localdomain

config.status:1203: creating pcre-config

## ---------------------- ##
## Running config.status. ##
## ---------------------- ##

This file was extended by PCRE config.status 8.11, which was
generated by GNU Autoconf 2.68.  Invocation command line was

  CONFIG_FILES    = 
  CONFIG_HEADERS  = 
  CONFIG_LINKS    = 
  CONFIG_COMMANDS = 
  $ ./config.status libpcre.pc

on localhost.localdomain

config.status:1203: creating libpcre.pc

## ---------------------- ##
## Running config.status. ##
## ---------------------- ##

This file was extended by PCRE config.status 8.11, which was
generated by GNU Autoconf 2.68.  Invocation command line was

  CONFIG_FILES    = 
  CONFIG_HEADERS  = 
  CONFIG_LINKS    = 
  CONFIG_COMMANDS = 
  $ ./config.status libpcreposix.pc

on localhost.localdomain

config.status:1203: creating libpcreposix.pc

## ---------------------- ##
## Running config.status. ##
## ---------------------- ##

This file was extended by PCRE config.status 8.11, which was
generated by GNU Autoconf 2.68.  Invocation command line was

  CONFIG_FILES    = 
  CONFIG_HEADERS  = 
  CONFIG_LINKS    = 
  CONFIG_COMMANDS = 
  $ ./config.status config.h

on localhost.localdomain

config.status:1203: creating config.h
config.status:1384: config.h is unchanged

## ---------------------- ##
## Running config.status. ##
## ---------------------- ##

This file was extended by PCRE config.status 8.11, which was
generated by GNU Autoconf 2.68.  Invocation command line was

  CONFIG_FILES    = 
  CONFIG_HEADERS  = 
  CONFIG_LINKS    = 
  CONFIG_COMMANDS = 
  $ ./config.status pcre.h

on localhost.localdomain

config.status:1203: creating pcre.h

## ---------------------- ##
## Running config.status. ##
## ---------------------- ##

This file was extended by PCRE config.status 8.11, which was
generated by GNU Autoconf 2.68.  Invocation command line was

  CONFIG_FILES    = 
  CONFIG_HEADERS  = 
  CONFIG_LINKS    = 
  CONFIG_COMMANDS = 
  $ ./config.status pcre-config

on localhost.localdomain

config.status:1203: creating pcre-config

## ---------------------- ##
## Running config.status. ##
## ---------------------- ##

This file was extended by PCRE config.status 8.11, which was
generated by GNU Autoconf 2.68.  Invocation command line was

  CONFIG_FILES    = 
  CONFIG_HEADERS  = 
  CONFIG_LINKS    = 
  CONFIG_COMMANDS = 
  $ ./config.status libpcre.pc

on localhost.localdomain

config.status:1203: creating libpcre.pc

## ---------------------- ##
## Running config.status. ##
## ---------------------- ##

This file was extended by PCRE config.status 8.11, which was
generated by GNU Autoconf 2.68.  Invocation command line was

  CONFIG_FILES    = 
  CONFIG_HEADERS  = 
  CONFIG_LINKS    = 
  CONFIG_COMMANDS = 
  $ ./config.status libpcreposix.pc

on localhost.localdomain

config.status:1203: creating libpcreposix.pc
